<?xml version="1.0" encoding="UTF-8"?>
<!-- Generated by org.testng.reporters.JUnitXMLReporter -->
<testsuite hostname="DESKTOP-NQRRDTM" ignored="10" name="Web Tests" tests="85" failures="12" timestamp="09 Kas 2020 09:29:04 GMT" time="3715.725" errors="0">
  <testcase name="@AfterMethod tearDown" time="0.011" classname="utilities.TestBase">
    <failure type="org.openqa.selenium.NoSuchSessionException" message="A session is either terminated or not started
Build info: version: &amp;apos;3.141.59&amp;apos;, revision: &amp;apos;e82be7d358&amp;apos;, time: &amp;apos;2018-11-14T08:17:03&amp;apos;
System info: host: &amp;apos;DESKTOP-NQRRDTM&amp;apos;, ip: &amp;apos;192.168.1.213&amp;apos;, os.name: &amp;apos;Windows 10&amp;apos;, os.arch: &amp;apos;amd64&amp;apos;, os.version: &amp;apos;10.0&amp;apos;, java.version: &amp;apos;1.8.0_241&amp;apos;
Driver info: io.appium.java_client.android.AndroidDriver
Capabilities {appActivity: com.martitech.marti.ui.acti..., appPackage: com.martitech.marti.dev, autoGrantPermissions: true, databaseEnabled: false, desired: {appActivity: com.martitech.marti.ui.acti..., appPackage: com.martitech.marti.dev, autoGrantPermissions: true, deviceName: Emulator_1, noReset: true, platformName: android, platformVersion: 9.0, udid: emulator-5554}, deviceApiLevel: 29, deviceManufacturer: Google, deviceModel: Android SDK built for x86, deviceName: emulator-5554, deviceScreenDensity: 480, deviceScreenSize: 1080x1920, deviceUDID: emulator-5554, javascriptEnabled: true, locationContextEnabled: false, networkConnectionEnabled: true, noReset: true, pixelRatio: 3, platform: LINUX, platformName: Android, platformVersion: 10, statBarHeight: 72, takesScreenshot: true, udid: emulator-5554, viewportRect: {height: 1704, left: 0, top: 72, width: 1080}, warnings: {}, webStorageEnabled: false}
Session ID: 19d32528-8a25-48e9-bc51-e3eb0c10c949">
      <![CDATA[org.openqa.selenium.NoSuchSessionException: A session is either terminated or not started
Build info: version: '3.141.59', revision: 'e82be7d358', time: '2018-11-14T08:17:03'
System info: host: 'DESKTOP-NQRRDTM', ip: '192.168.1.213', os.name: 'Windows 10', os.arch: 'amd64', os.version: '10.0', java.version: '1.8.0_241'
Driver info: io.appium.java_client.android.AndroidDriver
Capabilities {appActivity: com.martitech.marti.ui.acti..., appPackage: com.martitech.marti.dev, autoGrantPermissions: true, databaseEnabled: false, desired: {appActivity: com.martitech.marti.ui.acti..., appPackage: com.martitech.marti.dev, autoGrantPermissions: true, deviceName: Emulator_1, noReset: true, platformName: android, platformVersion: 9.0, udid: emulator-5554}, deviceApiLevel: 29, deviceManufacturer: Google, deviceModel: Android SDK built for x86, deviceName: emulator-5554, deviceScreenDensity: 480, deviceScreenSize: 1080x1920, deviceUDID: emulator-5554, javascriptEnabled: true, locationContextEnabled: false, networkConnectionEnabled: true, noReset: true, pixelRatio: 3, platform: LINUX, platformName: Android, platformVersion: 10, statBarHeight: 72, takesScreenshot: true, udid: emulator-5554, viewportRect: {height: 1704, left: 0, top: 72, width: 1080}, warnings: {}, webStorageEnabled: false}
Session ID: 19d32528-8a25-48e9-bc51-e3eb0c10c949
at org.openqa.selenium.remote.http.W3CHttpResponseCodec.createException(W3CHttpResponseCodec.java:187)
at org.openqa.selenium.remote.http.W3CHttpResponseCodec.decode(W3CHttpResponseCodec.java:122)
at org.openqa.selenium.remote.http.W3CHttpResponseCodec.decode(W3CHttpResponseCodec.java:49)
at org.openqa.selenium.remote.HttpCommandExecutor.execute(HttpCommandExecutor.java:158)
at io.appium.java_client.remote.AppiumCommandExecutor.execute(AppiumCommandExecutor.java:239)
at org.openqa.selenium.remote.RemoteWebDriver.execute(RemoteWebDriver.java:552)
at io.appium.java_client.DefaultGenericMobileDriver.execute(DefaultGenericMobileDriver.java:45)
at io.appium.java_client.AppiumDriver.execute(AppiumDriver.java:1)
at io.appium.java_client.android.AndroidDriver.execute(AndroidDriver.java:1)
at org.openqa.selenium.remote.RemoteWebDriver.getScreenshotAs(RemoteWebDriver.java:295)
at utilities.ExtentReportUtilities.getScreenshot(ExtentReportUtilities.java:16)
at utilities.TestBase.tearDown(TestBase.java:213)
at java.util.concurrent.ThreadPoolExecutor.runWorker(Unknown Source)
at java.util.concurrent.ThreadPoolExecutor$Worker.run(Unknown Source)
at java.lang.Thread.run(Unknown Source)
... Removed 16 stack frames]]>
    </failure>
  </testcase> <!-- @AfterMethod tearDown -->
  <testcase name="TC_001_Yukleme_Ekrani_Basarisiz" time="10.83" classname="tests.android.ride.Yukleme_Ekrani"/>
  <testcase name="TC_002_Uygulama_Baslangici_Basarili" time="7.87" classname="tests.android.ride.Yukleme_Ekrani"/>
  <testcase name="TC_004_Bildirim_Izin_Kontrolu" time="0.001" classname="tests.android.ride.Yukleme_Ekrani"/>
  <testcase name="TC_005_Oturum_Kontrolu_Basarili" time="23.75" classname="tests.android.ride.Yukleme_Ekrani"/>
  <testcase name="TC_006_Oturum_Kontrolu_Basarili_Bildirim_Yok" time="0.001" classname="tests.android.ride.Yukleme_Ekrani"/>
  <testcase name="TC_007_Surus_Kontrolu" time="41.319" classname="tests.android.ride.Yukleme_Ekrani"/>
  <testcase name="TC_008_Rezervasyon_Kontrolu" time="0.001" classname="tests.android.ride.Yukleme_Ekrani"/>
  <testcase name="TC_009_Tckn_Kontrolu" time="14.261" classname="tests.android.ride.Yukleme_Ekrani"/>
  <testcase name="TC_012_Giris_Basarili" time="21.183" classname="tests.android.ride.Giris_Ekrani"/>
  <testcase name="TC_013_Giris_Basarisiz" time="8.472" classname="tests.android.ride.Giris_Ekrani"/>
  <testcase name="TC_014_Dogrulama_Basarisiz" time="15.557" classname="tests.android.ride.Giris_Ekrani"/>
  <testcase name="TC_015_Tekrar_Kod_Gonder" time="96.837" classname="tests.android.ride.Giris_Ekrani"/>
  <testcase name="TC_016_Kullanici_Sozlesmesi_Goster_Onayla" time="13.98" classname="tests.android.ride.Giris_Ekrani"/>
  <testcase name="TC_017_Aydinlatma_Metni_Goster_Onayla" time="10.105" classname="tests.android.ride.Giris_Ekrani"/>
  <testcase name="TC_018_Acik_Riza_Metni_Goster_Onayla" time="13.793" classname="tests.android.ride.Giris_Ekrani"/>
  <testcase name="TC_019_Ulke_Kodu_Degistirme" time="6.727" classname="tests.android.ride.Giris_Ekrani"/>
  <testcase name="TC_020_Konum_Izin_Kontrolu" time="26.553" classname="tests.android.ride.Ana_Ekran"/>
  <testcase name="TC_021_Bildirim_Izin_Kontrolu" time="0.001" classname="tests.android.ride.Ana_Ekran"/>
  <testcase name="TC_022_Dinamik_Popup_Goster" time="28.358" classname="tests.android.ride.Ana_Ekran"/>
  <testcase name="TC_023_Dinamik_Popup_Gosterme_Popup_Yok" time="31.635" classname="tests.android.ride.Ana_Ekran"/>
  <testcase name="TC_024_Dinamik_Popup_Gosterme_Acik_Riza_Yok" time="22.894" classname="tests.android.ride.Ana_Ekran"/>
  <testcase name="TC_025_Acik_Riza_Hatirlatma_Gosterme" time="13.927" classname="tests.android.ride.Ana_Ekran"/>
  <testcase name="TC_026_Acik_Riza_Hatirlatma_Goster_Onay" time="33.818" classname="tests.android.ride.Ana_Ekran"/>
  <testcase name="TC_027_Scooter_Bilgileri_Goster" time="0.001" classname="tests.android.ride.Ana_Ekran"/>
  <testcase name="TC_028_Surus_Baslat" time="32.918" classname="tests.android.ride.Ana_Ekran"/>
  <testcase name="TC_029_Tckn_Gecersiz" time="16.109" classname="tests.android.ride.Ana_Ekran"/>
  <testcase name="TC_030_Odeme_Yontemi_Yok_Kart_Yok" time="13.808" classname="tests.android.ride.Ana_Ekran"/>
  <testcase name="TC_031_Odeme_Yontemi_Yok_Bakiye_Yetersiz" time="22.066" classname="tests.android.ride.Ana_Ekran"/>
  <testcase name="TC_032_Surus_Baslatma_Kamera_Izni_Verilmemis" time="25.772" classname="tests.android.ride.Ana_Ekran"/>
  <testcase name="TC_033_Surus_Baslat_Kod_Girisi" time="15.461" classname="tests.android.ride.Ana_Ekran"/>
  <testcase name="TC_034_Surus_Baslat_Basarili" time="38.152" classname="tests.android.ride.Ana_Ekran"/>
  <testcase name="TC_035_Surus_Baslat_Basarisiz_Martiya_Uzak" time="18.833" classname="tests.android.ride.Ana_Ekran"/>
  <testcase name="TC_036_Daha_Cok_Marti" time="27.211" classname="tests.android.ride.Ana_Ekran"/>
  <testcase name="TC_037_Ortalama" time="21.979" classname="tests.android.ride.Ana_Ekran"/>
  <testcase name="TC_038_Bize_Ulasin_Kilit_Problemi_Bildirme" time="68.149" classname="tests.android.ride.Ana_Ekran">
    <failure type="org.openqa.selenium.TimeoutException" message="Expected condition failed: waiting for element to be clickable: By.id: fab_take_photo (tried for 30 second(s) with 500 milliseconds interval)">
      <![CDATA[org.openqa.selenium.TimeoutException: Expected condition failed: waiting for element to be clickable: By.id: fab_take_photo (tried for 30 second(s) with 500 milliseconds interval)
at org.openqa.selenium.support.ui.WebDriverWait.timeoutException(WebDriverWait.java:95)
at org.openqa.selenium.support.ui.FluentWait.until(FluentWait.java:272)
at utilities.PageBaseAndroid.waitClickable(PageBaseAndroid.java:156)
at utilities.PageBaseAndroid.click(PageBaseAndroid.java:188)
at pages.android.ride.pageAnaEkran.Bize_Ulasin_Kilit_Problemi_Bildirme(pageAnaEkran.java:200)
at tests.android.ride.Ana_Ekran.TC_038_Bize_Ulasin_Kilit_Problemi_Bildirme(Ana_Ekran.java:470)
at java.util.concurrent.ThreadPoolExecutor.runWorker(Unknown Source)
at java.util.concurrent.ThreadPoolExecutor$Worker.run(Unknown Source)
at java.lang.Thread.run(Unknown Source)
Caused by: org.openqa.selenium.NoSuchElementException: An element could not be located on the page using the given search parameters.
For documentation on this error, please visit: https://www.seleniumhq.org/exceptions/no_such_element.html
Build info: version: '3.141.59', revision: 'e82be7d358', time: '2018-11-14T08:17:03'
System info: host: 'DESKTOP-NQRRDTM', ip: '192.168.1.213', os.name: 'Windows 10', os.arch: 'amd64', os.version: '10.0', java.version: '1.8.0_241'
Driver info: io.appium.java_client.android.AndroidDriver
Capabilities {appActivity: com.martitech.marti.ui.acti..., appPackage: com.martitech.marti.dev, autoGrantPermissions: true, databaseEnabled: false, desired: {appActivity: com.martitech.marti.ui.acti..., appPackage: com.martitech.marti.dev, autoGrantPermissions: true, deviceName: Emulator_1, noReset: true, platformName: android, platformVersion: 9.0, udid: emulator-5554}, deviceApiLevel: 29, deviceManufacturer: Google, deviceModel: Android SDK built for x86, deviceName: emulator-5554, deviceScreenDensity: 480, deviceScreenSize: 1080x1920, deviceUDID: emulator-5554, javascriptEnabled: true, locationContextEnabled: false, networkConnectionEnabled: true, noReset: true, pixelRatio: 3, platform: LINUX, platformName: Android, platformVersion: 10, statBarHeight: 72, takesScreenshot: true, udid: emulator-5554, viewportRect: {height: 1704, left: 0, top: 72, width: 1080}, warnings: {}, webStorageEnabled: false}
Session ID: d9f25726-a6a6-4c4c-abf2-66cebb3e9f39
*** Element info: {Using=id, value=fab_take_photo}
at org.openqa.selenium.remote.http.W3CHttpResponseCodec.createException(W3CHttpResponseCodec.java:187)
at org.openqa.selenium.remote.http.W3CHttpResponseCodec.decode(W3CHttpResponseCodec.java:122)
at org.openqa.selenium.remote.http.W3CHttpResponseCodec.decode(W3CHttpResponseCodec.java:49)
at org.openqa.selenium.remote.HttpCommandExecutor.execute(HttpCommandExecutor.java:158)
at io.appium.java_client.remote.AppiumCommandExecutor.execute(AppiumCommandExecutor.java:239)
at org.openqa.selenium.remote.RemoteWebDriver.execute(RemoteWebDriver.java:552)
at io.appium.java_client.DefaultGenericMobileDriver.execute(DefaultGenericMobileDriver.java:41)
at io.appium.java_client.AppiumDriver.execute(AppiumDriver.java:1)
at io.appium.java_client.android.AndroidDriver.execute(AndroidDriver.java:1)
at org.openqa.selenium.remote.RemoteWebDriver.findElement(RemoteWebDriver.java:323)
at io.appium.java_client.DefaultGenericMobileDriver.findElement(DefaultGenericMobileDriver.java:61)
at io.appium.java_client.AppiumDriver.findElement(AppiumDriver.java:1)
at io.appium.java_client.android.AndroidDriver.findElement(AndroidDriver.java:1)
at org.openqa.selenium.remote.RemoteWebDriver.findElementById(RemoteWebDriver.java:372)
at io.appium.java_client.DefaultGenericMobileDriver.findElementById(DefaultGenericMobileDriver.java:69)
at io.appium.java_client.AppiumDriver.findElementById(AppiumDriver.java:1)
at io.appium.java_client.android.AndroidDriver.findElementById(AndroidDriver.java:1)
at org.openqa.selenium.By$ById.findElement(By.java:188)
at org.openqa.selenium.remote.RemoteWebDriver.findElement(RemoteWebDriver.java:315)
at io.appium.java_client.DefaultGenericMobileDriver.findElement(DefaultGenericMobileDriver.java:57)
at io.appium.java_client.AppiumDriver.findElement(AppiumDriver.java:1)
at io.appium.java_client.android.AndroidDriver.findElement(AndroidDriver.java:1)
at org.openqa.selenium.support.ui.ExpectedConditions$7.apply(ExpectedConditions.java:205)
at org.openqa.selenium.support.ui.ExpectedConditions$7.apply(ExpectedConditions.java:201)
at org.openqa.selenium.support.ui.ExpectedConditions$22.apply(ExpectedConditions.java:641)
at org.openqa.selenium.support.ui.ExpectedConditions$22.apply(ExpectedConditions.java:638)
at org.openqa.selenium.support.ui.FluentWait.until(FluentWait.java:249)
... 17 more
... Removed 13 stack frames]]>
    </failure>
  </testcase> <!-- TC_038_Bize_Ulasin_Kilit_Problemi_Bildirme -->
  <testcase name="TC_039_Bize_Ulasin_Hasarli_Sorunlu_Marti_Bildirme" time="71.515" classname="tests.android.ride.Ana_Ekran">
    <failure type="org.openqa.selenium.TimeoutException" message="Expected condition failed: waiting for element to be clickable: By.id: fab_take_photo (tried for 30 second(s) with 500 milliseconds interval)">
      <![CDATA[org.openqa.selenium.TimeoutException: Expected condition failed: waiting for element to be clickable: By.id: fab_take_photo (tried for 30 second(s) with 500 milliseconds interval)
at org.openqa.selenium.support.ui.WebDriverWait.timeoutException(WebDriverWait.java:95)
at org.openqa.selenium.support.ui.FluentWait.until(FluentWait.java:272)
at utilities.PageBaseAndroid.waitClickable(PageBaseAndroid.java:156)
at utilities.PageBaseAndroid.click(PageBaseAndroid.java:188)
at pages.android.ride.pageAnaEkran.Bize_Ulasin_Hasarli_Sorunlu_Marti_Bildirme(pageAnaEkran.java:235)
at tests.android.ride.Ana_Ekran.TC_039_Bize_Ulasin_Hasarli_Sorunlu_Marti_Bildirme(Ana_Ekran.java:491)
at java.util.concurrent.ThreadPoolExecutor.runWorker(Unknown Source)
at java.util.concurrent.ThreadPoolExecutor$Worker.run(Unknown Source)
at java.lang.Thread.run(Unknown Source)
Caused by: org.openqa.selenium.NoSuchElementException: An element could not be located on the page using the given search parameters.
For documentation on this error, please visit: https://www.seleniumhq.org/exceptions/no_such_element.html
Build info: version: '3.141.59', revision: 'e82be7d358', time: '2018-11-14T08:17:03'
System info: host: 'DESKTOP-NQRRDTM', ip: '192.168.1.213', os.name: 'Windows 10', os.arch: 'amd64', os.version: '10.0', java.version: '1.8.0_241'
Driver info: io.appium.java_client.android.AndroidDriver
Capabilities {appActivity: com.martitech.marti.ui.acti..., appPackage: com.martitech.marti.dev, autoGrantPermissions: true, databaseEnabled: false, desired: {appActivity: com.martitech.marti.ui.acti..., appPackage: com.martitech.marti.dev, autoGrantPermissions: true, deviceName: Emulator_1, noReset: true, platformName: android, platformVersion: 9.0, udid: emulator-5554}, deviceApiLevel: 29, deviceManufacturer: Google, deviceModel: Android SDK built for x86, deviceName: emulator-5554, deviceScreenDensity: 480, deviceScreenSize: 1080x1920, deviceUDID: emulator-5554, javascriptEnabled: true, locationContextEnabled: false, networkConnectionEnabled: true, noReset: true, pixelRatio: 3, platform: LINUX, platformName: Android, platformVersion: 10, statBarHeight: 72, takesScreenshot: true, udid: emulator-5554, viewportRect: {height: 1704, left: 0, top: 72, width: 1080}, warnings: {}, webStorageEnabled: false}
Session ID: cd73f72f-e20c-48a8-997d-dda4d05855da
*** Element info: {Using=id, value=fab_take_photo}
at org.openqa.selenium.remote.http.W3CHttpResponseCodec.createException(W3CHttpResponseCodec.java:187)
at org.openqa.selenium.remote.http.W3CHttpResponseCodec.decode(W3CHttpResponseCodec.java:122)
at org.openqa.selenium.remote.http.W3CHttpResponseCodec.decode(W3CHttpResponseCodec.java:49)
at org.openqa.selenium.remote.HttpCommandExecutor.execute(HttpCommandExecutor.java:158)
at io.appium.java_client.remote.AppiumCommandExecutor.execute(AppiumCommandExecutor.java:239)
at org.openqa.selenium.remote.RemoteWebDriver.execute(RemoteWebDriver.java:552)
at io.appium.java_client.DefaultGenericMobileDriver.execute(DefaultGenericMobileDriver.java:41)
at io.appium.java_client.AppiumDriver.execute(AppiumDriver.java:1)
at io.appium.java_client.android.AndroidDriver.execute(AndroidDriver.java:1)
at org.openqa.selenium.remote.RemoteWebDriver.findElement(RemoteWebDriver.java:323)
at io.appium.java_client.DefaultGenericMobileDriver.findElement(DefaultGenericMobileDriver.java:61)
at io.appium.java_client.AppiumDriver.findElement(AppiumDriver.java:1)
at io.appium.java_client.android.AndroidDriver.findElement(AndroidDriver.java:1)
at org.openqa.selenium.remote.RemoteWebDriver.findElementById(RemoteWebDriver.java:372)
at io.appium.java_client.DefaultGenericMobileDriver.findElementById(DefaultGenericMobileDriver.java:69)
at io.appium.java_client.AppiumDriver.findElementById(AppiumDriver.java:1)
at io.appium.java_client.android.AndroidDriver.findElementById(AndroidDriver.java:1)
at org.openqa.selenium.By$ById.findElement(By.java:188)
at org.openqa.selenium.remote.RemoteWebDriver.findElement(RemoteWebDriver.java:315)
at io.appium.java_client.DefaultGenericMobileDriver.findElement(DefaultGenericMobileDriver.java:57)
at io.appium.java_client.AppiumDriver.findElement(AppiumDriver.java:1)
at io.appium.java_client.android.AndroidDriver.findElement(AndroidDriver.java:1)
at org.openqa.selenium.support.ui.ExpectedConditions$7.apply(ExpectedConditions.java:205)
at org.openqa.selenium.support.ui.ExpectedConditions$7.apply(ExpectedConditions.java:201)
at org.openqa.selenium.support.ui.ExpectedConditions$22.apply(ExpectedConditions.java:641)
at org.openqa.selenium.support.ui.ExpectedConditions$22.apply(ExpectedConditions.java:638)
at org.openqa.selenium.support.ui.FluentWait.until(FluentWait.java:249)
... 17 more
... Removed 13 stack frames]]>
    </failure>
  </testcase> <!-- TC_039_Bize_Ulasin_Hasarli_Sorunlu_Marti_Bildirme -->
  <testcase name="TC_040_Bize_Ulasin_Yanlis_Park" time="67.118" classname="tests.android.ride.Ana_Ekran">
    <failure type="org.openqa.selenium.TimeoutException" message="Expected condition failed: waiting for element to be clickable: By.id: fab_take_photo (tried for 30 second(s) with 500 milliseconds interval)">
      <![CDATA[org.openqa.selenium.TimeoutException: Expected condition failed: waiting for element to be clickable: By.id: fab_take_photo (tried for 30 second(s) with 500 milliseconds interval)
at org.openqa.selenium.support.ui.WebDriverWait.timeoutException(WebDriverWait.java:95)
at org.openqa.selenium.support.ui.FluentWait.until(FluentWait.java:272)
at utilities.PageBaseAndroid.waitClickable(PageBaseAndroid.java:156)
at utilities.PageBaseAndroid.click(PageBaseAndroid.java:188)
at pages.android.ride.pageAnaEkran.Bize_Ulasin_Yanlis_Park(pageAnaEkran.java:263)
at tests.android.ride.Ana_Ekran.TC_040_Bize_Ulasin_Yanlis_Park(Ana_Ekran.java:512)
at java.util.concurrent.ThreadPoolExecutor.runWorker(Unknown Source)
at java.util.concurrent.ThreadPoolExecutor$Worker.run(Unknown Source)
at java.lang.Thread.run(Unknown Source)
Caused by: org.openqa.selenium.NoSuchElementException: An element could not be located on the page using the given search parameters.
For documentation on this error, please visit: https://www.seleniumhq.org/exceptions/no_such_element.html
Build info: version: '3.141.59', revision: 'e82be7d358', time: '2018-11-14T08:17:03'
System info: host: 'DESKTOP-NQRRDTM', ip: '192.168.1.213', os.name: 'Windows 10', os.arch: 'amd64', os.version: '10.0', java.version: '1.8.0_241'
Driver info: io.appium.java_client.android.AndroidDriver
Capabilities {appActivity: com.martitech.marti.ui.acti..., appPackage: com.martitech.marti.dev, autoGrantPermissions: true, databaseEnabled: false, desired: {appActivity: com.martitech.marti.ui.acti..., appPackage: com.martitech.marti.dev, autoGrantPermissions: true, deviceName: Emulator_1, noReset: true, platformName: android, platformVersion: 9.0, udid: emulator-5554}, deviceApiLevel: 29, deviceManufacturer: Google, deviceModel: Android SDK built for x86, deviceName: emulator-5554, deviceScreenDensity: 480, deviceScreenSize: 1080x1920, deviceUDID: emulator-5554, javascriptEnabled: true, locationContextEnabled: false, networkConnectionEnabled: true, noReset: true, pixelRatio: 3, platform: LINUX, platformName: Android, platformVersion: 10, statBarHeight: 72, takesScreenshot: true, udid: emulator-5554, viewportRect: {height: 1704, left: 0, top: 72, width: 1080}, warnings: {}, webStorageEnabled: false}
Session ID: 962c25e9-15b5-429e-b445-20e879be52c4
*** Element info: {Using=id, value=fab_take_photo}
at org.openqa.selenium.remote.http.W3CHttpResponseCodec.createException(W3CHttpResponseCodec.java:187)
at org.openqa.selenium.remote.http.W3CHttpResponseCodec.decode(W3CHttpResponseCodec.java:122)
at org.openqa.selenium.remote.http.W3CHttpResponseCodec.decode(W3CHttpResponseCodec.java:49)
at org.openqa.selenium.remote.HttpCommandExecutor.execute(HttpCommandExecutor.java:158)
at io.appium.java_client.remote.AppiumCommandExecutor.execute(AppiumCommandExecutor.java:239)
at org.openqa.selenium.remote.RemoteWebDriver.execute(RemoteWebDriver.java:552)
at io.appium.java_client.DefaultGenericMobileDriver.execute(DefaultGenericMobileDriver.java:41)
at io.appium.java_client.AppiumDriver.execute(AppiumDriver.java:1)
at io.appium.java_client.android.AndroidDriver.execute(AndroidDriver.java:1)
at org.openqa.selenium.remote.RemoteWebDriver.findElement(RemoteWebDriver.java:323)
at io.appium.java_client.DefaultGenericMobileDriver.findElement(DefaultGenericMobileDriver.java:61)
at io.appium.java_client.AppiumDriver.findElement(AppiumDriver.java:1)
at io.appium.java_client.android.AndroidDriver.findElement(AndroidDriver.java:1)
at org.openqa.selenium.remote.RemoteWebDriver.findElementById(RemoteWebDriver.java:372)
at io.appium.java_client.DefaultGenericMobileDriver.findElementById(DefaultGenericMobileDriver.java:69)
at io.appium.java_client.AppiumDriver.findElementById(AppiumDriver.java:1)
at io.appium.java_client.android.AndroidDriver.findElementById(AndroidDriver.java:1)
at org.openqa.selenium.By$ById.findElement(By.java:188)
at org.openqa.selenium.remote.RemoteWebDriver.findElement(RemoteWebDriver.java:315)
at io.appium.java_client.DefaultGenericMobileDriver.findElement(DefaultGenericMobileDriver.java:57)
at io.appium.java_client.AppiumDriver.findElement(AppiumDriver.java:1)
at io.appium.java_client.android.AndroidDriver.findElement(AndroidDriver.java:1)
at org.openqa.selenium.support.ui.ExpectedConditions$7.apply(ExpectedConditions.java:205)
at org.openqa.selenium.support.ui.ExpectedConditions$7.apply(ExpectedConditions.java:201)
at org.openqa.selenium.support.ui.ExpectedConditions$22.apply(ExpectedConditions.java:641)
at org.openqa.selenium.support.ui.ExpectedConditions$22.apply(ExpectedConditions.java:638)
at org.openqa.selenium.support.ui.FluentWait.until(FluentWait.java:249)
... 17 more
... Removed 13 stack frames]]>
    </failure>
  </testcase> <!-- TC_040_Bize_Ulasin_Yanlis_Park -->
  <testcase name="TC_041_Bize_Ulasin_Acil_Durum_Paylas" time="14.504" classname="tests.android.ride.Ana_Ekran"/>
  <testcase name="TC_042_Bildirimleri_Kontrol_Etme" time="24.947" classname="tests.android.ride.Ana_Ekran"/>
  <testcase name="TC_043_Borclu_Kullanici" time="14.408" classname="tests.android.ride.Borclar"/>
  <testcase name="TC_044_Borclu_Kullanici_Plus_15" time="11.538" classname="tests.android.ride.Borclar">
    <failure type="java.lang.AssertionError" message="expected [Önceki sürüşlerinden kalan ₺16,00 bakiyeniz bulunduğu için yeni bir sürüş başlatamazsın. Şimdi ödeme yaparak devam etmek ister misiniz?] but found [Önceki sürüşlerinden kalan ₺ 16,00 bakiyeniz bulunduğu için yeni bir sürüş başlatamazsın. Şimdi ödeme yaparak devam etmek ister misiniz?]">
      <![CDATA[java.lang.AssertionError: expected [Önceki sürüşlerinden kalan ₺16,00 bakiyeniz bulunduğu için yeni bir sürüş başlatamazsın. Şimdi ödeme yaparak devam etmek ister misiniz?] but found [Önceki sürüşlerinden kalan ₺ 16,00 bakiyeniz bulunduğu için yeni bir sürüş başlatamazsın. Şimdi ödeme yaparak devam etmek ister misiniz?]
at utilities.PageBaseAndroid.assertEquals(PageBaseAndroid.java:300)
at pages.android.ride.pageBorclar.Borclu_Kullanici_Plus_15(pageBorclar.java:55)
at tests.android.ride.Borclar.TC_044_Borclu_Kullanici_Plus_15(Borclar.java:81)
at java.util.concurrent.ThreadPoolExecutor.runWorker(Unknown Source)
at java.util.concurrent.ThreadPoolExecutor$Worker.run(Unknown Source)
at java.lang.Thread.run(Unknown Source)
... Removed 16 stack frames]]>
    </failure>
  </testcase> <!-- TC_044_Borclu_Kullanici_Plus_15 -->
  <testcase name="TC_045_Borc_Odeme_Cuzdan_Yetersiz" time="17.088" classname="tests.android.ride.Borclar"/>
  <testcase name="TC_046_Borc_Odeme_Cuzdan_Yeterli" time="16.431" classname="tests.android.ride.Borclar"/>
  <testcase name="TC_047_Borc_Odeme_Islemi_Basarili" time="49.02" classname="tests.android.ride.Borclar">
    <failure type="org.openqa.selenium.TimeoutException" message="Expected condition failed: waiting for element to be clickable: By.id: android:id/message (tried for 30 second(s) with 500 milliseconds interval)">
      <![CDATA[org.openqa.selenium.TimeoutException: Expected condition failed: waiting for element to be clickable: By.id: android:id/message (tried for 30 second(s) with 500 milliseconds interval)
at org.openqa.selenium.support.ui.WebDriverWait.timeoutException(WebDriverWait.java:95)
at org.openqa.selenium.support.ui.FluentWait.until(FluentWait.java:272)
at utilities.PageBaseAndroid.waitClickable(PageBaseAndroid.java:156)
at utilities.PageBaseAndroid.readText(PageBaseAndroid.java:282)
at utilities.PageBaseAndroid.assertEquals(PageBaseAndroid.java:300)
at pages.android.ride.pageBorclar.Borc_Odeme_Islemi_Basarili(pageBorclar.java:103)
at tests.android.ride.Borclar.TC_047_Borc_Odeme_Islemi_Basarili(Borclar.java:158)
at java.util.concurrent.ThreadPoolExecutor.runWorker(Unknown Source)
at java.util.concurrent.ThreadPoolExecutor$Worker.run(Unknown Source)
at java.lang.Thread.run(Unknown Source)
Caused by: org.openqa.selenium.NoSuchElementException: An element could not be located on the page using the given search parameters.
For documentation on this error, please visit: https://www.seleniumhq.org/exceptions/no_such_element.html
Build info: version: '3.141.59', revision: 'e82be7d358', time: '2018-11-14T08:17:03'
System info: host: 'DESKTOP-NQRRDTM', ip: '192.168.1.213', os.name: 'Windows 10', os.arch: 'amd64', os.version: '10.0', java.version: '1.8.0_241'
Driver info: io.appium.java_client.android.AndroidDriver
Capabilities {appActivity: com.martitech.marti.ui.acti..., appPackage: com.martitech.marti.dev, autoGrantPermissions: true, databaseEnabled: false, desired: {appActivity: com.martitech.marti.ui.acti..., appPackage: com.martitech.marti.dev, autoGrantPermissions: true, deviceName: Emulator_1, noReset: true, platformName: android, platformVersion: 9.0, udid: emulator-5554}, deviceApiLevel: 29, deviceManufacturer: Google, deviceModel: Android SDK built for x86, deviceName: emulator-5554, deviceScreenDensity: 480, deviceScreenSize: 1080x1920, deviceUDID: emulator-5554, javascriptEnabled: true, locationContextEnabled: false, networkConnectionEnabled: true, noReset: true, pixelRatio: 3, platform: LINUX, platformName: Android, platformVersion: 10, statBarHeight: 72, takesScreenshot: true, udid: emulator-5554, viewportRect: {height: 1704, left: 0, top: 72, width: 1080}, warnings: {}, webStorageEnabled: false}
Session ID: 3ebc7929-c537-40c9-acb9-6a8655152235
*** Element info: {Using=id, value=android:id/message}
at org.openqa.selenium.remote.http.W3CHttpResponseCodec.createException(W3CHttpResponseCodec.java:187)
at org.openqa.selenium.remote.http.W3CHttpResponseCodec.decode(W3CHttpResponseCodec.java:122)
at org.openqa.selenium.remote.http.W3CHttpResponseCodec.decode(W3CHttpResponseCodec.java:49)
at org.openqa.selenium.remote.HttpCommandExecutor.execute(HttpCommandExecutor.java:158)
at io.appium.java_client.remote.AppiumCommandExecutor.execute(AppiumCommandExecutor.java:239)
at org.openqa.selenium.remote.RemoteWebDriver.execute(RemoteWebDriver.java:552)
at io.appium.java_client.DefaultGenericMobileDriver.execute(DefaultGenericMobileDriver.java:41)
at io.appium.java_client.AppiumDriver.execute(AppiumDriver.java:1)
at io.appium.java_client.android.AndroidDriver.execute(AndroidDriver.java:1)
at org.openqa.selenium.remote.RemoteWebDriver.findElement(RemoteWebDriver.java:323)
at io.appium.java_client.DefaultGenericMobileDriver.findElement(DefaultGenericMobileDriver.java:61)
at io.appium.java_client.AppiumDriver.findElement(AppiumDriver.java:1)
at io.appium.java_client.android.AndroidDriver.findElement(AndroidDriver.java:1)
at org.openqa.selenium.remote.RemoteWebDriver.findElementById(RemoteWebDriver.java:372)
at io.appium.java_client.DefaultGenericMobileDriver.findElementById(DefaultGenericMobileDriver.java:69)
at io.appium.java_client.AppiumDriver.findElementById(AppiumDriver.java:1)
at io.appium.java_client.android.AndroidDriver.findElementById(AndroidDriver.java:1)
at org.openqa.selenium.By$ById.findElement(By.java:188)
at org.openqa.selenium.remote.RemoteWebDriver.findElement(RemoteWebDriver.java:315)
at io.appium.java_client.DefaultGenericMobileDriver.findElement(DefaultGenericMobileDriver.java:57)
at io.appium.java_client.AppiumDriver.findElement(AppiumDriver.java:1)
at io.appium.java_client.android.AndroidDriver.findElement(AndroidDriver.java:1)
at org.openqa.selenium.support.ui.ExpectedConditions$7.apply(ExpectedConditions.java:205)
at org.openqa.selenium.support.ui.ExpectedConditions$7.apply(ExpectedConditions.java:201)
at org.openqa.selenium.support.ui.ExpectedConditions$22.apply(ExpectedConditions.java:641)
at org.openqa.selenium.support.ui.ExpectedConditions$22.apply(ExpectedConditions.java:638)
at org.openqa.selenium.support.ui.FluentWait.until(FluentWait.java:249)
... 18 more
... Removed 13 stack frames]]>
    </failure>
  </testcase> <!-- TC_047_Borc_Odeme_Islemi_Basarili -->
  <testcase name="TC_048_Borc_Odeme_Islemi_Basarisiz" time="22.665" classname="tests.android.ride.Borclar"/>
  <testcase name="TC_049_Surus_Basladi_Kodlu_Kilit" time="39.304" classname="tests.android.ride.Surus">
    <failure type="java.lang.AssertionError" message="element : #durationText || expected [true] but found [false]">
      <![CDATA[java.lang.AssertionError: element : #durationText || expected [true] but found [false]
at utilities.PageBaseAndroid.assertFound(PageBaseAndroid.java:335)
at pages.android.ride.pageSurus.Surus_Basladi_Kodlu_Kilit(pageSurus.java:70)
at tests.android.ride.Surus.TC_049_Surus_Basladi_Kodlu_Kilit(Surus.java:70)
at java.util.concurrent.ThreadPoolExecutor.runWorker(Unknown Source)
at java.util.concurrent.ThreadPoolExecutor$Worker.run(Unknown Source)
at java.lang.Thread.run(Unknown Source)
... Removed 13 stack frames]]>
    </failure>
  </testcase> <!-- TC_049_Surus_Basladi_Kodlu_Kilit -->
  <testcase name="TC_050_Surus_Basladi_IOT_Kilit" time="11.238" classname="tests.android.ride.Surus"/>
  <testcase name="TC_051_Nasil_Surulur_Gecilmemis" time="48.962" classname="tests.android.ride.Surus"/>
  <testcase name="TC_052_Surus_45sn_Kontrol" time="14.093" classname="tests.android.ride.Surus"/>
  <testcase name="TC_053_Acil_Mudahale" time="13.548" classname="tests.android.ride.Surus"/>
  <testcase name="TC_054_Nasil_Surulur" time="13.025" classname="tests.android.ride.Surus"/>
  <testcase name="TC_055_Ortalama" time="18.566" classname="tests.android.ride.Surus"/>
  <testcase name="TC_056_Surus_Bitirme" time="21.21" classname="tests.android.ride.Surus"/>
  <testcase name="TC_057_Park_Edilemez_Alan" time="21.782" classname="tests.android.ride.Surus"/>
  <testcase name="TC_058_Kilit_Takilmadi" time="33.447" classname="tests.android.ride.Surus"/>
  <testcase name="TC_059_Kamera_Izni_Verilmemis" time="6.395" classname="tests.android.ride.Surus"/>
  <testcase name="TC_060_Surus_Bitir_Internet_Kapali" time="25.74" classname="tests.android.ride.Surus"/>
  <testcase name="TC_061_Ceza_Kurallarina_Erisim" time="45.74" classname="tests.android.ride.Surus">
    <failure type="org.openqa.selenium.TimeoutException" message="Expected condition failed: waiting for element to be clickable: By.id: alertDesc (tried for 30 second(s) with 500 milliseconds interval)">
      <![CDATA[org.openqa.selenium.TimeoutException: Expected condition failed: waiting for element to be clickable: By.id: alertDesc (tried for 30 second(s) with 500 milliseconds interval)
at org.openqa.selenium.support.ui.WebDriverWait.timeoutException(WebDriverWait.java:95)
at org.openqa.selenium.support.ui.FluentWait.until(FluentWait.java:272)
at utilities.PageBaseAndroid.waitClickable(PageBaseAndroid.java:156)
at utilities.PageBaseAndroid.click(PageBaseAndroid.java:188)
at pages.android.ride.pageSurus.Ceza_Kurallarina_Erisim(pageSurus.java:213)
at tests.android.ride.Surus.TC_061_Ceza_Kurallarina_Erisim(Surus.java:546)
at java.util.concurrent.ThreadPoolExecutor.runWorker(Unknown Source)
at java.util.concurrent.ThreadPoolExecutor$Worker.run(Unknown Source)
at java.lang.Thread.run(Unknown Source)
Caused by: org.openqa.selenium.NoSuchElementException: An element could not be located on the page using the given search parameters.
For documentation on this error, please visit: https://www.seleniumhq.org/exceptions/no_such_element.html
Build info: version: '3.141.59', revision: 'e82be7d358', time: '2018-11-14T08:17:03'
System info: host: 'DESKTOP-NQRRDTM', ip: '192.168.1.213', os.name: 'Windows 10', os.arch: 'amd64', os.version: '10.0', java.version: '1.8.0_241'
Driver info: io.appium.java_client.android.AndroidDriver
Capabilities {appActivity: com.martitech.marti.ui.acti..., appPackage: com.martitech.marti.dev, autoGrantPermissions: true, databaseEnabled: false, desired: {appActivity: com.martitech.marti.ui.acti..., appPackage: com.martitech.marti.dev, autoGrantPermissions: true, deviceName: Emulator_1, noReset: true, platformName: android, platformVersion: 9.0, udid: emulator-5554}, deviceApiLevel: 29, deviceManufacturer: Google, deviceModel: Android SDK built for x86, deviceName: emulator-5554, deviceScreenDensity: 480, deviceScreenSize: 1080x1920, deviceUDID: emulator-5554, javascriptEnabled: true, locationContextEnabled: false, networkConnectionEnabled: true, noReset: true, pixelRatio: 3, platform: LINUX, platformName: Android, platformVersion: 10, statBarHeight: 72, takesScreenshot: true, udid: emulator-5554, viewportRect: {height: 1704, left: 0, top: 72, width: 1080}, warnings: {}, webStorageEnabled: false}
Session ID: 9f5fb311-3673-42d4-a58e-f312d641ebea
*** Element info: {Using=id, value=alertDesc}
at org.openqa.selenium.remote.http.W3CHttpResponseCodec.createException(W3CHttpResponseCodec.java:187)
at org.openqa.selenium.remote.http.W3CHttpResponseCodec.decode(W3CHttpResponseCodec.java:122)
at org.openqa.selenium.remote.http.W3CHttpResponseCodec.decode(W3CHttpResponseCodec.java:49)
at org.openqa.selenium.remote.HttpCommandExecutor.execute(HttpCommandExecutor.java:158)
at io.appium.java_client.remote.AppiumCommandExecutor.execute(AppiumCommandExecutor.java:239)
at org.openqa.selenium.remote.RemoteWebDriver.execute(RemoteWebDriver.java:552)
at io.appium.java_client.DefaultGenericMobileDriver.execute(DefaultGenericMobileDriver.java:41)
at io.appium.java_client.AppiumDriver.execute(AppiumDriver.java:1)
at io.appium.java_client.android.AndroidDriver.execute(AndroidDriver.java:1)
at org.openqa.selenium.remote.RemoteWebDriver.findElement(RemoteWebDriver.java:323)
at io.appium.java_client.DefaultGenericMobileDriver.findElement(DefaultGenericMobileDriver.java:61)
at io.appium.java_client.AppiumDriver.findElement(AppiumDriver.java:1)
at io.appium.java_client.android.AndroidDriver.findElement(AndroidDriver.java:1)
at org.openqa.selenium.remote.RemoteWebDriver.findElementById(RemoteWebDriver.java:372)
at io.appium.java_client.DefaultGenericMobileDriver.findElementById(DefaultGenericMobileDriver.java:69)
at io.appium.java_client.AppiumDriver.findElementById(AppiumDriver.java:1)
at io.appium.java_client.android.AndroidDriver.findElementById(AndroidDriver.java:1)
at org.openqa.selenium.By$ById.findElement(By.java:188)
at org.openqa.selenium.remote.RemoteWebDriver.findElement(RemoteWebDriver.java:315)
at io.appium.java_client.DefaultGenericMobileDriver.findElement(DefaultGenericMobileDriver.java:57)
at io.appium.java_client.AppiumDriver.findElement(AppiumDriver.java:1)
at io.appium.java_client.android.AndroidDriver.findElement(AndroidDriver.java:1)
at org.openqa.selenium.support.ui.ExpectedConditions$7.apply(ExpectedConditions.java:205)
at org.openqa.selenium.support.ui.ExpectedConditions$7.apply(ExpectedConditions.java:201)
at org.openqa.selenium.support.ui.ExpectedConditions$22.apply(ExpectedConditions.java:641)
at org.openqa.selenium.support.ui.ExpectedConditions$22.apply(ExpectedConditions.java:638)
at org.openqa.selenium.support.ui.FluentWait.until(FluentWait.java:249)
... 17 more
... Removed 13 stack frames]]>
    </failure>
  </testcase> <!-- TC_061_Ceza_Kurallarina_Erisim -->
  <testcase name="TC_062_Odeme_Hatasi" time="25.151" classname="tests.android.ride.Surus"/>
  <testcase name="TC_063_Odeme_Hatasi_Borc_Ekle" time="22.677" classname="tests.android.ride.Surus"/>
  <testcase name="TC_064_Surus_Bitir_Basarili" time="49.641" classname="tests.android.ride.Surus">
    <failure type="java.lang.AssertionError" message="expected [₺5,53] but found [₺ 5,53]">
      <![CDATA[java.lang.AssertionError: expected [₺5,53] but found [₺ 5,53]
at utilities.PageBaseAndroid.assertEquals(PageBaseAndroid.java:300)
at pages.android.ride.pageSurus.Yolculuk_Ozeti_Kontrol(pageSurus.java:262)
at tests.android.ride.Surus.TC_064_Surus_Bitir_Basarili(Surus.java:654)
at java.util.concurrent.ThreadPoolExecutor.runWorker(Unknown Source)
at java.util.concurrent.ThreadPoolExecutor$Worker.run(Unknown Source)
at java.lang.Thread.run(Unknown Source)
... Removed 16 stack frames]]>
    </failure>
  </testcase> <!-- TC_064_Surus_Bitir_Basarili -->
  <testcase name="TC_065_Surus_Bitir_Basarili_Wallet" time="41.86" classname="tests.android.ride.Surus"/>
  <testcase name="TC_066_Surus_Bitir_Basarisiz_Wallet_Yetersiz" time="34.337" classname="tests.android.ride.Surus"/>
  <testcase name="TC_067_Surus_Bitir_Basarili_Kupon_Kullanildi" time="44.69" classname="tests.android.ride.Surus">
    <failure type="org.openqa.selenium.TimeoutException" message="Expected condition failed: waiting for element to be clickable: By.id: btnEndRide (tried for 30 second(s) with 500 milliseconds interval)">
      <![CDATA[org.openqa.selenium.TimeoutException: Expected condition failed: waiting for element to be clickable: By.id: btnEndRide (tried for 30 second(s) with 500 milliseconds interval)
at org.openqa.selenium.support.ui.WebDriverWait.timeoutException(WebDriverWait.java:95)
at org.openqa.selenium.support.ui.FluentWait.until(FluentWait.java:272)
at utilities.PageBaseAndroid.waitClickable(PageBaseAndroid.java:156)
at utilities.PageBaseAndroid.click(PageBaseAndroid.java:188)
at pages.android.ride.pageSurus.Surus_Bitir_Basarili_Kupon_Kullanildi(pageSurus.java:249)
at tests.android.ride.Surus.TC_067_Surus_Bitir_Basarili_Kupon_Kullanildi(Surus.java:772)
at java.util.concurrent.ThreadPoolExecutor.runWorker(Unknown Source)
at java.util.concurrent.ThreadPoolExecutor$Worker.run(Unknown Source)
at java.lang.Thread.run(Unknown Source)
Caused by: org.openqa.selenium.NoSuchElementException: An element could not be located on the page using the given search parameters.
For documentation on this error, please visit: https://www.seleniumhq.org/exceptions/no_such_element.html
Build info: version: '3.141.59', revision: 'e82be7d358', time: '2018-11-14T08:17:03'
System info: host: 'DESKTOP-NQRRDTM', ip: '192.168.1.213', os.name: 'Windows 10', os.arch: 'amd64', os.version: '10.0', java.version: '1.8.0_241'
Driver info: io.appium.java_client.android.AndroidDriver
Capabilities {appActivity: com.martitech.marti.ui.acti..., appPackage: com.martitech.marti.dev, autoGrantPermissions: true, databaseEnabled: false, desired: {appActivity: com.martitech.marti.ui.acti..., appPackage: com.martitech.marti.dev, autoGrantPermissions: true, deviceName: Emulator_1, noReset: true, platformName: android, platformVersion: 9.0, udid: emulator-5554}, deviceApiLevel: 29, deviceManufacturer: Google, deviceModel: Android SDK built for x86, deviceName: emulator-5554, deviceScreenDensity: 480, deviceScreenSize: 1080x1920, deviceUDID: emulator-5554, javascriptEnabled: true, locationContextEnabled: false, networkConnectionEnabled: true, noReset: true, pixelRatio: 3, platform: LINUX, platformName: Android, platformVersion: 10, statBarHeight: 72, takesScreenshot: true, udid: emulator-5554, viewportRect: {height: 1704, left: 0, top: 72, width: 1080}, warnings: {}, webStorageEnabled: false}
Session ID: 5dfbdc41-a6f4-4ad7-876e-b691f5a87c1f
*** Element info: {Using=id, value=btnEndRide}
at org.openqa.selenium.remote.http.W3CHttpResponseCodec.createException(W3CHttpResponseCodec.java:187)
at org.openqa.selenium.remote.http.W3CHttpResponseCodec.decode(W3CHttpResponseCodec.java:122)
at org.openqa.selenium.remote.http.W3CHttpResponseCodec.decode(W3CHttpResponseCodec.java:49)
at org.openqa.selenium.remote.HttpCommandExecutor.execute(HttpCommandExecutor.java:158)
at io.appium.java_client.remote.AppiumCommandExecutor.execute(AppiumCommandExecutor.java:239)
at org.openqa.selenium.remote.RemoteWebDriver.execute(RemoteWebDriver.java:552)
at io.appium.java_client.DefaultGenericMobileDriver.execute(DefaultGenericMobileDriver.java:41)
at io.appium.java_client.AppiumDriver.execute(AppiumDriver.java:1)
at io.appium.java_client.android.AndroidDriver.execute(AndroidDriver.java:1)
at org.openqa.selenium.remote.RemoteWebDriver.findElement(RemoteWebDriver.java:323)
at io.appium.java_client.DefaultGenericMobileDriver.findElement(DefaultGenericMobileDriver.java:61)
at io.appium.java_client.AppiumDriver.findElement(AppiumDriver.java:1)
at io.appium.java_client.android.AndroidDriver.findElement(AndroidDriver.java:1)
at org.openqa.selenium.remote.RemoteWebDriver.findElementById(RemoteWebDriver.java:372)
at io.appium.java_client.DefaultGenericMobileDriver.findElementById(DefaultGenericMobileDriver.java:69)
at io.appium.java_client.AppiumDriver.findElementById(AppiumDriver.java:1)
at io.appium.java_client.android.AndroidDriver.findElementById(AndroidDriver.java:1)
at org.openqa.selenium.By$ById.findElement(By.java:188)
at org.openqa.selenium.remote.RemoteWebDriver.findElement(RemoteWebDriver.java:315)
at io.appium.java_client.DefaultGenericMobileDriver.findElement(DefaultGenericMobileDriver.java:57)
at io.appium.java_client.AppiumDriver.findElement(AppiumDriver.java:1)
at io.appium.java_client.android.AndroidDriver.findElement(AndroidDriver.java:1)
at org.openqa.selenium.support.ui.ExpectedConditions$7.apply(ExpectedConditions.java:205)
at org.openqa.selenium.support.ui.ExpectedConditions$7.apply(ExpectedConditions.java:201)
at org.openqa.selenium.support.ui.ExpectedConditions$22.apply(ExpectedConditions.java:641)
at org.openqa.selenium.support.ui.ExpectedConditions$22.apply(ExpectedConditions.java:638)
at org.openqa.selenium.support.ui.FluentWait.until(FluentWait.java:249)
... 17 more
... Removed 13 stack frames]]>
    </failure>
  </testcase> <!-- TC_067_Surus_Bitir_Basarili_Kupon_Kullanildi -->
  <testcase name="TC_068_Uygulama_Degerlendirme" time="7.592" classname="tests.android.ride.Surus"/>
  <testcase name="TC_069_Versiyon_Kontrol" time="26.022" classname="tests.android.ride.Menu">
    <failure type="java.lang.AssertionError" message="expected [Martı v1.5.8-dev] but found [Martı v1.5.9-dev]">
      <![CDATA[java.lang.AssertionError: expected [Martı v1.5.8-dev] but found [Martı v1.5.9-dev]
at utilities.PageBaseAndroid.assertEquals(PageBaseAndroid.java:300)
at pages.android.ride.pageMenu.Versiyon_Kontrol(pageMenu.java:87)
at tests.android.ride.Menu.TC_069_Versiyon_Kontrol(Menu.java:50)
at java.util.concurrent.ThreadPoolExecutor.runWorker(Unknown Source)
at java.util.concurrent.ThreadPoolExecutor$Worker.run(Unknown Source)
at java.lang.Thread.run(Unknown Source)
... Removed 16 stack frames]]>
    </failure>
  </testcase> <!-- TC_069_Versiyon_Kontrol -->
  <testcase name="TC_070_Profil_Duzenleme" time="30.348" classname="tests.android.ride.Menu"/>
  <testcase name="TC_071_Cuzdana_Bakiye_Yukleme" time="23.209" classname="tests.android.ride.Menu"/>
  <testcase name="TC_072_Arkadasini_Davet_Et" time="31.213" classname="tests.android.ride.Menu">
    <failure type="java.lang.AssertionError" message="expected [1] but found [0]">
      <![CDATA[java.lang.AssertionError: expected [1] but found [0]
at utilities.PageBaseAndroid.assertEquals(PageBaseAndroid.java:305)
at pages.android.ride.pageMenu.Davet_Baglantisi_Gonderme(pageMenu.java:131)
at tests.android.ride.Menu.TC_072_Arkadasini_Davet_Et(Menu.java:107)
at java.util.concurrent.ThreadPoolExecutor.runWorker(Unknown Source)
at java.util.concurrent.ThreadPoolExecutor$Worker.run(Unknown Source)
at java.lang.Thread.run(Unknown Source)
... Removed 16 stack frames]]>
    </failure>
  </testcase> <!-- TC_072_Arkadasini_Davet_Et -->
  <testcase name="TC_073_Surusleri_Inceleme" time="13.942" classname="tests.android.ride.Menu"/>
  <testcase name="TC_074_Dil_Degistirme" time="33.219" classname="tests.android.ride.Menu"/>
  <testcase name="TC_075_Kampanyalari_Goruntule" time="5.45" classname="tests.android.ride.Menu"/>
  <testcase name="TC_076_Davet_Kodu_Girme" time="1263.858" classname="tests.android.ride.Menu">
    <failure type="org.openqa.selenium.NoSuchSessionException" message="A session is either terminated or not started
Build info: version: &amp;apos;3.141.59&amp;apos;, revision: &amp;apos;e82be7d358&amp;apos;, time: &amp;apos;2018-11-14T08:17:03&amp;apos;
System info: host: &amp;apos;DESKTOP-NQRRDTM&amp;apos;, ip: &amp;apos;192.168.1.213&amp;apos;, os.name: &amp;apos;Windows 10&amp;apos;, os.arch: &amp;apos;amd64&amp;apos;, os.version: &amp;apos;10.0&amp;apos;, java.version: &amp;apos;1.8.0_241&amp;apos;
Driver info: io.appium.java_client.android.AndroidDriver
Capabilities {appActivity: com.martitech.marti.ui.acti..., appPackage: com.martitech.marti.dev, autoGrantPermissions: true, databaseEnabled: false, desired: {appActivity: com.martitech.marti.ui.acti..., appPackage: com.martitech.marti.dev, autoGrantPermissions: true, deviceName: Emulator_1, noReset: true, platformName: android, platformVersion: 9.0, udid: emulator-5554}, deviceApiLevel: 29, deviceManufacturer: Google, deviceModel: Android SDK built for x86, deviceName: emulator-5554, deviceScreenDensity: 480, deviceScreenSize: 1080x1920, deviceUDID: emulator-5554, javascriptEnabled: true, locationContextEnabled: false, networkConnectionEnabled: true, noReset: true, pixelRatio: 3, platform: LINUX, platformName: Android, platformVersion: 10, statBarHeight: 72, takesScreenshot: true, udid: emulator-5554, viewportRect: {height: 1704, left: 0, top: 72, width: 1080}, warnings: {}, webStorageEnabled: false}
Session ID: 19d32528-8a25-48e9-bc51-e3eb0c10c949">
      <![CDATA[org.openqa.selenium.NoSuchSessionException: A session is either terminated or not started
Build info: version: '3.141.59', revision: 'e82be7d358', time: '2018-11-14T08:17:03'
System info: host: 'DESKTOP-NQRRDTM', ip: '192.168.1.213', os.name: 'Windows 10', os.arch: 'amd64', os.version: '10.0', java.version: '1.8.0_241'
Driver info: io.appium.java_client.android.AndroidDriver
Capabilities {appActivity: com.martitech.marti.ui.acti..., appPackage: com.martitech.marti.dev, autoGrantPermissions: true, databaseEnabled: false, desired: {appActivity: com.martitech.marti.ui.acti..., appPackage: com.martitech.marti.dev, autoGrantPermissions: true, deviceName: Emulator_1, noReset: true, platformName: android, platformVersion: 9.0, udid: emulator-5554}, deviceApiLevel: 29, deviceManufacturer: Google, deviceModel: Android SDK built for x86, deviceName: emulator-5554, deviceScreenDensity: 480, deviceScreenSize: 1080x1920, deviceUDID: emulator-5554, javascriptEnabled: true, locationContextEnabled: false, networkConnectionEnabled: true, noReset: true, pixelRatio: 3, platform: LINUX, platformName: Android, platformVersion: 10, statBarHeight: 72, takesScreenshot: true, udid: emulator-5554, viewportRect: {height: 1704, left: 0, top: 72, width: 1080}, warnings: {}, webStorageEnabled: false}
Session ID: 19d32528-8a25-48e9-bc51-e3eb0c10c949
at org.openqa.selenium.remote.http.W3CHttpResponseCodec.createException(W3CHttpResponseCodec.java:187)
at org.openqa.selenium.remote.http.W3CHttpResponseCodec.decode(W3CHttpResponseCodec.java:122)
at org.openqa.selenium.remote.http.W3CHttpResponseCodec.decode(W3CHttpResponseCodec.java:49)
at org.openqa.selenium.remote.HttpCommandExecutor.execute(HttpCommandExecutor.java:158)
at io.appium.java_client.remote.AppiumCommandExecutor.execute(AppiumCommandExecutor.java:239)
at org.openqa.selenium.remote.RemoteWebDriver.execute(RemoteWebDriver.java:552)
at io.appium.java_client.DefaultGenericMobileDriver.execute(DefaultGenericMobileDriver.java:41)
at io.appium.java_client.AppiumDriver.execute(AppiumDriver.java:1)
at io.appium.java_client.android.AndroidDriver.execute(AndroidDriver.java:1)
at org.openqa.selenium.remote.RemoteWebDriver$RemoteWebDriverOptions$RemoteTimeouts.implicitlyWait(RemoteWebDriver.java:780)
at utilities.PageBaseAndroid.exists(PageBaseAndroid.java:403)
at utilities.PageBaseAndroid.assertFound(PageBaseAndroid.java:335)
at pages.android.ride.pageMenu.Kampanyalar_Arkadasini_Davet_Et(pageMenu.java:109)
at tests.android.ride.Menu.TC_076_Davet_Kodu_Girme(Menu.java:188)
at java.util.concurrent.ThreadPoolExecutor.runWorker(Unknown Source)
at java.util.concurrent.ThreadPoolExecutor$Worker.run(Unknown Source)
at java.lang.Thread.run(Unknown Source)
... Removed 14 stack frames]]>
    </failure>
  </testcase> <!-- TC_076_Davet_Kodu_Girme -->
  <testcase name="TC_077_Arkadasini_Davet_Etme" time="0.0" classname="tests.android.ride.Menu">
    <skipped/>
  </testcase> <!-- TC_077_Arkadasini_Davet_Etme -->
  <testcase name="TC_078_Nasil_Kullanilir_Erisim" time="0.0" classname="tests.android.ride.Menu">
    <skipped/>
  </testcase> <!-- TC_078_Nasil_Kullanilir_Erisim -->
  <testcase name="TC_079_Guvenlik_Dokumanina_Erisim" time="0.0" classname="tests.android.ride.Menu">
    <skipped/>
  </testcase> <!-- TC_079_Guvenlik_Dokumanina_Erisim -->
  <testcase name="TC_080_Surus_Kurallarina_Erisim" time="0.0" classname="tests.android.ride.Menu">
    <skipped/>
  </testcase> <!-- TC_080_Surus_Kurallarina_Erisim -->
  <testcase name="TC_081_Cikis" time="0.0" classname="tests.android.ride.Menu">
    <skipped/>
  </testcase> <!-- TC_081_Cikis -->
  <testcase name="TC_082_Yardim_Dokumanina_Erisim" time="0.0" classname="tests.android.ride.Menu">
    <skipped/>
  </testcase> <!-- TC_082_Yardim_Dokumanina_Erisim -->
  <testcase name="TC_083_Kvkk_Aydinlatma_Metnine_Erisim" time="0.0" classname="tests.android.ride.Menu">
    <skipped/>
  </testcase> <!-- TC_083_Kvkk_Aydinlatma_Metnine_Erisim -->
  <testcase name="TC_084_Kullanici_Sozlesmesine_Erisim" time="0.0" classname="tests.android.ride.Menu">
    <skipped/>
  </testcase> <!-- TC_084_Kullanici_Sozlesmesine_Erisim -->
  <testcase name="TC_090_Kredi_Karti_Ekleme_Basarisiz" time="0.0" classname="tests.android.ride.Menu">
    <skipped/>
  </testcase> <!-- TC_090_Kredi_Karti_Ekleme_Basarisiz -->
  <testcase name="TC_100_Varsayilan_Kredi_Karti_Degistirme" time="0.0" classname="tests.android.ride.Menu">
    <skipped/>
  </testcase> <!-- TC_100_Varsayilan_Kredi_Karti_Degistirme -->
  <testcase name="TC_101_Kredi_Karti_Ekleme_Basarili" time="0.0" classname="tests.android.ride.Menu">
    <skipped/>
  </testcase> <!-- TC_101_Kredi_Karti_Ekleme_Basarili -->
  <testcase name="TC_102_Kupon_Ekleme" time="0.0" classname="tests.android.ride.Menu">
    <skipped/>
  </testcase> <!-- TC_102_Kupon_Ekleme -->
  <testcase name="@BeforeSuite beforeSuite" time="0.0" classname="utilities.TestBase">
    <ignored/>
  </testcase> <!-- @BeforeSuite beforeSuite -->
  <testcase name="@BeforeSuite beforeSuite" time="0.0" classname="utilities.TestBase">
    <ignored/>
  </testcase> <!-- @BeforeSuite beforeSuite -->
  <testcase name="@BeforeSuite beforeSuite" time="0.0" classname="utilities.TestBase">
    <ignored/>
  </testcase> <!-- @BeforeSuite beforeSuite -->
  <testcase name="@BeforeSuite beforeSuite" time="0.0" classname="utilities.TestBase">
    <ignored/>
  </testcase> <!-- @BeforeSuite beforeSuite -->
  <testcase name="@BeforeSuite beforeSuite" time="0.0" classname="utilities.TestBase">
    <ignored/>
  </testcase> <!-- @BeforeSuite beforeSuite -->
  <testcase name="@AfterSuite afterSuite" time="0.0" classname="utilities.TestBase">
    <ignored/>
  </testcase> <!-- @AfterSuite afterSuite -->
  <testcase name="@AfterSuite afterSuite" time="0.0" classname="utilities.TestBase">
    <ignored/>
  </testcase> <!-- @AfterSuite afterSuite -->
  <testcase name="@AfterSuite afterSuite" time="0.0" classname="utilities.TestBase">
    <ignored/>
  </testcase> <!-- @AfterSuite afterSuite -->
  <testcase name="@AfterSuite afterSuite" time="0.0" classname="utilities.TestBase">
    <ignored/>
  </testcase> <!-- @AfterSuite afterSuite -->
  <testcase name="@AfterSuite afterSuite" time="0.0" classname="utilities.TestBase">
    <ignored/>
  </testcase> <!-- @AfterSuite afterSuite -->
</testsuite> <!-- Web Tests -->
