<?xml version="1.0" encoding="UTF-8"?>
<!-- Generated by org.testng.reporters.JUnitXMLReporter -->
<testsuite hostname="DESKTOP-NQRRDTM" ignored="10" name="Web Tests" tests="57" failures="6" timestamp="15 Eki 2020 12:37:34 GMT" time="4593.967" errors="0">
  <testcase name="TC_002_Uygulama_Baslangici_Basarili" time="19.159" classname="tests.ios.ride.Yukleme_Ekrani"/>
  <testcase name="TC_004_Oturum_Kontrolu_Basarili" time="37.104" classname="tests.ios.ride.Yukleme_Ekrani"/>
  <testcase name="TC_005_Surus_Kontrolu" time="61.388" classname="tests.ios.ride.Yukleme_Ekrani"/>
  <testcase name="TC_007_Tckn_Kontrolu" time="29.988" classname="tests.ios.ride.Yukleme_Ekrani"/>
  <testcase name="TC_009_Dinamik_Bildirim_Kontrolu" time="38.696" classname="tests.ios.ride.Yukleme_Ekrani"/>
  <testcase name="TC_010_Giris_Basarili" time="33.41" classname="tests.ios.ride.Giris_Ekrani"/>
  <testcase name="TC_011_Giris_Basarisiz" time="23.064" classname="tests.ios.ride.Giris_Ekrani"/>
  <testcase name="TC_012_Dogrulama_Basarisiz" time="40.213" classname="tests.ios.ride.Giris_Ekrani"/>
  <testcase name="TC_013_Tekrar_Kod_Gonder" time="149.453" classname="tests.ios.ride.Giris_Ekrani"/>
  <testcase name="TC_014_Kullanici_Sozlesmesi" time="78.293" classname="tests.ios.ride.Giris_Ekrani"/>
  <testcase name="TC_015_Ulke_Kodu_Degistirme" time="44.69" classname="tests.ios.ride.Giris_Ekrani">
    <failure type="org.openqa.selenium.NoSuchElementException" message="no such element (An element could not be located on the page using the given search parameters (ID=&amp;apos;phonePrefix&amp;apos;))  (WARNING: The server did not provide any stacktrace information)
Command duration or timeout: 0 milliseconds
For documentation on this error, please visit: https://www.seleniumhq.org/exceptions/no_such_element.html
Build info: version: &amp;apos;3.141.59&amp;apos;, revision: &amp;apos;e82be7d358&amp;apos;, time: &amp;apos;2018-11-14T08:17:03&amp;apos;
System info: host: &amp;apos;DESKTOP-NQRRDTM&amp;apos;, ip: &amp;apos;192.168.8.120&amp;apos;, os.name: &amp;apos;Windows 10&amp;apos;, os.arch: &amp;apos;amd64&amp;apos;, os.version: &amp;apos;10.0&amp;apos;, java.version: &amp;apos;1.8.0_241&amp;apos;
Driver info: io.appium.java_client.ios.IOSDriver
Capabilities {appBuildVersion: , appReleaseVersion: , appiumVersion: 1.8.0, autoAcceptAlerts: false, autoDismissAlerts: false, autoGrantPermissions: false, autoWebview: false, automationName: XCUITest, bundleId: com.martitech.martiscooter...., commandTimeouts: 120000, desired: {automationName: XCUITest, bundleId: com.martitech.martiscooter...., deviceName: iPhone, noReset: false, platformName: iOS, platformVersion: 12, udid: f2f3f5b148d523fa2ded1f4ee1e...}, device.category: PHONE, device.majorVersion: 12, device.manufacture: Apple, device.model: iPhone 5s, device.name: emre iPhone’u, device.os: iOS, device.screenSize: 640x1136, device.serialNumber: f2f3f5b148d523fa2ded1f4ee1e..., device.version: 12.4.8, deviceName: iPhone, deviceUDID: f2f3f5b148d523fa2ded1f4ee1e..., dontGoHomeOnQuit: false, dontStopAppOnReset: false, fullReset: false, install.only.for.update: false, instrumentApp: false, javascriptEnabled: true, keystorePath: ~/.android/debug.keystore, locationServicesAuthorized: false, newSessionWaitTimeout: 600, noReset: false, platform: IOS, platformName: iOS, platformVersion: 12, projectName: , reportDirectory: reports, reportFormat: xml, reportUrl: C:\Users\emre\appiumstudio-..., reservationDuration: 240, takeScreenshots: true, test.type: Mobile, testName: mobile test 10/15/20 02:32 PM, udid: f2f3f5b148d523fa2ded1f4ee1e..., useKeystore: false, waitForDeviceTimeout: 120000}
Session ID: 25dcc4d7-a775-485d-956a-e4cce7458d94
*** Element info: {Using=id, value=phonePrefix}">
      <![CDATA[org.openqa.selenium.NoSuchElementException: no such element (An element could not be located on the page using the given search parameters (ID='phonePrefix'))  (WARNING: The server did not provide any stacktrace information)
Command duration or timeout: 0 milliseconds
For documentation on this error, please visit: https://www.seleniumhq.org/exceptions/no_such_element.html
Build info: version: '3.141.59', revision: 'e82be7d358', time: '2018-11-14T08:17:03'
System info: host: 'DESKTOP-NQRRDTM', ip: '192.168.8.120', os.name: 'Windows 10', os.arch: 'amd64', os.version: '10.0', java.version: '1.8.0_241'
Driver info: io.appium.java_client.ios.IOSDriver
Capabilities {appBuildVersion: , appReleaseVersion: , appiumVersion: 1.8.0, autoAcceptAlerts: false, autoDismissAlerts: false, autoGrantPermissions: false, autoWebview: false, automationName: XCUITest, bundleId: com.martitech.martiscooter...., commandTimeouts: 120000, desired: {automationName: XCUITest, bundleId: com.martitech.martiscooter...., deviceName: iPhone, noReset: false, platformName: iOS, platformVersion: 12, udid: f2f3f5b148d523fa2ded1f4ee1e...}, device.category: PHONE, device.majorVersion: 12, device.manufacture: Apple, device.model: iPhone 5s, device.name: emre iPhone’u, device.os: iOS, device.screenSize: 640x1136, device.serialNumber: f2f3f5b148d523fa2ded1f4ee1e..., device.version: 12.4.8, deviceName: iPhone, deviceUDID: f2f3f5b148d523fa2ded1f4ee1e..., dontGoHomeOnQuit: false, dontStopAppOnReset: false, fullReset: false, install.only.for.update: false, instrumentApp: false, javascriptEnabled: true, keystorePath: ~/.android/debug.keystore, locationServicesAuthorized: false, newSessionWaitTimeout: 600, noReset: false, platform: IOS, platformName: iOS, platformVersion: 12, projectName: , reportDirectory: reports, reportFormat: xml, reportUrl: C:\Users\emre\appiumstudio-..., reservationDuration: 240, takeScreenshots: true, test.type: Mobile, testName: mobile test 10/15/20 02:32 PM, udid: f2f3f5b148d523fa2ded1f4ee1e..., useKeystore: false, waitForDeviceTimeout: 120000}
Session ID: 25dcc4d7-a775-485d-956a-e4cce7458d94
*** Element info: {Using=id, value=phonePrefix}
at org.openqa.selenium.remote.ErrorHandler.createThrowable(ErrorHandler.java:214)
at org.openqa.selenium.remote.ErrorHandler.throwIfResponseFailed(ErrorHandler.java:166)
at org.openqa.selenium.remote.http.JsonHttpResponseCodec.reconstructValue(JsonHttpResponseCodec.java:40)
at org.openqa.selenium.remote.http.AbstractHttpResponseCodec.decode(AbstractHttpResponseCodec.java:80)
at org.openqa.selenium.remote.http.AbstractHttpResponseCodec.decode(AbstractHttpResponseCodec.java:44)
at org.openqa.selenium.remote.HttpCommandExecutor.execute(HttpCommandExecutor.java:158)
at io.appium.java_client.remote.AppiumCommandExecutor.execute(AppiumCommandExecutor.java:239)
at org.openqa.selenium.remote.RemoteWebDriver.execute(RemoteWebDriver.java:552)
at io.appium.java_client.DefaultGenericMobileDriver.execute(DefaultGenericMobileDriver.java:41)
at io.appium.java_client.AppiumDriver.execute(AppiumDriver.java:1)
at io.appium.java_client.ios.IOSDriver.execute(IOSDriver.java:1)
at org.openqa.selenium.remote.RemoteWebDriver.findElement(RemoteWebDriver.java:323)
at io.appium.java_client.DefaultGenericMobileDriver.findElement(DefaultGenericMobileDriver.java:61)
at io.appium.java_client.AppiumDriver.findElement(AppiumDriver.java:1)
at io.appium.java_client.ios.IOSDriver.findElement(IOSDriver.java:1)
at org.openqa.selenium.remote.RemoteWebDriver.findElementById(RemoteWebDriver.java:372)
at io.appium.java_client.DefaultGenericMobileDriver.findElementById(DefaultGenericMobileDriver.java:69)
at io.appium.java_client.AppiumDriver.findElementById(AppiumDriver.java:1)
at io.appium.java_client.ios.IOSDriver.findElementById(IOSDriver.java:1)
at org.openqa.selenium.By$ById.findElement(By.java:188)
at org.openqa.selenium.remote.RemoteWebDriver.findElement(RemoteWebDriver.java:315)
at io.appium.java_client.DefaultGenericMobileDriver.findElement(DefaultGenericMobileDriver.java:57)
at io.appium.java_client.AppiumDriver.findElement(AppiumDriver.java:1)
at io.appium.java_client.ios.IOSDriver.findElement(IOSDriver.java:1)
at utilities.PageBaseIos.click(PageBaseIos.java:111)
at pages.ios.ride.pageGirisEkrani.Ulke_Kodu_Degistirme(pageGirisEkrani.java:325)
at tests.ios.ride.Giris_Ekrani.TC_015_Ulke_Kodu_Degistirme(Giris_Ekrani.java:122)
at java.util.concurrent.ThreadPoolExecutor.runWorker(Unknown Source)
at java.util.concurrent.ThreadPoolExecutor$Worker.run(Unknown Source)
at java.lang.Thread.run(Unknown Source)
... Removed 14 stack frames]]>
    </failure>
  </testcase> <!-- TC_015_Ulke_Kodu_Degistirme -->
  <testcase name="TC_015_Acik_Riza_Hatirlatma_Goster" time="61.23" classname="tests.ios.ride.Ana_Ekran"/>
  <testcase name="TC_015_Acik_Riza_Hatirlatma_Gosterme" time="21.842" classname="tests.ios.ride.Ana_Ekran"/>
  <testcase name="TC_015_Dinamik_Popup_Gosterme_Acik_Riza_Yok" time="20.693" classname="tests.ios.ride.Ana_Ekran"/>
  <testcase name="TC_015_Dinamik_Popup_Gosterme_Popup_Yok" time="22.512" classname="tests.ios.ride.Ana_Ekran"/>
  <testcase name="TC_016_Surus_Baslat" time="41.047" classname="tests.ios.ride.Ana_Ekran"/>
  <testcase name="TC_017_Tckn_Gecersiz" time="66.12" classname="tests.ios.ride.Ana_Ekran"/>
  <testcase name="TC_018_Odeme_Yontemi_Yok" time="50.644" classname="tests.ios.ride.Ana_Ekran"/>
  <testcase name="TC_020_Surus_Baslatma_Kod_Girisi" time="44.234" classname="tests.ios.ride.Ana_Ekran"/>
  <testcase name="TC_021_Surus_Baslat_Basarili" time="8.571" classname="tests.ios.ride.Ana_Ekran">
    <failure type="org.openqa.selenium.NoSuchSessionException" message="Session ID is null. Using WebDriver after calling quit()?
Build info: version: &amp;apos;3.141.59&amp;apos;, revision: &amp;apos;e82be7d358&amp;apos;, time: &amp;apos;2018-11-14T08:17:03&amp;apos;
System info: host: &amp;apos;DESKTOP-NQRRDTM&amp;apos;, ip: &amp;apos;192.168.8.120&amp;apos;, os.name: &amp;apos;Windows 10&amp;apos;, os.arch: &amp;apos;amd64&amp;apos;, os.version: &amp;apos;10.0&amp;apos;, java.version: &amp;apos;1.8.0_241&amp;apos;
Driver info: driver.version: IOSDriver">
      <![CDATA[org.openqa.selenium.NoSuchSessionException: Session ID is null. Using WebDriver after calling quit()?
Build info: version: '3.141.59', revision: 'e82be7d358', time: '2018-11-14T08:17:03'
System info: host: 'DESKTOP-NQRRDTM', ip: '192.168.8.120', os.name: 'Windows 10', os.arch: 'amd64', os.version: '10.0', java.version: '1.8.0_241'
Driver info: driver.version: IOSDriver
at org.openqa.selenium.remote.HttpCommandExecutor.execute(HttpCommandExecutor.java:125)
at io.appium.java_client.remote.AppiumCommandExecutor.execute(AppiumCommandExecutor.java:239)
at org.openqa.selenium.remote.RemoteWebDriver.execute(RemoteWebDriver.java:552)
at io.appium.java_client.DefaultGenericMobileDriver.execute(DefaultGenericMobileDriver.java:41)
at io.appium.java_client.AppiumDriver.execute(AppiumDriver.java:1)
at io.appium.java_client.ios.IOSDriver.execute(IOSDriver.java:1)
at org.openqa.selenium.remote.RemoteWebDriver$RemoteWebDriverOptions$RemoteTimeouts.implicitlyWait(RemoteWebDriver.java:780)
at utilities.PageBaseIos.exists(PageBaseIos.java:305)
at pages.ios.ride.pageGirisEkrani.Login(pageGirisEkrani.java:63)
at tests.ios.ride.Ana_Ekran.TC_021_Surus_Baslat_Basarili(Ana_Ekran.java:249)
at java.util.concurrent.ThreadPoolExecutor.runWorker(Unknown Source)
at java.util.concurrent.ThreadPoolExecutor$Worker.run(Unknown Source)
at java.lang.Thread.run(Unknown Source)
... Removed 10 stack frames]]>
    </failure>
  </testcase> <!-- TC_021_Surus_Baslat_Basarili -->
  <testcase name="TC_022_Surus_Baslat_Basarisiz_Martiya_Uzak" time="65.63" classname="tests.ios.ride.Ana_Ekran"/>
  <testcase name="TC_023_Daha_Cok_Marti" time="26.299" classname="tests.ios.ride.Ana_Ekran"/>
  <testcase name="TC_028_Bildirimleri_Kontrol_Etme" time="29.598" classname="tests.ios.ride.Ana_Ekran"/>
  <testcase name="TC_029_Borclu_Kullanici" time="40.204" classname="tests.ios.ride.Borclar"/>
  <testcase name="TC_030_Borclu_Kullanici_Plus_15" time="60.854" classname="tests.ios.ride.Borclar"/>
  <testcase name="TC_031_Borc_Odeme" time="55.107" classname="tests.ios.ride.Borclar"/>
  <testcase name="TC_032_Borc_Odeme_Islemi_Basarili" time="64.387" classname="tests.ios.ride.Borclar"/>
  <testcase name="TC_033_Borc_Odeme_Islemi_Basarisiz" time="66.405" classname="tests.ios.ride.Borclar"/>
  <testcase name="TC_034_Surus_Basladi_Kodlu_Kilit" time="75.092" classname="tests.ios.ride.Surus"/>
  <testcase name="TC_035_Surus_Baslat" time="70.081" classname="tests.ios.ride.Surus"/>
  <testcase name="TC_036_Nasil_Surulur_Gecilmemis" time="126.054" classname="tests.ios.ride.Surus"/>
  <testcase name="TC_037_Acil_Mudahale" time="72.249" classname="tests.ios.ride.Surus"/>
  <testcase name="TC_038_Nasil_Surulur" time="71.771" classname="tests.ios.ride.Surus"/>
  <testcase name="TC_039_Ortalama" time="82.01" classname="tests.ios.ride.Surus"/>
  <testcase name="TC_040_Surus_Bitirme" time="111.669" classname="tests.ios.ride.Surus"/>
  <testcase name="TC_041_Park_Edilemez_Alan" time="102.212" classname="tests.ios.ride.Surus"/>
  <testcase name="TC_042_Kilit_Takilmadi" time="98.095" classname="tests.ios.ride.Surus"/>
  <testcase name="TC_044_Surus_Bitir_Internet_Kapali" time="230.015" classname="tests.ios.ride.Surus">
    <failure type="org.openqa.selenium.TimeoutException" message="Expected condition failed: waiting for element to be clickable: By.id: wifi-button (tried for 30 second(s) with 500 milliseconds interval)">
      <![CDATA[org.openqa.selenium.TimeoutException: Expected condition failed: waiting for element to be clickable: By.id: wifi-button (tried for 30 second(s) with 500 milliseconds interval)
at org.openqa.selenium.support.ui.WebDriverWait.timeoutException(WebDriverWait.java:95)
at org.openqa.selenium.support.ui.FluentWait.until(FluentWait.java:272)
at utilities.PageBaseIos.waitClickable(PageBaseIos.java:81)
at utilities.PageBaseIos.getValue(PageBaseIos.java:199)
at dbmodel.DataPreparation.TestDevice.setWIFIServiceStatus(TestDevice.java:136)
at pages.ios.ride.pageSurus.Surus_Bitir_Internet_Kapali(pageSurus.java:344)
at tests.ios.ride.Surus.TC_044_Surus_Bitir_Internet_Kapali(Surus.java:397)
at java.util.concurrent.ThreadPoolExecutor.runWorker(Unknown Source)
at java.util.concurrent.ThreadPoolExecutor$Worker.run(Unknown Source)
at java.lang.Thread.run(Unknown Source)
Caused by: org.openqa.selenium.NoSuchElementException: no such element (An element could not be located on the page using the given search parameters (ID='wifi-button'))  (WARNING: The server did not provide any stacktrace information)
Command duration or timeout: 0 milliseconds
For documentation on this error, please visit: https://www.seleniumhq.org/exceptions/no_such_element.html
Build info: version: '3.141.59', revision: 'e82be7d358', time: '2018-11-14T08:17:03'
System info: host: 'DESKTOP-NQRRDTM', ip: '192.168.8.120', os.name: 'Windows 10', os.arch: 'amd64', os.version: '10.0', java.version: '1.8.0_241'
Driver info: io.appium.java_client.ios.IOSDriver
Capabilities {appBuildVersion: , appReleaseVersion: , appiumVersion: 1.8.0, autoAcceptAlerts: false, autoDismissAlerts: false, autoGrantPermissions: false, autoWebview: false, automationName: XCUITest, bundleId: com.martitech.martiscooter...., commandTimeouts: 120000, desired: {automationName: XCUITest, bundleId: com.martitech.martiscooter...., deviceName: iPhone, noReset: false, platformName: iOS, platformVersion: 12, udid: f2f3f5b148d523fa2ded1f4ee1e...}, device.category: PHONE, device.majorVersion: 12, device.manufacture: Apple, device.model: iPhone 5s, device.name: emre iPhone’u, device.os: iOS, device.screenSize: 640x1136, device.serialNumber: f2f3f5b148d523fa2ded1f4ee1e..., device.version: 12.4.8, deviceName: iPhone, deviceUDID: f2f3f5b148d523fa2ded1f4ee1e..., dontGoHomeOnQuit: false, dontStopAppOnReset: false, fullReset: false, install.only.for.update: false, instrumentApp: false, javascriptEnabled: true, keystorePath: ~/.android/debug.keystore, locationServicesAuthorized: false, newSessionWaitTimeout: 600, noReset: false, platform: IOS, platformName: iOS, platformVersion: 12, projectName: , reportDirectory: reports, reportFormat: xml, reportUrl: C:\Users\emre\appiumstudio-..., reservationDuration: 240, takeScreenshots: true, test.type: Mobile, testName: mobile test 10/15/20 03:08 PM, udid: f2f3f5b148d523fa2ded1f4ee1e..., useKeystore: false, waitForDeviceTimeout: 120000}
Session ID: 7755449e-c2c4-44e3-93e4-4d6b3f4d1719
*** Element info: {Using=id, value=wifi-button}
at org.openqa.selenium.remote.ErrorHandler.createThrowable(ErrorHandler.java:214)
at org.openqa.selenium.remote.ErrorHandler.throwIfResponseFailed(ErrorHandler.java:166)
at org.openqa.selenium.remote.http.JsonHttpResponseCodec.reconstructValue(JsonHttpResponseCodec.java:40)
at org.openqa.selenium.remote.http.AbstractHttpResponseCodec.decode(AbstractHttpResponseCodec.java:80)
at org.openqa.selenium.remote.http.AbstractHttpResponseCodec.decode(AbstractHttpResponseCodec.java:44)
at org.openqa.selenium.remote.HttpCommandExecutor.execute(HttpCommandExecutor.java:158)
at io.appium.java_client.remote.AppiumCommandExecutor.execute(AppiumCommandExecutor.java:239)
at org.openqa.selenium.remote.RemoteWebDriver.execute(RemoteWebDriver.java:552)
at io.appium.java_client.DefaultGenericMobileDriver.execute(DefaultGenericMobileDriver.java:41)
at io.appium.java_client.AppiumDriver.execute(AppiumDriver.java:1)
at io.appium.java_client.ios.IOSDriver.execute(IOSDriver.java:1)
at org.openqa.selenium.remote.RemoteWebDriver.findElement(RemoteWebDriver.java:323)
at io.appium.java_client.DefaultGenericMobileDriver.findElement(DefaultGenericMobileDriver.java:61)
at io.appium.java_client.AppiumDriver.findElement(AppiumDriver.java:1)
at io.appium.java_client.ios.IOSDriver.findElement(IOSDriver.java:1)
at org.openqa.selenium.remote.RemoteWebDriver.findElementById(RemoteWebDriver.java:372)
at io.appium.java_client.DefaultGenericMobileDriver.findElementById(DefaultGenericMobileDriver.java:69)
at io.appium.java_client.AppiumDriver.findElementById(AppiumDriver.java:1)
at io.appium.java_client.ios.IOSDriver.findElementById(IOSDriver.java:1)
at org.openqa.selenium.By$ById.findElement(By.java:188)
at org.openqa.selenium.remote.RemoteWebDriver.findElement(RemoteWebDriver.java:315)
at io.appium.java_client.DefaultGenericMobileDriver.findElement(DefaultGenericMobileDriver.java:57)
at io.appium.java_client.AppiumDriver.findElement(AppiumDriver.java:1)
at io.appium.java_client.ios.IOSDriver.findElement(IOSDriver.java:1)
at org.openqa.selenium.support.ui.ExpectedConditions$7.apply(ExpectedConditions.java:205)
at org.openqa.selenium.support.ui.ExpectedConditions$7.apply(ExpectedConditions.java:201)
at org.openqa.selenium.support.ui.ExpectedConditions$22.apply(ExpectedConditions.java:641)
at org.openqa.selenium.support.ui.ExpectedConditions$22.apply(ExpectedConditions.java:638)
at org.openqa.selenium.support.ui.FluentWait.until(FluentWait.java:249)
... 18 more
... Removed 13 stack frames]]>
    </failure>
  </testcase> <!-- TC_044_Surus_Bitir_Internet_Kapali -->
  <testcase name="TC_045_Ceza_Kurallarina_Erisim" time="57.993" classname="tests.ios.ride.Surus">
    <failure type="org.openqa.selenium.TimeoutException" message="Expected condition failed: waiting for element to be clickable: By.className: UIATextField (tried for 30 second(s) with 500 milliseconds interval)">
      <![CDATA[org.openqa.selenium.TimeoutException: Expected condition failed: waiting for element to be clickable: By.className: UIATextField (tried for 30 second(s) with 500 milliseconds interval)
at org.openqa.selenium.support.ui.WebDriverWait.timeoutException(WebDriverWait.java:95)
at org.openqa.selenium.support.ui.FluentWait.until(FluentWait.java:272)
at utilities.PageBaseIos.waitClickable(PageBaseIos.java:81)
at utilities.PageBaseIos.writeText(PageBaseIos.java:146)
at pages.ios.ride.pageGirisEkrani.Giris_Basarili(pageGirisEkrani.java:143)
at tests.ios.ride.Surus.TC_045_Ceza_Kurallarina_Erisim(Surus.java:430)
at java.util.concurrent.ThreadPoolExecutor.runWorker(Unknown Source)
at java.util.concurrent.ThreadPoolExecutor$Worker.run(Unknown Source)
at java.lang.Thread.run(Unknown Source)
Caused by: org.openqa.selenium.NoSuchElementException: no such element (An element could not be located on the page using the given search parameters (CLASS_NAME='UIATextField'))  (WARNING: The server did not provide any stacktrace information)
Command duration or timeout: 0 milliseconds
For documentation on this error, please visit: https://www.seleniumhq.org/exceptions/no_such_element.html
Build info: version: '3.141.59', revision: 'e82be7d358', time: '2018-11-14T08:17:03'
System info: host: 'DESKTOP-NQRRDTM', ip: '192.168.8.120', os.name: 'Windows 10', os.arch: 'amd64', os.version: '10.0', java.version: '1.8.0_241'
Driver info: io.appium.java_client.ios.IOSDriver
Capabilities {appBuildVersion: , appReleaseVersion: , appiumVersion: 1.8.0, autoAcceptAlerts: false, autoDismissAlerts: false, autoGrantPermissions: false, autoWebview: false, automationName: XCUITest, bundleId: com.martitech.martiscooter...., commandTimeouts: 120000, desired: {automationName: XCUITest, bundleId: com.martitech.martiscooter...., deviceName: iPhone, noReset: false, platformName: iOS, platformVersion: 12, udid: f2f3f5b148d523fa2ded1f4ee1e...}, device.category: PHONE, device.majorVersion: 12, device.manufacture: Apple, device.model: iPhone 5s, device.name: emre iPhone’u, device.os: iOS, device.screenSize: 640x1136, device.serialNumber: f2f3f5b148d523fa2ded1f4ee1e..., device.version: 12.4.8, deviceName: iPhone, deviceUDID: f2f3f5b148d523fa2ded1f4ee1e..., dontGoHomeOnQuit: false, dontStopAppOnReset: false, fullReset: false, install.only.for.update: false, instrumentApp: false, javascriptEnabled: true, keystorePath: ~/.android/debug.keystore, locationServicesAuthorized: false, newSessionWaitTimeout: 600, noReset: false, platform: IOS, platformName: iOS, platformVersion: 12, projectName: , reportDirectory: reports, reportFormat: xml, reportUrl: C:\Users\emre\appiumstudio-..., reservationDuration: 240, takeScreenshots: true, test.type: Mobile, testName: mobile test 10/15/20 03:12 PM, udid: f2f3f5b148d523fa2ded1f4ee1e..., useKeystore: false, waitForDeviceTimeout: 120000}
Session ID: b25b602c-d445-420f-80a5-85b1d485dc88
*** Element info: {Using=class name, value=UIATextField}
at org.openqa.selenium.remote.ErrorHandler.createThrowable(ErrorHandler.java:214)
at org.openqa.selenium.remote.ErrorHandler.throwIfResponseFailed(ErrorHandler.java:166)
at org.openqa.selenium.remote.http.JsonHttpResponseCodec.reconstructValue(JsonHttpResponseCodec.java:40)
at org.openqa.selenium.remote.http.AbstractHttpResponseCodec.decode(AbstractHttpResponseCodec.java:80)
at org.openqa.selenium.remote.http.AbstractHttpResponseCodec.decode(AbstractHttpResponseCodec.java:44)
at org.openqa.selenium.remote.HttpCommandExecutor.execute(HttpCommandExecutor.java:158)
at io.appium.java_client.remote.AppiumCommandExecutor.execute(AppiumCommandExecutor.java:239)
at org.openqa.selenium.remote.RemoteWebDriver.execute(RemoteWebDriver.java:552)
at io.appium.java_client.DefaultGenericMobileDriver.execute(DefaultGenericMobileDriver.java:41)
at io.appium.java_client.AppiumDriver.execute(AppiumDriver.java:1)
at io.appium.java_client.ios.IOSDriver.execute(IOSDriver.java:1)
at org.openqa.selenium.remote.RemoteWebDriver.findElement(RemoteWebDriver.java:323)
at io.appium.java_client.DefaultGenericMobileDriver.findElement(DefaultGenericMobileDriver.java:61)
at io.appium.java_client.AppiumDriver.findElement(AppiumDriver.java:1)
at io.appium.java_client.ios.IOSDriver.findElement(IOSDriver.java:1)
at org.openqa.selenium.remote.RemoteWebDriver.findElementByClassName(RemoteWebDriver.java:412)
at io.appium.java_client.DefaultGenericMobileDriver.findElementByClassName(DefaultGenericMobileDriver.java:125)
at io.appium.java_client.AppiumDriver.findElementByClassName(AppiumDriver.java:1)
at io.appium.java_client.ios.IOSDriver.findElementByClassName(IOSDriver.java:1)
at org.openqa.selenium.By$ByClassName.findElement(By.java:389)
at org.openqa.selenium.remote.RemoteWebDriver.findElement(RemoteWebDriver.java:315)
at io.appium.java_client.DefaultGenericMobileDriver.findElement(DefaultGenericMobileDriver.java:57)
at io.appium.java_client.AppiumDriver.findElement(AppiumDriver.java:1)
at io.appium.java_client.ios.IOSDriver.findElement(IOSDriver.java:1)
at org.openqa.selenium.support.ui.ExpectedConditions$7.apply(ExpectedConditions.java:205)
at org.openqa.selenium.support.ui.ExpectedConditions$7.apply(ExpectedConditions.java:201)
at org.openqa.selenium.support.ui.ExpectedConditions$22.apply(ExpectedConditions.java:641)
at org.openqa.selenium.support.ui.ExpectedConditions$22.apply(ExpectedConditions.java:638)
at org.openqa.selenium.support.ui.FluentWait.until(FluentWait.java:249)
... 17 more
... Removed 13 stack frames]]>
    </failure>
  </testcase> <!-- TC_045_Ceza_Kurallarina_Erisim -->
  <testcase name="TC_046_Odeme_Hatasi" time="84.727" classname="tests.ios.ride.Surus"/>
  <testcase name="TC_047_Surus_Bitirme_Basarili" time="115.66" classname="tests.ios.ride.Surus"/>
  <testcase name="TC_050_Profil_Duzenleme" time="61.716" classname="tests.ios.ride.Menu"/>
  <testcase name="TC_051_Arkadasini_Davet_Et" time="50.952" classname="tests.ios.ride.Menu"/>
  <testcase name="TC_052_Surusleri_Inceleme" time="34.368" classname="tests.ios.ride.Menu"/>
  <testcase name="TC_053_Varsayilan_Kredi_Karti_Degistirme" time="23.67" classname="tests.ios.ride.Menu"/>
  <testcase name="TC_054_Kredi_Karti_Ekleme_Basarili" time="56.357" classname="tests.ios.ride.Menu"/>
  <testcase name="TC_055_Kredi_Karti_Ekleme_Basarisiz" time="85.389" classname="tests.ios.ride.Menu">
    <failure type="org.openqa.selenium.TimeoutException" message="Expected condition failed: waiting for element to be clickable: By.id: Lütfen kredi kartı bilgilerini kontrol et. (tried for 30 second(s) with 500 milliseconds interval)">
      <![CDATA[org.openqa.selenium.TimeoutException: Expected condition failed: waiting for element to be clickable: By.id: Lütfen kredi kartı bilgilerini kontrol et. (tried for 30 second(s) with 500 milliseconds interval)
at org.openqa.selenium.support.ui.WebDriverWait.timeoutException(WebDriverWait.java:95)
at org.openqa.selenium.support.ui.FluentWait.until(FluentWait.java:272)
at utilities.PageBaseIos.waitClickable(PageBaseIos.java:81)
at utilities.PageBaseIos.readText(PageBaseIos.java:180)
at utilities.PageBaseIos.assertEquals(PageBaseIos.java:218)
at pages.ios.ride.pageMenu.Kredi_Karti_Ekleme_Basarisiz(pageMenu.java:261)
at tests.ios.ride.Menu.TC_055_Kredi_Karti_Ekleme_Basarisiz(Menu.java:171)
at java.util.concurrent.ThreadPoolExecutor.runWorker(Unknown Source)
at java.util.concurrent.ThreadPoolExecutor$Worker.run(Unknown Source)
at java.lang.Thread.run(Unknown Source)
Caused by: org.openqa.selenium.NoSuchElementException: no such element (An element could not be located on the page using the given search parameters (ID='Lütfen kredi kartı bilgilerini kontrol et.'))  (WARNING: The server did not provide any stacktrace information)
Command duration or timeout: 0 milliseconds
For documentation on this error, please visit: https://www.seleniumhq.org/exceptions/no_such_element.html
Build info: version: '3.141.59', revision: 'e82be7d358', time: '2018-11-14T08:17:03'
System info: host: 'DESKTOP-NQRRDTM', ip: '192.168.8.120', os.name: 'Windows 10', os.arch: 'amd64', os.version: '10.0', java.version: '1.8.0_241'
Driver info: io.appium.java_client.ios.IOSDriver
Capabilities {appBuildVersion: , appReleaseVersion: , appiumVersion: 1.8.0, autoAcceptAlerts: false, autoDismissAlerts: false, autoGrantPermissions: false, autoWebview: false, automationName: XCUITest, bundleId: com.martitech.martiscooter...., commandTimeouts: 120000, desired: {automationName: XCUITest, bundleId: com.martitech.martiscooter...., deviceName: iPhone, noReset: false, platformName: iOS, platformVersion: 12, udid: f2f3f5b148d523fa2ded1f4ee1e...}, device.category: PHONE, device.majorVersion: 12, device.manufacture: Apple, device.model: iPhone 5s, device.name: emre iPhone’u, device.os: iOS, device.screenSize: 640x1136, device.serialNumber: f2f3f5b148d523fa2ded1f4ee1e..., device.version: 12.4.8, deviceName: iPhone, deviceUDID: f2f3f5b148d523fa2ded1f4ee1e..., dontGoHomeOnQuit: false, dontStopAppOnReset: false, fullReset: false, install.only.for.update: false, instrumentApp: false, javascriptEnabled: true, keystorePath: ~/.android/debug.keystore, locationServicesAuthorized: false, newSessionWaitTimeout: 600, noReset: false, platform: IOS, platformName: iOS, platformVersion: 12, projectName: , reportDirectory: reports, reportFormat: xml, reportUrl: C:\Users\emre\appiumstudio-..., reservationDuration: 240, takeScreenshots: true, test.type: Mobile, testName: mobile test 10/15/20 03:23 PM, udid: f2f3f5b148d523fa2ded1f4ee1e..., useKeystore: false, waitForDeviceTimeout: 120000}
Session ID: 97d53df1-ad55-49df-b501-fe7f2f17ad50
*** Element info: {Using=id, value=Lütfen kredi kartı bilgilerini kontrol et.}
at org.openqa.selenium.remote.ErrorHandler.createThrowable(ErrorHandler.java:214)
at org.openqa.selenium.remote.ErrorHandler.throwIfResponseFailed(ErrorHandler.java:166)
at org.openqa.selenium.remote.http.JsonHttpResponseCodec.reconstructValue(JsonHttpResponseCodec.java:40)
at org.openqa.selenium.remote.http.AbstractHttpResponseCodec.decode(AbstractHttpResponseCodec.java:80)
at org.openqa.selenium.remote.http.AbstractHttpResponseCodec.decode(AbstractHttpResponseCodec.java:44)
at org.openqa.selenium.remote.HttpCommandExecutor.execute(HttpCommandExecutor.java:158)
at io.appium.java_client.remote.AppiumCommandExecutor.execute(AppiumCommandExecutor.java:239)
at org.openqa.selenium.remote.RemoteWebDriver.execute(RemoteWebDriver.java:552)
at io.appium.java_client.DefaultGenericMobileDriver.execute(DefaultGenericMobileDriver.java:41)
at io.appium.java_client.AppiumDriver.execute(AppiumDriver.java:1)
at io.appium.java_client.ios.IOSDriver.execute(IOSDriver.java:1)
at org.openqa.selenium.remote.RemoteWebDriver.findElement(RemoteWebDriver.java:323)
at io.appium.java_client.DefaultGenericMobileDriver.findElement(DefaultGenericMobileDriver.java:61)
at io.appium.java_client.AppiumDriver.findElement(AppiumDriver.java:1)
at io.appium.java_client.ios.IOSDriver.findElement(IOSDriver.java:1)
at org.openqa.selenium.remote.RemoteWebDriver.findElementById(RemoteWebDriver.java:372)
at io.appium.java_client.DefaultGenericMobileDriver.findElementById(DefaultGenericMobileDriver.java:69)
at io.appium.java_client.AppiumDriver.findElementById(AppiumDriver.java:1)
at io.appium.java_client.ios.IOSDriver.findElementById(IOSDriver.java:1)
at org.openqa.selenium.By$ById.findElement(By.java:188)
at org.openqa.selenium.remote.RemoteWebDriver.findElement(RemoteWebDriver.java:315)
at io.appium.java_client.DefaultGenericMobileDriver.findElement(DefaultGenericMobileDriver.java:57)
at io.appium.java_client.AppiumDriver.findElement(AppiumDriver.java:1)
at io.appium.java_client.ios.IOSDriver.findElement(IOSDriver.java:1)
at org.openqa.selenium.support.ui.ExpectedConditions$7.apply(ExpectedConditions.java:205)
at org.openqa.selenium.support.ui.ExpectedConditions$7.apply(ExpectedConditions.java:201)
at org.openqa.selenium.support.ui.ExpectedConditions$22.apply(ExpectedConditions.java:641)
at org.openqa.selenium.support.ui.ExpectedConditions$22.apply(ExpectedConditions.java:638)
at org.openqa.selenium.support.ui.FluentWait.until(FluentWait.java:249)
... 18 more
... Removed 13 stack frames]]>
    </failure>
  </testcase> <!-- TC_055_Kredi_Karti_Ekleme_Basarisiz -->
  <testcase name="TC_056_Dil_Degistirme" time="41.412" classname="tests.ios.ride.Menu"/>
  <testcase name="TC_059_Davet_Kodu_Girme" time="88.47" classname="tests.ios.ride.Menu">
    <failure type="org.openqa.selenium.TimeoutException" message="Expected condition failed: waiting for element to be clickable: By.className: UIATextField (tried for 30 second(s) with 500 milliseconds interval)">
      <![CDATA[org.openqa.selenium.TimeoutException: Expected condition failed: waiting for element to be clickable: By.className: UIATextField (tried for 30 second(s) with 500 milliseconds interval)
at org.openqa.selenium.support.ui.WebDriverWait.timeoutException(WebDriverWait.java:95)
at org.openqa.selenium.support.ui.FluentWait.until(FluentWait.java:272)
at utilities.PageBaseIos.waitClickable(PageBaseIos.java:81)
at utilities.PageBaseIos.writeText(PageBaseIos.java:146)
at pages.ios.ride.pageMenu.Kupon_Ekleme(pageMenu.java:410)
at tests.ios.ride.Menu.TC_059_Davet_Kodu_Girme(Menu.java:240)
at java.util.concurrent.ThreadPoolExecutor.runWorker(Unknown Source)
at java.util.concurrent.ThreadPoolExecutor$Worker.run(Unknown Source)
at java.lang.Thread.run(Unknown Source)
Caused by: org.openqa.selenium.NoSuchElementException: no such element (An element could not be located on the page using the given search parameters (CLASS_NAME='UIATextField'))  (WARNING: The server did not provide any stacktrace information)
Command duration or timeout: 0 milliseconds
For documentation on this error, please visit: https://www.seleniumhq.org/exceptions/no_such_element.html
Build info: version: '3.141.59', revision: 'e82be7d358', time: '2018-11-14T08:17:03'
System info: host: 'DESKTOP-NQRRDTM', ip: '192.168.8.120', os.name: 'Windows 10', os.arch: 'amd64', os.version: '10.0', java.version: '1.8.0_241'
Driver info: io.appium.java_client.ios.IOSDriver
Capabilities {appBuildVersion: , appReleaseVersion: , appiumVersion: 1.8.0, autoAcceptAlerts: false, autoDismissAlerts: false, autoGrantPermissions: false, autoWebview: false, automationName: XCUITest, bundleId: com.martitech.martiscooter...., commandTimeouts: 120000, desired: {automationName: XCUITest, bundleId: com.martitech.martiscooter...., deviceName: iPhone, noReset: false, platformName: iOS, platformVersion: 12, udid: f2f3f5b148d523fa2ded1f4ee1e...}, device.category: PHONE, device.majorVersion: 12, device.manufacture: Apple, device.model: iPhone 5s, device.name: emre iPhone’u, device.os: iOS, device.screenSize: 640x1136, device.serialNumber: f2f3f5b148d523fa2ded1f4ee1e..., device.version: 12.4.8, deviceName: iPhone, deviceUDID: f2f3f5b148d523fa2ded1f4ee1e..., dontGoHomeOnQuit: false, dontStopAppOnReset: false, fullReset: false, install.only.for.update: false, instrumentApp: false, javascriptEnabled: true, keystorePath: ~/.android/debug.keystore, locationServicesAuthorized: false, newSessionWaitTimeout: 600, noReset: false, platform: IOS, platformName: iOS, platformVersion: 12, projectName: , reportDirectory: reports, reportFormat: xml, reportUrl: C:\Users\emre\appiumstudio-..., reservationDuration: 240, takeScreenshots: true, test.type: Mobile, testName: mobile test 10/15/20 03:26 PM, udid: f2f3f5b148d523fa2ded1f4ee1e..., useKeystore: false, waitForDeviceTimeout: 120000}
Session ID: 72f69dfd-deb0-400d-ac0f-6fadf9418c7e
*** Element info: {Using=class name, value=UIATextField}
at org.openqa.selenium.remote.ErrorHandler.createThrowable(ErrorHandler.java:214)
at org.openqa.selenium.remote.ErrorHandler.throwIfResponseFailed(ErrorHandler.java:166)
at org.openqa.selenium.remote.http.JsonHttpResponseCodec.reconstructValue(JsonHttpResponseCodec.java:40)
at org.openqa.selenium.remote.http.AbstractHttpResponseCodec.decode(AbstractHttpResponseCodec.java:80)
at org.openqa.selenium.remote.http.AbstractHttpResponseCodec.decode(AbstractHttpResponseCodec.java:44)
at org.openqa.selenium.remote.HttpCommandExecutor.execute(HttpCommandExecutor.java:158)
at io.appium.java_client.remote.AppiumCommandExecutor.execute(AppiumCommandExecutor.java:239)
at org.openqa.selenium.remote.RemoteWebDriver.execute(RemoteWebDriver.java:552)
at io.appium.java_client.DefaultGenericMobileDriver.execute(DefaultGenericMobileDriver.java:41)
at io.appium.java_client.AppiumDriver.execute(AppiumDriver.java:1)
at io.appium.java_client.ios.IOSDriver.execute(IOSDriver.java:1)
at org.openqa.selenium.remote.RemoteWebDriver.findElement(RemoteWebDriver.java:323)
at io.appium.java_client.DefaultGenericMobileDriver.findElement(DefaultGenericMobileDriver.java:61)
at io.appium.java_client.AppiumDriver.findElement(AppiumDriver.java:1)
at io.appium.java_client.ios.IOSDriver.findElement(IOSDriver.java:1)
at org.openqa.selenium.remote.RemoteWebDriver.findElementByClassName(RemoteWebDriver.java:412)
at io.appium.java_client.DefaultGenericMobileDriver.findElementByClassName(DefaultGenericMobileDriver.java:125)
at io.appium.java_client.AppiumDriver.findElementByClassName(AppiumDriver.java:1)
at io.appium.java_client.ios.IOSDriver.findElementByClassName(IOSDriver.java:1)
at org.openqa.selenium.By$ByClassName.findElement(By.java:389)
at org.openqa.selenium.remote.RemoteWebDriver.findElement(RemoteWebDriver.java:315)
at io.appium.java_client.DefaultGenericMobileDriver.findElement(DefaultGenericMobileDriver.java:57)
at io.appium.java_client.AppiumDriver.findElement(AppiumDriver.java:1)
at io.appium.java_client.ios.IOSDriver.findElement(IOSDriver.java:1)
at org.openqa.selenium.support.ui.ExpectedConditions$7.apply(ExpectedConditions.java:205)
at org.openqa.selenium.support.ui.ExpectedConditions$7.apply(ExpectedConditions.java:201)
at org.openqa.selenium.support.ui.ExpectedConditions$22.apply(ExpectedConditions.java:641)
at org.openqa.selenium.support.ui.ExpectedConditions$22.apply(ExpectedConditions.java:638)
at org.openqa.selenium.support.ui.FluentWait.until(FluentWait.java:249)
... 17 more
... Removed 13 stack frames]]>
    </failure>
  </testcase> <!-- TC_059_Davet_Kodu_Girme -->
  <testcase name="TC_060_Arkadasini_Davet_Etme" time="73.175" classname="tests.ios.ride.Menu"/>
  <testcase name="TC_061_Guvenlik_Dokumanina_Erisim" time="46.18" classname="tests.ios.ride.Menu"/>
  <testcase name="TC_062_Nasil_Kullanilir_Erisim" time="71.598" classname="tests.ios.ride.Menu"/>
  <testcase name="TC_063_Surus_Kurallarina_Erisim" time="62.531" classname="tests.ios.ride.Menu"/>
  <testcase name="TC_064_Kvkk_Aydinlatma_Metnine_Erisim" time="44.929" classname="tests.ios.ride.Menu"/>
  <testcase name="TC_065_Kullanici_Sozlesmesine_Erisim" time="44.569" classname="tests.ios.ride.Menu"/>
  <testcase name="TC_066_Yardim_Dokumanina_Erisim" time="41.911" classname="tests.ios.ride.Menu"/>
  <testcase name="TC_067_Cikis" time="39.221" classname="tests.ios.ride.Menu"/>
  <testcase name="@BeforeSuite beforeSuite" time="0.0" classname="utilities.TestBase">
    <ignored/>
  </testcase> <!-- @BeforeSuite beforeSuite -->
  <testcase name="@BeforeSuite beforeSuite" time="0.0" classname="utilities.TestBase">
    <ignored/>
  </testcase> <!-- @BeforeSuite beforeSuite -->
  <testcase name="@BeforeSuite beforeSuite" time="0.0" classname="utilities.TestBase">
    <ignored/>
  </testcase> <!-- @BeforeSuite beforeSuite -->
  <testcase name="@BeforeSuite beforeSuite" time="0.0" classname="utilities.TestBase">
    <ignored/>
  </testcase> <!-- @BeforeSuite beforeSuite -->
  <testcase name="@BeforeSuite beforeSuite" time="0.0" classname="utilities.TestBase">
    <ignored/>
  </testcase> <!-- @BeforeSuite beforeSuite -->
  <testcase name="@AfterSuite afterSuite" time="0.0" classname="utilities.TestBase">
    <ignored/>
  </testcase> <!-- @AfterSuite afterSuite -->
  <testcase name="@AfterSuite afterSuite" time="0.0" classname="utilities.TestBase">
    <ignored/>
  </testcase> <!-- @AfterSuite afterSuite -->
  <testcase name="@AfterSuite afterSuite" time="0.0" classname="utilities.TestBase">
    <ignored/>
  </testcase> <!-- @AfterSuite afterSuite -->
  <testcase name="@AfterSuite afterSuite" time="0.0" classname="utilities.TestBase">
    <ignored/>
  </testcase> <!-- @AfterSuite afterSuite -->
  <testcase name="@AfterSuite afterSuite" time="0.0" classname="utilities.TestBase">
    <ignored/>
  </testcase> <!-- @AfterSuite afterSuite -->
</testsuite> <!-- Web Tests -->
