<html>
<head>
<title>TestNG:  Web Tests</title>
<link href="../testng.css" rel="stylesheet" type="text/css" />
<link href="../my-testng.css" rel="stylesheet" type="text/css" />

<style type="text/css">
.log { display: none;} 
.stack-trace { display: none;} 
</style>
<script type="text/javascript">
<!--
function flip(e) {
  current = e.style.display;
  if (current == 'block') {
    e.style.display = 'none';
    return 0;
  }
  else {
    e.style.display = 'block';
    return 1;
  }
}

function toggleBox(szDivId, elem, msg1, msg2)
{
  var res = -1;  if (document.getElementById) {
    res = flip(document.getElementById(szDivId));
  }
  else if (document.all) {
    // this is the way old msie versions work
    res = flip(document.all[szDivId]);
  }
  if(elem) {
    if(res == 0) elem.innerHTML = msg1; else elem.innerHTML = msg2;
  }

}

function toggleAllBoxes() {
  if (document.getElementsByTagName) {
    d = document.getElementsByTagName('div');
    for (i = 0; i < d.length; i++) {
      if (d[i].className == 'log') {
        flip(d[i]);
      }
    }
  }
}

// -->
</script>

</head>
<body>
<h2 align='center'>Web Tests</h2><table border='1' align="center">
<tr>
<td>Tests passed/Failed/Skipped:</td><td>51/6/0</td>
</tr><tr>
<td>Started on:</td><td>Thu Oct 15 14:21:00 EET 2020</td>
</tr>
<tr><td>Total time:</td><td>4593 seconds (4593967 ms)</td>
</tr><tr>
<td>Included groups:</td><td></td>
</tr><tr>
<td>Excluded groups:</td><td></td>
</tr>
</table><p/>
<small><i>(Hover the method name to see the test class name)</i></small><p/>
<table width='100%' border='1' class='invocation-failed'>
<tr><td colspan='4' align='center'><b>FAILED TESTS</b></td></tr>
<tr><td><b>Test method</b></td>
<td width="30%"><b>Exception</b></td>
<td width="10%"><b>Time (seconds)</b></td>
<td><b>Instance</b></td>
</tr>
<tr>
<td title='tests.ios.ride.Giris_Ekrani.TC_015_Ulke_Kodu_Degistirme()'><b>TC_015_Ulke_Kodu_Degistirme</b><br>Test class: tests.ios.ride.Giris_Ekrani</td>
<td><div><pre>org.openqa.selenium.NoSuchElementException: no such element (An element could not be located on the page using the given search parameters (ID=&apos;phonePrefix&apos;))  (WARNING: The server did not provide any stacktrace information)
Command duration or timeout: 0 milliseconds
For documentation on this error, please visit: https://www.seleniumhq.org/exceptions/no_such_element.html
Build info: version: &apos;3.141.59&apos;, revision: &apos;e82be7d358&apos;, time: &apos;2018-11-14T08:17:03&apos;
System info: host: &apos;DESKTOP-NQRRDTM&apos;, ip: &apos;192.168.8.120&apos;, os.name: &apos;Windows 10&apos;, os.arch: &apos;amd64&apos;, os.version: &apos;10.0&apos;, java.version: &apos;1.8.0_241&apos;
Driver info: io.appium.java_client.ios.IOSDriver
Capabilities {appBuildVersion: , appReleaseVersion: , appiumVersion: 1.8.0, autoAcceptAlerts: false, autoDismissAlerts: false, autoGrantPermissions: false, autoWebview: false, automationName: XCUITest, bundleId: com.martitech.martiscooter...., commandTimeouts: 120000, desired: {automationName: XCUITest, bundleId: com.martitech.martiscooter...., deviceName: iPhone, noReset: false, platformName: iOS, platformVersion: 12, udid: f2f3f5b148d523fa2ded1f4ee1e...}, device.category: PHONE, device.majorVersion: 12, device.manufacture: Apple, device.model: iPhone 5s, device.name: emre iPhone’u, device.os: iOS, device.screenSize: 640x1136, device.serialNumber: f2f3f5b148d523fa2ded1f4ee1e..., device.version: 12.4.8, deviceName: iPhone, deviceUDID: f2f3f5b148d523fa2ded1f4ee1e..., dontGoHomeOnQuit: false, dontStopAppOnReset: false, fullReset: false, install.only.for.update: false, instrumentApp: false, javascriptEnabled: true, keystorePath: ~/.android/debug.keystore, locationServicesAuthorized: false, newSessionWaitTimeout: 600, noReset: false, platform: IOS, platformName: iOS, platformVersion: 12, projectName: , reportDirectory: reports, reportFormat: xml, reportUrl: C:\Users\emre\appiumstudio-..., reservationDuration: 240, takeScreenshots: true, test.type: Mobile, testName: mobile test 10/15/20 02:32 PM, udid: f2f3f5b148d523fa2ded1f4ee1e..., useKeystore: false, waitForDeviceTimeout: 120000}
Session ID: 25dcc4d7-a775-485d-956a-e4cce7458d94
*** Element info: {Using=id, value=phonePrefix}
	at org.openqa.selenium.remote.ErrorHandler.createThrowable(ErrorHandler.java:214)
	at org.openqa.selenium.remote.ErrorHandler.throwIfResponseFailed(ErrorHandler.java:166)
	at org.openqa.selenium.remote.http.JsonHttpResponseCodec.reconstructValue(JsonHttpResponseCodec.java:40)
	at org.openqa.selenium.remote.http.AbstractHttpResponseCodec.decode(AbstractHttpResponseCodec.java:80)
	at org.openqa.selenium.remote.http.AbstractHttpResponseCodec.decode(AbstractHttpResponseCodec.java:44)
	at org.openqa.selenium.remote.HttpCommandExecutor.execute(HttpCommandExecutor.java:158)
	at io.appium.java_client.remote.AppiumCommandExecutor.execute(AppiumCommandExecutor.java:239)
	at org.openqa.selenium.remote.RemoteWebDriver.execute(RemoteWebDriver.java:552)
	at io.appium.java_client.DefaultGenericMobileDriver.execute(DefaultGenericMobileDriver.java:41)
	at io.appium.java_client.AppiumDriver.execute(AppiumDriver.java:1)
	at io.appium.java_client.ios.IOSDriver.execute(IOSDriver.java:1)
	at org.openqa.selenium.remote.RemoteWebDriver.findElement(RemoteWebDriver.java:323)
	at io.appium.java_client.DefaultGenericMobileDriver.findElement(DefaultGenericMobileDriver.java:61)
	at io.appium.java_client.AppiumDriver.findElement(AppiumDriver.java:1)
	at io.appium.java_client.ios.IOSDriver.findElement(IOSDriver.java:1)
	at org.openqa.selenium.remote.RemoteWebDriver.findElementById(RemoteWebDriver.java:372)
	at io.appium.java_client.DefaultGenericMobileDriver.findElementById(DefaultGenericMobileDriver.java:69)
	at io.appium.java_client.AppiumDriver.findElementById(AppiumDriver.java:1)
	at io.appium.java_client.ios.IOSDriver.findElementById(IOSDriver.java:1)
	at org.openqa.selenium.By$ById.findElement(By.java:188)
	at org.openqa.selenium.remote.RemoteWebDriver.findElement(RemoteWebDriver.java:315)
	at io.appium.java_client.DefaultGenericMobileDriver.findElement(DefaultGenericMobileDriver.java:57)
	at io.appium.java_client.AppiumDriver.findElement(AppiumDriver.java:1)
	at io.appium.java_client.ios.IOSDriver.findElement(IOSDriver.java:1)
	at utilities.PageBaseIos.click(PageBaseIos.java:111)
	at pages.ios.ride.pageGirisEkrani.Ulke_Kodu_Degistirme(pageGirisEkrani.java:325)
	at tests.ios.ride.Giris_Ekrani.TC_015_Ulke_Kodu_Degistirme(Giris_Ekrani.java:122)
	at java.util.concurrent.ThreadPoolExecutor.runWorker(Unknown Source)
	at java.util.concurrent.ThreadPoolExecutor$Worker.run(Unknown Source)
	at java.lang.Thread.run(Unknown Source)
... Removed 14 stack frames</pre></div><a href='#' onClick='toggleBox("stack-trace1184318223", this, "Click to show all stack frames", "Click to hide stack frames")'>Click to show all stack frames</a>
<div class='stack-trace' id='stack-trace1184318223'><pre>org.openqa.selenium.NoSuchElementException: no such element (An element could not be located on the page using the given search parameters (ID=&apos;phonePrefix&apos;))  (WARNING: The server did not provide any stacktrace information)
Command duration or timeout: 0 milliseconds
For documentation on this error, please visit: https://www.seleniumhq.org/exceptions/no_such_element.html
Build info: version: &apos;3.141.59&apos;, revision: &apos;e82be7d358&apos;, time: &apos;2018-11-14T08:17:03&apos;
System info: host: &apos;DESKTOP-NQRRDTM&apos;, ip: &apos;192.168.8.120&apos;, os.name: &apos;Windows 10&apos;, os.arch: &apos;amd64&apos;, os.version: &apos;10.0&apos;, java.version: &apos;1.8.0_241&apos;
Driver info: io.appium.java_client.ios.IOSDriver
Capabilities {appBuildVersion: , appReleaseVersion: , appiumVersion: 1.8.0, autoAcceptAlerts: false, autoDismissAlerts: false, autoGrantPermissions: false, autoWebview: false, automationName: XCUITest, bundleId: com.martitech.martiscooter...., commandTimeouts: 120000, desired: {automationName: XCUITest, bundleId: com.martitech.martiscooter...., deviceName: iPhone, noReset: false, platformName: iOS, platformVersion: 12, udid: f2f3f5b148d523fa2ded1f4ee1e...}, device.category: PHONE, device.majorVersion: 12, device.manufacture: Apple, device.model: iPhone 5s, device.name: emre iPhone’u, device.os: iOS, device.screenSize: 640x1136, device.serialNumber: f2f3f5b148d523fa2ded1f4ee1e..., device.version: 12.4.8, deviceName: iPhone, deviceUDID: f2f3f5b148d523fa2ded1f4ee1e..., dontGoHomeOnQuit: false, dontStopAppOnReset: false, fullReset: false, install.only.for.update: false, instrumentApp: false, javascriptEnabled: true, keystorePath: ~/.android/debug.keystore, locationServicesAuthorized: false, newSessionWaitTimeout: 600, noReset: false, platform: IOS, platformName: iOS, platformVersion: 12, projectName: , reportDirectory: reports, reportFormat: xml, reportUrl: C:\Users\emre\appiumstudio-..., reservationDuration: 240, takeScreenshots: true, test.type: Mobile, testName: mobile test 10/15/20 02:32 PM, udid: f2f3f5b148d523fa2ded1f4ee1e..., useKeystore: false, waitForDeviceTimeout: 120000}
Session ID: 25dcc4d7-a775-485d-956a-e4cce7458d94
*** Element info: {Using=id, value=phonePrefix}
	at sun.reflect.NativeConstructorAccessorImpl.newInstance0(Native Method)
	at sun.reflect.NativeConstructorAccessorImpl.newInstance(Unknown Source)
	at sun.reflect.DelegatingConstructorAccessorImpl.newInstance(Unknown Source)
	at java.lang.reflect.Constructor.newInstance(Unknown Source)
	at org.openqa.selenium.remote.ErrorHandler.createThrowable(ErrorHandler.java:214)
	at org.openqa.selenium.remote.ErrorHandler.throwIfResponseFailed(ErrorHandler.java:166)
	at org.openqa.selenium.remote.http.JsonHttpResponseCodec.reconstructValue(JsonHttpResponseCodec.java:40)
	at org.openqa.selenium.remote.http.AbstractHttpResponseCodec.decode(AbstractHttpResponseCodec.java:80)
	at org.openqa.selenium.remote.http.AbstractHttpResponseCodec.decode(AbstractHttpResponseCodec.java:44)
	at org.openqa.selenium.remote.HttpCommandExecutor.execute(HttpCommandExecutor.java:158)
	at io.appium.java_client.remote.AppiumCommandExecutor.execute(AppiumCommandExecutor.java:239)
	at org.openqa.selenium.remote.RemoteWebDriver.execute(RemoteWebDriver.java:552)
	at io.appium.java_client.DefaultGenericMobileDriver.execute(DefaultGenericMobileDriver.java:41)
	at io.appium.java_client.AppiumDriver.execute(AppiumDriver.java:1)
	at io.appium.java_client.ios.IOSDriver.execute(IOSDriver.java:1)
	at org.openqa.selenium.remote.RemoteWebDriver.findElement(RemoteWebDriver.java:323)
	at io.appium.java_client.DefaultGenericMobileDriver.findElement(DefaultGenericMobileDriver.java:61)
	at io.appium.java_client.AppiumDriver.findElement(AppiumDriver.java:1)
	at io.appium.java_client.ios.IOSDriver.findElement(IOSDriver.java:1)
	at org.openqa.selenium.remote.RemoteWebDriver.findElementById(RemoteWebDriver.java:372)
	at io.appium.java_client.DefaultGenericMobileDriver.findElementById(DefaultGenericMobileDriver.java:69)
	at io.appium.java_client.AppiumDriver.findElementById(AppiumDriver.java:1)
	at io.appium.java_client.ios.IOSDriver.findElementById(IOSDriver.java:1)
	at org.openqa.selenium.By$ById.findElement(By.java:188)
	at org.openqa.selenium.remote.RemoteWebDriver.findElement(RemoteWebDriver.java:315)
	at io.appium.java_client.DefaultGenericMobileDriver.findElement(DefaultGenericMobileDriver.java:57)
	at io.appium.java_client.AppiumDriver.findElement(AppiumDriver.java:1)
	at io.appium.java_client.ios.IOSDriver.findElement(IOSDriver.java:1)
	at utilities.PageBaseIos.click(PageBaseIos.java:111)
	at pages.ios.ride.pageGirisEkrani.Ulke_Kodu_Degistirme(pageGirisEkrani.java:325)
	at tests.ios.ride.Giris_Ekrani.TC_015_Ulke_Kodu_Degistirme(Giris_Ekrani.java:122)
	at sun.reflect.NativeMethodAccessorImpl.invoke0(Native Method)
	at sun.reflect.NativeMethodAccessorImpl.invoke(Unknown Source)
	at sun.reflect.DelegatingMethodAccessorImpl.invoke(Unknown Source)
	at java.lang.reflect.Method.invoke(Unknown Source)
	at org.testng.internal.MethodInvocationHelper.invokeMethod(MethodInvocationHelper.java:124)
	at org.testng.internal.Invoker.invokeMethod(Invoker.java:583)
	at org.testng.internal.Invoker.invokeTestMethod(Invoker.java:719)
	at org.testng.internal.Invoker.invokeTestMethods(Invoker.java:989)
	at org.testng.internal.TestMethodWorker.invokeTestMethods(TestMethodWorker.java:125)
	at org.testng.internal.TestMethodWorker.run(TestMethodWorker.java:109)
	at java.util.concurrent.ThreadPoolExecutor.runWorker(Unknown Source)
	at java.util.concurrent.ThreadPoolExecutor$Worker.run(Unknown Source)
	at java.lang.Thread.run(Unknown Source)
</pre></div></td>
<td>44</td>
<td>tests.ios.ride.Giris_Ekrani@7d0587f1</td></tr>
<tr>
<td title='tests.ios.ride.Ana_Ekran.TC_021_Surus_Baslat_Basarili()'><b>TC_021_Surus_Baslat_Basarili</b><br>Test class: tests.ios.ride.Ana_Ekran</td>
<td><div><pre>org.openqa.selenium.NoSuchSessionException: Session ID is null. Using WebDriver after calling quit()?
Build info: version: &apos;3.141.59&apos;, revision: &apos;e82be7d358&apos;, time: &apos;2018-11-14T08:17:03&apos;
System info: host: &apos;DESKTOP-NQRRDTM&apos;, ip: &apos;192.168.8.120&apos;, os.name: &apos;Windows 10&apos;, os.arch: &apos;amd64&apos;, os.version: &apos;10.0&apos;, java.version: &apos;1.8.0_241&apos;
Driver info: driver.version: IOSDriver
	at org.openqa.selenium.remote.HttpCommandExecutor.execute(HttpCommandExecutor.java:125)
	at io.appium.java_client.remote.AppiumCommandExecutor.execute(AppiumCommandExecutor.java:239)
	at org.openqa.selenium.remote.RemoteWebDriver.execute(RemoteWebDriver.java:552)
	at io.appium.java_client.DefaultGenericMobileDriver.execute(DefaultGenericMobileDriver.java:41)
	at io.appium.java_client.AppiumDriver.execute(AppiumDriver.java:1)
	at io.appium.java_client.ios.IOSDriver.execute(IOSDriver.java:1)
	at org.openqa.selenium.remote.RemoteWebDriver$RemoteWebDriverOptions$RemoteTimeouts.implicitlyWait(RemoteWebDriver.java:780)
	at utilities.PageBaseIos.exists(PageBaseIos.java:305)
	at pages.ios.ride.pageGirisEkrani.Login(pageGirisEkrani.java:63)
	at tests.ios.ride.Ana_Ekran.TC_021_Surus_Baslat_Basarili(Ana_Ekran.java:249)
	at java.util.concurrent.ThreadPoolExecutor.runWorker(Unknown Source)
	at java.util.concurrent.ThreadPoolExecutor$Worker.run(Unknown Source)
	at java.lang.Thread.run(Unknown Source)
... Removed 10 stack frames</pre></div><a href='#' onClick='toggleBox("stack-trace15217702", this, "Click to show all stack frames", "Click to hide stack frames")'>Click to show all stack frames</a>
<div class='stack-trace' id='stack-trace15217702'><pre>org.openqa.selenium.NoSuchSessionException: Session ID is null. Using WebDriver after calling quit()?
Build info: version: &apos;3.141.59&apos;, revision: &apos;e82be7d358&apos;, time: &apos;2018-11-14T08:17:03&apos;
System info: host: &apos;DESKTOP-NQRRDTM&apos;, ip: &apos;192.168.8.120&apos;, os.name: &apos;Windows 10&apos;, os.arch: &apos;amd64&apos;, os.version: &apos;10.0&apos;, java.version: &apos;1.8.0_241&apos;
Driver info: driver.version: IOSDriver
	at org.openqa.selenium.remote.HttpCommandExecutor.execute(HttpCommandExecutor.java:125)
	at io.appium.java_client.remote.AppiumCommandExecutor.execute(AppiumCommandExecutor.java:239)
	at org.openqa.selenium.remote.RemoteWebDriver.execute(RemoteWebDriver.java:552)
	at io.appium.java_client.DefaultGenericMobileDriver.execute(DefaultGenericMobileDriver.java:41)
	at io.appium.java_client.AppiumDriver.execute(AppiumDriver.java:1)
	at io.appium.java_client.ios.IOSDriver.execute(IOSDriver.java:1)
	at org.openqa.selenium.remote.RemoteWebDriver$RemoteWebDriverOptions$RemoteTimeouts.implicitlyWait(RemoteWebDriver.java:780)
	at utilities.PageBaseIos.exists(PageBaseIos.java:305)
	at pages.ios.ride.pageGirisEkrani.Login(pageGirisEkrani.java:63)
	at tests.ios.ride.Ana_Ekran.TC_021_Surus_Baslat_Basarili(Ana_Ekran.java:249)
	at sun.reflect.NativeMethodAccessorImpl.invoke0(Native Method)
	at sun.reflect.NativeMethodAccessorImpl.invoke(Unknown Source)
	at sun.reflect.DelegatingMethodAccessorImpl.invoke(Unknown Source)
	at java.lang.reflect.Method.invoke(Unknown Source)
	at org.testng.internal.MethodInvocationHelper.invokeMethod(MethodInvocationHelper.java:124)
	at org.testng.internal.Invoker.invokeMethod(Invoker.java:583)
	at org.testng.internal.Invoker.invokeTestMethod(Invoker.java:719)
	at org.testng.internal.Invoker.invokeTestMethods(Invoker.java:989)
	at org.testng.internal.TestMethodWorker.invokeTestMethods(TestMethodWorker.java:125)
	at org.testng.internal.TestMethodWorker.run(TestMethodWorker.java:109)
	at java.util.concurrent.ThreadPoolExecutor.runWorker(Unknown Source)
	at java.util.concurrent.ThreadPoolExecutor$Worker.run(Unknown Source)
	at java.lang.Thread.run(Unknown Source)
</pre></div></td>
<td>8</td>
<td>tests.ios.ride.Ana_Ekran@5d76b067</td></tr>
<tr>
<td title='tests.ios.ride.Surus.TC_044_Surus_Bitir_Internet_Kapali()'><b>TC_044_Surus_Bitir_Internet_Kapali</b><br>Test class: tests.ios.ride.Surus</td>
<td><div><pre>org.openqa.selenium.TimeoutException: Expected condition failed: waiting for element to be clickable: By.id: wifi-button (tried for 30 second(s) with 500 milliseconds interval)
	at org.openqa.selenium.support.ui.WebDriverWait.timeoutException(WebDriverWait.java:95)
	at org.openqa.selenium.support.ui.FluentWait.until(FluentWait.java:272)
	at utilities.PageBaseIos.waitClickable(PageBaseIos.java:81)
	at utilities.PageBaseIos.getValue(PageBaseIos.java:199)
	at dbmodel.DataPreparation.TestDevice.setWIFIServiceStatus(TestDevice.java:136)
	at pages.ios.ride.pageSurus.Surus_Bitir_Internet_Kapali(pageSurus.java:344)
	at tests.ios.ride.Surus.TC_044_Surus_Bitir_Internet_Kapali(Surus.java:397)
	at java.util.concurrent.ThreadPoolExecutor.runWorker(Unknown Source)
	at java.util.concurrent.ThreadPoolExecutor$Worker.run(Unknown Source)
	at java.lang.Thread.run(Unknown Source)
Caused by: org.openqa.selenium.NoSuchElementException: no such element (An element could not be located on the page using the given search parameters (ID=&apos;wifi-button&apos;))  (WARNING: The server did not provide any stacktrace information)
Command duration or timeout: 0 milliseconds
For documentation on this error, please visit: https://www.seleniumhq.org/exceptions/no_such_element.html
Build info: version: &apos;3.141.59&apos;, revision: &apos;e82be7d358&apos;, time: &apos;2018-11-14T08:17:03&apos;
System info: host: &apos;DESKTOP-NQRRDTM&apos;, ip: &apos;192.168.8.120&apos;, os.name: &apos;Windows 10&apos;, os.arch: &apos;amd64&apos;, os.version: &apos;10.0&apos;, java.version: &apos;1.8.0_241&apos;
Driver info: io.appium.java_client.ios.IOSDriver
Capabilities {appBuildVersion: , appReleaseVersion: , appiumVersion: 1.8.0, autoAcceptAlerts: false, autoDismissAlerts: false, autoGrantPermissions: false, autoWebview: false, automationName: XCUITest, bundleId: com.martitech.martiscooter...., commandTimeouts: 120000, desired: {automationName: XCUITest, bundleId: com.martitech.martiscooter...., deviceName: iPhone, noReset: false, platformName: iOS, platformVersion: 12, udid: f2f3f5b148d523fa2ded1f4ee1e...}, device.category: PHONE, device.majorVersion: 12, device.manufacture: Apple, device.model: iPhone 5s, device.name: emre iPhone’u, device.os: iOS, device.screenSize: 640x1136, device.serialNumber: f2f3f5b148d523fa2ded1f4ee1e..., device.version: 12.4.8, deviceName: iPhone, deviceUDID: f2f3f5b148d523fa2ded1f4ee1e..., dontGoHomeOnQuit: false, dontStopAppOnReset: false, fullReset: false, install.only.for.update: false, instrumentApp: false, javascriptEnabled: true, keystorePath: ~/.android/debug.keystore, locationServicesAuthorized: false, newSessionWaitTimeout: 600, noReset: false, platform: IOS, platformName: iOS, platformVersion: 12, projectName: , reportDirectory: reports, reportFormat: xml, reportUrl: C:\Users\emre\appiumstudio-..., reservationDuration: 240, takeScreenshots: true, test.type: Mobile, testName: mobile test 10/15/20 03:08 PM, udid: f2f3f5b148d523fa2ded1f4ee1e..., useKeystore: false, waitForDeviceTimeout: 120000}
Session ID: 7755449e-c2c4-44e3-93e4-4d6b3f4d1719
*** Element info: {Using=id, value=wifi-button}
	at org.openqa.selenium.remote.ErrorHandler.createThrowable(ErrorHandler.java:214)
	at org.openqa.selenium.remote.ErrorHandler.throwIfResponseFailed(ErrorHandler.java:166)
	at org.openqa.selenium.remote.http.JsonHttpResponseCodec.reconstructValue(JsonHttpResponseCodec.java:40)
	at org.openqa.selenium.remote.http.AbstractHttpResponseCodec.decode(AbstractHttpResponseCodec.java:80)
	at org.openqa.selenium.remote.http.AbstractHttpResponseCodec.decode(AbstractHttpResponseCodec.java:44)
	at org.openqa.selenium.remote.HttpCommandExecutor.execute(HttpCommandExecutor.java:158)
	at io.appium.java_client.remote.AppiumCommandExecutor.execute(AppiumCommandExecutor.java:239)
	at org.openqa.selenium.remote.RemoteWebDriver.execute(RemoteWebDriver.java:552)
	at io.appium.java_client.DefaultGenericMobileDriver.execute(DefaultGenericMobileDriver.java:41)
	at io.appium.java_client.AppiumDriver.execute(AppiumDriver.java:1)
	at io.appium.java_client.ios.IOSDriver.execute(IOSDriver.java:1)
	at org.openqa.selenium.remote.RemoteWebDriver.findElement(RemoteWebDriver.java:323)
	at io.appium.java_client.DefaultGenericMobileDriver.findElement(DefaultGenericMobileDriver.java:61)
	at io.appium.java_client.AppiumDriver.findElement(AppiumDriver.java:1)
	at io.appium.java_client.ios.IOSDriver.findElement(IOSDriver.java:1)
	at org.openqa.selenium.remote.RemoteWebDriver.findElementById(RemoteWebDriver.java:372)
	at io.appium.java_client.DefaultGenericMobileDriver.findElementById(DefaultGenericMobileDriver.java:69)
	at io.appium.java_client.AppiumDriver.findElementById(AppiumDriver.java:1)
	at io.appium.java_client.ios.IOSDriver.findElementById(IOSDriver.java:1)
	at org.openqa.selenium.By$ById.findElement(By.java:188)
	at org.openqa.selenium.remote.RemoteWebDriver.findElement(RemoteWebDriver.java:315)
	at io.appium.java_client.DefaultGenericMobileDriver.findElement(DefaultGenericMobileDriver.java:57)
	at io.appium.java_client.AppiumDriver.findElement(AppiumDriver.java:1)
	at io.appium.java_client.ios.IOSDriver.findElement(IOSDriver.java:1)
	at org.openqa.selenium.support.ui.ExpectedConditions$7.apply(ExpectedConditions.java:205)
	at org.openqa.selenium.support.ui.ExpectedConditions$7.apply(ExpectedConditions.java:201)
	at org.openqa.selenium.support.ui.ExpectedConditions$22.apply(ExpectedConditions.java:641)
	at org.openqa.selenium.support.ui.ExpectedConditions$22.apply(ExpectedConditions.java:638)
	at org.openqa.selenium.support.ui.FluentWait.until(FluentWait.java:249)
	... 18 more
... Removed 13 stack frames</pre></div><a href='#' onClick='toggleBox("stack-trace140056234", this, "Click to show all stack frames", "Click to hide stack frames")'>Click to show all stack frames</a>
<div class='stack-trace' id='stack-trace140056234'><pre>org.openqa.selenium.TimeoutException: Expected condition failed: waiting for element to be clickable: By.id: wifi-button (tried for 30 second(s) with 500 milliseconds interval)
	at org.openqa.selenium.support.ui.WebDriverWait.timeoutException(WebDriverWait.java:95)
	at org.openqa.selenium.support.ui.FluentWait.until(FluentWait.java:272)
	at utilities.PageBaseIos.waitClickable(PageBaseIos.java:81)
	at utilities.PageBaseIos.getValue(PageBaseIos.java:199)
	at dbmodel.DataPreparation.TestDevice.setWIFIServiceStatus(TestDevice.java:136)
	at pages.ios.ride.pageSurus.Surus_Bitir_Internet_Kapali(pageSurus.java:344)
	at tests.ios.ride.Surus.TC_044_Surus_Bitir_Internet_Kapali(Surus.java:397)
	at sun.reflect.NativeMethodAccessorImpl.invoke0(Native Method)
	at sun.reflect.NativeMethodAccessorImpl.invoke(Unknown Source)
	at sun.reflect.DelegatingMethodAccessorImpl.invoke(Unknown Source)
	at java.lang.reflect.Method.invoke(Unknown Source)
	at org.testng.internal.MethodInvocationHelper.invokeMethod(MethodInvocationHelper.java:124)
	at org.testng.internal.Invoker.invokeMethod(Invoker.java:583)
	at org.testng.internal.Invoker.invokeTestMethod(Invoker.java:719)
	at org.testng.internal.Invoker.invokeTestMethods(Invoker.java:989)
	at org.testng.internal.TestMethodWorker.invokeTestMethods(TestMethodWorker.java:125)
	at org.testng.internal.TestMethodWorker.run(TestMethodWorker.java:109)
	at java.util.concurrent.ThreadPoolExecutor.runWorker(Unknown Source)
	at java.util.concurrent.ThreadPoolExecutor$Worker.run(Unknown Source)
	at java.lang.Thread.run(Unknown Source)
Caused by: org.openqa.selenium.NoSuchElementException: no such element (An element could not be located on the page using the given search parameters (ID=&apos;wifi-button&apos;))  (WARNING: The server did not provide any stacktrace information)
Command duration or timeout: 0 milliseconds
For documentation on this error, please visit: https://www.seleniumhq.org/exceptions/no_such_element.html
Build info: version: &apos;3.141.59&apos;, revision: &apos;e82be7d358&apos;, time: &apos;2018-11-14T08:17:03&apos;
System info: host: &apos;DESKTOP-NQRRDTM&apos;, ip: &apos;192.168.8.120&apos;, os.name: &apos;Windows 10&apos;, os.arch: &apos;amd64&apos;, os.version: &apos;10.0&apos;, java.version: &apos;1.8.0_241&apos;
Driver info: io.appium.java_client.ios.IOSDriver
Capabilities {appBuildVersion: , appReleaseVersion: , appiumVersion: 1.8.0, autoAcceptAlerts: false, autoDismissAlerts: false, autoGrantPermissions: false, autoWebview: false, automationName: XCUITest, bundleId: com.martitech.martiscooter...., commandTimeouts: 120000, desired: {automationName: XCUITest, bundleId: com.martitech.martiscooter...., deviceName: iPhone, noReset: false, platformName: iOS, platformVersion: 12, udid: f2f3f5b148d523fa2ded1f4ee1e...}, device.category: PHONE, device.majorVersion: 12, device.manufacture: Apple, device.model: iPhone 5s, device.name: emre iPhone’u, device.os: iOS, device.screenSize: 640x1136, device.serialNumber: f2f3f5b148d523fa2ded1f4ee1e..., device.version: 12.4.8, deviceName: iPhone, deviceUDID: f2f3f5b148d523fa2ded1f4ee1e..., dontGoHomeOnQuit: false, dontStopAppOnReset: false, fullReset: false, install.only.for.update: false, instrumentApp: false, javascriptEnabled: true, keystorePath: ~/.android/debug.keystore, locationServicesAuthorized: false, newSessionWaitTimeout: 600, noReset: false, platform: IOS, platformName: iOS, platformVersion: 12, projectName: , reportDirectory: reports, reportFormat: xml, reportUrl: C:\Users\emre\appiumstudio-..., reservationDuration: 240, takeScreenshots: true, test.type: Mobile, testName: mobile test 10/15/20 03:08 PM, udid: f2f3f5b148d523fa2ded1f4ee1e..., useKeystore: false, waitForDeviceTimeout: 120000}
Session ID: 7755449e-c2c4-44e3-93e4-4d6b3f4d1719
*** Element info: {Using=id, value=wifi-button}
	at sun.reflect.GeneratedConstructorAccessor30.newInstance(Unknown Source)
	at sun.reflect.DelegatingConstructorAccessorImpl.newInstance(Unknown Source)
	at java.lang.reflect.Constructor.newInstance(Unknown Source)
	at org.openqa.selenium.remote.ErrorHandler.createThrowable(ErrorHandler.java:214)
	at org.openqa.selenium.remote.ErrorHandler.throwIfResponseFailed(ErrorHandler.java:166)
	at org.openqa.selenium.remote.http.JsonHttpResponseCodec.reconstructValue(JsonHttpResponseCodec.java:40)
	at org.openqa.selenium.remote.http.AbstractHttpResponseCodec.decode(AbstractHttpResponseCodec.java:80)
	at org.openqa.selenium.remote.http.AbstractHttpResponseCodec.decode(AbstractHttpResponseCodec.java:44)
	at org.openqa.selenium.remote.HttpCommandExecutor.execute(HttpCommandExecutor.java:158)
	at io.appium.java_client.remote.AppiumCommandExecutor.execute(AppiumCommandExecutor.java:239)
	at org.openqa.selenium.remote.RemoteWebDriver.execute(RemoteWebDriver.java:552)
	at io.appium.java_client.DefaultGenericMobileDriver.execute(DefaultGenericMobileDriver.java:41)
	at io.appium.java_client.AppiumDriver.execute(AppiumDriver.java:1)
	at io.appium.java_client.ios.IOSDriver.execute(IOSDriver.java:1)
	at org.openqa.selenium.remote.RemoteWebDriver.findElement(RemoteWebDriver.java:323)
	at io.appium.java_client.DefaultGenericMobileDriver.findElement(DefaultGenericMobileDriver.java:61)
	at io.appium.java_client.AppiumDriver.findElement(AppiumDriver.java:1)
	at io.appium.java_client.ios.IOSDriver.findElement(IOSDriver.java:1)
	at org.openqa.selenium.remote.RemoteWebDriver.findElementById(RemoteWebDriver.java:372)
	at io.appium.java_client.DefaultGenericMobileDriver.findElementById(DefaultGenericMobileDriver.java:69)
	at io.appium.java_client.AppiumDriver.findElementById(AppiumDriver.java:1)
	at io.appium.java_client.ios.IOSDriver.findElementById(IOSDriver.java:1)
	at org.openqa.selenium.By$ById.findElement(By.java:188)
	at org.openqa.selenium.remote.RemoteWebDriver.findElement(RemoteWebDriver.java:315)
	at io.appium.java_client.DefaultGenericMobileDriver.findElement(DefaultGenericMobileDriver.java:57)
	at io.appium.java_client.AppiumDriver.findElement(AppiumDriver.java:1)
	at io.appium.java_client.ios.IOSDriver.findElement(IOSDriver.java:1)
	at org.openqa.selenium.support.ui.ExpectedConditions$7.apply(ExpectedConditions.java:205)
	at org.openqa.selenium.support.ui.ExpectedConditions$7.apply(ExpectedConditions.java:201)
	at org.openqa.selenium.support.ui.ExpectedConditions$22.apply(ExpectedConditions.java:641)
	at org.openqa.selenium.support.ui.ExpectedConditions$22.apply(ExpectedConditions.java:638)
	at org.openqa.selenium.support.ui.FluentWait.until(FluentWait.java:249)
	... 18 more
</pre></div></td>
<td>230</td>
<td>tests.ios.ride.Surus@4f063c0a</td></tr>
<tr>
<td title='tests.ios.ride.Surus.TC_045_Ceza_Kurallarina_Erisim()'><b>TC_045_Ceza_Kurallarina_Erisim</b><br>Test class: tests.ios.ride.Surus</td>
<td><div><pre>org.openqa.selenium.TimeoutException: Expected condition failed: waiting for element to be clickable: By.className: UIATextField (tried for 30 second(s) with 500 milliseconds interval)
	at org.openqa.selenium.support.ui.WebDriverWait.timeoutException(WebDriverWait.java:95)
	at org.openqa.selenium.support.ui.FluentWait.until(FluentWait.java:272)
	at utilities.PageBaseIos.waitClickable(PageBaseIos.java:81)
	at utilities.PageBaseIos.writeText(PageBaseIos.java:146)
	at pages.ios.ride.pageGirisEkrani.Giris_Basarili(pageGirisEkrani.java:143)
	at tests.ios.ride.Surus.TC_045_Ceza_Kurallarina_Erisim(Surus.java:430)
	at java.util.concurrent.ThreadPoolExecutor.runWorker(Unknown Source)
	at java.util.concurrent.ThreadPoolExecutor$Worker.run(Unknown Source)
	at java.lang.Thread.run(Unknown Source)
Caused by: org.openqa.selenium.NoSuchElementException: no such element (An element could not be located on the page using the given search parameters (CLASS_NAME=&apos;UIATextField&apos;))  (WARNING: The server did not provide any stacktrace information)
Command duration or timeout: 0 milliseconds
For documentation on this error, please visit: https://www.seleniumhq.org/exceptions/no_such_element.html
Build info: version: &apos;3.141.59&apos;, revision: &apos;e82be7d358&apos;, time: &apos;2018-11-14T08:17:03&apos;
System info: host: &apos;DESKTOP-NQRRDTM&apos;, ip: &apos;192.168.8.120&apos;, os.name: &apos;Windows 10&apos;, os.arch: &apos;amd64&apos;, os.version: &apos;10.0&apos;, java.version: &apos;1.8.0_241&apos;
Driver info: io.appium.java_client.ios.IOSDriver
Capabilities {appBuildVersion: , appReleaseVersion: , appiumVersion: 1.8.0, autoAcceptAlerts: false, autoDismissAlerts: false, autoGrantPermissions: false, autoWebview: false, automationName: XCUITest, bundleId: com.martitech.martiscooter...., commandTimeouts: 120000, desired: {automationName: XCUITest, bundleId: com.martitech.martiscooter...., deviceName: iPhone, noReset: false, platformName: iOS, platformVersion: 12, udid: f2f3f5b148d523fa2ded1f4ee1e...}, device.category: PHONE, device.majorVersion: 12, device.manufacture: Apple, device.model: iPhone 5s, device.name: emre iPhone’u, device.os: iOS, device.screenSize: 640x1136, device.serialNumber: f2f3f5b148d523fa2ded1f4ee1e..., device.version: 12.4.8, deviceName: iPhone, deviceUDID: f2f3f5b148d523fa2ded1f4ee1e..., dontGoHomeOnQuit: false, dontStopAppOnReset: false, fullReset: false, install.only.for.update: false, instrumentApp: false, javascriptEnabled: true, keystorePath: ~/.android/debug.keystore, locationServicesAuthorized: false, newSessionWaitTimeout: 600, noReset: false, platform: IOS, platformName: iOS, platformVersion: 12, projectName: , reportDirectory: reports, reportFormat: xml, reportUrl: C:\Users\emre\appiumstudio-..., reservationDuration: 240, takeScreenshots: true, test.type: Mobile, testName: mobile test 10/15/20 03:12 PM, udid: f2f3f5b148d523fa2ded1f4ee1e..., useKeystore: false, waitForDeviceTimeout: 120000}
Session ID: b25b602c-d445-420f-80a5-85b1d485dc88
*** Element info: {Using=class name, value=UIATextField}
	at org.openqa.selenium.remote.ErrorHandler.createThrowable(ErrorHandler.java:214)
	at org.openqa.selenium.remote.ErrorHandler.throwIfResponseFailed(ErrorHandler.java:166)
	at org.openqa.selenium.remote.http.JsonHttpResponseCodec.reconstructValue(JsonHttpResponseCodec.java:40)
	at org.openqa.selenium.remote.http.AbstractHttpResponseCodec.decode(AbstractHttpResponseCodec.java:80)
	at org.openqa.selenium.remote.http.AbstractHttpResponseCodec.decode(AbstractHttpResponseCodec.java:44)
	at org.openqa.selenium.remote.HttpCommandExecutor.execute(HttpCommandExecutor.java:158)
	at io.appium.java_client.remote.AppiumCommandExecutor.execute(AppiumCommandExecutor.java:239)
	at org.openqa.selenium.remote.RemoteWebDriver.execute(RemoteWebDriver.java:552)
	at io.appium.java_client.DefaultGenericMobileDriver.execute(DefaultGenericMobileDriver.java:41)
	at io.appium.java_client.AppiumDriver.execute(AppiumDriver.java:1)
	at io.appium.java_client.ios.IOSDriver.execute(IOSDriver.java:1)
	at org.openqa.selenium.remote.RemoteWebDriver.findElement(RemoteWebDriver.java:323)
	at io.appium.java_client.DefaultGenericMobileDriver.findElement(DefaultGenericMobileDriver.java:61)
	at io.appium.java_client.AppiumDriver.findElement(AppiumDriver.java:1)
	at io.appium.java_client.ios.IOSDriver.findElement(IOSDriver.java:1)
	at org.openqa.selenium.remote.RemoteWebDriver.findElementByClassName(RemoteWebDriver.java:412)
	at io.appium.java_client.DefaultGenericMobileDriver.findElementByClassName(DefaultGenericMobileDriver.java:125)
	at io.appium.java_client.AppiumDriver.findElementByClassName(AppiumDriver.java:1)
	at io.appium.java_client.ios.IOSDriver.findElementByClassName(IOSDriver.java:1)
	at org.openqa.selenium.By$ByClassName.findElement(By.java:389)
	at org.openqa.selenium.remote.RemoteWebDriver.findElement(RemoteWebDriver.java:315)
	at io.appium.java_client.DefaultGenericMobileDriver.findElement(DefaultGenericMobileDriver.java:57)
	at io.appium.java_client.AppiumDriver.findElement(AppiumDriver.java:1)
	at io.appium.java_client.ios.IOSDriver.findElement(IOSDriver.java:1)
	at org.openqa.selenium.support.ui.ExpectedConditions$7.apply(ExpectedConditions.java:205)
	at org.openqa.selenium.support.ui.ExpectedConditions$7.apply(ExpectedConditions.java:201)
	at org.openqa.selenium.support.ui.ExpectedConditions$22.apply(ExpectedConditions.java:641)
	at org.openqa.selenium.support.ui.ExpectedConditions$22.apply(ExpectedConditions.java:638)
	at org.openqa.selenium.support.ui.FluentWait.until(FluentWait.java:249)
	... 17 more
... Removed 13 stack frames</pre></div><a href='#' onClick='toggleBox("stack-trace812343271", this, "Click to show all stack frames", "Click to hide stack frames")'>Click to show all stack frames</a>
<div class='stack-trace' id='stack-trace812343271'><pre>org.openqa.selenium.TimeoutException: Expected condition failed: waiting for element to be clickable: By.className: UIATextField (tried for 30 second(s) with 500 milliseconds interval)
	at org.openqa.selenium.support.ui.WebDriverWait.timeoutException(WebDriverWait.java:95)
	at org.openqa.selenium.support.ui.FluentWait.until(FluentWait.java:272)
	at utilities.PageBaseIos.waitClickable(PageBaseIos.java:81)
	at utilities.PageBaseIos.writeText(PageBaseIos.java:146)
	at pages.ios.ride.pageGirisEkrani.Giris_Basarili(pageGirisEkrani.java:143)
	at tests.ios.ride.Surus.TC_045_Ceza_Kurallarina_Erisim(Surus.java:430)
	at sun.reflect.NativeMethodAccessorImpl.invoke0(Native Method)
	at sun.reflect.NativeMethodAccessorImpl.invoke(Unknown Source)
	at sun.reflect.DelegatingMethodAccessorImpl.invoke(Unknown Source)
	at java.lang.reflect.Method.invoke(Unknown Source)
	at org.testng.internal.MethodInvocationHelper.invokeMethod(MethodInvocationHelper.java:124)
	at org.testng.internal.Invoker.invokeMethod(Invoker.java:583)
	at org.testng.internal.Invoker.invokeTestMethod(Invoker.java:719)
	at org.testng.internal.Invoker.invokeTestMethods(Invoker.java:989)
	at org.testng.internal.TestMethodWorker.invokeTestMethods(TestMethodWorker.java:125)
	at org.testng.internal.TestMethodWorker.run(TestMethodWorker.java:109)
	at java.util.concurrent.ThreadPoolExecutor.runWorker(Unknown Source)
	at java.util.concurrent.ThreadPoolExecutor$Worker.run(Unknown Source)
	at java.lang.Thread.run(Unknown Source)
Caused by: org.openqa.selenium.NoSuchElementException: no such element (An element could not be located on the page using the given search parameters (CLASS_NAME=&apos;UIATextField&apos;))  (WARNING: The server did not provide any stacktrace information)
Command duration or timeout: 0 milliseconds
For documentation on this error, please visit: https://www.seleniumhq.org/exceptions/no_such_element.html
Build info: version: &apos;3.141.59&apos;, revision: &apos;e82be7d358&apos;, time: &apos;2018-11-14T08:17:03&apos;
System info: host: &apos;DESKTOP-NQRRDTM&apos;, ip: &apos;192.168.8.120&apos;, os.name: &apos;Windows 10&apos;, os.arch: &apos;amd64&apos;, os.version: &apos;10.0&apos;, java.version: &apos;1.8.0_241&apos;
Driver info: io.appium.java_client.ios.IOSDriver
Capabilities {appBuildVersion: , appReleaseVersion: , appiumVersion: 1.8.0, autoAcceptAlerts: false, autoDismissAlerts: false, autoGrantPermissions: false, autoWebview: false, automationName: XCUITest, bundleId: com.martitech.martiscooter...., commandTimeouts: 120000, desired: {automationName: XCUITest, bundleId: com.martitech.martiscooter...., deviceName: iPhone, noReset: false, platformName: iOS, platformVersion: 12, udid: f2f3f5b148d523fa2ded1f4ee1e...}, device.category: PHONE, device.majorVersion: 12, device.manufacture: Apple, device.model: iPhone 5s, device.name: emre iPhone’u, device.os: iOS, device.screenSize: 640x1136, device.serialNumber: f2f3f5b148d523fa2ded1f4ee1e..., device.version: 12.4.8, deviceName: iPhone, deviceUDID: f2f3f5b148d523fa2ded1f4ee1e..., dontGoHomeOnQuit: false, dontStopAppOnReset: false, fullReset: false, install.only.for.update: false, instrumentApp: false, javascriptEnabled: true, keystorePath: ~/.android/debug.keystore, locationServicesAuthorized: false, newSessionWaitTimeout: 600, noReset: false, platform: IOS, platformName: iOS, platformVersion: 12, projectName: , reportDirectory: reports, reportFormat: xml, reportUrl: C:\Users\emre\appiumstudio-..., reservationDuration: 240, takeScreenshots: true, test.type: Mobile, testName: mobile test 10/15/20 03:12 PM, udid: f2f3f5b148d523fa2ded1f4ee1e..., useKeystore: false, waitForDeviceTimeout: 120000}
Session ID: b25b602c-d445-420f-80a5-85b1d485dc88
*** Element info: {Using=class name, value=UIATextField}
	at sun.reflect.GeneratedConstructorAccessor30.newInstance(Unknown Source)
	at sun.reflect.DelegatingConstructorAccessorImpl.newInstance(Unknown Source)
	at java.lang.reflect.Constructor.newInstance(Unknown Source)
	at org.openqa.selenium.remote.ErrorHandler.createThrowable(ErrorHandler.java:214)
	at org.openqa.selenium.remote.ErrorHandler.throwIfResponseFailed(ErrorHandler.java:166)
	at org.openqa.selenium.remote.http.JsonHttpResponseCodec.reconstructValue(JsonHttpResponseCodec.java:40)
	at org.openqa.selenium.remote.http.AbstractHttpResponseCodec.decode(AbstractHttpResponseCodec.java:80)
	at org.openqa.selenium.remote.http.AbstractHttpResponseCodec.decode(AbstractHttpResponseCodec.java:44)
	at org.openqa.selenium.remote.HttpCommandExecutor.execute(HttpCommandExecutor.java:158)
	at io.appium.java_client.remote.AppiumCommandExecutor.execute(AppiumCommandExecutor.java:239)
	at org.openqa.selenium.remote.RemoteWebDriver.execute(RemoteWebDriver.java:552)
	at io.appium.java_client.DefaultGenericMobileDriver.execute(DefaultGenericMobileDriver.java:41)
	at io.appium.java_client.AppiumDriver.execute(AppiumDriver.java:1)
	at io.appium.java_client.ios.IOSDriver.execute(IOSDriver.java:1)
	at org.openqa.selenium.remote.RemoteWebDriver.findElement(RemoteWebDriver.java:323)
	at io.appium.java_client.DefaultGenericMobileDriver.findElement(DefaultGenericMobileDriver.java:61)
	at io.appium.java_client.AppiumDriver.findElement(AppiumDriver.java:1)
	at io.appium.java_client.ios.IOSDriver.findElement(IOSDriver.java:1)
	at org.openqa.selenium.remote.RemoteWebDriver.findElementByClassName(RemoteWebDriver.java:412)
	at io.appium.java_client.DefaultGenericMobileDriver.findElementByClassName(DefaultGenericMobileDriver.java:125)
	at io.appium.java_client.AppiumDriver.findElementByClassName(AppiumDriver.java:1)
	at io.appium.java_client.ios.IOSDriver.findElementByClassName(IOSDriver.java:1)
	at org.openqa.selenium.By$ByClassName.findElement(By.java:389)
	at org.openqa.selenium.remote.RemoteWebDriver.findElement(RemoteWebDriver.java:315)
	at io.appium.java_client.DefaultGenericMobileDriver.findElement(DefaultGenericMobileDriver.java:57)
	at io.appium.java_client.AppiumDriver.findElement(AppiumDriver.java:1)
	at io.appium.java_client.ios.IOSDriver.findElement(IOSDriver.java:1)
	at org.openqa.selenium.support.ui.ExpectedConditions$7.apply(ExpectedConditions.java:205)
	at org.openqa.selenium.support.ui.ExpectedConditions$7.apply(ExpectedConditions.java:201)
	at org.openqa.selenium.support.ui.ExpectedConditions$22.apply(ExpectedConditions.java:641)
	at org.openqa.selenium.support.ui.ExpectedConditions$22.apply(ExpectedConditions.java:638)
	at org.openqa.selenium.support.ui.FluentWait.until(FluentWait.java:249)
	... 17 more
</pre></div></td>
<td>57</td>
<td>tests.ios.ride.Surus@4f063c0a</td></tr>
<tr>
<td title='tests.ios.ride.Menu.TC_055_Kredi_Karti_Ekleme_Basarisiz()'><b>TC_055_Kredi_Karti_Ekleme_Basarisiz</b><br>Test class: tests.ios.ride.Menu</td>
<td><div><pre>org.openqa.selenium.TimeoutException: Expected condition failed: waiting for element to be clickable: By.id: Lütfen kredi kartı bilgilerini kontrol et. (tried for 30 second(s) with 500 milliseconds interval)
	at org.openqa.selenium.support.ui.WebDriverWait.timeoutException(WebDriverWait.java:95)
	at org.openqa.selenium.support.ui.FluentWait.until(FluentWait.java:272)
	at utilities.PageBaseIos.waitClickable(PageBaseIos.java:81)
	at utilities.PageBaseIos.readText(PageBaseIos.java:180)
	at utilities.PageBaseIos.assertEquals(PageBaseIos.java:218)
	at pages.ios.ride.pageMenu.Kredi_Karti_Ekleme_Basarisiz(pageMenu.java:261)
	at tests.ios.ride.Menu.TC_055_Kredi_Karti_Ekleme_Basarisiz(Menu.java:171)
	at java.util.concurrent.ThreadPoolExecutor.runWorker(Unknown Source)
	at java.util.concurrent.ThreadPoolExecutor$Worker.run(Unknown Source)
	at java.lang.Thread.run(Unknown Source)
Caused by: org.openqa.selenium.NoSuchElementException: no such element (An element could not be located on the page using the given search parameters (ID=&apos;Lütfen kredi kartı bilgilerini kontrol et.&apos;))  (WARNING: The server did not provide any stacktrace information)
Command duration or timeout: 0 milliseconds
For documentation on this error, please visit: https://www.seleniumhq.org/exceptions/no_such_element.html
Build info: version: &apos;3.141.59&apos;, revision: &apos;e82be7d358&apos;, time: &apos;2018-11-14T08:17:03&apos;
System info: host: &apos;DESKTOP-NQRRDTM&apos;, ip: &apos;192.168.8.120&apos;, os.name: &apos;Windows 10&apos;, os.arch: &apos;amd64&apos;, os.version: &apos;10.0&apos;, java.version: &apos;1.8.0_241&apos;
Driver info: io.appium.java_client.ios.IOSDriver
Capabilities {appBuildVersion: , appReleaseVersion: , appiumVersion: 1.8.0, autoAcceptAlerts: false, autoDismissAlerts: false, autoGrantPermissions: false, autoWebview: false, automationName: XCUITest, bundleId: com.martitech.martiscooter...., commandTimeouts: 120000, desired: {automationName: XCUITest, bundleId: com.martitech.martiscooter...., deviceName: iPhone, noReset: false, platformName: iOS, platformVersion: 12, udid: f2f3f5b148d523fa2ded1f4ee1e...}, device.category: PHONE, device.majorVersion: 12, device.manufacture: Apple, device.model: iPhone 5s, device.name: emre iPhone’u, device.os: iOS, device.screenSize: 640x1136, device.serialNumber: f2f3f5b148d523fa2ded1f4ee1e..., device.version: 12.4.8, deviceName: iPhone, deviceUDID: f2f3f5b148d523fa2ded1f4ee1e..., dontGoHomeOnQuit: false, dontStopAppOnReset: false, fullReset: false, install.only.for.update: false, instrumentApp: false, javascriptEnabled: true, keystorePath: ~/.android/debug.keystore, locationServicesAuthorized: false, newSessionWaitTimeout: 600, noReset: false, platform: IOS, platformName: iOS, platformVersion: 12, projectName: , reportDirectory: reports, reportFormat: xml, reportUrl: C:\Users\emre\appiumstudio-..., reservationDuration: 240, takeScreenshots: true, test.type: Mobile, testName: mobile test 10/15/20 03:23 PM, udid: f2f3f5b148d523fa2ded1f4ee1e..., useKeystore: false, waitForDeviceTimeout: 120000}
Session ID: 97d53df1-ad55-49df-b501-fe7f2f17ad50
*** Element info: {Using=id, value=Lütfen kredi kartı bilgilerini kontrol et.}
	at org.openqa.selenium.remote.ErrorHandler.createThrowable(ErrorHandler.java:214)
	at org.openqa.selenium.remote.ErrorHandler.throwIfResponseFailed(ErrorHandler.java:166)
	at org.openqa.selenium.remote.http.JsonHttpResponseCodec.reconstructValue(JsonHttpResponseCodec.java:40)
	at org.openqa.selenium.remote.http.AbstractHttpResponseCodec.decode(AbstractHttpResponseCodec.java:80)
	at org.openqa.selenium.remote.http.AbstractHttpResponseCodec.decode(AbstractHttpResponseCodec.java:44)
	at org.openqa.selenium.remote.HttpCommandExecutor.execute(HttpCommandExecutor.java:158)
	at io.appium.java_client.remote.AppiumCommandExecutor.execute(AppiumCommandExecutor.java:239)
	at org.openqa.selenium.remote.RemoteWebDriver.execute(RemoteWebDriver.java:552)
	at io.appium.java_client.DefaultGenericMobileDriver.execute(DefaultGenericMobileDriver.java:41)
	at io.appium.java_client.AppiumDriver.execute(AppiumDriver.java:1)
	at io.appium.java_client.ios.IOSDriver.execute(IOSDriver.java:1)
	at org.openqa.selenium.remote.RemoteWebDriver.findElement(RemoteWebDriver.java:323)
	at io.appium.java_client.DefaultGenericMobileDriver.findElement(DefaultGenericMobileDriver.java:61)
	at io.appium.java_client.AppiumDriver.findElement(AppiumDriver.java:1)
	at io.appium.java_client.ios.IOSDriver.findElement(IOSDriver.java:1)
	at org.openqa.selenium.remote.RemoteWebDriver.findElementById(RemoteWebDriver.java:372)
	at io.appium.java_client.DefaultGenericMobileDriver.findElementById(DefaultGenericMobileDriver.java:69)
	at io.appium.java_client.AppiumDriver.findElementById(AppiumDriver.java:1)
	at io.appium.java_client.ios.IOSDriver.findElementById(IOSDriver.java:1)
	at org.openqa.selenium.By$ById.findElement(By.java:188)
	at org.openqa.selenium.remote.RemoteWebDriver.findElement(RemoteWebDriver.java:315)
	at io.appium.java_client.DefaultGenericMobileDriver.findElement(DefaultGenericMobileDriver.java:57)
	at io.appium.java_client.AppiumDriver.findElement(AppiumDriver.java:1)
	at io.appium.java_client.ios.IOSDriver.findElement(IOSDriver.java:1)
	at org.openqa.selenium.support.ui.ExpectedConditions$7.apply(ExpectedConditions.java:205)
	at org.openqa.selenium.support.ui.ExpectedConditions$7.apply(ExpectedConditions.java:201)
	at org.openqa.selenium.support.ui.ExpectedConditions$22.apply(ExpectedConditions.java:641)
	at org.openqa.selenium.support.ui.ExpectedConditions$22.apply(ExpectedConditions.java:638)
	at org.openqa.selenium.support.ui.FluentWait.until(FluentWait.java:249)
	... 18 more
... Removed 13 stack frames</pre></div><a href='#' onClick='toggleBox("stack-trace2093267379", this, "Click to show all stack frames", "Click to hide stack frames")'>Click to show all stack frames</a>
<div class='stack-trace' id='stack-trace2093267379'><pre>org.openqa.selenium.TimeoutException: Expected condition failed: waiting for element to be clickable: By.id: Lütfen kredi kartı bilgilerini kontrol et. (tried for 30 second(s) with 500 milliseconds interval)
	at org.openqa.selenium.support.ui.WebDriverWait.timeoutException(WebDriverWait.java:95)
	at org.openqa.selenium.support.ui.FluentWait.until(FluentWait.java:272)
	at utilities.PageBaseIos.waitClickable(PageBaseIos.java:81)
	at utilities.PageBaseIos.readText(PageBaseIos.java:180)
	at utilities.PageBaseIos.assertEquals(PageBaseIos.java:218)
	at pages.ios.ride.pageMenu.Kredi_Karti_Ekleme_Basarisiz(pageMenu.java:261)
	at tests.ios.ride.Menu.TC_055_Kredi_Karti_Ekleme_Basarisiz(Menu.java:171)
	at sun.reflect.NativeMethodAccessorImpl.invoke0(Native Method)
	at sun.reflect.NativeMethodAccessorImpl.invoke(Unknown Source)
	at sun.reflect.DelegatingMethodAccessorImpl.invoke(Unknown Source)
	at java.lang.reflect.Method.invoke(Unknown Source)
	at org.testng.internal.MethodInvocationHelper.invokeMethod(MethodInvocationHelper.java:124)
	at org.testng.internal.Invoker.invokeMethod(Invoker.java:583)
	at org.testng.internal.Invoker.invokeTestMethod(Invoker.java:719)
	at org.testng.internal.Invoker.invokeTestMethods(Invoker.java:989)
	at org.testng.internal.TestMethodWorker.invokeTestMethods(TestMethodWorker.java:125)
	at org.testng.internal.TestMethodWorker.run(TestMethodWorker.java:109)
	at java.util.concurrent.ThreadPoolExecutor.runWorker(Unknown Source)
	at java.util.concurrent.ThreadPoolExecutor$Worker.run(Unknown Source)
	at java.lang.Thread.run(Unknown Source)
Caused by: org.openqa.selenium.NoSuchElementException: no such element (An element could not be located on the page using the given search parameters (ID=&apos;Lütfen kredi kartı bilgilerini kontrol et.&apos;))  (WARNING: The server did not provide any stacktrace information)
Command duration or timeout: 0 milliseconds
For documentation on this error, please visit: https://www.seleniumhq.org/exceptions/no_such_element.html
Build info: version: &apos;3.141.59&apos;, revision: &apos;e82be7d358&apos;, time: &apos;2018-11-14T08:17:03&apos;
System info: host: &apos;DESKTOP-NQRRDTM&apos;, ip: &apos;192.168.8.120&apos;, os.name: &apos;Windows 10&apos;, os.arch: &apos;amd64&apos;, os.version: &apos;10.0&apos;, java.version: &apos;1.8.0_241&apos;
Driver info: io.appium.java_client.ios.IOSDriver
Capabilities {appBuildVersion: , appReleaseVersion: , appiumVersion: 1.8.0, autoAcceptAlerts: false, autoDismissAlerts: false, autoGrantPermissions: false, autoWebview: false, automationName: XCUITest, bundleId: com.martitech.martiscooter...., commandTimeouts: 120000, desired: {automationName: XCUITest, bundleId: com.martitech.martiscooter...., deviceName: iPhone, noReset: false, platformName: iOS, platformVersion: 12, udid: f2f3f5b148d523fa2ded1f4ee1e...}, device.category: PHONE, device.majorVersion: 12, device.manufacture: Apple, device.model: iPhone 5s, device.name: emre iPhone’u, device.os: iOS, device.screenSize: 640x1136, device.serialNumber: f2f3f5b148d523fa2ded1f4ee1e..., device.version: 12.4.8, deviceName: iPhone, deviceUDID: f2f3f5b148d523fa2ded1f4ee1e..., dontGoHomeOnQuit: false, dontStopAppOnReset: false, fullReset: false, install.only.for.update: false, instrumentApp: false, javascriptEnabled: true, keystorePath: ~/.android/debug.keystore, locationServicesAuthorized: false, newSessionWaitTimeout: 600, noReset: false, platform: IOS, platformName: iOS, platformVersion: 12, projectName: , reportDirectory: reports, reportFormat: xml, reportUrl: C:\Users\emre\appiumstudio-..., reservationDuration: 240, takeScreenshots: true, test.type: Mobile, testName: mobile test 10/15/20 03:23 PM, udid: f2f3f5b148d523fa2ded1f4ee1e..., useKeystore: false, waitForDeviceTimeout: 120000}
Session ID: 97d53df1-ad55-49df-b501-fe7f2f17ad50
*** Element info: {Using=id, value=Lütfen kredi kartı bilgilerini kontrol et.}
	at sun.reflect.GeneratedConstructorAccessor30.newInstance(Unknown Source)
	at sun.reflect.DelegatingConstructorAccessorImpl.newInstance(Unknown Source)
	at java.lang.reflect.Constructor.newInstance(Unknown Source)
	at org.openqa.selenium.remote.ErrorHandler.createThrowable(ErrorHandler.java:214)
	at org.openqa.selenium.remote.ErrorHandler.throwIfResponseFailed(ErrorHandler.java:166)
	at org.openqa.selenium.remote.http.JsonHttpResponseCodec.reconstructValue(JsonHttpResponseCodec.java:40)
	at org.openqa.selenium.remote.http.AbstractHttpResponseCodec.decode(AbstractHttpResponseCodec.java:80)
	at org.openqa.selenium.remote.http.AbstractHttpResponseCodec.decode(AbstractHttpResponseCodec.java:44)
	at org.openqa.selenium.remote.HttpCommandExecutor.execute(HttpCommandExecutor.java:158)
	at io.appium.java_client.remote.AppiumCommandExecutor.execute(AppiumCommandExecutor.java:239)
	at org.openqa.selenium.remote.RemoteWebDriver.execute(RemoteWebDriver.java:552)
	at io.appium.java_client.DefaultGenericMobileDriver.execute(DefaultGenericMobileDriver.java:41)
	at io.appium.java_client.AppiumDriver.execute(AppiumDriver.java:1)
	at io.appium.java_client.ios.IOSDriver.execute(IOSDriver.java:1)
	at org.openqa.selenium.remote.RemoteWebDriver.findElement(RemoteWebDriver.java:323)
	at io.appium.java_client.DefaultGenericMobileDriver.findElement(DefaultGenericMobileDriver.java:61)
	at io.appium.java_client.AppiumDriver.findElement(AppiumDriver.java:1)
	at io.appium.java_client.ios.IOSDriver.findElement(IOSDriver.java:1)
	at org.openqa.selenium.remote.RemoteWebDriver.findElementById(RemoteWebDriver.java:372)
	at io.appium.java_client.DefaultGenericMobileDriver.findElementById(DefaultGenericMobileDriver.java:69)
	at io.appium.java_client.AppiumDriver.findElementById(AppiumDriver.java:1)
	at io.appium.java_client.ios.IOSDriver.findElementById(IOSDriver.java:1)
	at org.openqa.selenium.By$ById.findElement(By.java:188)
	at org.openqa.selenium.remote.RemoteWebDriver.findElement(RemoteWebDriver.java:315)
	at io.appium.java_client.DefaultGenericMobileDriver.findElement(DefaultGenericMobileDriver.java:57)
	at io.appium.java_client.AppiumDriver.findElement(AppiumDriver.java:1)
	at io.appium.java_client.ios.IOSDriver.findElement(IOSDriver.java:1)
	at org.openqa.selenium.support.ui.ExpectedConditions$7.apply(ExpectedConditions.java:205)
	at org.openqa.selenium.support.ui.ExpectedConditions$7.apply(ExpectedConditions.java:201)
	at org.openqa.selenium.support.ui.ExpectedConditions$22.apply(ExpectedConditions.java:641)
	at org.openqa.selenium.support.ui.ExpectedConditions$22.apply(ExpectedConditions.java:638)
	at org.openqa.selenium.support.ui.FluentWait.until(FluentWait.java:249)
	... 18 more
</pre></div></td>
<td>85</td>
<td>tests.ios.ride.Menu@1e6d1014</td></tr>
<tr>
<td title='tests.ios.ride.Menu.TC_059_Davet_Kodu_Girme()'><b>TC_059_Davet_Kodu_Girme</b><br>Test class: tests.ios.ride.Menu</td>
<td><div><pre>org.openqa.selenium.TimeoutException: Expected condition failed: waiting for element to be clickable: By.className: UIATextField (tried for 30 second(s) with 500 milliseconds interval)
	at org.openqa.selenium.support.ui.WebDriverWait.timeoutException(WebDriverWait.java:95)
	at org.openqa.selenium.support.ui.FluentWait.until(FluentWait.java:272)
	at utilities.PageBaseIos.waitClickable(PageBaseIos.java:81)
	at utilities.PageBaseIos.writeText(PageBaseIos.java:146)
	at pages.ios.ride.pageMenu.Kupon_Ekleme(pageMenu.java:410)
	at tests.ios.ride.Menu.TC_059_Davet_Kodu_Girme(Menu.java:240)
	at java.util.concurrent.ThreadPoolExecutor.runWorker(Unknown Source)
	at java.util.concurrent.ThreadPoolExecutor$Worker.run(Unknown Source)
	at java.lang.Thread.run(Unknown Source)
Caused by: org.openqa.selenium.NoSuchElementException: no such element (An element could not be located on the page using the given search parameters (CLASS_NAME=&apos;UIATextField&apos;))  (WARNING: The server did not provide any stacktrace information)
Command duration or timeout: 0 milliseconds
For documentation on this error, please visit: https://www.seleniumhq.org/exceptions/no_such_element.html
Build info: version: &apos;3.141.59&apos;, revision: &apos;e82be7d358&apos;, time: &apos;2018-11-14T08:17:03&apos;
System info: host: &apos;DESKTOP-NQRRDTM&apos;, ip: &apos;192.168.8.120&apos;, os.name: &apos;Windows 10&apos;, os.arch: &apos;amd64&apos;, os.version: &apos;10.0&apos;, java.version: &apos;1.8.0_241&apos;
Driver info: io.appium.java_client.ios.IOSDriver
Capabilities {appBuildVersion: , appReleaseVersion: , appiumVersion: 1.8.0, autoAcceptAlerts: false, autoDismissAlerts: false, autoGrantPermissions: false, autoWebview: false, automationName: XCUITest, bundleId: com.martitech.martiscooter...., commandTimeouts: 120000, desired: {automationName: XCUITest, bundleId: com.martitech.martiscooter...., deviceName: iPhone, noReset: false, platformName: iOS, platformVersion: 12, udid: f2f3f5b148d523fa2ded1f4ee1e...}, device.category: PHONE, device.majorVersion: 12, device.manufacture: Apple, device.model: iPhone 5s, device.name: emre iPhone’u, device.os: iOS, device.screenSize: 640x1136, device.serialNumber: f2f3f5b148d523fa2ded1f4ee1e..., device.version: 12.4.8, deviceName: iPhone, deviceUDID: f2f3f5b148d523fa2ded1f4ee1e..., dontGoHomeOnQuit: false, dontStopAppOnReset: false, fullReset: false, install.only.for.update: false, instrumentApp: false, javascriptEnabled: true, keystorePath: ~/.android/debug.keystore, locationServicesAuthorized: false, newSessionWaitTimeout: 600, noReset: false, platform: IOS, platformName: iOS, platformVersion: 12, projectName: , reportDirectory: reports, reportFormat: xml, reportUrl: C:\Users\emre\appiumstudio-..., reservationDuration: 240, takeScreenshots: true, test.type: Mobile, testName: mobile test 10/15/20 03:26 PM, udid: f2f3f5b148d523fa2ded1f4ee1e..., useKeystore: false, waitForDeviceTimeout: 120000}
Session ID: 72f69dfd-deb0-400d-ac0f-6fadf9418c7e
*** Element info: {Using=class name, value=UIATextField}
	at org.openqa.selenium.remote.ErrorHandler.createThrowable(ErrorHandler.java:214)
	at org.openqa.selenium.remote.ErrorHandler.throwIfResponseFailed(ErrorHandler.java:166)
	at org.openqa.selenium.remote.http.JsonHttpResponseCodec.reconstructValue(JsonHttpResponseCodec.java:40)
	at org.openqa.selenium.remote.http.AbstractHttpResponseCodec.decode(AbstractHttpResponseCodec.java:80)
	at org.openqa.selenium.remote.http.AbstractHttpResponseCodec.decode(AbstractHttpResponseCodec.java:44)
	at org.openqa.selenium.remote.HttpCommandExecutor.execute(HttpCommandExecutor.java:158)
	at io.appium.java_client.remote.AppiumCommandExecutor.execute(AppiumCommandExecutor.java:239)
	at org.openqa.selenium.remote.RemoteWebDriver.execute(RemoteWebDriver.java:552)
	at io.appium.java_client.DefaultGenericMobileDriver.execute(DefaultGenericMobileDriver.java:41)
	at io.appium.java_client.AppiumDriver.execute(AppiumDriver.java:1)
	at io.appium.java_client.ios.IOSDriver.execute(IOSDriver.java:1)
	at org.openqa.selenium.remote.RemoteWebDriver.findElement(RemoteWebDriver.java:323)
	at io.appium.java_client.DefaultGenericMobileDriver.findElement(DefaultGenericMobileDriver.java:61)
	at io.appium.java_client.AppiumDriver.findElement(AppiumDriver.java:1)
	at io.appium.java_client.ios.IOSDriver.findElement(IOSDriver.java:1)
	at org.openqa.selenium.remote.RemoteWebDriver.findElementByClassName(RemoteWebDriver.java:412)
	at io.appium.java_client.DefaultGenericMobileDriver.findElementByClassName(DefaultGenericMobileDriver.java:125)
	at io.appium.java_client.AppiumDriver.findElementByClassName(AppiumDriver.java:1)
	at io.appium.java_client.ios.IOSDriver.findElementByClassName(IOSDriver.java:1)
	at org.openqa.selenium.By$ByClassName.findElement(By.java:389)
	at org.openqa.selenium.remote.RemoteWebDriver.findElement(RemoteWebDriver.java:315)
	at io.appium.java_client.DefaultGenericMobileDriver.findElement(DefaultGenericMobileDriver.java:57)
	at io.appium.java_client.AppiumDriver.findElement(AppiumDriver.java:1)
	at io.appium.java_client.ios.IOSDriver.findElement(IOSDriver.java:1)
	at org.openqa.selenium.support.ui.ExpectedConditions$7.apply(ExpectedConditions.java:205)
	at org.openqa.selenium.support.ui.ExpectedConditions$7.apply(ExpectedConditions.java:201)
	at org.openqa.selenium.support.ui.ExpectedConditions$22.apply(ExpectedConditions.java:641)
	at org.openqa.selenium.support.ui.ExpectedConditions$22.apply(ExpectedConditions.java:638)
	at org.openqa.selenium.support.ui.FluentWait.until(FluentWait.java:249)
	... 17 more
... Removed 13 stack frames</pre></div><a href='#' onClick='toggleBox("stack-trace589004549", this, "Click to show all stack frames", "Click to hide stack frames")'>Click to show all stack frames</a>
<div class='stack-trace' id='stack-trace589004549'><pre>org.openqa.selenium.TimeoutException: Expected condition failed: waiting for element to be clickable: By.className: UIATextField (tried for 30 second(s) with 500 milliseconds interval)
	at org.openqa.selenium.support.ui.WebDriverWait.timeoutException(WebDriverWait.java:95)
	at org.openqa.selenium.support.ui.FluentWait.until(FluentWait.java:272)
	at utilities.PageBaseIos.waitClickable(PageBaseIos.java:81)
	at utilities.PageBaseIos.writeText(PageBaseIos.java:146)
	at pages.ios.ride.pageMenu.Kupon_Ekleme(pageMenu.java:410)
	at tests.ios.ride.Menu.TC_059_Davet_Kodu_Girme(Menu.java:240)
	at sun.reflect.NativeMethodAccessorImpl.invoke0(Native Method)
	at sun.reflect.NativeMethodAccessorImpl.invoke(Unknown Source)
	at sun.reflect.DelegatingMethodAccessorImpl.invoke(Unknown Source)
	at java.lang.reflect.Method.invoke(Unknown Source)
	at org.testng.internal.MethodInvocationHelper.invokeMethod(MethodInvocationHelper.java:124)
	at org.testng.internal.Invoker.invokeMethod(Invoker.java:583)
	at org.testng.internal.Invoker.invokeTestMethod(Invoker.java:719)
	at org.testng.internal.Invoker.invokeTestMethods(Invoker.java:989)
	at org.testng.internal.TestMethodWorker.invokeTestMethods(TestMethodWorker.java:125)
	at org.testng.internal.TestMethodWorker.run(TestMethodWorker.java:109)
	at java.util.concurrent.ThreadPoolExecutor.runWorker(Unknown Source)
	at java.util.concurrent.ThreadPoolExecutor$Worker.run(Unknown Source)
	at java.lang.Thread.run(Unknown Source)
Caused by: org.openqa.selenium.NoSuchElementException: no such element (An element could not be located on the page using the given search parameters (CLASS_NAME=&apos;UIATextField&apos;))  (WARNING: The server did not provide any stacktrace information)
Command duration or timeout: 0 milliseconds
For documentation on this error, please visit: https://www.seleniumhq.org/exceptions/no_such_element.html
Build info: version: &apos;3.141.59&apos;, revision: &apos;e82be7d358&apos;, time: &apos;2018-11-14T08:17:03&apos;
System info: host: &apos;DESKTOP-NQRRDTM&apos;, ip: &apos;192.168.8.120&apos;, os.name: &apos;Windows 10&apos;, os.arch: &apos;amd64&apos;, os.version: &apos;10.0&apos;, java.version: &apos;1.8.0_241&apos;
Driver info: io.appium.java_client.ios.IOSDriver
Capabilities {appBuildVersion: , appReleaseVersion: , appiumVersion: 1.8.0, autoAcceptAlerts: false, autoDismissAlerts: false, autoGrantPermissions: false, autoWebview: false, automationName: XCUITest, bundleId: com.martitech.martiscooter...., commandTimeouts: 120000, desired: {automationName: XCUITest, bundleId: com.martitech.martiscooter...., deviceName: iPhone, noReset: false, platformName: iOS, platformVersion: 12, udid: f2f3f5b148d523fa2ded1f4ee1e...}, device.category: PHONE, device.majorVersion: 12, device.manufacture: Apple, device.model: iPhone 5s, device.name: emre iPhone’u, device.os: iOS, device.screenSize: 640x1136, device.serialNumber: f2f3f5b148d523fa2ded1f4ee1e..., device.version: 12.4.8, deviceName: iPhone, deviceUDID: f2f3f5b148d523fa2ded1f4ee1e..., dontGoHomeOnQuit: false, dontStopAppOnReset: false, fullReset: false, install.only.for.update: false, instrumentApp: false, javascriptEnabled: true, keystorePath: ~/.android/debug.keystore, locationServicesAuthorized: false, newSessionWaitTimeout: 600, noReset: false, platform: IOS, platformName: iOS, platformVersion: 12, projectName: , reportDirectory: reports, reportFormat: xml, reportUrl: C:\Users\emre\appiumstudio-..., reservationDuration: 240, takeScreenshots: true, test.type: Mobile, testName: mobile test 10/15/20 03:26 PM, udid: f2f3f5b148d523fa2ded1f4ee1e..., useKeystore: false, waitForDeviceTimeout: 120000}
Session ID: 72f69dfd-deb0-400d-ac0f-6fadf9418c7e
*** Element info: {Using=class name, value=UIATextField}
	at sun.reflect.GeneratedConstructorAccessor30.newInstance(Unknown Source)
	at sun.reflect.DelegatingConstructorAccessorImpl.newInstance(Unknown Source)
	at java.lang.reflect.Constructor.newInstance(Unknown Source)
	at org.openqa.selenium.remote.ErrorHandler.createThrowable(ErrorHandler.java:214)
	at org.openqa.selenium.remote.ErrorHandler.throwIfResponseFailed(ErrorHandler.java:166)
	at org.openqa.selenium.remote.http.JsonHttpResponseCodec.reconstructValue(JsonHttpResponseCodec.java:40)
	at org.openqa.selenium.remote.http.AbstractHttpResponseCodec.decode(AbstractHttpResponseCodec.java:80)
	at org.openqa.selenium.remote.http.AbstractHttpResponseCodec.decode(AbstractHttpResponseCodec.java:44)
	at org.openqa.selenium.remote.HttpCommandExecutor.execute(HttpCommandExecutor.java:158)
	at io.appium.java_client.remote.AppiumCommandExecutor.execute(AppiumCommandExecutor.java:239)
	at org.openqa.selenium.remote.RemoteWebDriver.execute(RemoteWebDriver.java:552)
	at io.appium.java_client.DefaultGenericMobileDriver.execute(DefaultGenericMobileDriver.java:41)
	at io.appium.java_client.AppiumDriver.execute(AppiumDriver.java:1)
	at io.appium.java_client.ios.IOSDriver.execute(IOSDriver.java:1)
	at org.openqa.selenium.remote.RemoteWebDriver.findElement(RemoteWebDriver.java:323)
	at io.appium.java_client.DefaultGenericMobileDriver.findElement(DefaultGenericMobileDriver.java:61)
	at io.appium.java_client.AppiumDriver.findElement(AppiumDriver.java:1)
	at io.appium.java_client.ios.IOSDriver.findElement(IOSDriver.java:1)
	at org.openqa.selenium.remote.RemoteWebDriver.findElementByClassName(RemoteWebDriver.java:412)
	at io.appium.java_client.DefaultGenericMobileDriver.findElementByClassName(DefaultGenericMobileDriver.java:125)
	at io.appium.java_client.AppiumDriver.findElementByClassName(AppiumDriver.java:1)
	at io.appium.java_client.ios.IOSDriver.findElementByClassName(IOSDriver.java:1)
	at org.openqa.selenium.By$ByClassName.findElement(By.java:389)
	at org.openqa.selenium.remote.RemoteWebDriver.findElement(RemoteWebDriver.java:315)
	at io.appium.java_client.DefaultGenericMobileDriver.findElement(DefaultGenericMobileDriver.java:57)
	at io.appium.java_client.AppiumDriver.findElement(AppiumDriver.java:1)
	at io.appium.java_client.ios.IOSDriver.findElement(IOSDriver.java:1)
	at org.openqa.selenium.support.ui.ExpectedConditions$7.apply(ExpectedConditions.java:205)
	at org.openqa.selenium.support.ui.ExpectedConditions$7.apply(ExpectedConditions.java:201)
	at org.openqa.selenium.support.ui.ExpectedConditions$22.apply(ExpectedConditions.java:641)
	at org.openqa.selenium.support.ui.ExpectedConditions$22.apply(ExpectedConditions.java:638)
	at org.openqa.selenium.support.ui.FluentWait.until(FluentWait.java:249)
	... 17 more
</pre></div></td>
<td>88</td>
<td>tests.ios.ride.Menu@1e6d1014</td></tr>
</table><p>
<table width='100%' border='1' class='invocation-passed'>
<tr><td colspan='4' align='center'><b>PASSED TESTS</b></td></tr>
<tr><td><b>Test method</b></td>
<td width="30%"><b>Exception</b></td>
<td width="10%"><b>Time (seconds)</b></td>
<td><b>Instance</b></td>
</tr>
<tr>
<td title='tests.ios.ride.Yukleme_Ekrani.TC_002_Uygulama_Baslangici_Basarili()'><b>TC_002_Uygulama_Baslangici_Basarili</b><br>Test class: tests.ios.ride.Yukleme_Ekrani</td>
<td></td>
<td>19</td>
<td>tests.ios.ride.Yukleme_Ekrani@67205a84</td></tr>
<tr>
<td title='tests.ios.ride.Yukleme_Ekrani.TC_004_Oturum_Kontrolu_Basarili()'><b>TC_004_Oturum_Kontrolu_Basarili</b><br>Test class: tests.ios.ride.Yukleme_Ekrani</td>
<td></td>
<td>37</td>
<td>tests.ios.ride.Yukleme_Ekrani@67205a84</td></tr>
<tr>
<td title='tests.ios.ride.Yukleme_Ekrani.TC_005_Surus_Kontrolu()'><b>TC_005_Surus_Kontrolu</b><br>Test class: tests.ios.ride.Yukleme_Ekrani</td>
<td></td>
<td>61</td>
<td>tests.ios.ride.Yukleme_Ekrani@67205a84</td></tr>
<tr>
<td title='tests.ios.ride.Yukleme_Ekrani.TC_007_Tckn_Kontrolu()'><b>TC_007_Tckn_Kontrolu</b><br>Test class: tests.ios.ride.Yukleme_Ekrani</td>
<td></td>
<td>29</td>
<td>tests.ios.ride.Yukleme_Ekrani@67205a84</td></tr>
<tr>
<td title='tests.ios.ride.Yukleme_Ekrani.TC_009_Dinamik_Bildirim_Kontrolu()'><b>TC_009_Dinamik_Bildirim_Kontrolu</b><br>Test class: tests.ios.ride.Yukleme_Ekrani</td>
<td></td>
<td>38</td>
<td>tests.ios.ride.Yukleme_Ekrani@67205a84</td></tr>
<tr>
<td title='tests.ios.ride.Giris_Ekrani.TC_010_Giris_Basarili()'><b>TC_010_Giris_Basarili</b><br>Test class: tests.ios.ride.Giris_Ekrani</td>
<td></td>
<td>33</td>
<td>tests.ios.ride.Giris_Ekrani@7d0587f1</td></tr>
<tr>
<td title='tests.ios.ride.Giris_Ekrani.TC_011_Giris_Basarisiz()'><b>TC_011_Giris_Basarisiz</b><br>Test class: tests.ios.ride.Giris_Ekrani</td>
<td></td>
<td>23</td>
<td>tests.ios.ride.Giris_Ekrani@7d0587f1</td></tr>
<tr>
<td title='tests.ios.ride.Giris_Ekrani.TC_012_Dogrulama_Basarisiz()'><b>TC_012_Dogrulama_Basarisiz</b><br>Test class: tests.ios.ride.Giris_Ekrani</td>
<td></td>
<td>40</td>
<td>tests.ios.ride.Giris_Ekrani@7d0587f1</td></tr>
<tr>
<td title='tests.ios.ride.Giris_Ekrani.TC_013_Tekrar_Kod_Gonder()'><b>TC_013_Tekrar_Kod_Gonder</b><br>Test class: tests.ios.ride.Giris_Ekrani</td>
<td></td>
<td>149</td>
<td>tests.ios.ride.Giris_Ekrani@7d0587f1</td></tr>
<tr>
<td title='tests.ios.ride.Giris_Ekrani.TC_014_Kullanici_Sozlesmesi()'><b>TC_014_Kullanici_Sozlesmesi</b><br>Test class: tests.ios.ride.Giris_Ekrani</td>
<td></td>
<td>78</td>
<td>tests.ios.ride.Giris_Ekrani@7d0587f1</td></tr>
<tr>
<td title='tests.ios.ride.Ana_Ekran.TC_015_Acik_Riza_Hatirlatma_Goster()'><b>TC_015_Acik_Riza_Hatirlatma_Goster</b><br>Test class: tests.ios.ride.Ana_Ekran</td>
<td></td>
<td>61</td>
<td>tests.ios.ride.Ana_Ekran@5d76b067</td></tr>
<tr>
<td title='tests.ios.ride.Ana_Ekran.TC_015_Acik_Riza_Hatirlatma_Gosterme()'><b>TC_015_Acik_Riza_Hatirlatma_Gosterme</b><br>Test class: tests.ios.ride.Ana_Ekran</td>
<td></td>
<td>21</td>
<td>tests.ios.ride.Ana_Ekran@5d76b067</td></tr>
<tr>
<td title='tests.ios.ride.Ana_Ekran.TC_015_Dinamik_Popup_Gosterme_Acik_Riza_Yok()'><b>TC_015_Dinamik_Popup_Gosterme_Acik_Riza_Yok</b><br>Test class: tests.ios.ride.Ana_Ekran</td>
<td></td>
<td>20</td>
<td>tests.ios.ride.Ana_Ekran@5d76b067</td></tr>
<tr>
<td title='tests.ios.ride.Ana_Ekran.TC_015_Dinamik_Popup_Gosterme_Popup_Yok()'><b>TC_015_Dinamik_Popup_Gosterme_Popup_Yok</b><br>Test class: tests.ios.ride.Ana_Ekran</td>
<td></td>
<td>22</td>
<td>tests.ios.ride.Ana_Ekran@5d76b067</td></tr>
<tr>
<td title='tests.ios.ride.Ana_Ekran.TC_016_Surus_Baslat()'><b>TC_016_Surus_Baslat</b><br>Test class: tests.ios.ride.Ana_Ekran</td>
<td></td>
<td>41</td>
<td>tests.ios.ride.Ana_Ekran@5d76b067</td></tr>
<tr>
<td title='tests.ios.ride.Ana_Ekran.TC_017_Tckn_Gecersiz()'><b>TC_017_Tckn_Gecersiz</b><br>Test class: tests.ios.ride.Ana_Ekran</td>
<td></td>
<td>66</td>
<td>tests.ios.ride.Ana_Ekran@5d76b067</td></tr>
<tr>
<td title='tests.ios.ride.Ana_Ekran.TC_018_Odeme_Yontemi_Yok()'><b>TC_018_Odeme_Yontemi_Yok</b><br>Test class: tests.ios.ride.Ana_Ekran</td>
<td></td>
<td>50</td>
<td>tests.ios.ride.Ana_Ekran@5d76b067</td></tr>
<tr>
<td title='tests.ios.ride.Ana_Ekran.TC_020_Surus_Baslatma_Kod_Girisi()'><b>TC_020_Surus_Baslatma_Kod_Girisi</b><br>Test class: tests.ios.ride.Ana_Ekran</td>
<td></td>
<td>44</td>
<td>tests.ios.ride.Ana_Ekran@5d76b067</td></tr>
<tr>
<td title='tests.ios.ride.Ana_Ekran.TC_022_Surus_Baslat_Basarisiz_Martiya_Uzak()'><b>TC_022_Surus_Baslat_Basarisiz_Martiya_Uzak</b><br>Test class: tests.ios.ride.Ana_Ekran</td>
<td></td>
<td>65</td>
<td>tests.ios.ride.Ana_Ekran@5d76b067</td></tr>
<tr>
<td title='tests.ios.ride.Ana_Ekran.TC_023_Daha_Cok_Marti()'><b>TC_023_Daha_Cok_Marti</b><br>Test class: tests.ios.ride.Ana_Ekran</td>
<td></td>
<td>26</td>
<td>tests.ios.ride.Ana_Ekran@5d76b067</td></tr>
<tr>
<td title='tests.ios.ride.Ana_Ekran.TC_028_Bildirimleri_Kontrol_Etme()'><b>TC_028_Bildirimleri_Kontrol_Etme</b><br>Test class: tests.ios.ride.Ana_Ekran</td>
<td></td>
<td>29</td>
<td>tests.ios.ride.Ana_Ekran@5d76b067</td></tr>
<tr>
<td title='tests.ios.ride.Borclar.TC_029_Borclu_Kullanici()'><b>TC_029_Borclu_Kullanici</b><br>Test class: tests.ios.ride.Borclar</td>
<td></td>
<td>40</td>
<td>tests.ios.ride.Borclar@2a17b7b6</td></tr>
<tr>
<td title='tests.ios.ride.Borclar.TC_030_Borclu_Kullanici_Plus_15()'><b>TC_030_Borclu_Kullanici_Plus_15</b><br>Test class: tests.ios.ride.Borclar</td>
<td></td>
<td>60</td>
<td>tests.ios.ride.Borclar@2a17b7b6</td></tr>
<tr>
<td title='tests.ios.ride.Borclar.TC_031_Borc_Odeme()'><b>TC_031_Borc_Odeme</b><br>Test class: tests.ios.ride.Borclar</td>
<td></td>
<td>55</td>
<td>tests.ios.ride.Borclar@2a17b7b6</td></tr>
<tr>
<td title='tests.ios.ride.Borclar.TC_032_Borc_Odeme_Islemi_Basarili()'><b>TC_032_Borc_Odeme_Islemi_Basarili</b><br>Test class: tests.ios.ride.Borclar</td>
<td></td>
<td>64</td>
<td>tests.ios.ride.Borclar@2a17b7b6</td></tr>
<tr>
<td title='tests.ios.ride.Borclar.TC_033_Borc_Odeme_Islemi_Basarisiz()'><b>TC_033_Borc_Odeme_Islemi_Basarisiz</b><br>Test class: tests.ios.ride.Borclar</td>
<td></td>
<td>66</td>
<td>tests.ios.ride.Borclar@2a17b7b6</td></tr>
<tr>
<td title='tests.ios.ride.Surus.TC_034_Surus_Basladi_Kodlu_Kilit()'><b>TC_034_Surus_Basladi_Kodlu_Kilit</b><br>Test class: tests.ios.ride.Surus</td>
<td></td>
<td>75</td>
<td>tests.ios.ride.Surus@4f063c0a</td></tr>
<tr>
<td title='tests.ios.ride.Surus.TC_035_Surus_Baslat()'><b>TC_035_Surus_Baslat</b><br>Test class: tests.ios.ride.Surus</td>
<td></td>
<td>70</td>
<td>tests.ios.ride.Surus@4f063c0a</td></tr>
<tr>
<td title='tests.ios.ride.Surus.TC_036_Nasil_Surulur_Gecilmemis()'><b>TC_036_Nasil_Surulur_Gecilmemis</b><br>Test class: tests.ios.ride.Surus</td>
<td></td>
<td>126</td>
<td>tests.ios.ride.Surus@4f063c0a</td></tr>
<tr>
<td title='tests.ios.ride.Surus.TC_037_Acil_Mudahale()'><b>TC_037_Acil_Mudahale</b><br>Test class: tests.ios.ride.Surus</td>
<td></td>
<td>72</td>
<td>tests.ios.ride.Surus@4f063c0a</td></tr>
<tr>
<td title='tests.ios.ride.Surus.TC_038_Nasil_Surulur()'><b>TC_038_Nasil_Surulur</b><br>Test class: tests.ios.ride.Surus</td>
<td></td>
<td>71</td>
<td>tests.ios.ride.Surus@4f063c0a</td></tr>
<tr>
<td title='tests.ios.ride.Surus.TC_039_Ortalama()'><b>TC_039_Ortalama</b><br>Test class: tests.ios.ride.Surus</td>
<td></td>
<td>82</td>
<td>tests.ios.ride.Surus@4f063c0a</td></tr>
<tr>
<td title='tests.ios.ride.Surus.TC_040_Surus_Bitirme()'><b>TC_040_Surus_Bitirme</b><br>Test class: tests.ios.ride.Surus</td>
<td></td>
<td>111</td>
<td>tests.ios.ride.Surus@4f063c0a</td></tr>
<tr>
<td title='tests.ios.ride.Surus.TC_041_Park_Edilemez_Alan()'><b>TC_041_Park_Edilemez_Alan</b><br>Test class: tests.ios.ride.Surus</td>
<td></td>
<td>102</td>
<td>tests.ios.ride.Surus@4f063c0a</td></tr>
<tr>
<td title='tests.ios.ride.Surus.TC_042_Kilit_Takilmadi()'><b>TC_042_Kilit_Takilmadi</b><br>Test class: tests.ios.ride.Surus</td>
<td></td>
<td>98</td>
<td>tests.ios.ride.Surus@4f063c0a</td></tr>
<tr>
<td title='tests.ios.ride.Surus.TC_046_Odeme_Hatasi()'><b>TC_046_Odeme_Hatasi</b><br>Test class: tests.ios.ride.Surus</td>
<td></td>
<td>84</td>
<td>tests.ios.ride.Surus@4f063c0a</td></tr>
<tr>
<td title='tests.ios.ride.Surus.TC_047_Surus_Bitirme_Basarili()'><b>TC_047_Surus_Bitirme_Basarili</b><br>Test class: tests.ios.ride.Surus</td>
<td></td>
<td>115</td>
<td>tests.ios.ride.Surus@4f063c0a</td></tr>
<tr>
<td title='tests.ios.ride.Menu.TC_050_Profil_Duzenleme()'><b>TC_050_Profil_Duzenleme</b><br>Test class: tests.ios.ride.Menu</td>
<td></td>
<td>61</td>
<td>tests.ios.ride.Menu@1e6d1014</td></tr>
<tr>
<td title='tests.ios.ride.Menu.TC_051_Arkadasini_Davet_Et()'><b>TC_051_Arkadasini_Davet_Et</b><br>Test class: tests.ios.ride.Menu</td>
<td></td>
<td>50</td>
<td>tests.ios.ride.Menu@1e6d1014</td></tr>
<tr>
<td title='tests.ios.ride.Menu.TC_052_Surusleri_Inceleme()'><b>TC_052_Surusleri_Inceleme</b><br>Test class: tests.ios.ride.Menu</td>
<td></td>
<td>34</td>
<td>tests.ios.ride.Menu@1e6d1014</td></tr>
<tr>
<td title='tests.ios.ride.Menu.TC_053_Varsayilan_Kredi_Karti_Degistirme()'><b>TC_053_Varsayilan_Kredi_Karti_Degistirme</b><br>Test class: tests.ios.ride.Menu</td>
<td></td>
<td>23</td>
<td>tests.ios.ride.Menu@1e6d1014</td></tr>
<tr>
<td title='tests.ios.ride.Menu.TC_054_Kredi_Karti_Ekleme_Basarili()'><b>TC_054_Kredi_Karti_Ekleme_Basarili</b><br>Test class: tests.ios.ride.Menu</td>
<td></td>
<td>56</td>
<td>tests.ios.ride.Menu@1e6d1014</td></tr>
<tr>
<td title='tests.ios.ride.Menu.TC_056_Dil_Degistirme()'><b>TC_056_Dil_Degistirme</b><br>Test class: tests.ios.ride.Menu</td>
<td></td>
<td>41</td>
<td>tests.ios.ride.Menu@1e6d1014</td></tr>
<tr>
<td title='tests.ios.ride.Menu.TC_060_Arkadasini_Davet_Etme()'><b>TC_060_Arkadasini_Davet_Etme</b><br>Test class: tests.ios.ride.Menu</td>
<td></td>
<td>73</td>
<td>tests.ios.ride.Menu@1e6d1014</td></tr>
<tr>
<td title='tests.ios.ride.Menu.TC_061_Guvenlik_Dokumanina_Erisim()'><b>TC_061_Guvenlik_Dokumanina_Erisim</b><br>Test class: tests.ios.ride.Menu</td>
<td></td>
<td>46</td>
<td>tests.ios.ride.Menu@1e6d1014</td></tr>
<tr>
<td title='tests.ios.ride.Menu.TC_062_Nasil_Kullanilir_Erisim()'><b>TC_062_Nasil_Kullanilir_Erisim</b><br>Test class: tests.ios.ride.Menu</td>
<td></td>
<td>71</td>
<td>tests.ios.ride.Menu@1e6d1014</td></tr>
<tr>
<td title='tests.ios.ride.Menu.TC_063_Surus_Kurallarina_Erisim()'><b>TC_063_Surus_Kurallarina_Erisim</b><br>Test class: tests.ios.ride.Menu</td>
<td></td>
<td>62</td>
<td>tests.ios.ride.Menu@1e6d1014</td></tr>
<tr>
<td title='tests.ios.ride.Menu.TC_064_Kvkk_Aydinlatma_Metnine_Erisim()'><b>TC_064_Kvkk_Aydinlatma_Metnine_Erisim</b><br>Test class: tests.ios.ride.Menu</td>
<td></td>
<td>44</td>
<td>tests.ios.ride.Menu@1e6d1014</td></tr>
<tr>
<td title='tests.ios.ride.Menu.TC_065_Kullanici_Sozlesmesine_Erisim()'><b>TC_065_Kullanici_Sozlesmesine_Erisim</b><br>Test class: tests.ios.ride.Menu</td>
<td></td>
<td>44</td>
<td>tests.ios.ride.Menu@1e6d1014</td></tr>
<tr>
<td title='tests.ios.ride.Menu.TC_066_Yardim_Dokumanina_Erisim()'><b>TC_066_Yardim_Dokumanina_Erisim</b><br>Test class: tests.ios.ride.Menu</td>
<td></td>
<td>41</td>
<td>tests.ios.ride.Menu@1e6d1014</td></tr>
<tr>
<td title='tests.ios.ride.Menu.TC_067_Cikis()'><b>TC_067_Cikis</b><br>Test class: tests.ios.ride.Menu</td>
<td></td>
<td>39</td>
<td>tests.ios.ride.Menu@1e6d1014</td></tr>
</table><p>
</body>
</html>