<!DOCTYPE html>

<html>
  <head>
  <meta charset='utf-8'>
  <title>TestNG reports</title>

    <link type="text/css" href="testng-reports.css" rel="stylesheet" />
    <script type="text/javascript" src="jquery-1.7.1.min.js"></script>
    <script type="text/javascript" src="testng-reports.js"></script>
    <script type="text/javascript" src="https://www.google.com/jsapi"></script>
    <script type='text/javascript'>
      google.load('visualization', '1', {packages:['table']});
      google.setOnLoadCallback(drawTable);
      var suiteTableInitFunctions = new Array();
      var suiteTableData = new Array();
    </script>
    <!--
      <script type="text/javascript" src="jquery-ui/js/jquery-ui-1.8.16.custom.min.js"></script>
     -->
  </head>

  <body>
    <div class="top-banner-root">
      <span class="top-banner-title-font">Test results</span>
      <br/>
      <span class="top-banner-font-1">1 suite, 2 failed tests</span>
    </div> <!-- top-banner-root -->
    <div class="navigator-root">
      <div class="navigator-suite-header">
        <span>All suites</span>
        <a href="#" class="collapse-all-link" title="Collapse/expand all the suites">
          <img class="collapse-all-icon" src="collapseall.gif">
          </img> <!-- collapse-all-icon -->
        </a> <!-- collapse-all-link -->
      </div> <!-- navigator-suite-header -->
      <div class="suite">
        <div class="rounded-window">
          <div class="suite-header light-rounded-window-top">
            <a href="#" class="navigator-link" panel-name="suite-Web_Suite">
              <span class="suite-name border-failed">Web Suite</span>
            </a> <!-- navigator-link -->
          </div> <!-- suite-header light-rounded-window-top -->
          <div class="navigator-suite-content">
            <div class="suite-section-title">
              <span>Info</span>
            </div> <!-- suite-section-title -->
            <div class="suite-section-content">
              <ul>
                <li>
                  <a href="#" class="navigator-link " panel-name="test-xml-Web_Suite">
                    <span>C:\Users\emre\Desktop\ev evrak\automation_marti_ride_android\src\test\resources\testng.xml</span>
                  </a> <!-- navigator-link  -->
                </li>
                <li>
                  <a href="#" class="navigator-link " panel-name="testlist-Web_Suite">
                    <span class="test-stats">1 test</span>
                  </a> <!-- navigator-link  -->
                </li>
                <li>
                  <a href="#" class="navigator-link " panel-name="group-Web_Suite">
                    <span>0 groups</span>
                  </a> <!-- navigator-link  -->
                </li>
                <li>
                  <a href="#" class="navigator-link " panel-name="times-Web_Suite">
                    <span>Times</span>
                  </a> <!-- navigator-link  -->
                </li>
                <li>
                  <a href="#" class="navigator-link " panel-name="reporter-Web_Suite">
                    <span>Reporter output</span>
                  </a> <!-- navigator-link  -->
                </li>
                <li>
                  <a href="#" class="navigator-link " panel-name="ignored-methods-Web_Suite">
                    <span>Ignored methods</span>
                  </a> <!-- navigator-link  -->
                </li>
                <li>
                  <a href="#" class="navigator-link " panel-name="chronological-Web_Suite">
                    <span>Chronological view</span>
                  </a> <!-- navigator-link  -->
                </li>
              </ul>
            </div> <!-- suite-section-content -->
            <div class="result-section">
              <div class="suite-section-title">
                <span>Results</span>
              </div> <!-- suite-section-title -->
              <div class="suite-section-content">
                <ul>
                  <li>
                    <span class="method-stats">59 methods, 2 failed,  13 skipped,  44 passed</span>
                  </li>
                  <li>
                    <span class="method-list-title failed">Failed methods</span>
                    <span class="show-or-hide-methods failed">
                      <a href="#" panel-name="suite-Web_Suite" class="hide-methods failed suite-Web_Suite"> (hide)</a> <!-- hide-methods failed suite-Web_Suite -->
                      <a href="#" panel-name="suite-Web_Suite" class="show-methods failed suite-Web_Suite"> (show)</a> <!-- show-methods failed suite-Web_Suite -->
                    </span>
                    <div class="method-list-content failed suite-Web_Suite">
                      <span>
                        <img width="3%" src="failed.png"/>
                        <a href="#" class="method navigator-link" panel-name="suite-Web_Suite" title="tests.Ana_Ekran" hash-for-method="TC_016_Surus_Baslat">TC_016_Surus_Baslat</a> <!-- method navigator-link -->
                      </span>
                      <br/>
                      <span>
                        <img width="3%" src="failed.png"/>
                        <a href="#" class="method navigator-link" panel-name="suite-Web_Suite" title="tests.Menu" hash-for-method="TC_066_Yardim_Dokumanina_Erisim">TC_066_Yardim_Dokumanina_Erisim</a> <!-- method navigator-link -->
                      </span>
                      <br/>
                    </div> <!-- method-list-content failed suite-Web_Suite -->
                  </li>
                  <li>
                    <span class="method-list-title skipped">Skipped methods</span>
                    <span class="show-or-hide-methods skipped">
                      <a href="#" panel-name="suite-Web_Suite" class="hide-methods skipped suite-Web_Suite"> (hide)</a> <!-- hide-methods skipped suite-Web_Suite -->
                      <a href="#" panel-name="suite-Web_Suite" class="show-methods skipped suite-Web_Suite"> (show)</a> <!-- show-methods skipped suite-Web_Suite -->
                    </span>
                    <div class="method-list-content skipped suite-Web_Suite">
                      <span>
                        <img width="3%" src="skipped.png"/>
                        <a href="#" class="method navigator-link" panel-name="suite-Web_Suite" title="tests.Surus" hash-for-method="TC_034_Surus_Basladi_Kodlu_Kilit">TC_034_Surus_Basladi_Kodlu_Kilit</a> <!-- method navigator-link -->
                      </span>
                      <br/>
                      <span>
                        <img width="3%" src="skipped.png"/>
                        <a href="#" class="method navigator-link" panel-name="suite-Web_Suite" title="tests.Surus" hash-for-method="TC_035_Surus_Baslat">TC_035_Surus_Baslat</a> <!-- method navigator-link -->
                      </span>
                      <br/>
                      <span>
                        <img width="3%" src="skipped.png"/>
                        <a href="#" class="method navigator-link" panel-name="suite-Web_Suite" title="tests.Surus" hash-for-method="TC_036_Nasil_Surulur_Gecilmemis">TC_036_Nasil_Surulur_Gecilmemis</a> <!-- method navigator-link -->
                      </span>
                      <br/>
                      <span>
                        <img width="3%" src="skipped.png"/>
                        <a href="#" class="method navigator-link" panel-name="suite-Web_Suite" title="tests.Surus" hash-for-method="TC_037_Acil_Mudahale">TC_037_Acil_Mudahale</a> <!-- method navigator-link -->
                      </span>
                      <br/>
                      <span>
                        <img width="3%" src="skipped.png"/>
                        <a href="#" class="method navigator-link" panel-name="suite-Web_Suite" title="tests.Surus" hash-for-method="TC_038_Nasil_Surulur">TC_038_Nasil_Surulur</a> <!-- method navigator-link -->
                      </span>
                      <br/>
                      <span>
                        <img width="3%" src="skipped.png"/>
                        <a href="#" class="method navigator-link" panel-name="suite-Web_Suite" title="tests.Surus" hash-for-method="TC_039_Ortalama">TC_039_Ortalama</a> <!-- method navigator-link -->
                      </span>
                      <br/>
                      <span>
                        <img width="3%" src="skipped.png"/>
                        <a href="#" class="method navigator-link" panel-name="suite-Web_Suite" title="tests.Surus" hash-for-method="TC_040_Surus_Bitirme">TC_040_Surus_Bitirme</a> <!-- method navigator-link -->
                      </span>
                      <br/>
                      <span>
                        <img width="3%" src="skipped.png"/>
                        <a href="#" class="method navigator-link" panel-name="suite-Web_Suite" title="tests.Surus" hash-for-method="TC_041_Park_Edilemez_Alan">TC_041_Park_Edilemez_Alan</a> <!-- method navigator-link -->
                      </span>
                      <br/>
                      <span>
                        <img width="3%" src="skipped.png"/>
                        <a href="#" class="method navigator-link" panel-name="suite-Web_Suite" title="tests.Surus" hash-for-method="TC_042_Kilit_Takilmadi">TC_042_Kilit_Takilmadi</a> <!-- method navigator-link -->
                      </span>
                      <br/>
                      <span>
                        <img width="3%" src="skipped.png"/>
                        <a href="#" class="method navigator-link" panel-name="suite-Web_Suite" title="tests.Surus" hash-for-method="TC_044_Surus_Bitir_Internet_Kapali">TC_044_Surus_Bitir_Internet_Kapali</a> <!-- method navigator-link -->
                      </span>
                      <br/>
                      <span>
                        <img width="3%" src="skipped.png"/>
                        <a href="#" class="method navigator-link" panel-name="suite-Web_Suite" title="tests.Surus" hash-for-method="TC_045_Ceza_Kurallarina_Erisim">TC_045_Ceza_Kurallarina_Erisim</a> <!-- method navigator-link -->
                      </span>
                      <br/>
                      <span>
                        <img width="3%" src="skipped.png"/>
                        <a href="#" class="method navigator-link" panel-name="suite-Web_Suite" title="tests.Surus" hash-for-method="TC_046_Odeme_Hatasi">TC_046_Odeme_Hatasi</a> <!-- method navigator-link -->
                      </span>
                      <br/>
                      <span>
                        <img width="3%" src="skipped.png"/>
                        <a href="#" class="method navigator-link" panel-name="suite-Web_Suite" title="tests.Surus" hash-for-method="TC_047_Surus_Bitirme_Basarili">TC_047_Surus_Bitirme_Basarili</a> <!-- method navigator-link -->
                      </span>
                      <br/>
                    </div> <!-- method-list-content skipped suite-Web_Suite -->
                  </li>
                  <li>
                    <span class="method-list-title passed">Passed methods</span>
                    <span class="show-or-hide-methods passed">
                      <a href="#" panel-name="suite-Web_Suite" class="hide-methods passed suite-Web_Suite"> (hide)</a> <!-- hide-methods passed suite-Web_Suite -->
                      <a href="#" panel-name="suite-Web_Suite" class="show-methods passed suite-Web_Suite"> (show)</a> <!-- show-methods passed suite-Web_Suite -->
                    </span>
                    <div class="method-list-content passed suite-Web_Suite">
                      <span>
                        <img width="3%" src="passed.png"/>
                        <a href="#" class="method navigator-link" panel-name="suite-Web_Suite" title="tests.Yukleme_Ekrani" hash-for-method="TC_001_Yukleme_Ekrani_Basarisiz">TC_001_Yukleme_Ekrani_Basarisiz</a> <!-- method navigator-link -->
                      </span>
                      <br/>
                      <span>
                        <img width="3%" src="passed.png"/>
                        <a href="#" class="method navigator-link" panel-name="suite-Web_Suite" title="tests.Yukleme_Ekrani" hash-for-method="TC_002_Uygulama_Baslangici_Basarili">TC_002_Uygulama_Baslangici_Basarili</a> <!-- method navigator-link -->
                      </span>
                      <br/>
                      <span>
                        <img width="3%" src="passed.png"/>
                        <a href="#" class="method navigator-link" panel-name="suite-Web_Suite" title="tests.Yukleme_Ekrani" hash-for-method="TC_004_Oturum_Kontrolu_Basarili">TC_004_Oturum_Kontrolu_Basarili</a> <!-- method navigator-link -->
                      </span>
                      <br/>
                      <span>
                        <img width="3%" src="passed.png"/>
                        <a href="#" class="method navigator-link" panel-name="suite-Web_Suite" title="tests.Yukleme_Ekrani" hash-for-method="TC_005_Surus_Kontrolu">TC_005_Surus_Kontrolu</a> <!-- method navigator-link -->
                      </span>
                      <br/>
                      <span>
                        <img width="3%" src="passed.png"/>
                        <a href="#" class="method navigator-link" panel-name="suite-Web_Suite" title="tests.Yukleme_Ekrani" hash-for-method="TC_007_Tckn_Kontrolu">TC_007_Tckn_Kontrolu</a> <!-- method navigator-link -->
                      </span>
                      <br/>
                      <span>
                        <img width="3%" src="passed.png"/>
                        <a href="#" class="method navigator-link" panel-name="suite-Web_Suite" title="tests.Yukleme_Ekrani" hash-for-method="TC_008_Kvkk_Kontrolu">TC_008_Kvkk_Kontrolu</a> <!-- method navigator-link -->
                      </span>
                      <br/>
                      <span>
                        <img width="3%" src="passed.png"/>
                        <a href="#" class="method navigator-link" panel-name="suite-Web_Suite" title="tests.Giris_Ekrani" hash-for-method="TC_011_Giris_Basarisiz">TC_011_Giris_Basarisiz</a> <!-- method navigator-link -->
                      </span>
                      <br/>
                      <span>
                        <img width="3%" src="passed.png"/>
                        <a href="#" class="method navigator-link" panel-name="suite-Web_Suite" title="tests.Giris_Ekrani" hash-for-method="TC_012_Dogrulama_Basarisiz">TC_012_Dogrulama_Basarisiz</a> <!-- method navigator-link -->
                      </span>
                      <br/>
                      <span>
                        <img width="3%" src="passed.png"/>
                        <a href="#" class="method navigator-link" panel-name="suite-Web_Suite" title="tests.Giris_Ekrani" hash-for-method="TC_013_Tekrar_Kod_Gonder">TC_013_Tekrar_Kod_Gonder</a> <!-- method navigator-link -->
                      </span>
                      <br/>
                      <span>
                        <img width="3%" src="passed.png"/>
                        <a href="#" class="method navigator-link" panel-name="suite-Web_Suite" title="tests.Giris_Ekrani" hash-for-method="TC_014_Kullanici_Sozlesmesi">TC_014_Kullanici_Sozlesmesi</a> <!-- method navigator-link -->
                      </span>
                      <br/>
                      <span>
                        <img width="3%" src="passed.png"/>
                        <a href="#" class="method navigator-link" panel-name="suite-Web_Suite" title="tests.Giris_Ekrani" hash-for-method="TC_015_Ulke_Kodu_Degistirme">TC_015_Ulke_Kodu_Degistirme</a> <!-- method navigator-link -->
                      </span>
                      <br/>
                      <span>
                        <img width="3%" src="passed.png"/>
                        <a href="#" class="method navigator-link" panel-name="suite-Web_Suite" title="tests.Ana_Ekran" hash-for-method="TC_017_Tckn_Gecersiz">TC_017_Tckn_Gecersiz</a> <!-- method navigator-link -->
                      </span>
                      <br/>
                      <span>
                        <img width="3%" src="passed.png"/>
                        <a href="#" class="method navigator-link" panel-name="suite-Web_Suite" title="tests.Ana_Ekran" hash-for-method="TC_018_Odeme_Yontemi_Yok">TC_018_Odeme_Yontemi_Yok</a> <!-- method navigator-link -->
                      </span>
                      <br/>
                      <span>
                        <img width="3%" src="passed.png"/>
                        <a href="#" class="method navigator-link" panel-name="suite-Web_Suite" title="tests.Ana_Ekran" hash-for-method="TC_020_Surus_Baslatma_Kod_Girisi">TC_020_Surus_Baslatma_Kod_Girisi</a> <!-- method navigator-link -->
                      </span>
                      <br/>
                      <span>
                        <img width="3%" src="passed.png"/>
                        <a href="#" class="method navigator-link" panel-name="suite-Web_Suite" title="tests.Ana_Ekran" hash-for-method="TC_021_Surus_Baslat_Basarili">TC_021_Surus_Baslat_Basarili</a> <!-- method navigator-link -->
                      </span>
                      <br/>
                      <span>
                        <img width="3%" src="passed.png"/>
                        <a href="#" class="method navigator-link" panel-name="suite-Web_Suite" title="tests.Ana_Ekran" hash-for-method="TC_022_Surus_Baslat_Basarisiz_Martiya_Uzak">TC_022_Surus_Baslat_Basarisiz_Martiya_Uzak</a> <!-- method navigator-link -->
                      </span>
                      <br/>
                      <span>
                        <img width="3%" src="passed.png"/>
                        <a href="#" class="method navigator-link" panel-name="suite-Web_Suite" title="tests.Ana_Ekran" hash-for-method="TC_023_Daha_Cok_Marti">TC_023_Daha_Cok_Marti</a> <!-- method navigator-link -->
                      </span>
                      <br/>
                      <span>
                        <img width="3%" src="passed.png"/>
                        <a href="#" class="method navigator-link" panel-name="suite-Web_Suite" title="tests.Ana_Ekran" hash-for-method="TC_024_Bize_Ulasin_Kilit_Problemi_Bildirme">TC_024_Bize_Ulasin_Kilit_Problemi_Bildirme</a> <!-- method navigator-link -->
                      </span>
                      <br/>
                      <span>
                        <img width="3%" src="passed.png"/>
                        <a href="#" class="method navigator-link" panel-name="suite-Web_Suite" title="tests.Ana_Ekran" hash-for-method="TC_025_Bize_Ulasin_Hasarli_Sorunlu_Marti_Bildirme">TC_025_Bize_Ulasin_Hasarli_Sorunlu_Marti_Bildirme</a> <!-- method navigator-link -->
                      </span>
                      <br/>
                      <span>
                        <img width="3%" src="passed.png"/>
                        <a href="#" class="method navigator-link" panel-name="suite-Web_Suite" title="tests.Ana_Ekran" hash-for-method="TC_026_Bize_Ulasin_Yanlis_Park">TC_026_Bize_Ulasin_Yanlis_Park</a> <!-- method navigator-link -->
                      </span>
                      <br/>
                      <span>
                        <img width="3%" src="passed.png"/>
                        <a href="#" class="method navigator-link" panel-name="suite-Web_Suite" title="tests.Ana_Ekran" hash-for-method="TC_027_Bize_Ulasin_Acil_Durum_Paylas">TC_027_Bize_Ulasin_Acil_Durum_Paylas</a> <!-- method navigator-link -->
                      </span>
                      <br/>
                      <span>
                        <img width="3%" src="passed.png"/>
                        <a href="#" class="method navigator-link" panel-name="suite-Web_Suite" title="tests.Ana_Ekran" hash-for-method="TC_028_Bildirimleri_Kontrol_Etme">TC_028_Bildirimleri_Kontrol_Etme</a> <!-- method navigator-link -->
                      </span>
                      <br/>
                      <span>
                        <img width="3%" src="passed.png"/>
                        <a href="#" class="method navigator-link" panel-name="suite-Web_Suite" title="tests.Borclar" hash-for-method="TC_029_Borclu_Kullanici">TC_029_Borclu_Kullanici</a> <!-- method navigator-link -->
                      </span>
                      <br/>
                      <span>
                        <img width="3%" src="passed.png"/>
                        <a href="#" class="method navigator-link" panel-name="suite-Web_Suite" title="tests.Borclar" hash-for-method="TC_030_Borclu_Kullanici_Plus_15">TC_030_Borclu_Kullanici_Plus_15</a> <!-- method navigator-link -->
                      </span>
                      <br/>
                      <span>
                        <img width="3%" src="passed.png"/>
                        <a href="#" class="method navigator-link" panel-name="suite-Web_Suite" title="tests.Borclar" hash-for-method="TC_031_Borc_Odeme">TC_031_Borc_Odeme</a> <!-- method navigator-link -->
                      </span>
                      <br/>
                      <span>
                        <img width="3%" src="passed.png"/>
                        <a href="#" class="method navigator-link" panel-name="suite-Web_Suite" title="tests.Borclar" hash-for-method="TC_032_Borc_Odeme_Islemi_Basarili">TC_032_Borc_Odeme_Islemi_Basarili</a> <!-- method navigator-link -->
                      </span>
                      <br/>
                      <span>
                        <img width="3%" src="passed.png"/>
                        <a href="#" class="method navigator-link" panel-name="suite-Web_Suite" title="tests.Borclar" hash-for-method="TC_033_Borc_Odeme_Islemi_Basarisiz">TC_033_Borc_Odeme_Islemi_Basarisiz</a> <!-- method navigator-link -->
                      </span>
                      <br/>
                      <span>
                        <img width="3%" src="passed.png"/>
                        <a href="#" class="method navigator-link" panel-name="suite-Web_Suite" title="tests.Menu" hash-for-method="TC_049_Versiyon_Kontrol">TC_049_Versiyon_Kontrol</a> <!-- method navigator-link -->
                      </span>
                      <br/>
                      <span>
                        <img width="3%" src="passed.png"/>
                        <a href="#" class="method navigator-link" panel-name="suite-Web_Suite" title="tests.Menu" hash-for-method="TC_050_Profil_Duzenleme">TC_050_Profil_Duzenleme</a> <!-- method navigator-link -->
                      </span>
                      <br/>
                      <span>
                        <img width="3%" src="passed.png"/>
                        <a href="#" class="method navigator-link" panel-name="suite-Web_Suite" title="tests.Menu" hash-for-method="TC_051_Arkadasini_Davet_Et">TC_051_Arkadasini_Davet_Et</a> <!-- method navigator-link -->
                      </span>
                      <br/>
                      <span>
                        <img width="3%" src="passed.png"/>
                        <a href="#" class="method navigator-link" panel-name="suite-Web_Suite" title="tests.Menu" hash-for-method="TC_052_Surusleri_Inceleme">TC_052_Surusleri_Inceleme</a> <!-- method navigator-link -->
                      </span>
                      <br/>
                      <span>
                        <img width="3%" src="passed.png"/>
                        <a href="#" class="method navigator-link" panel-name="suite-Web_Suite" title="tests.Menu" hash-for-method="TC_053_Varsayilan_Kredi_Karti_Degistirme">TC_053_Varsayilan_Kredi_Karti_Degistirme</a> <!-- method navigator-link -->
                      </span>
                      <br/>
                      <span>
                        <img width="3%" src="passed.png"/>
                        <a href="#" class="method navigator-link" panel-name="suite-Web_Suite" title="tests.Menu" hash-for-method="TC_054_Kredi_Karti_Ekleme_Basarili">TC_054_Kredi_Karti_Ekleme_Basarili</a> <!-- method navigator-link -->
                      </span>
                      <br/>
                      <span>
                        <img width="3%" src="passed.png"/>
                        <a href="#" class="method navigator-link" panel-name="suite-Web_Suite" title="tests.Menu" hash-for-method="TC_055_Kredi_Karti_Ekleme_Basarisiz">TC_055_Kredi_Karti_Ekleme_Basarisiz</a> <!-- method navigator-link -->
                      </span>
                      <br/>
                      <span>
                        <img width="3%" src="passed.png"/>
                        <a href="#" class="method navigator-link" panel-name="suite-Web_Suite" title="tests.Menu" hash-for-method="TC_056_Dil_Degistirme">TC_056_Dil_Degistirme</a> <!-- method navigator-link -->
                      </span>
                      <br/>
                      <span>
                        <img width="3%" src="passed.png"/>
                        <a href="#" class="method navigator-link" panel-name="suite-Web_Suite" title="tests.Menu" hash-for-method="TC_058_Kupon_Ekleme">TC_058_Kupon_Ekleme</a> <!-- method navigator-link -->
                      </span>
                      <br/>
                      <span>
                        <img width="3%" src="passed.png"/>
                        <a href="#" class="method navigator-link" panel-name="suite-Web_Suite" title="tests.Menu" hash-for-method="TC_059_Davet_Kodu_Girme">TC_059_Davet_Kodu_Girme</a> <!-- method navigator-link -->
                      </span>
                      <br/>
                      <span>
                        <img width="3%" src="passed.png"/>
                        <a href="#" class="method navigator-link" panel-name="suite-Web_Suite" title="tests.Menu" hash-for-method="TC_060_Arkadasini_Davet_Etme">TC_060_Arkadasini_Davet_Etme</a> <!-- method navigator-link -->
                      </span>
                      <br/>
                      <span>
                        <img width="3%" src="passed.png"/>
                        <a href="#" class="method navigator-link" panel-name="suite-Web_Suite" title="tests.Menu" hash-for-method="TC_061_Guvenlik_Dokumanina_Erisim">TC_061_Guvenlik_Dokumanina_Erisim</a> <!-- method navigator-link -->
                      </span>
                      <br/>
                      <span>
                        <img width="3%" src="passed.png"/>
                        <a href="#" class="method navigator-link" panel-name="suite-Web_Suite" title="tests.Menu" hash-for-method="TC_062_Nasil_Kullanilir_Erisim">TC_062_Nasil_Kullanilir_Erisim</a> <!-- method navigator-link -->
                      </span>
                      <br/>
                      <span>
                        <img width="3%" src="passed.png"/>
                        <a href="#" class="method navigator-link" panel-name="suite-Web_Suite" title="tests.Menu" hash-for-method="TC_063_Surus_Kurallarina_Erisim">TC_063_Surus_Kurallarina_Erisim</a> <!-- method navigator-link -->
                      </span>
                      <br/>
                      <span>
                        <img width="3%" src="passed.png"/>
                        <a href="#" class="method navigator-link" panel-name="suite-Web_Suite" title="tests.Menu" hash-for-method="TC_064_Kvkk_Aydinlatma_Metnine_Erisim">TC_064_Kvkk_Aydinlatma_Metnine_Erisim</a> <!-- method navigator-link -->
                      </span>
                      <br/>
                      <span>
                        <img width="3%" src="passed.png"/>
                        <a href="#" class="method navigator-link" panel-name="suite-Web_Suite" title="tests.Menu" hash-for-method="TC_065_Kullanim_Kosullarina_Erisim">TC_065_Kullanim_Kosullarina_Erisim</a> <!-- method navigator-link -->
                      </span>
                      <br/>
                      <span>
                        <img width="3%" src="passed.png"/>
                        <a href="#" class="method navigator-link" panel-name="suite-Web_Suite" title="tests.Menu" hash-for-method="TC_067_Cikis">TC_067_Cikis</a> <!-- method navigator-link -->
                      </span>
                      <br/>
                    </div> <!-- method-list-content passed suite-Web_Suite -->
                  </li>
                </ul>
              </div> <!-- suite-section-content -->
            </div> <!-- result-section -->
          </div> <!-- navigator-suite-content -->
        </div> <!-- rounded-window -->
      </div> <!-- suite -->
    </div> <!-- navigator-root -->
    <div class="wrapper">
      <div class="main-panel-root">
        <div panel-name="suite-Web_Suite" class="panel Web_Suite">
          <div class="suite-Web_Suite-class-failed">
            <div class="main-panel-header rounded-window-top">
              <img src="failed.png"/>
              <span class="class-name">tests.Ana_Ekran</span>
            </div> <!-- main-panel-header rounded-window-top -->
            <div class="main-panel-content rounded-window-bottom">
              <div class="method">
                <div class="method-content">
                  <a name="TC_016_Surus_Baslat">
                  </a> <!-- TC_016_Surus_Baslat -->
                  <span class="method-name">TC_016_Surus_Baslat</span>
                  <div class="stack-trace">java.lang.AssertionError: element : #light || expected [true] but found [false]
	at utilities.PageBaseAndroid.assertFound(PageBaseAndroid.java:297)
	at pages.device.pageAnaEkran.Surus_Baslat(pageAnaEkran.java:80)
	at tests.Ana_Ekran.TC_016_Surus_Baslat(Ana_Ekran.java:36)
	at java.util.concurrent.ThreadPoolExecutor.runWorker(Unknown Source)
	at java.util.concurrent.ThreadPoolExecutor$Worker.run(Unknown Source)
	at java.lang.Thread.run(Unknown Source)
... Removed 13 stack frames
</div> <!-- stack-trace -->
                </div> <!-- method-content -->
              </div> <!-- method -->
            </div> <!-- main-panel-content rounded-window-bottom -->
          </div> <!-- suite-Web_Suite-class-failed -->
          <div class="suite-Web_Suite-class-failed">
            <div class="main-panel-header rounded-window-top">
              <img src="failed.png"/>
              <span class="class-name">tests.Menu</span>
            </div> <!-- main-panel-header rounded-window-top -->
            <div class="main-panel-content rounded-window-bottom">
              <div class="method">
                <div class="method-content">
                  <a name="TC_066_Yardim_Dokumanina_Erisim">
                  </a> <!-- TC_066_Yardim_Dokumanina_Erisim -->
                  <span class="method-name">TC_066_Yardim_Dokumanina_Erisim</span>
                  <div class="stack-trace">org.openqa.selenium.TimeoutException: Expected condition failed: waiting for element to be clickable: By.id: btnMenu (tried for 30 second(s) with 500 milliseconds interval)
	at org.openqa.selenium.support.ui.WebDriverWait.timeoutException(WebDriverWait.java:95)
	at org.openqa.selenium.support.ui.FluentWait.until(FluentWait.java:272)
	at utilities.PageBaseAndroid.waitClickable(PageBaseAndroid.java:160)
	at utilities.PageBaseAndroid.click(PageBaseAndroid.java:192)
	at pages.device.pageMenu.Yardim_Dokumanina_Erisim(pageMenu.java:281)
	at tests.Menu.TC_066_Yardim_Dokumanina_Erisim(Menu.java:203)
	at java.util.concurrent.ThreadPoolExecutor.runWorker(Unknown Source)
	at java.util.concurrent.ThreadPoolExecutor$Worker.run(Unknown Source)
	at java.lang.Thread.run(Unknown Source)
Caused by: org.openqa.selenium.NoSuchElementException: An element could not be located on the page using the given search parameters.
For documentation on this error, please visit: https://www.seleniumhq.org/exceptions/no_such_element.html
Build info: version: &apos;3.141.59&apos;, revision: &apos;e82be7d358&apos;, time: &apos;2018-11-14T08:17:03&apos;
System info: host: &apos;DESKTOP-NQRRDTM&apos;, ip: &apos;192.168.8.120&apos;, os.name: &apos;Windows 10&apos;, os.arch: &apos;amd64&apos;, os.version: &apos;10.0&apos;, java.version: &apos;1.8.0_241&apos;
Driver info: io.appium.java_client.android.AndroidDriver
Capabilities {appActivity: com.martitech.marti.ui.acti..., appPackage: com.martitech.marti.dev, autoGrantPermissions: true, databaseEnabled: false, desired: {appActivity: com.martitech.marti.ui.acti..., appPackage: com.martitech.marti.dev, autoGrantPermissions: true, deviceName: SM-A520F, platformName: android, platformVersion: 9.0, udid: 5210d014508dc3e1}, deviceApiLevel: 26, deviceManufacturer: samsung, deviceModel: SM-A520F, deviceName: 5210d014508dc3e1, deviceScreenDensity: 480, deviceScreenSize: 1080x1920, deviceUDID: 5210d014508dc3e1, javascriptEnabled: true, locationContextEnabled: false, networkConnectionEnabled: true, pixelRatio: 3, platform: LINUX, platformName: Android, platformVersion: 8.0.0, statBarHeight: 72, takesScreenshot: true, udid: 5210d014508dc3e1, viewportRect: {height: 1848, left: 0, top: 72, width: 1080}, warnings: {}, webStorageEnabled: false}
Session ID: 6087830e-02cb-497d-ab41-888b1177f1d5
*** Element info: {Using=id, value=btnMenu}
	at org.openqa.selenium.remote.http.W3CHttpResponseCodec.createException(W3CHttpResponseCodec.java:187)
	at org.openqa.selenium.remote.http.W3CHttpResponseCodec.decode(W3CHttpResponseCodec.java:122)
	at org.openqa.selenium.remote.http.W3CHttpResponseCodec.decode(W3CHttpResponseCodec.java:49)
	at org.openqa.selenium.remote.HttpCommandExecutor.execute(HttpCommandExecutor.java:158)
	at io.appium.java_client.remote.AppiumCommandExecutor.execute(AppiumCommandExecutor.java:239)
	at org.openqa.selenium.remote.RemoteWebDriver.execute(RemoteWebDriver.java:552)
	at io.appium.java_client.DefaultGenericMobileDriver.execute(DefaultGenericMobileDriver.java:41)
	at io.appium.java_client.AppiumDriver.execute(AppiumDriver.java:1)
	at io.appium.java_client.android.AndroidDriver.execute(AndroidDriver.java:1)
	at org.openqa.selenium.remote.RemoteWebDriver.findElement(RemoteWebDriver.java:323)
	at io.appium.java_client.DefaultGenericMobileDriver.findElement(DefaultGenericMobileDriver.java:61)
	at io.appium.java_client.AppiumDriver.findElement(AppiumDriver.java:1)
	at io.appium.java_client.android.AndroidDriver.findElement(AndroidDriver.java:1)
	at org.openqa.selenium.remote.RemoteWebDriver.findElementById(RemoteWebDriver.java:372)
	at io.appium.java_client.DefaultGenericMobileDriver.findElementById(DefaultGenericMobileDriver.java:69)
	at io.appium.java_client.AppiumDriver.findElementById(AppiumDriver.java:1)
	at io.appium.java_client.android.AndroidDriver.findElementById(AndroidDriver.java:1)
	at org.openqa.selenium.By$ById.findElement(By.java:188)
	at org.openqa.selenium.remote.RemoteWebDriver.findElement(RemoteWebDriver.java:315)
	at io.appium.java_client.DefaultGenericMobileDriver.findElement(DefaultGenericMobileDriver.java:57)
	at io.appium.java_client.AppiumDriver.findElement(AppiumDriver.java:1)
	at io.appium.java_client.android.AndroidDriver.findElement(AndroidDriver.java:1)
	at org.openqa.selenium.support.ui.ExpectedConditions$7.apply(ExpectedConditions.java:205)
	at org.openqa.selenium.support.ui.ExpectedConditions$7.apply(ExpectedConditions.java:201)
	at org.openqa.selenium.support.ui.ExpectedConditions$22.apply(ExpectedConditions.java:641)
	at org.openqa.selenium.support.ui.ExpectedConditions$22.apply(ExpectedConditions.java:638)
	at org.openqa.selenium.support.ui.FluentWait.until(FluentWait.java:249)
	... 17 more
... Removed 13 stack frames
</div> <!-- stack-trace -->
                </div> <!-- method-content -->
              </div> <!-- method -->
            </div> <!-- main-panel-content rounded-window-bottom -->
          </div> <!-- suite-Web_Suite-class-failed -->
          <div class="suite-Web_Suite-class-skipped">
            <div class="main-panel-header rounded-window-top">
              <img src="skipped.png"/>
              <span class="class-name">tests.Surus</span>
            </div> <!-- main-panel-header rounded-window-top -->
            <div class="main-panel-content rounded-window-bottom">
              <div class="method">
                <div class="method-content">
                  <a name="TC_034_Surus_Basladi_Kodlu_Kilit">
                  </a> <!-- TC_034_Surus_Basladi_Kodlu_Kilit -->
                  <span class="method-name">TC_034_Surus_Basladi_Kodlu_Kilit</span>
                  <div class="stack-trace">org.openqa.selenium.SessionNotCreatedException: Unable to create a new remote session. Please check the server log for more details. Original error: An unknown server-side error occurred while processing the command. Original error: Error executing adbExec. Original error: &apos;Command &apos;C:\\Users\\emre\\AppData\\Local\\Android\\Sdk\\platform-tools\\adb.exe -P 5037 -s 5210d014508dc3e1 install -r C:\\Users\\emre\\AppData\\Local\\Temp\\2020624-28592-1mddcpm.dwsc\\appium-uiautomator2-server-v4.5.5.apk&apos; exited with code 1&apos;; Stderr: &apos;adb: failed to install C:\Users\emre\AppData\Local\Temp\2020624-28592-1mddcpm.dwsc\appium-uiautomator2-server-v4.5.5.apk: Failure [INSTALL_PARSE_FAILED_NO_CERTIFICATES: Failed to collect certificates from /data/app/vmdl33508770.tmp/base.apk using APK Signature Scheme v2: SHA-256 digest of contents did not verify]&apos;; Code: &apos;1&apos;
Build info: version: &apos;3.141.59&apos;, revision: &apos;e82be7d358&apos;, time: &apos;2018-11-14T08:17:03&apos;
System info: host: &apos;DESKTOP-NQRRDTM&apos;, ip: &apos;192.168.8.120&apos;, os.name: &apos;Windows 10&apos;, os.arch: &apos;amd64&apos;, os.version: &apos;10.0&apos;, java.version: &apos;1.8.0_241&apos;
Driver info: driver.version: AndroidDriver
remote stacktrace: UnknownError: An unknown server-side error occurred while processing the command. Original error: Error executing adbExec. Original error: &apos;Command &apos;C:\\Users\\emre\\AppData\\Local\\Android\\Sdk\\platform-tools\\adb.exe -P 5037 -s 5210d014508dc3e1 install -r C:\\Users\\emre\\AppData\\Local\\Temp\\2020624-28592-1mddcpm.dwsc\\appium-uiautomator2-server-v4.5.5.apk&apos; exited with code 1&apos;; Stderr: &apos;adb: failed to install C:\Users\emre\AppData\Local\Temp\2020624-28592-1mddcpm.dwsc\appium-uiautomator2-server-v4.5.5.apk: Failure [INSTALL_PARSE_FAILED_NO_CERTIFICATES: Failed to collect certificates from /data/app/vmdl33508770.tmp/base.apk using APK Signature Scheme v2: SHA-256 digest of contents did not verify]&apos;; Code: &apos;1&apos;
    at getResponseForW3CError (C:\Program Files\Appium\resources\app\node_modules\appium\node_modules\appium-base-driver\lib\protocol\errors.js:804:9)
    at asyncHandler (C:\Program Files\Appium\resources\app\node_modules\appium\node_modules\appium-base-driver\lib\protocol\protocol.js:392:37)
Build info: version: &apos;3.141.59&apos;, revision: &apos;e82be7d358&apos;, time: &apos;2018-11-14T08:17:03&apos;
System info: host: &apos;DESKTOP-NQRRDTM&apos;, ip: &apos;192.168.8.120&apos;, os.name: &apos;Windows 10&apos;, os.arch: &apos;amd64&apos;, os.version: &apos;10.0&apos;, java.version: &apos;1.8.0_241&apos;
Driver info: driver.version: AndroidDriver
	at io.appium.java_client.remote.AppiumCommandExecutor$1.createSession(AppiumCommandExecutor.java:208)
	at io.appium.java_client.remote.AppiumCommandExecutor.createSession(AppiumCommandExecutor.java:217)
	at io.appium.java_client.remote.AppiumCommandExecutor.execute(AppiumCommandExecutor.java:239)
	at org.openqa.selenium.remote.RemoteWebDriver.execute(RemoteWebDriver.java:552)
	at io.appium.java_client.DefaultGenericMobileDriver.execute(DefaultGenericMobileDriver.java:41)
	at io.appium.java_client.AppiumDriver.execute(AppiumDriver.java:1)
	at io.appium.java_client.android.AndroidDriver.execute(AndroidDriver.java:1)
	at org.openqa.selenium.remote.RemoteWebDriver.startSession(RemoteWebDriver.java:213)
	at io.appium.java_client.AppiumDriver.startSession(AppiumDriver.java:336)
	at org.openqa.selenium.remote.RemoteWebDriver.&lt;init&gt;(RemoteWebDriver.java:131)
	at io.appium.java_client.DefaultGenericMobileDriver.&lt;init&gt;(DefaultGenericMobileDriver.java:37)
	at io.appium.java_client.AppiumDriver.&lt;init&gt;(AppiumDriver.java:88)
	at io.appium.java_client.AppiumDriver.&lt;init&gt;(AppiumDriver.java:98)
	at io.appium.java_client.android.AndroidDriver.&lt;init&gt;(AndroidDriver.java:94)
	at utilities.TestBase.setUp(TestBase.java:76)
	at java.util.concurrent.ThreadPoolExecutor.runWorker(Unknown Source)
	at java.util.concurrent.ThreadPoolExecutor$Worker.run(Unknown Source)
	at java.lang.Thread.run(Unknown Source)
	at io.appium.java_client.remote.AppiumCommandExecutor$1.createSession(AppiumCommandExecutor.java:186)
	... 29 more
Caused by: org.openqa.selenium.WebDriverException: An unknown server-side error occurred while processing the command. Original error: Error executing adbExec. Original error: &apos;Command &apos;C:\\Users\\emre\\AppData\\Local\\Android\\Sdk\\platform-tools\\adb.exe -P 5037 -s 5210d014508dc3e1 install -r C:\\Users\\emre\\AppData\\Local\\Temp\\2020624-28592-1mddcpm.dwsc\\appium-uiautomator2-server-v4.5.5.apk&apos; exited with code 1&apos;; Stderr: &apos;adb: failed to install C:\Users\emre\AppData\Local\Temp\2020624-28592-1mddcpm.dwsc\appium-uiautomator2-server-v4.5.5.apk: Failure [INSTALL_PARSE_FAILED_NO_CERTIFICATES: Failed to collect certificates from /data/app/vmdl33508770.tmp/base.apk using APK Signature Scheme v2: SHA-256 digest of contents did not verify]&apos;; Code: &apos;1&apos;
Build info: version: &apos;3.141.59&apos;, revision: &apos;e82be7d358&apos;, time: &apos;2018-11-14T08:17:03&apos;
System info: host: &apos;DESKTOP-NQRRDTM&apos;, ip: &apos;192.168.8.120&apos;, os.name: &apos;Windows 10&apos;, os.arch: &apos;amd64&apos;, os.version: &apos;10.0&apos;, java.version: &apos;1.8.0_241&apos;
Driver info: driver.version: AndroidDriver
remote stacktrace: UnknownError: An unknown server-side error occurred while processing the command. Original error: Error executing adbExec. Original error: &apos;Command &apos;C:\\Users\\emre\\AppData\\Local\\Android\\Sdk\\platform-tools\\adb.exe -P 5037 -s 5210d014508dc3e1 install -r C:\\Users\\emre\\AppData\\Local\\Temp\\2020624-28592-1mddcpm.dwsc\\appium-uiautomator2-server-v4.5.5.apk&apos; exited with code 1&apos;; Stderr: &apos;adb: failed to install C:\Users\emre\AppData\Local\Temp\2020624-28592-1mddcpm.dwsc\appium-uiautomator2-server-v4.5.5.apk: Failure [INSTALL_PARSE_FAILED_NO_CERTIFICATES: Failed to collect certificates from /data/app/vmdl33508770.tmp/base.apk using APK Signature Scheme v2: SHA-256 digest of contents did not verify]&apos;; Code: &apos;1&apos;
    at getResponseForW3CError (C:\Program Files\Appium\resources\app\node_modules\appium\node_modules\appium-base-driver\lib\protocol\errors.js:804:9)
    at asyncHandler (C:\Program Files\Appium\resources\app\node_modules\appium\node_modules\appium-base-driver\lib\protocol\protocol.js:392:37)
	at org.openqa.selenium.remote.W3CHandshakeResponse.lambda$errorHandler$0(W3CHandshakeResponse.java:62)
	at org.openqa.selenium.remote.HandshakeResponse.lambda$getResponseFunction$0(HandshakeResponse.java:30)
	at org.openqa.selenium.remote.ProtocolHandshake.lambda$createSession$0(ProtocolHandshake.java:126)
	at java.util.stream.ReferencePipeline$3$1.accept(Unknown Source)
	at java.util.Spliterators$ArraySpliterator.tryAdvance(Unknown Source)
	at java.util.stream.ReferencePipeline.forEachWithCancel(Unknown Source)
	at java.util.stream.AbstractPipeline.copyIntoWithCancel(Unknown Source)
	at java.util.stream.AbstractPipeline.copyInto(Unknown Source)
	at java.util.stream.AbstractPipeline.wrapAndCopyInto(Unknown Source)
	at java.util.stream.FindOps$FindOp.evaluateSequential(Unknown Source)
	at java.util.stream.AbstractPipeline.evaluate(Unknown Source)
	at java.util.stream.ReferencePipeline.findFirst(Unknown Source)
	at org.openqa.selenium.remote.ProtocolHandshake.createSession(ProtocolHandshake.java:128)
	... 33 more
... Removed 20 stack frames
</div> <!-- stack-trace -->
                </div> <!-- method-content -->
              </div> <!-- method -->
              <div class="method">
                <div class="method-content">
                  <a name="TC_035_Surus_Baslat">
                  </a> <!-- TC_035_Surus_Baslat -->
                  <span class="method-name">TC_035_Surus_Baslat</span>
                  <div class="stack-trace">org.openqa.selenium.SessionNotCreatedException: Unable to create a new remote session. Please check the server log for more details. Original error: An unknown server-side error occurred while processing the command. Original error: Error executing adbExec. Original error: &apos;Command &apos;C:\\Users\\emre\\AppData\\Local\\Android\\Sdk\\platform-tools\\adb.exe -P 5037 -s 5210d014508dc3e1 install -r C:\\Users\\emre\\AppData\\Local\\Temp\\2020624-28592-1mddcpm.dwsc\\appium-uiautomator2-server-v4.5.5.apk&apos; exited with code 1&apos;; Stderr: &apos;adb: failed to install C:\Users\emre\AppData\Local\Temp\2020624-28592-1mddcpm.dwsc\appium-uiautomator2-server-v4.5.5.apk: Failure [INSTALL_PARSE_FAILED_NO_CERTIFICATES: Failed to collect certificates from /data/app/vmdl33508770.tmp/base.apk using APK Signature Scheme v2: SHA-256 digest of contents did not verify]&apos;; Code: &apos;1&apos;
Build info: version: &apos;3.141.59&apos;, revision: &apos;e82be7d358&apos;, time: &apos;2018-11-14T08:17:03&apos;
System info: host: &apos;DESKTOP-NQRRDTM&apos;, ip: &apos;192.168.8.120&apos;, os.name: &apos;Windows 10&apos;, os.arch: &apos;amd64&apos;, os.version: &apos;10.0&apos;, java.version: &apos;1.8.0_241&apos;
Driver info: driver.version: AndroidDriver
remote stacktrace: UnknownError: An unknown server-side error occurred while processing the command. Original error: Error executing adbExec. Original error: &apos;Command &apos;C:\\Users\\emre\\AppData\\Local\\Android\\Sdk\\platform-tools\\adb.exe -P 5037 -s 5210d014508dc3e1 install -r C:\\Users\\emre\\AppData\\Local\\Temp\\2020624-28592-1mddcpm.dwsc\\appium-uiautomator2-server-v4.5.5.apk&apos; exited with code 1&apos;; Stderr: &apos;adb: failed to install C:\Users\emre\AppData\Local\Temp\2020624-28592-1mddcpm.dwsc\appium-uiautomator2-server-v4.5.5.apk: Failure [INSTALL_PARSE_FAILED_NO_CERTIFICATES: Failed to collect certificates from /data/app/vmdl33508770.tmp/base.apk using APK Signature Scheme v2: SHA-256 digest of contents did not verify]&apos;; Code: &apos;1&apos;
    at getResponseForW3CError (C:\Program Files\Appium\resources\app\node_modules\appium\node_modules\appium-base-driver\lib\protocol\errors.js:804:9)
    at asyncHandler (C:\Program Files\Appium\resources\app\node_modules\appium\node_modules\appium-base-driver\lib\protocol\protocol.js:392:37)
Build info: version: &apos;3.141.59&apos;, revision: &apos;e82be7d358&apos;, time: &apos;2018-11-14T08:17:03&apos;
System info: host: &apos;DESKTOP-NQRRDTM&apos;, ip: &apos;192.168.8.120&apos;, os.name: &apos;Windows 10&apos;, os.arch: &apos;amd64&apos;, os.version: &apos;10.0&apos;, java.version: &apos;1.8.0_241&apos;
Driver info: driver.version: AndroidDriver
	at io.appium.java_client.remote.AppiumCommandExecutor$1.createSession(AppiumCommandExecutor.java:208)
	at io.appium.java_client.remote.AppiumCommandExecutor.createSession(AppiumCommandExecutor.java:217)
	at io.appium.java_client.remote.AppiumCommandExecutor.execute(AppiumCommandExecutor.java:239)
	at org.openqa.selenium.remote.RemoteWebDriver.execute(RemoteWebDriver.java:552)
	at io.appium.java_client.DefaultGenericMobileDriver.execute(DefaultGenericMobileDriver.java:41)
	at io.appium.java_client.AppiumDriver.execute(AppiumDriver.java:1)
	at io.appium.java_client.android.AndroidDriver.execute(AndroidDriver.java:1)
	at org.openqa.selenium.remote.RemoteWebDriver.startSession(RemoteWebDriver.java:213)
	at io.appium.java_client.AppiumDriver.startSession(AppiumDriver.java:336)
	at org.openqa.selenium.remote.RemoteWebDriver.&lt;init&gt;(RemoteWebDriver.java:131)
	at io.appium.java_client.DefaultGenericMobileDriver.&lt;init&gt;(DefaultGenericMobileDriver.java:37)
	at io.appium.java_client.AppiumDriver.&lt;init&gt;(AppiumDriver.java:88)
	at io.appium.java_client.AppiumDriver.&lt;init&gt;(AppiumDriver.java:98)
	at io.appium.java_client.android.AndroidDriver.&lt;init&gt;(AndroidDriver.java:94)
	at utilities.TestBase.setUp(TestBase.java:76)
	at java.util.concurrent.ThreadPoolExecutor.runWorker(Unknown Source)
	at java.util.concurrent.ThreadPoolExecutor$Worker.run(Unknown Source)
	at java.lang.Thread.run(Unknown Source)
	at io.appium.java_client.remote.AppiumCommandExecutor$1.createSession(AppiumCommandExecutor.java:186)
	... 29 more
Caused by: org.openqa.selenium.WebDriverException: An unknown server-side error occurred while processing the command. Original error: Error executing adbExec. Original error: &apos;Command &apos;C:\\Users\\emre\\AppData\\Local\\Android\\Sdk\\platform-tools\\adb.exe -P 5037 -s 5210d014508dc3e1 install -r C:\\Users\\emre\\AppData\\Local\\Temp\\2020624-28592-1mddcpm.dwsc\\appium-uiautomator2-server-v4.5.5.apk&apos; exited with code 1&apos;; Stderr: &apos;adb: failed to install C:\Users\emre\AppData\Local\Temp\2020624-28592-1mddcpm.dwsc\appium-uiautomator2-server-v4.5.5.apk: Failure [INSTALL_PARSE_FAILED_NO_CERTIFICATES: Failed to collect certificates from /data/app/vmdl33508770.tmp/base.apk using APK Signature Scheme v2: SHA-256 digest of contents did not verify]&apos;; Code: &apos;1&apos;
Build info: version: &apos;3.141.59&apos;, revision: &apos;e82be7d358&apos;, time: &apos;2018-11-14T08:17:03&apos;
System info: host: &apos;DESKTOP-NQRRDTM&apos;, ip: &apos;192.168.8.120&apos;, os.name: &apos;Windows 10&apos;, os.arch: &apos;amd64&apos;, os.version: &apos;10.0&apos;, java.version: &apos;1.8.0_241&apos;
Driver info: driver.version: AndroidDriver
remote stacktrace: UnknownError: An unknown server-side error occurred while processing the command. Original error: Error executing adbExec. Original error: &apos;Command &apos;C:\\Users\\emre\\AppData\\Local\\Android\\Sdk\\platform-tools\\adb.exe -P 5037 -s 5210d014508dc3e1 install -r C:\\Users\\emre\\AppData\\Local\\Temp\\2020624-28592-1mddcpm.dwsc\\appium-uiautomator2-server-v4.5.5.apk&apos; exited with code 1&apos;; Stderr: &apos;adb: failed to install C:\Users\emre\AppData\Local\Temp\2020624-28592-1mddcpm.dwsc\appium-uiautomator2-server-v4.5.5.apk: Failure [INSTALL_PARSE_FAILED_NO_CERTIFICATES: Failed to collect certificates from /data/app/vmdl33508770.tmp/base.apk using APK Signature Scheme v2: SHA-256 digest of contents did not verify]&apos;; Code: &apos;1&apos;
    at getResponseForW3CError (C:\Program Files\Appium\resources\app\node_modules\appium\node_modules\appium-base-driver\lib\protocol\errors.js:804:9)
    at asyncHandler (C:\Program Files\Appium\resources\app\node_modules\appium\node_modules\appium-base-driver\lib\protocol\protocol.js:392:37)
	at org.openqa.selenium.remote.W3CHandshakeResponse.lambda$errorHandler$0(W3CHandshakeResponse.java:62)
	at org.openqa.selenium.remote.HandshakeResponse.lambda$getResponseFunction$0(HandshakeResponse.java:30)
	at org.openqa.selenium.remote.ProtocolHandshake.lambda$createSession$0(ProtocolHandshake.java:126)
	at java.util.stream.ReferencePipeline$3$1.accept(Unknown Source)
	at java.util.Spliterators$ArraySpliterator.tryAdvance(Unknown Source)
	at java.util.stream.ReferencePipeline.forEachWithCancel(Unknown Source)
	at java.util.stream.AbstractPipeline.copyIntoWithCancel(Unknown Source)
	at java.util.stream.AbstractPipeline.copyInto(Unknown Source)
	at java.util.stream.AbstractPipeline.wrapAndCopyInto(Unknown Source)
	at java.util.stream.FindOps$FindOp.evaluateSequential(Unknown Source)
	at java.util.stream.AbstractPipeline.evaluate(Unknown Source)
	at java.util.stream.ReferencePipeline.findFirst(Unknown Source)
	at org.openqa.selenium.remote.ProtocolHandshake.createSession(ProtocolHandshake.java:128)
	... 33 more
... Removed 20 stack frames
</div> <!-- stack-trace -->
                </div> <!-- method-content -->
              </div> <!-- method -->
              <div class="method">
                <div class="method-content">
                  <a name="TC_036_Nasil_Surulur_Gecilmemis">
                  </a> <!-- TC_036_Nasil_Surulur_Gecilmemis -->
                  <span class="method-name">TC_036_Nasil_Surulur_Gecilmemis</span>
                  <div class="stack-trace">org.openqa.selenium.SessionNotCreatedException: Unable to create a new remote session. Please check the server log for more details. Original error: An unknown server-side error occurred while processing the command. Original error: Error executing adbExec. Original error: &apos;Command &apos;C:\\Users\\emre\\AppData\\Local\\Android\\Sdk\\platform-tools\\adb.exe -P 5037 -s 5210d014508dc3e1 install -r C:\\Users\\emre\\AppData\\Local\\Temp\\2020624-28592-1mddcpm.dwsc\\appium-uiautomator2-server-v4.5.5.apk&apos; exited with code 1&apos;; Stderr: &apos;adb: failed to install C:\Users\emre\AppData\Local\Temp\2020624-28592-1mddcpm.dwsc\appium-uiautomator2-server-v4.5.5.apk: Failure [INSTALL_PARSE_FAILED_NO_CERTIFICATES: Failed to collect certificates from /data/app/vmdl33508770.tmp/base.apk using APK Signature Scheme v2: SHA-256 digest of contents did not verify]&apos;; Code: &apos;1&apos;
Build info: version: &apos;3.141.59&apos;, revision: &apos;e82be7d358&apos;, time: &apos;2018-11-14T08:17:03&apos;
System info: host: &apos;DESKTOP-NQRRDTM&apos;, ip: &apos;192.168.8.120&apos;, os.name: &apos;Windows 10&apos;, os.arch: &apos;amd64&apos;, os.version: &apos;10.0&apos;, java.version: &apos;1.8.0_241&apos;
Driver info: driver.version: AndroidDriver
remote stacktrace: UnknownError: An unknown server-side error occurred while processing the command. Original error: Error executing adbExec. Original error: &apos;Command &apos;C:\\Users\\emre\\AppData\\Local\\Android\\Sdk\\platform-tools\\adb.exe -P 5037 -s 5210d014508dc3e1 install -r C:\\Users\\emre\\AppData\\Local\\Temp\\2020624-28592-1mddcpm.dwsc\\appium-uiautomator2-server-v4.5.5.apk&apos; exited with code 1&apos;; Stderr: &apos;adb: failed to install C:\Users\emre\AppData\Local\Temp\2020624-28592-1mddcpm.dwsc\appium-uiautomator2-server-v4.5.5.apk: Failure [INSTALL_PARSE_FAILED_NO_CERTIFICATES: Failed to collect certificates from /data/app/vmdl33508770.tmp/base.apk using APK Signature Scheme v2: SHA-256 digest of contents did not verify]&apos;; Code: &apos;1&apos;
    at getResponseForW3CError (C:\Program Files\Appium\resources\app\node_modules\appium\node_modules\appium-base-driver\lib\protocol\errors.js:804:9)
    at asyncHandler (C:\Program Files\Appium\resources\app\node_modules\appium\node_modules\appium-base-driver\lib\protocol\protocol.js:392:37)
Build info: version: &apos;3.141.59&apos;, revision: &apos;e82be7d358&apos;, time: &apos;2018-11-14T08:17:03&apos;
System info: host: &apos;DESKTOP-NQRRDTM&apos;, ip: &apos;192.168.8.120&apos;, os.name: &apos;Windows 10&apos;, os.arch: &apos;amd64&apos;, os.version: &apos;10.0&apos;, java.version: &apos;1.8.0_241&apos;
Driver info: driver.version: AndroidDriver
	at io.appium.java_client.remote.AppiumCommandExecutor$1.createSession(AppiumCommandExecutor.java:208)
	at io.appium.java_client.remote.AppiumCommandExecutor.createSession(AppiumCommandExecutor.java:217)
	at io.appium.java_client.remote.AppiumCommandExecutor.execute(AppiumCommandExecutor.java:239)
	at org.openqa.selenium.remote.RemoteWebDriver.execute(RemoteWebDriver.java:552)
	at io.appium.java_client.DefaultGenericMobileDriver.execute(DefaultGenericMobileDriver.java:41)
	at io.appium.java_client.AppiumDriver.execute(AppiumDriver.java:1)
	at io.appium.java_client.android.AndroidDriver.execute(AndroidDriver.java:1)
	at org.openqa.selenium.remote.RemoteWebDriver.startSession(RemoteWebDriver.java:213)
	at io.appium.java_client.AppiumDriver.startSession(AppiumDriver.java:336)
	at org.openqa.selenium.remote.RemoteWebDriver.&lt;init&gt;(RemoteWebDriver.java:131)
	at io.appium.java_client.DefaultGenericMobileDriver.&lt;init&gt;(DefaultGenericMobileDriver.java:37)
	at io.appium.java_client.AppiumDriver.&lt;init&gt;(AppiumDriver.java:88)
	at io.appium.java_client.AppiumDriver.&lt;init&gt;(AppiumDriver.java:98)
	at io.appium.java_client.android.AndroidDriver.&lt;init&gt;(AndroidDriver.java:94)
	at utilities.TestBase.setUp(TestBase.java:76)
	at java.util.concurrent.ThreadPoolExecutor.runWorker(Unknown Source)
	at java.util.concurrent.ThreadPoolExecutor$Worker.run(Unknown Source)
	at java.lang.Thread.run(Unknown Source)
	at io.appium.java_client.remote.AppiumCommandExecutor$1.createSession(AppiumCommandExecutor.java:186)
	... 29 more
Caused by: org.openqa.selenium.WebDriverException: An unknown server-side error occurred while processing the command. Original error: Error executing adbExec. Original error: &apos;Command &apos;C:\\Users\\emre\\AppData\\Local\\Android\\Sdk\\platform-tools\\adb.exe -P 5037 -s 5210d014508dc3e1 install -r C:\\Users\\emre\\AppData\\Local\\Temp\\2020624-28592-1mddcpm.dwsc\\appium-uiautomator2-server-v4.5.5.apk&apos; exited with code 1&apos;; Stderr: &apos;adb: failed to install C:\Users\emre\AppData\Local\Temp\2020624-28592-1mddcpm.dwsc\appium-uiautomator2-server-v4.5.5.apk: Failure [INSTALL_PARSE_FAILED_NO_CERTIFICATES: Failed to collect certificates from /data/app/vmdl33508770.tmp/base.apk using APK Signature Scheme v2: SHA-256 digest of contents did not verify]&apos;; Code: &apos;1&apos;
Build info: version: &apos;3.141.59&apos;, revision: &apos;e82be7d358&apos;, time: &apos;2018-11-14T08:17:03&apos;
System info: host: &apos;DESKTOP-NQRRDTM&apos;, ip: &apos;192.168.8.120&apos;, os.name: &apos;Windows 10&apos;, os.arch: &apos;amd64&apos;, os.version: &apos;10.0&apos;, java.version: &apos;1.8.0_241&apos;
Driver info: driver.version: AndroidDriver
remote stacktrace: UnknownError: An unknown server-side error occurred while processing the command. Original error: Error executing adbExec. Original error: &apos;Command &apos;C:\\Users\\emre\\AppData\\Local\\Android\\Sdk\\platform-tools\\adb.exe -P 5037 -s 5210d014508dc3e1 install -r C:\\Users\\emre\\AppData\\Local\\Temp\\2020624-28592-1mddcpm.dwsc\\appium-uiautomator2-server-v4.5.5.apk&apos; exited with code 1&apos;; Stderr: &apos;adb: failed to install C:\Users\emre\AppData\Local\Temp\2020624-28592-1mddcpm.dwsc\appium-uiautomator2-server-v4.5.5.apk: Failure [INSTALL_PARSE_FAILED_NO_CERTIFICATES: Failed to collect certificates from /data/app/vmdl33508770.tmp/base.apk using APK Signature Scheme v2: SHA-256 digest of contents did not verify]&apos;; Code: &apos;1&apos;
    at getResponseForW3CError (C:\Program Files\Appium\resources\app\node_modules\appium\node_modules\appium-base-driver\lib\protocol\errors.js:804:9)
    at asyncHandler (C:\Program Files\Appium\resources\app\node_modules\appium\node_modules\appium-base-driver\lib\protocol\protocol.js:392:37)
	at org.openqa.selenium.remote.W3CHandshakeResponse.lambda$errorHandler$0(W3CHandshakeResponse.java:62)
	at org.openqa.selenium.remote.HandshakeResponse.lambda$getResponseFunction$0(HandshakeResponse.java:30)
	at org.openqa.selenium.remote.ProtocolHandshake.lambda$createSession$0(ProtocolHandshake.java:126)
	at java.util.stream.ReferencePipeline$3$1.accept(Unknown Source)
	at java.util.Spliterators$ArraySpliterator.tryAdvance(Unknown Source)
	at java.util.stream.ReferencePipeline.forEachWithCancel(Unknown Source)
	at java.util.stream.AbstractPipeline.copyIntoWithCancel(Unknown Source)
	at java.util.stream.AbstractPipeline.copyInto(Unknown Source)
	at java.util.stream.AbstractPipeline.wrapAndCopyInto(Unknown Source)
	at java.util.stream.FindOps$FindOp.evaluateSequential(Unknown Source)
	at java.util.stream.AbstractPipeline.evaluate(Unknown Source)
	at java.util.stream.ReferencePipeline.findFirst(Unknown Source)
	at org.openqa.selenium.remote.ProtocolHandshake.createSession(ProtocolHandshake.java:128)
	... 33 more
... Removed 20 stack frames
</div> <!-- stack-trace -->
                </div> <!-- method-content -->
              </div> <!-- method -->
              <div class="method">
                <div class="method-content">
                  <a name="TC_037_Acil_Mudahale">
                  </a> <!-- TC_037_Acil_Mudahale -->
                  <span class="method-name">TC_037_Acil_Mudahale</span>
                  <div class="stack-trace">org.openqa.selenium.SessionNotCreatedException: Unable to create a new remote session. Please check the server log for more details. Original error: An unknown server-side error occurred while processing the command. Original error: Error executing adbExec. Original error: &apos;Command &apos;C:\\Users\\emre\\AppData\\Local\\Android\\Sdk\\platform-tools\\adb.exe -P 5037 -s 5210d014508dc3e1 install -r C:\\Users\\emre\\AppData\\Local\\Temp\\2020624-28592-1mddcpm.dwsc\\appium-uiautomator2-server-v4.5.5.apk&apos; exited with code 1&apos;; Stderr: &apos;adb: failed to install C:\Users\emre\AppData\Local\Temp\2020624-28592-1mddcpm.dwsc\appium-uiautomator2-server-v4.5.5.apk: Failure [INSTALL_PARSE_FAILED_NO_CERTIFICATES: Failed to collect certificates from /data/app/vmdl33508770.tmp/base.apk using APK Signature Scheme v2: SHA-256 digest of contents did not verify]&apos;; Code: &apos;1&apos;
Build info: version: &apos;3.141.59&apos;, revision: &apos;e82be7d358&apos;, time: &apos;2018-11-14T08:17:03&apos;
System info: host: &apos;DESKTOP-NQRRDTM&apos;, ip: &apos;192.168.8.120&apos;, os.name: &apos;Windows 10&apos;, os.arch: &apos;amd64&apos;, os.version: &apos;10.0&apos;, java.version: &apos;1.8.0_241&apos;
Driver info: driver.version: AndroidDriver
remote stacktrace: UnknownError: An unknown server-side error occurred while processing the command. Original error: Error executing adbExec. Original error: &apos;Command &apos;C:\\Users\\emre\\AppData\\Local\\Android\\Sdk\\platform-tools\\adb.exe -P 5037 -s 5210d014508dc3e1 install -r C:\\Users\\emre\\AppData\\Local\\Temp\\2020624-28592-1mddcpm.dwsc\\appium-uiautomator2-server-v4.5.5.apk&apos; exited with code 1&apos;; Stderr: &apos;adb: failed to install C:\Users\emre\AppData\Local\Temp\2020624-28592-1mddcpm.dwsc\appium-uiautomator2-server-v4.5.5.apk: Failure [INSTALL_PARSE_FAILED_NO_CERTIFICATES: Failed to collect certificates from /data/app/vmdl33508770.tmp/base.apk using APK Signature Scheme v2: SHA-256 digest of contents did not verify]&apos;; Code: &apos;1&apos;
    at getResponseForW3CError (C:\Program Files\Appium\resources\app\node_modules\appium\node_modules\appium-base-driver\lib\protocol\errors.js:804:9)
    at asyncHandler (C:\Program Files\Appium\resources\app\node_modules\appium\node_modules\appium-base-driver\lib\protocol\protocol.js:392:37)
Build info: version: &apos;3.141.59&apos;, revision: &apos;e82be7d358&apos;, time: &apos;2018-11-14T08:17:03&apos;
System info: host: &apos;DESKTOP-NQRRDTM&apos;, ip: &apos;192.168.8.120&apos;, os.name: &apos;Windows 10&apos;, os.arch: &apos;amd64&apos;, os.version: &apos;10.0&apos;, java.version: &apos;1.8.0_241&apos;
Driver info: driver.version: AndroidDriver
	at io.appium.java_client.remote.AppiumCommandExecutor$1.createSession(AppiumCommandExecutor.java:208)
	at io.appium.java_client.remote.AppiumCommandExecutor.createSession(AppiumCommandExecutor.java:217)
	at io.appium.java_client.remote.AppiumCommandExecutor.execute(AppiumCommandExecutor.java:239)
	at org.openqa.selenium.remote.RemoteWebDriver.execute(RemoteWebDriver.java:552)
	at io.appium.java_client.DefaultGenericMobileDriver.execute(DefaultGenericMobileDriver.java:41)
	at io.appium.java_client.AppiumDriver.execute(AppiumDriver.java:1)
	at io.appium.java_client.android.AndroidDriver.execute(AndroidDriver.java:1)
	at org.openqa.selenium.remote.RemoteWebDriver.startSession(RemoteWebDriver.java:213)
	at io.appium.java_client.AppiumDriver.startSession(AppiumDriver.java:336)
	at org.openqa.selenium.remote.RemoteWebDriver.&lt;init&gt;(RemoteWebDriver.java:131)
	at io.appium.java_client.DefaultGenericMobileDriver.&lt;init&gt;(DefaultGenericMobileDriver.java:37)
	at io.appium.java_client.AppiumDriver.&lt;init&gt;(AppiumDriver.java:88)
	at io.appium.java_client.AppiumDriver.&lt;init&gt;(AppiumDriver.java:98)
	at io.appium.java_client.android.AndroidDriver.&lt;init&gt;(AndroidDriver.java:94)
	at utilities.TestBase.setUp(TestBase.java:76)
	at java.util.concurrent.ThreadPoolExecutor.runWorker(Unknown Source)
	at java.util.concurrent.ThreadPoolExecutor$Worker.run(Unknown Source)
	at java.lang.Thread.run(Unknown Source)
	at io.appium.java_client.remote.AppiumCommandExecutor$1.createSession(AppiumCommandExecutor.java:186)
	... 29 more
Caused by: org.openqa.selenium.WebDriverException: An unknown server-side error occurred while processing the command. Original error: Error executing adbExec. Original error: &apos;Command &apos;C:\\Users\\emre\\AppData\\Local\\Android\\Sdk\\platform-tools\\adb.exe -P 5037 -s 5210d014508dc3e1 install -r C:\\Users\\emre\\AppData\\Local\\Temp\\2020624-28592-1mddcpm.dwsc\\appium-uiautomator2-server-v4.5.5.apk&apos; exited with code 1&apos;; Stderr: &apos;adb: failed to install C:\Users\emre\AppData\Local\Temp\2020624-28592-1mddcpm.dwsc\appium-uiautomator2-server-v4.5.5.apk: Failure [INSTALL_PARSE_FAILED_NO_CERTIFICATES: Failed to collect certificates from /data/app/vmdl33508770.tmp/base.apk using APK Signature Scheme v2: SHA-256 digest of contents did not verify]&apos;; Code: &apos;1&apos;
Build info: version: &apos;3.141.59&apos;, revision: &apos;e82be7d358&apos;, time: &apos;2018-11-14T08:17:03&apos;
System info: host: &apos;DESKTOP-NQRRDTM&apos;, ip: &apos;192.168.8.120&apos;, os.name: &apos;Windows 10&apos;, os.arch: &apos;amd64&apos;, os.version: &apos;10.0&apos;, java.version: &apos;1.8.0_241&apos;
Driver info: driver.version: AndroidDriver
remote stacktrace: UnknownError: An unknown server-side error occurred while processing the command. Original error: Error executing adbExec. Original error: &apos;Command &apos;C:\\Users\\emre\\AppData\\Local\\Android\\Sdk\\platform-tools\\adb.exe -P 5037 -s 5210d014508dc3e1 install -r C:\\Users\\emre\\AppData\\Local\\Temp\\2020624-28592-1mddcpm.dwsc\\appium-uiautomator2-server-v4.5.5.apk&apos; exited with code 1&apos;; Stderr: &apos;adb: failed to install C:\Users\emre\AppData\Local\Temp\2020624-28592-1mddcpm.dwsc\appium-uiautomator2-server-v4.5.5.apk: Failure [INSTALL_PARSE_FAILED_NO_CERTIFICATES: Failed to collect certificates from /data/app/vmdl33508770.tmp/base.apk using APK Signature Scheme v2: SHA-256 digest of contents did not verify]&apos;; Code: &apos;1&apos;
    at getResponseForW3CError (C:\Program Files\Appium\resources\app\node_modules\appium\node_modules\appium-base-driver\lib\protocol\errors.js:804:9)
    at asyncHandler (C:\Program Files\Appium\resources\app\node_modules\appium\node_modules\appium-base-driver\lib\protocol\protocol.js:392:37)
	at org.openqa.selenium.remote.W3CHandshakeResponse.lambda$errorHandler$0(W3CHandshakeResponse.java:62)
	at org.openqa.selenium.remote.HandshakeResponse.lambda$getResponseFunction$0(HandshakeResponse.java:30)
	at org.openqa.selenium.remote.ProtocolHandshake.lambda$createSession$0(ProtocolHandshake.java:126)
	at java.util.stream.ReferencePipeline$3$1.accept(Unknown Source)
	at java.util.Spliterators$ArraySpliterator.tryAdvance(Unknown Source)
	at java.util.stream.ReferencePipeline.forEachWithCancel(Unknown Source)
	at java.util.stream.AbstractPipeline.copyIntoWithCancel(Unknown Source)
	at java.util.stream.AbstractPipeline.copyInto(Unknown Source)
	at java.util.stream.AbstractPipeline.wrapAndCopyInto(Unknown Source)
	at java.util.stream.FindOps$FindOp.evaluateSequential(Unknown Source)
	at java.util.stream.AbstractPipeline.evaluate(Unknown Source)
	at java.util.stream.ReferencePipeline.findFirst(Unknown Source)
	at org.openqa.selenium.remote.ProtocolHandshake.createSession(ProtocolHandshake.java:128)
	... 33 more
... Removed 20 stack frames
</div> <!-- stack-trace -->
                </div> <!-- method-content -->
              </div> <!-- method -->
              <div class="method">
                <div class="method-content">
                  <a name="TC_038_Nasil_Surulur">
                  </a> <!-- TC_038_Nasil_Surulur -->
                  <span class="method-name">TC_038_Nasil_Surulur</span>
                  <div class="stack-trace">org.openqa.selenium.SessionNotCreatedException: Unable to create a new remote session. Please check the server log for more details. Original error: An unknown server-side error occurred while processing the command. Original error: Error executing adbExec. Original error: &apos;Command &apos;C:\\Users\\emre\\AppData\\Local\\Android\\Sdk\\platform-tools\\adb.exe -P 5037 -s 5210d014508dc3e1 install -r C:\\Users\\emre\\AppData\\Local\\Temp\\2020624-28592-1mddcpm.dwsc\\appium-uiautomator2-server-v4.5.5.apk&apos; exited with code 1&apos;; Stderr: &apos;adb: failed to install C:\Users\emre\AppData\Local\Temp\2020624-28592-1mddcpm.dwsc\appium-uiautomator2-server-v4.5.5.apk: Failure [INSTALL_PARSE_FAILED_NO_CERTIFICATES: Failed to collect certificates from /data/app/vmdl33508770.tmp/base.apk using APK Signature Scheme v2: SHA-256 digest of contents did not verify]&apos;; Code: &apos;1&apos;
Build info: version: &apos;3.141.59&apos;, revision: &apos;e82be7d358&apos;, time: &apos;2018-11-14T08:17:03&apos;
System info: host: &apos;DESKTOP-NQRRDTM&apos;, ip: &apos;192.168.8.120&apos;, os.name: &apos;Windows 10&apos;, os.arch: &apos;amd64&apos;, os.version: &apos;10.0&apos;, java.version: &apos;1.8.0_241&apos;
Driver info: driver.version: AndroidDriver
remote stacktrace: UnknownError: An unknown server-side error occurred while processing the command. Original error: Error executing adbExec. Original error: &apos;Command &apos;C:\\Users\\emre\\AppData\\Local\\Android\\Sdk\\platform-tools\\adb.exe -P 5037 -s 5210d014508dc3e1 install -r C:\\Users\\emre\\AppData\\Local\\Temp\\2020624-28592-1mddcpm.dwsc\\appium-uiautomator2-server-v4.5.5.apk&apos; exited with code 1&apos;; Stderr: &apos;adb: failed to install C:\Users\emre\AppData\Local\Temp\2020624-28592-1mddcpm.dwsc\appium-uiautomator2-server-v4.5.5.apk: Failure [INSTALL_PARSE_FAILED_NO_CERTIFICATES: Failed to collect certificates from /data/app/vmdl33508770.tmp/base.apk using APK Signature Scheme v2: SHA-256 digest of contents did not verify]&apos;; Code: &apos;1&apos;
    at getResponseForW3CError (C:\Program Files\Appium\resources\app\node_modules\appium\node_modules\appium-base-driver\lib\protocol\errors.js:804:9)
    at asyncHandler (C:\Program Files\Appium\resources\app\node_modules\appium\node_modules\appium-base-driver\lib\protocol\protocol.js:392:37)
Build info: version: &apos;3.141.59&apos;, revision: &apos;e82be7d358&apos;, time: &apos;2018-11-14T08:17:03&apos;
System info: host: &apos;DESKTOP-NQRRDTM&apos;, ip: &apos;192.168.8.120&apos;, os.name: &apos;Windows 10&apos;, os.arch: &apos;amd64&apos;, os.version: &apos;10.0&apos;, java.version: &apos;1.8.0_241&apos;
Driver info: driver.version: AndroidDriver
	at io.appium.java_client.remote.AppiumCommandExecutor$1.createSession(AppiumCommandExecutor.java:208)
	at io.appium.java_client.remote.AppiumCommandExecutor.createSession(AppiumCommandExecutor.java:217)
	at io.appium.java_client.remote.AppiumCommandExecutor.execute(AppiumCommandExecutor.java:239)
	at org.openqa.selenium.remote.RemoteWebDriver.execute(RemoteWebDriver.java:552)
	at io.appium.java_client.DefaultGenericMobileDriver.execute(DefaultGenericMobileDriver.java:41)
	at io.appium.java_client.AppiumDriver.execute(AppiumDriver.java:1)
	at io.appium.java_client.android.AndroidDriver.execute(AndroidDriver.java:1)
	at org.openqa.selenium.remote.RemoteWebDriver.startSession(RemoteWebDriver.java:213)
	at io.appium.java_client.AppiumDriver.startSession(AppiumDriver.java:336)
	at org.openqa.selenium.remote.RemoteWebDriver.&lt;init&gt;(RemoteWebDriver.java:131)
	at io.appium.java_client.DefaultGenericMobileDriver.&lt;init&gt;(DefaultGenericMobileDriver.java:37)
	at io.appium.java_client.AppiumDriver.&lt;init&gt;(AppiumDriver.java:88)
	at io.appium.java_client.AppiumDriver.&lt;init&gt;(AppiumDriver.java:98)
	at io.appium.java_client.android.AndroidDriver.&lt;init&gt;(AndroidDriver.java:94)
	at utilities.TestBase.setUp(TestBase.java:76)
	at java.util.concurrent.ThreadPoolExecutor.runWorker(Unknown Source)
	at java.util.concurrent.ThreadPoolExecutor$Worker.run(Unknown Source)
	at java.lang.Thread.run(Unknown Source)
	at io.appium.java_client.remote.AppiumCommandExecutor$1.createSession(AppiumCommandExecutor.java:186)
	... 29 more
Caused by: org.openqa.selenium.WebDriverException: An unknown server-side error occurred while processing the command. Original error: Error executing adbExec. Original error: &apos;Command &apos;C:\\Users\\emre\\AppData\\Local\\Android\\Sdk\\platform-tools\\adb.exe -P 5037 -s 5210d014508dc3e1 install -r C:\\Users\\emre\\AppData\\Local\\Temp\\2020624-28592-1mddcpm.dwsc\\appium-uiautomator2-server-v4.5.5.apk&apos; exited with code 1&apos;; Stderr: &apos;adb: failed to install C:\Users\emre\AppData\Local\Temp\2020624-28592-1mddcpm.dwsc\appium-uiautomator2-server-v4.5.5.apk: Failure [INSTALL_PARSE_FAILED_NO_CERTIFICATES: Failed to collect certificates from /data/app/vmdl33508770.tmp/base.apk using APK Signature Scheme v2: SHA-256 digest of contents did not verify]&apos;; Code: &apos;1&apos;
Build info: version: &apos;3.141.59&apos;, revision: &apos;e82be7d358&apos;, time: &apos;2018-11-14T08:17:03&apos;
System info: host: &apos;DESKTOP-NQRRDTM&apos;, ip: &apos;192.168.8.120&apos;, os.name: &apos;Windows 10&apos;, os.arch: &apos;amd64&apos;, os.version: &apos;10.0&apos;, java.version: &apos;1.8.0_241&apos;
Driver info: driver.version: AndroidDriver
remote stacktrace: UnknownError: An unknown server-side error occurred while processing the command. Original error: Error executing adbExec. Original error: &apos;Command &apos;C:\\Users\\emre\\AppData\\Local\\Android\\Sdk\\platform-tools\\adb.exe -P 5037 -s 5210d014508dc3e1 install -r C:\\Users\\emre\\AppData\\Local\\Temp\\2020624-28592-1mddcpm.dwsc\\appium-uiautomator2-server-v4.5.5.apk&apos; exited with code 1&apos;; Stderr: &apos;adb: failed to install C:\Users\emre\AppData\Local\Temp\2020624-28592-1mddcpm.dwsc\appium-uiautomator2-server-v4.5.5.apk: Failure [INSTALL_PARSE_FAILED_NO_CERTIFICATES: Failed to collect certificates from /data/app/vmdl33508770.tmp/base.apk using APK Signature Scheme v2: SHA-256 digest of contents did not verify]&apos;; Code: &apos;1&apos;
    at getResponseForW3CError (C:\Program Files\Appium\resources\app\node_modules\appium\node_modules\appium-base-driver\lib\protocol\errors.js:804:9)
    at asyncHandler (C:\Program Files\Appium\resources\app\node_modules\appium\node_modules\appium-base-driver\lib\protocol\protocol.js:392:37)
	at org.openqa.selenium.remote.W3CHandshakeResponse.lambda$errorHandler$0(W3CHandshakeResponse.java:62)
	at org.openqa.selenium.remote.HandshakeResponse.lambda$getResponseFunction$0(HandshakeResponse.java:30)
	at org.openqa.selenium.remote.ProtocolHandshake.lambda$createSession$0(ProtocolHandshake.java:126)
	at java.util.stream.ReferencePipeline$3$1.accept(Unknown Source)
	at java.util.Spliterators$ArraySpliterator.tryAdvance(Unknown Source)
	at java.util.stream.ReferencePipeline.forEachWithCancel(Unknown Source)
	at java.util.stream.AbstractPipeline.copyIntoWithCancel(Unknown Source)
	at java.util.stream.AbstractPipeline.copyInto(Unknown Source)
	at java.util.stream.AbstractPipeline.wrapAndCopyInto(Unknown Source)
	at java.util.stream.FindOps$FindOp.evaluateSequential(Unknown Source)
	at java.util.stream.AbstractPipeline.evaluate(Unknown Source)
	at java.util.stream.ReferencePipeline.findFirst(Unknown Source)
	at org.openqa.selenium.remote.ProtocolHandshake.createSession(ProtocolHandshake.java:128)
	... 33 more
... Removed 20 stack frames
</div> <!-- stack-trace -->
                </div> <!-- method-content -->
              </div> <!-- method -->
              <div class="method">
                <div class="method-content">
                  <a name="TC_039_Ortalama">
                  </a> <!-- TC_039_Ortalama -->
                  <span class="method-name">TC_039_Ortalama</span>
                  <div class="stack-trace">org.openqa.selenium.SessionNotCreatedException: Unable to create a new remote session. Please check the server log for more details. Original error: An unknown server-side error occurred while processing the command. Original error: Error executing adbExec. Original error: &apos;Command &apos;C:\\Users\\emre\\AppData\\Local\\Android\\Sdk\\platform-tools\\adb.exe -P 5037 -s 5210d014508dc3e1 install -r C:\\Users\\emre\\AppData\\Local\\Temp\\2020624-28592-1mddcpm.dwsc\\appium-uiautomator2-server-v4.5.5.apk&apos; exited with code 1&apos;; Stderr: &apos;adb: failed to install C:\Users\emre\AppData\Local\Temp\2020624-28592-1mddcpm.dwsc\appium-uiautomator2-server-v4.5.5.apk: Failure [INSTALL_PARSE_FAILED_NO_CERTIFICATES: Failed to collect certificates from /data/app/vmdl33508770.tmp/base.apk using APK Signature Scheme v2: SHA-256 digest of contents did not verify]&apos;; Code: &apos;1&apos;
Build info: version: &apos;3.141.59&apos;, revision: &apos;e82be7d358&apos;, time: &apos;2018-11-14T08:17:03&apos;
System info: host: &apos;DESKTOP-NQRRDTM&apos;, ip: &apos;192.168.8.120&apos;, os.name: &apos;Windows 10&apos;, os.arch: &apos;amd64&apos;, os.version: &apos;10.0&apos;, java.version: &apos;1.8.0_241&apos;
Driver info: driver.version: AndroidDriver
remote stacktrace: UnknownError: An unknown server-side error occurred while processing the command. Original error: Error executing adbExec. Original error: &apos;Command &apos;C:\\Users\\emre\\AppData\\Local\\Android\\Sdk\\platform-tools\\adb.exe -P 5037 -s 5210d014508dc3e1 install -r C:\\Users\\emre\\AppData\\Local\\Temp\\2020624-28592-1mddcpm.dwsc\\appium-uiautomator2-server-v4.5.5.apk&apos; exited with code 1&apos;; Stderr: &apos;adb: failed to install C:\Users\emre\AppData\Local\Temp\2020624-28592-1mddcpm.dwsc\appium-uiautomator2-server-v4.5.5.apk: Failure [INSTALL_PARSE_FAILED_NO_CERTIFICATES: Failed to collect certificates from /data/app/vmdl33508770.tmp/base.apk using APK Signature Scheme v2: SHA-256 digest of contents did not verify]&apos;; Code: &apos;1&apos;
    at getResponseForW3CError (C:\Program Files\Appium\resources\app\node_modules\appium\node_modules\appium-base-driver\lib\protocol\errors.js:804:9)
    at asyncHandler (C:\Program Files\Appium\resources\app\node_modules\appium\node_modules\appium-base-driver\lib\protocol\protocol.js:392:37)
Build info: version: &apos;3.141.59&apos;, revision: &apos;e82be7d358&apos;, time: &apos;2018-11-14T08:17:03&apos;
System info: host: &apos;DESKTOP-NQRRDTM&apos;, ip: &apos;192.168.8.120&apos;, os.name: &apos;Windows 10&apos;, os.arch: &apos;amd64&apos;, os.version: &apos;10.0&apos;, java.version: &apos;1.8.0_241&apos;
Driver info: driver.version: AndroidDriver
	at io.appium.java_client.remote.AppiumCommandExecutor$1.createSession(AppiumCommandExecutor.java:208)
	at io.appium.java_client.remote.AppiumCommandExecutor.createSession(AppiumCommandExecutor.java:217)
	at io.appium.java_client.remote.AppiumCommandExecutor.execute(AppiumCommandExecutor.java:239)
	at org.openqa.selenium.remote.RemoteWebDriver.execute(RemoteWebDriver.java:552)
	at io.appium.java_client.DefaultGenericMobileDriver.execute(DefaultGenericMobileDriver.java:41)
	at io.appium.java_client.AppiumDriver.execute(AppiumDriver.java:1)
	at io.appium.java_client.android.AndroidDriver.execute(AndroidDriver.java:1)
	at org.openqa.selenium.remote.RemoteWebDriver.startSession(RemoteWebDriver.java:213)
	at io.appium.java_client.AppiumDriver.startSession(AppiumDriver.java:336)
	at org.openqa.selenium.remote.RemoteWebDriver.&lt;init&gt;(RemoteWebDriver.java:131)
	at io.appium.java_client.DefaultGenericMobileDriver.&lt;init&gt;(DefaultGenericMobileDriver.java:37)
	at io.appium.java_client.AppiumDriver.&lt;init&gt;(AppiumDriver.java:88)
	at io.appium.java_client.AppiumDriver.&lt;init&gt;(AppiumDriver.java:98)
	at io.appium.java_client.android.AndroidDriver.&lt;init&gt;(AndroidDriver.java:94)
	at utilities.TestBase.setUp(TestBase.java:76)
	at java.util.concurrent.ThreadPoolExecutor.runWorker(Unknown Source)
	at java.util.concurrent.ThreadPoolExecutor$Worker.run(Unknown Source)
	at java.lang.Thread.run(Unknown Source)
	at io.appium.java_client.remote.AppiumCommandExecutor$1.createSession(AppiumCommandExecutor.java:186)
	... 29 more
Caused by: org.openqa.selenium.WebDriverException: An unknown server-side error occurred while processing the command. Original error: Error executing adbExec. Original error: &apos;Command &apos;C:\\Users\\emre\\AppData\\Local\\Android\\Sdk\\platform-tools\\adb.exe -P 5037 -s 5210d014508dc3e1 install -r C:\\Users\\emre\\AppData\\Local\\Temp\\2020624-28592-1mddcpm.dwsc\\appium-uiautomator2-server-v4.5.5.apk&apos; exited with code 1&apos;; Stderr: &apos;adb: failed to install C:\Users\emre\AppData\Local\Temp\2020624-28592-1mddcpm.dwsc\appium-uiautomator2-server-v4.5.5.apk: Failure [INSTALL_PARSE_FAILED_NO_CERTIFICATES: Failed to collect certificates from /data/app/vmdl33508770.tmp/base.apk using APK Signature Scheme v2: SHA-256 digest of contents did not verify]&apos;; Code: &apos;1&apos;
Build info: version: &apos;3.141.59&apos;, revision: &apos;e82be7d358&apos;, time: &apos;2018-11-14T08:17:03&apos;
System info: host: &apos;DESKTOP-NQRRDTM&apos;, ip: &apos;192.168.8.120&apos;, os.name: &apos;Windows 10&apos;, os.arch: &apos;amd64&apos;, os.version: &apos;10.0&apos;, java.version: &apos;1.8.0_241&apos;
Driver info: driver.version: AndroidDriver
remote stacktrace: UnknownError: An unknown server-side error occurred while processing the command. Original error: Error executing adbExec. Original error: &apos;Command &apos;C:\\Users\\emre\\AppData\\Local\\Android\\Sdk\\platform-tools\\adb.exe -P 5037 -s 5210d014508dc3e1 install -r C:\\Users\\emre\\AppData\\Local\\Temp\\2020624-28592-1mddcpm.dwsc\\appium-uiautomator2-server-v4.5.5.apk&apos; exited with code 1&apos;; Stderr: &apos;adb: failed to install C:\Users\emre\AppData\Local\Temp\2020624-28592-1mddcpm.dwsc\appium-uiautomator2-server-v4.5.5.apk: Failure [INSTALL_PARSE_FAILED_NO_CERTIFICATES: Failed to collect certificates from /data/app/vmdl33508770.tmp/base.apk using APK Signature Scheme v2: SHA-256 digest of contents did not verify]&apos;; Code: &apos;1&apos;
    at getResponseForW3CError (C:\Program Files\Appium\resources\app\node_modules\appium\node_modules\appium-base-driver\lib\protocol\errors.js:804:9)
    at asyncHandler (C:\Program Files\Appium\resources\app\node_modules\appium\node_modules\appium-base-driver\lib\protocol\protocol.js:392:37)
	at org.openqa.selenium.remote.W3CHandshakeResponse.lambda$errorHandler$0(W3CHandshakeResponse.java:62)
	at org.openqa.selenium.remote.HandshakeResponse.lambda$getResponseFunction$0(HandshakeResponse.java:30)
	at org.openqa.selenium.remote.ProtocolHandshake.lambda$createSession$0(ProtocolHandshake.java:126)
	at java.util.stream.ReferencePipeline$3$1.accept(Unknown Source)
	at java.util.Spliterators$ArraySpliterator.tryAdvance(Unknown Source)
	at java.util.stream.ReferencePipeline.forEachWithCancel(Unknown Source)
	at java.util.stream.AbstractPipeline.copyIntoWithCancel(Unknown Source)
	at java.util.stream.AbstractPipeline.copyInto(Unknown Source)
	at java.util.stream.AbstractPipeline.wrapAndCopyInto(Unknown Source)
	at java.util.stream.FindOps$FindOp.evaluateSequential(Unknown Source)
	at java.util.stream.AbstractPipeline.evaluate(Unknown Source)
	at java.util.stream.ReferencePipeline.findFirst(Unknown Source)
	at org.openqa.selenium.remote.ProtocolHandshake.createSession(ProtocolHandshake.java:128)
	... 33 more
... Removed 20 stack frames
</div> <!-- stack-trace -->
                </div> <!-- method-content -->
              </div> <!-- method -->
              <div class="method">
                <div class="method-content">
                  <a name="TC_040_Surus_Bitirme">
                  </a> <!-- TC_040_Surus_Bitirme -->
                  <span class="method-name">TC_040_Surus_Bitirme</span>
                  <div class="stack-trace">org.openqa.selenium.SessionNotCreatedException: Unable to create a new remote session. Please check the server log for more details. Original error: An unknown server-side error occurred while processing the command. Original error: Error executing adbExec. Original error: &apos;Command &apos;C:\\Users\\emre\\AppData\\Local\\Android\\Sdk\\platform-tools\\adb.exe -P 5037 -s 5210d014508dc3e1 install -r C:\\Users\\emre\\AppData\\Local\\Temp\\2020624-28592-1mddcpm.dwsc\\appium-uiautomator2-server-v4.5.5.apk&apos; exited with code 1&apos;; Stderr: &apos;adb: failed to install C:\Users\emre\AppData\Local\Temp\2020624-28592-1mddcpm.dwsc\appium-uiautomator2-server-v4.5.5.apk: Failure [INSTALL_PARSE_FAILED_NO_CERTIFICATES: Failed to collect certificates from /data/app/vmdl33508770.tmp/base.apk using APK Signature Scheme v2: SHA-256 digest of contents did not verify]&apos;; Code: &apos;1&apos;
Build info: version: &apos;3.141.59&apos;, revision: &apos;e82be7d358&apos;, time: &apos;2018-11-14T08:17:03&apos;
System info: host: &apos;DESKTOP-NQRRDTM&apos;, ip: &apos;192.168.8.120&apos;, os.name: &apos;Windows 10&apos;, os.arch: &apos;amd64&apos;, os.version: &apos;10.0&apos;, java.version: &apos;1.8.0_241&apos;
Driver info: driver.version: AndroidDriver
remote stacktrace: UnknownError: An unknown server-side error occurred while processing the command. Original error: Error executing adbExec. Original error: &apos;Command &apos;C:\\Users\\emre\\AppData\\Local\\Android\\Sdk\\platform-tools\\adb.exe -P 5037 -s 5210d014508dc3e1 install -r C:\\Users\\emre\\AppData\\Local\\Temp\\2020624-28592-1mddcpm.dwsc\\appium-uiautomator2-server-v4.5.5.apk&apos; exited with code 1&apos;; Stderr: &apos;adb: failed to install C:\Users\emre\AppData\Local\Temp\2020624-28592-1mddcpm.dwsc\appium-uiautomator2-server-v4.5.5.apk: Failure [INSTALL_PARSE_FAILED_NO_CERTIFICATES: Failed to collect certificates from /data/app/vmdl33508770.tmp/base.apk using APK Signature Scheme v2: SHA-256 digest of contents did not verify]&apos;; Code: &apos;1&apos;
    at getResponseForW3CError (C:\Program Files\Appium\resources\app\node_modules\appium\node_modules\appium-base-driver\lib\protocol\errors.js:804:9)
    at asyncHandler (C:\Program Files\Appium\resources\app\node_modules\appium\node_modules\appium-base-driver\lib\protocol\protocol.js:392:37)
Build info: version: &apos;3.141.59&apos;, revision: &apos;e82be7d358&apos;, time: &apos;2018-11-14T08:17:03&apos;
System info: host: &apos;DESKTOP-NQRRDTM&apos;, ip: &apos;192.168.8.120&apos;, os.name: &apos;Windows 10&apos;, os.arch: &apos;amd64&apos;, os.version: &apos;10.0&apos;, java.version: &apos;1.8.0_241&apos;
Driver info: driver.version: AndroidDriver
	at io.appium.java_client.remote.AppiumCommandExecutor$1.createSession(AppiumCommandExecutor.java:208)
	at io.appium.java_client.remote.AppiumCommandExecutor.createSession(AppiumCommandExecutor.java:217)
	at io.appium.java_client.remote.AppiumCommandExecutor.execute(AppiumCommandExecutor.java:239)
	at org.openqa.selenium.remote.RemoteWebDriver.execute(RemoteWebDriver.java:552)
	at io.appium.java_client.DefaultGenericMobileDriver.execute(DefaultGenericMobileDriver.java:41)
	at io.appium.java_client.AppiumDriver.execute(AppiumDriver.java:1)
	at io.appium.java_client.android.AndroidDriver.execute(AndroidDriver.java:1)
	at org.openqa.selenium.remote.RemoteWebDriver.startSession(RemoteWebDriver.java:213)
	at io.appium.java_client.AppiumDriver.startSession(AppiumDriver.java:336)
	at org.openqa.selenium.remote.RemoteWebDriver.&lt;init&gt;(RemoteWebDriver.java:131)
	at io.appium.java_client.DefaultGenericMobileDriver.&lt;init&gt;(DefaultGenericMobileDriver.java:37)
	at io.appium.java_client.AppiumDriver.&lt;init&gt;(AppiumDriver.java:88)
	at io.appium.java_client.AppiumDriver.&lt;init&gt;(AppiumDriver.java:98)
	at io.appium.java_client.android.AndroidDriver.&lt;init&gt;(AndroidDriver.java:94)
	at utilities.TestBase.setUp(TestBase.java:76)
	at java.util.concurrent.ThreadPoolExecutor.runWorker(Unknown Source)
	at java.util.concurrent.ThreadPoolExecutor$Worker.run(Unknown Source)
	at java.lang.Thread.run(Unknown Source)
	at io.appium.java_client.remote.AppiumCommandExecutor$1.createSession(AppiumCommandExecutor.java:186)
	... 29 more
Caused by: org.openqa.selenium.WebDriverException: An unknown server-side error occurred while processing the command. Original error: Error executing adbExec. Original error: &apos;Command &apos;C:\\Users\\emre\\AppData\\Local\\Android\\Sdk\\platform-tools\\adb.exe -P 5037 -s 5210d014508dc3e1 install -r C:\\Users\\emre\\AppData\\Local\\Temp\\2020624-28592-1mddcpm.dwsc\\appium-uiautomator2-server-v4.5.5.apk&apos; exited with code 1&apos;; Stderr: &apos;adb: failed to install C:\Users\emre\AppData\Local\Temp\2020624-28592-1mddcpm.dwsc\appium-uiautomator2-server-v4.5.5.apk: Failure [INSTALL_PARSE_FAILED_NO_CERTIFICATES: Failed to collect certificates from /data/app/vmdl33508770.tmp/base.apk using APK Signature Scheme v2: SHA-256 digest of contents did not verify]&apos;; Code: &apos;1&apos;
Build info: version: &apos;3.141.59&apos;, revision: &apos;e82be7d358&apos;, time: &apos;2018-11-14T08:17:03&apos;
System info: host: &apos;DESKTOP-NQRRDTM&apos;, ip: &apos;192.168.8.120&apos;, os.name: &apos;Windows 10&apos;, os.arch: &apos;amd64&apos;, os.version: &apos;10.0&apos;, java.version: &apos;1.8.0_241&apos;
Driver info: driver.version: AndroidDriver
remote stacktrace: UnknownError: An unknown server-side error occurred while processing the command. Original error: Error executing adbExec. Original error: &apos;Command &apos;C:\\Users\\emre\\AppData\\Local\\Android\\Sdk\\platform-tools\\adb.exe -P 5037 -s 5210d014508dc3e1 install -r C:\\Users\\emre\\AppData\\Local\\Temp\\2020624-28592-1mddcpm.dwsc\\appium-uiautomator2-server-v4.5.5.apk&apos; exited with code 1&apos;; Stderr: &apos;adb: failed to install C:\Users\emre\AppData\Local\Temp\2020624-28592-1mddcpm.dwsc\appium-uiautomator2-server-v4.5.5.apk: Failure [INSTALL_PARSE_FAILED_NO_CERTIFICATES: Failed to collect certificates from /data/app/vmdl33508770.tmp/base.apk using APK Signature Scheme v2: SHA-256 digest of contents did not verify]&apos;; Code: &apos;1&apos;
    at getResponseForW3CError (C:\Program Files\Appium\resources\app\node_modules\appium\node_modules\appium-base-driver\lib\protocol\errors.js:804:9)
    at asyncHandler (C:\Program Files\Appium\resources\app\node_modules\appium\node_modules\appium-base-driver\lib\protocol\protocol.js:392:37)
	at org.openqa.selenium.remote.W3CHandshakeResponse.lambda$errorHandler$0(W3CHandshakeResponse.java:62)
	at org.openqa.selenium.remote.HandshakeResponse.lambda$getResponseFunction$0(HandshakeResponse.java:30)
	at org.openqa.selenium.remote.ProtocolHandshake.lambda$createSession$0(ProtocolHandshake.java:126)
	at java.util.stream.ReferencePipeline$3$1.accept(Unknown Source)
	at java.util.Spliterators$ArraySpliterator.tryAdvance(Unknown Source)
	at java.util.stream.ReferencePipeline.forEachWithCancel(Unknown Source)
	at java.util.stream.AbstractPipeline.copyIntoWithCancel(Unknown Source)
	at java.util.stream.AbstractPipeline.copyInto(Unknown Source)
	at java.util.stream.AbstractPipeline.wrapAndCopyInto(Unknown Source)
	at java.util.stream.FindOps$FindOp.evaluateSequential(Unknown Source)
	at java.util.stream.AbstractPipeline.evaluate(Unknown Source)
	at java.util.stream.ReferencePipeline.findFirst(Unknown Source)
	at org.openqa.selenium.remote.ProtocolHandshake.createSession(ProtocolHandshake.java:128)
	... 33 more
... Removed 20 stack frames
</div> <!-- stack-trace -->
                </div> <!-- method-content -->
              </div> <!-- method -->
              <div class="method">
                <div class="method-content">
                  <a name="TC_041_Park_Edilemez_Alan">
                  </a> <!-- TC_041_Park_Edilemez_Alan -->
                  <span class="method-name">TC_041_Park_Edilemez_Alan</span>
                  <div class="stack-trace">org.openqa.selenium.SessionNotCreatedException: Unable to create a new remote session. Please check the server log for more details. Original error: An unknown server-side error occurred while processing the command. Original error: Error executing adbExec. Original error: &apos;Command &apos;C:\\Users\\emre\\AppData\\Local\\Android\\Sdk\\platform-tools\\adb.exe -P 5037 -s 5210d014508dc3e1 install -r C:\\Users\\emre\\AppData\\Local\\Temp\\2020624-28592-1mddcpm.dwsc\\appium-uiautomator2-server-v4.5.5.apk&apos; exited with code 1&apos;; Stderr: &apos;adb: failed to install C:\Users\emre\AppData\Local\Temp\2020624-28592-1mddcpm.dwsc\appium-uiautomator2-server-v4.5.5.apk: Failure [INSTALL_PARSE_FAILED_NO_CERTIFICATES: Failed to collect certificates from /data/app/vmdl33508770.tmp/base.apk using APK Signature Scheme v2: SHA-256 digest of contents did not verify]&apos;; Code: &apos;1&apos;
Build info: version: &apos;3.141.59&apos;, revision: &apos;e82be7d358&apos;, time: &apos;2018-11-14T08:17:03&apos;
System info: host: &apos;DESKTOP-NQRRDTM&apos;, ip: &apos;192.168.8.120&apos;, os.name: &apos;Windows 10&apos;, os.arch: &apos;amd64&apos;, os.version: &apos;10.0&apos;, java.version: &apos;1.8.0_241&apos;
Driver info: driver.version: AndroidDriver
remote stacktrace: UnknownError: An unknown server-side error occurred while processing the command. Original error: Error executing adbExec. Original error: &apos;Command &apos;C:\\Users\\emre\\AppData\\Local\\Android\\Sdk\\platform-tools\\adb.exe -P 5037 -s 5210d014508dc3e1 install -r C:\\Users\\emre\\AppData\\Local\\Temp\\2020624-28592-1mddcpm.dwsc\\appium-uiautomator2-server-v4.5.5.apk&apos; exited with code 1&apos;; Stderr: &apos;adb: failed to install C:\Users\emre\AppData\Local\Temp\2020624-28592-1mddcpm.dwsc\appium-uiautomator2-server-v4.5.5.apk: Failure [INSTALL_PARSE_FAILED_NO_CERTIFICATES: Failed to collect certificates from /data/app/vmdl33508770.tmp/base.apk using APK Signature Scheme v2: SHA-256 digest of contents did not verify]&apos;; Code: &apos;1&apos;
    at getResponseForW3CError (C:\Program Files\Appium\resources\app\node_modules\appium\node_modules\appium-base-driver\lib\protocol\errors.js:804:9)
    at asyncHandler (C:\Program Files\Appium\resources\app\node_modules\appium\node_modules\appium-base-driver\lib\protocol\protocol.js:392:37)
Build info: version: &apos;3.141.59&apos;, revision: &apos;e82be7d358&apos;, time: &apos;2018-11-14T08:17:03&apos;
System info: host: &apos;DESKTOP-NQRRDTM&apos;, ip: &apos;192.168.8.120&apos;, os.name: &apos;Windows 10&apos;, os.arch: &apos;amd64&apos;, os.version: &apos;10.0&apos;, java.version: &apos;1.8.0_241&apos;
Driver info: driver.version: AndroidDriver
	at io.appium.java_client.remote.AppiumCommandExecutor$1.createSession(AppiumCommandExecutor.java:208)
	at io.appium.java_client.remote.AppiumCommandExecutor.createSession(AppiumCommandExecutor.java:217)
	at io.appium.java_client.remote.AppiumCommandExecutor.execute(AppiumCommandExecutor.java:239)
	at org.openqa.selenium.remote.RemoteWebDriver.execute(RemoteWebDriver.java:552)
	at io.appium.java_client.DefaultGenericMobileDriver.execute(DefaultGenericMobileDriver.java:41)
	at io.appium.java_client.AppiumDriver.execute(AppiumDriver.java:1)
	at io.appium.java_client.android.AndroidDriver.execute(AndroidDriver.java:1)
	at org.openqa.selenium.remote.RemoteWebDriver.startSession(RemoteWebDriver.java:213)
	at io.appium.java_client.AppiumDriver.startSession(AppiumDriver.java:336)
	at org.openqa.selenium.remote.RemoteWebDriver.&lt;init&gt;(RemoteWebDriver.java:131)
	at io.appium.java_client.DefaultGenericMobileDriver.&lt;init&gt;(DefaultGenericMobileDriver.java:37)
	at io.appium.java_client.AppiumDriver.&lt;init&gt;(AppiumDriver.java:88)
	at io.appium.java_client.AppiumDriver.&lt;init&gt;(AppiumDriver.java:98)
	at io.appium.java_client.android.AndroidDriver.&lt;init&gt;(AndroidDriver.java:94)
	at utilities.TestBase.setUp(TestBase.java:76)
	at java.util.concurrent.ThreadPoolExecutor.runWorker(Unknown Source)
	at java.util.concurrent.ThreadPoolExecutor$Worker.run(Unknown Source)
	at java.lang.Thread.run(Unknown Source)
	at io.appium.java_client.remote.AppiumCommandExecutor$1.createSession(AppiumCommandExecutor.java:186)
	... 29 more
Caused by: org.openqa.selenium.WebDriverException: An unknown server-side error occurred while processing the command. Original error: Error executing adbExec. Original error: &apos;Command &apos;C:\\Users\\emre\\AppData\\Local\\Android\\Sdk\\platform-tools\\adb.exe -P 5037 -s 5210d014508dc3e1 install -r C:\\Users\\emre\\AppData\\Local\\Temp\\2020624-28592-1mddcpm.dwsc\\appium-uiautomator2-server-v4.5.5.apk&apos; exited with code 1&apos;; Stderr: &apos;adb: failed to install C:\Users\emre\AppData\Local\Temp\2020624-28592-1mddcpm.dwsc\appium-uiautomator2-server-v4.5.5.apk: Failure [INSTALL_PARSE_FAILED_NO_CERTIFICATES: Failed to collect certificates from /data/app/vmdl33508770.tmp/base.apk using APK Signature Scheme v2: SHA-256 digest of contents did not verify]&apos;; Code: &apos;1&apos;
Build info: version: &apos;3.141.59&apos;, revision: &apos;e82be7d358&apos;, time: &apos;2018-11-14T08:17:03&apos;
System info: host: &apos;DESKTOP-NQRRDTM&apos;, ip: &apos;192.168.8.120&apos;, os.name: &apos;Windows 10&apos;, os.arch: &apos;amd64&apos;, os.version: &apos;10.0&apos;, java.version: &apos;1.8.0_241&apos;
Driver info: driver.version: AndroidDriver
remote stacktrace: UnknownError: An unknown server-side error occurred while processing the command. Original error: Error executing adbExec. Original error: &apos;Command &apos;C:\\Users\\emre\\AppData\\Local\\Android\\Sdk\\platform-tools\\adb.exe -P 5037 -s 5210d014508dc3e1 install -r C:\\Users\\emre\\AppData\\Local\\Temp\\2020624-28592-1mddcpm.dwsc\\appium-uiautomator2-server-v4.5.5.apk&apos; exited with code 1&apos;; Stderr: &apos;adb: failed to install C:\Users\emre\AppData\Local\Temp\2020624-28592-1mddcpm.dwsc\appium-uiautomator2-server-v4.5.5.apk: Failure [INSTALL_PARSE_FAILED_NO_CERTIFICATES: Failed to collect certificates from /data/app/vmdl33508770.tmp/base.apk using APK Signature Scheme v2: SHA-256 digest of contents did not verify]&apos;; Code: &apos;1&apos;
    at getResponseForW3CError (C:\Program Files\Appium\resources\app\node_modules\appium\node_modules\appium-base-driver\lib\protocol\errors.js:804:9)
    at asyncHandler (C:\Program Files\Appium\resources\app\node_modules\appium\node_modules\appium-base-driver\lib\protocol\protocol.js:392:37)
	at org.openqa.selenium.remote.W3CHandshakeResponse.lambda$errorHandler$0(W3CHandshakeResponse.java:62)
	at org.openqa.selenium.remote.HandshakeResponse.lambda$getResponseFunction$0(HandshakeResponse.java:30)
	at org.openqa.selenium.remote.ProtocolHandshake.lambda$createSession$0(ProtocolHandshake.java:126)
	at java.util.stream.ReferencePipeline$3$1.accept(Unknown Source)
	at java.util.Spliterators$ArraySpliterator.tryAdvance(Unknown Source)
	at java.util.stream.ReferencePipeline.forEachWithCancel(Unknown Source)
	at java.util.stream.AbstractPipeline.copyIntoWithCancel(Unknown Source)
	at java.util.stream.AbstractPipeline.copyInto(Unknown Source)
	at java.util.stream.AbstractPipeline.wrapAndCopyInto(Unknown Source)
	at java.util.stream.FindOps$FindOp.evaluateSequential(Unknown Source)
	at java.util.stream.AbstractPipeline.evaluate(Unknown Source)
	at java.util.stream.ReferencePipeline.findFirst(Unknown Source)
	at org.openqa.selenium.remote.ProtocolHandshake.createSession(ProtocolHandshake.java:128)
	... 33 more
... Removed 20 stack frames
</div> <!-- stack-trace -->
                </div> <!-- method-content -->
              </div> <!-- method -->
              <div class="method">
                <div class="method-content">
                  <a name="TC_042_Kilit_Takilmadi">
                  </a> <!-- TC_042_Kilit_Takilmadi -->
                  <span class="method-name">TC_042_Kilit_Takilmadi</span>
                  <div class="stack-trace">org.openqa.selenium.SessionNotCreatedException: Unable to create a new remote session. Please check the server log for more details. Original error: An unknown server-side error occurred while processing the command. Original error: Error executing adbExec. Original error: &apos;Command &apos;C:\\Users\\emre\\AppData\\Local\\Android\\Sdk\\platform-tools\\adb.exe -P 5037 -s 5210d014508dc3e1 install -r C:\\Users\\emre\\AppData\\Local\\Temp\\2020624-28592-1mddcpm.dwsc\\appium-uiautomator2-server-v4.5.5.apk&apos; exited with code 1&apos;; Stderr: &apos;adb: failed to install C:\Users\emre\AppData\Local\Temp\2020624-28592-1mddcpm.dwsc\appium-uiautomator2-server-v4.5.5.apk: Failure [INSTALL_PARSE_FAILED_NO_CERTIFICATES: Failed to collect certificates from /data/app/vmdl33508770.tmp/base.apk using APK Signature Scheme v2: SHA-256 digest of contents did not verify]&apos;; Code: &apos;1&apos;
Build info: version: &apos;3.141.59&apos;, revision: &apos;e82be7d358&apos;, time: &apos;2018-11-14T08:17:03&apos;
System info: host: &apos;DESKTOP-NQRRDTM&apos;, ip: &apos;192.168.8.120&apos;, os.name: &apos;Windows 10&apos;, os.arch: &apos;amd64&apos;, os.version: &apos;10.0&apos;, java.version: &apos;1.8.0_241&apos;
Driver info: driver.version: AndroidDriver
remote stacktrace: UnknownError: An unknown server-side error occurred while processing the command. Original error: Error executing adbExec. Original error: &apos;Command &apos;C:\\Users\\emre\\AppData\\Local\\Android\\Sdk\\platform-tools\\adb.exe -P 5037 -s 5210d014508dc3e1 install -r C:\\Users\\emre\\AppData\\Local\\Temp\\2020624-28592-1mddcpm.dwsc\\appium-uiautomator2-server-v4.5.5.apk&apos; exited with code 1&apos;; Stderr: &apos;adb: failed to install C:\Users\emre\AppData\Local\Temp\2020624-28592-1mddcpm.dwsc\appium-uiautomator2-server-v4.5.5.apk: Failure [INSTALL_PARSE_FAILED_NO_CERTIFICATES: Failed to collect certificates from /data/app/vmdl33508770.tmp/base.apk using APK Signature Scheme v2: SHA-256 digest of contents did not verify]&apos;; Code: &apos;1&apos;
    at getResponseForW3CError (C:\Program Files\Appium\resources\app\node_modules\appium\node_modules\appium-base-driver\lib\protocol\errors.js:804:9)
    at asyncHandler (C:\Program Files\Appium\resources\app\node_modules\appium\node_modules\appium-base-driver\lib\protocol\protocol.js:392:37)
Build info: version: &apos;3.141.59&apos;, revision: &apos;e82be7d358&apos;, time: &apos;2018-11-14T08:17:03&apos;
System info: host: &apos;DESKTOP-NQRRDTM&apos;, ip: &apos;192.168.8.120&apos;, os.name: &apos;Windows 10&apos;, os.arch: &apos;amd64&apos;, os.version: &apos;10.0&apos;, java.version: &apos;1.8.0_241&apos;
Driver info: driver.version: AndroidDriver
	at io.appium.java_client.remote.AppiumCommandExecutor$1.createSession(AppiumCommandExecutor.java:208)
	at io.appium.java_client.remote.AppiumCommandExecutor.createSession(AppiumCommandExecutor.java:217)
	at io.appium.java_client.remote.AppiumCommandExecutor.execute(AppiumCommandExecutor.java:239)
	at org.openqa.selenium.remote.RemoteWebDriver.execute(RemoteWebDriver.java:552)
	at io.appium.java_client.DefaultGenericMobileDriver.execute(DefaultGenericMobileDriver.java:41)
	at io.appium.java_client.AppiumDriver.execute(AppiumDriver.java:1)
	at io.appium.java_client.android.AndroidDriver.execute(AndroidDriver.java:1)
	at org.openqa.selenium.remote.RemoteWebDriver.startSession(RemoteWebDriver.java:213)
	at io.appium.java_client.AppiumDriver.startSession(AppiumDriver.java:336)
	at org.openqa.selenium.remote.RemoteWebDriver.&lt;init&gt;(RemoteWebDriver.java:131)
	at io.appium.java_client.DefaultGenericMobileDriver.&lt;init&gt;(DefaultGenericMobileDriver.java:37)
	at io.appium.java_client.AppiumDriver.&lt;init&gt;(AppiumDriver.java:88)
	at io.appium.java_client.AppiumDriver.&lt;init&gt;(AppiumDriver.java:98)
	at io.appium.java_client.android.AndroidDriver.&lt;init&gt;(AndroidDriver.java:94)
	at utilities.TestBase.setUp(TestBase.java:76)
	at java.util.concurrent.ThreadPoolExecutor.runWorker(Unknown Source)
	at java.util.concurrent.ThreadPoolExecutor$Worker.run(Unknown Source)
	at java.lang.Thread.run(Unknown Source)
	at io.appium.java_client.remote.AppiumCommandExecutor$1.createSession(AppiumCommandExecutor.java:186)
	... 29 more
Caused by: org.openqa.selenium.WebDriverException: An unknown server-side error occurred while processing the command. Original error: Error executing adbExec. Original error: &apos;Command &apos;C:\\Users\\emre\\AppData\\Local\\Android\\Sdk\\platform-tools\\adb.exe -P 5037 -s 5210d014508dc3e1 install -r C:\\Users\\emre\\AppData\\Local\\Temp\\2020624-28592-1mddcpm.dwsc\\appium-uiautomator2-server-v4.5.5.apk&apos; exited with code 1&apos;; Stderr: &apos;adb: failed to install C:\Users\emre\AppData\Local\Temp\2020624-28592-1mddcpm.dwsc\appium-uiautomator2-server-v4.5.5.apk: Failure [INSTALL_PARSE_FAILED_NO_CERTIFICATES: Failed to collect certificates from /data/app/vmdl33508770.tmp/base.apk using APK Signature Scheme v2: SHA-256 digest of contents did not verify]&apos;; Code: &apos;1&apos;
Build info: version: &apos;3.141.59&apos;, revision: &apos;e82be7d358&apos;, time: &apos;2018-11-14T08:17:03&apos;
System info: host: &apos;DESKTOP-NQRRDTM&apos;, ip: &apos;192.168.8.120&apos;, os.name: &apos;Windows 10&apos;, os.arch: &apos;amd64&apos;, os.version: &apos;10.0&apos;, java.version: &apos;1.8.0_241&apos;
Driver info: driver.version: AndroidDriver
remote stacktrace: UnknownError: An unknown server-side error occurred while processing the command. Original error: Error executing adbExec. Original error: &apos;Command &apos;C:\\Users\\emre\\AppData\\Local\\Android\\Sdk\\platform-tools\\adb.exe -P 5037 -s 5210d014508dc3e1 install -r C:\\Users\\emre\\AppData\\Local\\Temp\\2020624-28592-1mddcpm.dwsc\\appium-uiautomator2-server-v4.5.5.apk&apos; exited with code 1&apos;; Stderr: &apos;adb: failed to install C:\Users\emre\AppData\Local\Temp\2020624-28592-1mddcpm.dwsc\appium-uiautomator2-server-v4.5.5.apk: Failure [INSTALL_PARSE_FAILED_NO_CERTIFICATES: Failed to collect certificates from /data/app/vmdl33508770.tmp/base.apk using APK Signature Scheme v2: SHA-256 digest of contents did not verify]&apos;; Code: &apos;1&apos;
    at getResponseForW3CError (C:\Program Files\Appium\resources\app\node_modules\appium\node_modules\appium-base-driver\lib\protocol\errors.js:804:9)
    at asyncHandler (C:\Program Files\Appium\resources\app\node_modules\appium\node_modules\appium-base-driver\lib\protocol\protocol.js:392:37)
	at org.openqa.selenium.remote.W3CHandshakeResponse.lambda$errorHandler$0(W3CHandshakeResponse.java:62)
	at org.openqa.selenium.remote.HandshakeResponse.lambda$getResponseFunction$0(HandshakeResponse.java:30)
	at org.openqa.selenium.remote.ProtocolHandshake.lambda$createSession$0(ProtocolHandshake.java:126)
	at java.util.stream.ReferencePipeline$3$1.accept(Unknown Source)
	at java.util.Spliterators$ArraySpliterator.tryAdvance(Unknown Source)
	at java.util.stream.ReferencePipeline.forEachWithCancel(Unknown Source)
	at java.util.stream.AbstractPipeline.copyIntoWithCancel(Unknown Source)
	at java.util.stream.AbstractPipeline.copyInto(Unknown Source)
	at java.util.stream.AbstractPipeline.wrapAndCopyInto(Unknown Source)
	at java.util.stream.FindOps$FindOp.evaluateSequential(Unknown Source)
	at java.util.stream.AbstractPipeline.evaluate(Unknown Source)
	at java.util.stream.ReferencePipeline.findFirst(Unknown Source)
	at org.openqa.selenium.remote.ProtocolHandshake.createSession(ProtocolHandshake.java:128)
	... 33 more
... Removed 20 stack frames
</div> <!-- stack-trace -->
                </div> <!-- method-content -->
              </div> <!-- method -->
              <div class="method">
                <div class="method-content">
                  <a name="TC_044_Surus_Bitir_Internet_Kapali">
                  </a> <!-- TC_044_Surus_Bitir_Internet_Kapali -->
                  <span class="method-name">TC_044_Surus_Bitir_Internet_Kapali</span>
                  <div class="stack-trace">org.openqa.selenium.SessionNotCreatedException: Unable to create a new remote session. Please check the server log for more details. Original error: An unknown server-side error occurred while processing the command. Original error: Error executing adbExec. Original error: &apos;Command &apos;C:\\Users\\emre\\AppData\\Local\\Android\\Sdk\\platform-tools\\adb.exe -P 5037 -s 5210d014508dc3e1 install -r C:\\Users\\emre\\AppData\\Local\\Temp\\2020624-28592-1mddcpm.dwsc\\appium-uiautomator2-server-v4.5.5.apk&apos; exited with code 1&apos;; Stderr: &apos;adb: failed to install C:\Users\emre\AppData\Local\Temp\2020624-28592-1mddcpm.dwsc\appium-uiautomator2-server-v4.5.5.apk: Failure [INSTALL_PARSE_FAILED_NO_CERTIFICATES: Failed to collect certificates from /data/app/vmdl33508770.tmp/base.apk using APK Signature Scheme v2: SHA-256 digest of contents did not verify]&apos;; Code: &apos;1&apos;
Build info: version: &apos;3.141.59&apos;, revision: &apos;e82be7d358&apos;, time: &apos;2018-11-14T08:17:03&apos;
System info: host: &apos;DESKTOP-NQRRDTM&apos;, ip: &apos;192.168.8.120&apos;, os.name: &apos;Windows 10&apos;, os.arch: &apos;amd64&apos;, os.version: &apos;10.0&apos;, java.version: &apos;1.8.0_241&apos;
Driver info: driver.version: AndroidDriver
remote stacktrace: UnknownError: An unknown server-side error occurred while processing the command. Original error: Error executing adbExec. Original error: &apos;Command &apos;C:\\Users\\emre\\AppData\\Local\\Android\\Sdk\\platform-tools\\adb.exe -P 5037 -s 5210d014508dc3e1 install -r C:\\Users\\emre\\AppData\\Local\\Temp\\2020624-28592-1mddcpm.dwsc\\appium-uiautomator2-server-v4.5.5.apk&apos; exited with code 1&apos;; Stderr: &apos;adb: failed to install C:\Users\emre\AppData\Local\Temp\2020624-28592-1mddcpm.dwsc\appium-uiautomator2-server-v4.5.5.apk: Failure [INSTALL_PARSE_FAILED_NO_CERTIFICATES: Failed to collect certificates from /data/app/vmdl33508770.tmp/base.apk using APK Signature Scheme v2: SHA-256 digest of contents did not verify]&apos;; Code: &apos;1&apos;
    at getResponseForW3CError (C:\Program Files\Appium\resources\app\node_modules\appium\node_modules\appium-base-driver\lib\protocol\errors.js:804:9)
    at asyncHandler (C:\Program Files\Appium\resources\app\node_modules\appium\node_modules\appium-base-driver\lib\protocol\protocol.js:392:37)
Build info: version: &apos;3.141.59&apos;, revision: &apos;e82be7d358&apos;, time: &apos;2018-11-14T08:17:03&apos;
System info: host: &apos;DESKTOP-NQRRDTM&apos;, ip: &apos;192.168.8.120&apos;, os.name: &apos;Windows 10&apos;, os.arch: &apos;amd64&apos;, os.version: &apos;10.0&apos;, java.version: &apos;1.8.0_241&apos;
Driver info: driver.version: AndroidDriver
	at io.appium.java_client.remote.AppiumCommandExecutor$1.createSession(AppiumCommandExecutor.java:208)
	at io.appium.java_client.remote.AppiumCommandExecutor.createSession(AppiumCommandExecutor.java:217)
	at io.appium.java_client.remote.AppiumCommandExecutor.execute(AppiumCommandExecutor.java:239)
	at org.openqa.selenium.remote.RemoteWebDriver.execute(RemoteWebDriver.java:552)
	at io.appium.java_client.DefaultGenericMobileDriver.execute(DefaultGenericMobileDriver.java:41)
	at io.appium.java_client.AppiumDriver.execute(AppiumDriver.java:1)
	at io.appium.java_client.android.AndroidDriver.execute(AndroidDriver.java:1)
	at org.openqa.selenium.remote.RemoteWebDriver.startSession(RemoteWebDriver.java:213)
	at io.appium.java_client.AppiumDriver.startSession(AppiumDriver.java:336)
	at org.openqa.selenium.remote.RemoteWebDriver.&lt;init&gt;(RemoteWebDriver.java:131)
	at io.appium.java_client.DefaultGenericMobileDriver.&lt;init&gt;(DefaultGenericMobileDriver.java:37)
	at io.appium.java_client.AppiumDriver.&lt;init&gt;(AppiumDriver.java:88)
	at io.appium.java_client.AppiumDriver.&lt;init&gt;(AppiumDriver.java:98)
	at io.appium.java_client.android.AndroidDriver.&lt;init&gt;(AndroidDriver.java:94)
	at utilities.TestBase.setUp(TestBase.java:76)
	at java.util.concurrent.ThreadPoolExecutor.runWorker(Unknown Source)
	at java.util.concurrent.ThreadPoolExecutor$Worker.run(Unknown Source)
	at java.lang.Thread.run(Unknown Source)
	at io.appium.java_client.remote.AppiumCommandExecutor$1.createSession(AppiumCommandExecutor.java:186)
	... 29 more
Caused by: org.openqa.selenium.WebDriverException: An unknown server-side error occurred while processing the command. Original error: Error executing adbExec. Original error: &apos;Command &apos;C:\\Users\\emre\\AppData\\Local\\Android\\Sdk\\platform-tools\\adb.exe -P 5037 -s 5210d014508dc3e1 install -r C:\\Users\\emre\\AppData\\Local\\Temp\\2020624-28592-1mddcpm.dwsc\\appium-uiautomator2-server-v4.5.5.apk&apos; exited with code 1&apos;; Stderr: &apos;adb: failed to install C:\Users\emre\AppData\Local\Temp\2020624-28592-1mddcpm.dwsc\appium-uiautomator2-server-v4.5.5.apk: Failure [INSTALL_PARSE_FAILED_NO_CERTIFICATES: Failed to collect certificates from /data/app/vmdl33508770.tmp/base.apk using APK Signature Scheme v2: SHA-256 digest of contents did not verify]&apos;; Code: &apos;1&apos;
Build info: version: &apos;3.141.59&apos;, revision: &apos;e82be7d358&apos;, time: &apos;2018-11-14T08:17:03&apos;
System info: host: &apos;DESKTOP-NQRRDTM&apos;, ip: &apos;192.168.8.120&apos;, os.name: &apos;Windows 10&apos;, os.arch: &apos;amd64&apos;, os.version: &apos;10.0&apos;, java.version: &apos;1.8.0_241&apos;
Driver info: driver.version: AndroidDriver
remote stacktrace: UnknownError: An unknown server-side error occurred while processing the command. Original error: Error executing adbExec. Original error: &apos;Command &apos;C:\\Users\\emre\\AppData\\Local\\Android\\Sdk\\platform-tools\\adb.exe -P 5037 -s 5210d014508dc3e1 install -r C:\\Users\\emre\\AppData\\Local\\Temp\\2020624-28592-1mddcpm.dwsc\\appium-uiautomator2-server-v4.5.5.apk&apos; exited with code 1&apos;; Stderr: &apos;adb: failed to install C:\Users\emre\AppData\Local\Temp\2020624-28592-1mddcpm.dwsc\appium-uiautomator2-server-v4.5.5.apk: Failure [INSTALL_PARSE_FAILED_NO_CERTIFICATES: Failed to collect certificates from /data/app/vmdl33508770.tmp/base.apk using APK Signature Scheme v2: SHA-256 digest of contents did not verify]&apos;; Code: &apos;1&apos;
    at getResponseForW3CError (C:\Program Files\Appium\resources\app\node_modules\appium\node_modules\appium-base-driver\lib\protocol\errors.js:804:9)
    at asyncHandler (C:\Program Files\Appium\resources\app\node_modules\appium\node_modules\appium-base-driver\lib\protocol\protocol.js:392:37)
	at org.openqa.selenium.remote.W3CHandshakeResponse.lambda$errorHandler$0(W3CHandshakeResponse.java:62)
	at org.openqa.selenium.remote.HandshakeResponse.lambda$getResponseFunction$0(HandshakeResponse.java:30)
	at org.openqa.selenium.remote.ProtocolHandshake.lambda$createSession$0(ProtocolHandshake.java:126)
	at java.util.stream.ReferencePipeline$3$1.accept(Unknown Source)
	at java.util.Spliterators$ArraySpliterator.tryAdvance(Unknown Source)
	at java.util.stream.ReferencePipeline.forEachWithCancel(Unknown Source)
	at java.util.stream.AbstractPipeline.copyIntoWithCancel(Unknown Source)
	at java.util.stream.AbstractPipeline.copyInto(Unknown Source)
	at java.util.stream.AbstractPipeline.wrapAndCopyInto(Unknown Source)
	at java.util.stream.FindOps$FindOp.evaluateSequential(Unknown Source)
	at java.util.stream.AbstractPipeline.evaluate(Unknown Source)
	at java.util.stream.ReferencePipeline.findFirst(Unknown Source)
	at org.openqa.selenium.remote.ProtocolHandshake.createSession(ProtocolHandshake.java:128)
	... 33 more
... Removed 20 stack frames
</div> <!-- stack-trace -->
                </div> <!-- method-content -->
              </div> <!-- method -->
              <div class="method">
                <div class="method-content">
                  <a name="TC_045_Ceza_Kurallarina_Erisim">
                  </a> <!-- TC_045_Ceza_Kurallarina_Erisim -->
                  <span class="method-name">TC_045_Ceza_Kurallarina_Erisim</span>
                  <div class="stack-trace">org.openqa.selenium.SessionNotCreatedException: Unable to create a new remote session. Please check the server log for more details. Original error: An unknown server-side error occurred while processing the command. Original error: Error executing adbExec. Original error: &apos;Command &apos;C:\\Users\\emre\\AppData\\Local\\Android\\Sdk\\platform-tools\\adb.exe -P 5037 -s 5210d014508dc3e1 install -r C:\\Users\\emre\\AppData\\Local\\Temp\\2020624-28592-1mddcpm.dwsc\\appium-uiautomator2-server-v4.5.5.apk&apos; exited with code 1&apos;; Stderr: &apos;adb: failed to install C:\Users\emre\AppData\Local\Temp\2020624-28592-1mddcpm.dwsc\appium-uiautomator2-server-v4.5.5.apk: Failure [INSTALL_PARSE_FAILED_NO_CERTIFICATES: Failed to collect certificates from /data/app/vmdl33508770.tmp/base.apk using APK Signature Scheme v2: SHA-256 digest of contents did not verify]&apos;; Code: &apos;1&apos;
Build info: version: &apos;3.141.59&apos;, revision: &apos;e82be7d358&apos;, time: &apos;2018-11-14T08:17:03&apos;
System info: host: &apos;DESKTOP-NQRRDTM&apos;, ip: &apos;192.168.8.120&apos;, os.name: &apos;Windows 10&apos;, os.arch: &apos;amd64&apos;, os.version: &apos;10.0&apos;, java.version: &apos;1.8.0_241&apos;
Driver info: driver.version: AndroidDriver
remote stacktrace: UnknownError: An unknown server-side error occurred while processing the command. Original error: Error executing adbExec. Original error: &apos;Command &apos;C:\\Users\\emre\\AppData\\Local\\Android\\Sdk\\platform-tools\\adb.exe -P 5037 -s 5210d014508dc3e1 install -r C:\\Users\\emre\\AppData\\Local\\Temp\\2020624-28592-1mddcpm.dwsc\\appium-uiautomator2-server-v4.5.5.apk&apos; exited with code 1&apos;; Stderr: &apos;adb: failed to install C:\Users\emre\AppData\Local\Temp\2020624-28592-1mddcpm.dwsc\appium-uiautomator2-server-v4.5.5.apk: Failure [INSTALL_PARSE_FAILED_NO_CERTIFICATES: Failed to collect certificates from /data/app/vmdl33508770.tmp/base.apk using APK Signature Scheme v2: SHA-256 digest of contents did not verify]&apos;; Code: &apos;1&apos;
    at getResponseForW3CError (C:\Program Files\Appium\resources\app\node_modules\appium\node_modules\appium-base-driver\lib\protocol\errors.js:804:9)
    at asyncHandler (C:\Program Files\Appium\resources\app\node_modules\appium\node_modules\appium-base-driver\lib\protocol\protocol.js:392:37)
Build info: version: &apos;3.141.59&apos;, revision: &apos;e82be7d358&apos;, time: &apos;2018-11-14T08:17:03&apos;
System info: host: &apos;DESKTOP-NQRRDTM&apos;, ip: &apos;192.168.8.120&apos;, os.name: &apos;Windows 10&apos;, os.arch: &apos;amd64&apos;, os.version: &apos;10.0&apos;, java.version: &apos;1.8.0_241&apos;
Driver info: driver.version: AndroidDriver
	at io.appium.java_client.remote.AppiumCommandExecutor$1.createSession(AppiumCommandExecutor.java:208)
	at io.appium.java_client.remote.AppiumCommandExecutor.createSession(AppiumCommandExecutor.java:217)
	at io.appium.java_client.remote.AppiumCommandExecutor.execute(AppiumCommandExecutor.java:239)
	at org.openqa.selenium.remote.RemoteWebDriver.execute(RemoteWebDriver.java:552)
	at io.appium.java_client.DefaultGenericMobileDriver.execute(DefaultGenericMobileDriver.java:41)
	at io.appium.java_client.AppiumDriver.execute(AppiumDriver.java:1)
	at io.appium.java_client.android.AndroidDriver.execute(AndroidDriver.java:1)
	at org.openqa.selenium.remote.RemoteWebDriver.startSession(RemoteWebDriver.java:213)
	at io.appium.java_client.AppiumDriver.startSession(AppiumDriver.java:336)
	at org.openqa.selenium.remote.RemoteWebDriver.&lt;init&gt;(RemoteWebDriver.java:131)
	at io.appium.java_client.DefaultGenericMobileDriver.&lt;init&gt;(DefaultGenericMobileDriver.java:37)
	at io.appium.java_client.AppiumDriver.&lt;init&gt;(AppiumDriver.java:88)
	at io.appium.java_client.AppiumDriver.&lt;init&gt;(AppiumDriver.java:98)
	at io.appium.java_client.android.AndroidDriver.&lt;init&gt;(AndroidDriver.java:94)
	at utilities.TestBase.setUp(TestBase.java:76)
	at java.util.concurrent.ThreadPoolExecutor.runWorker(Unknown Source)
	at java.util.concurrent.ThreadPoolExecutor$Worker.run(Unknown Source)
	at java.lang.Thread.run(Unknown Source)
	at io.appium.java_client.remote.AppiumCommandExecutor$1.createSession(AppiumCommandExecutor.java:186)
	... 29 more
Caused by: org.openqa.selenium.WebDriverException: An unknown server-side error occurred while processing the command. Original error: Error executing adbExec. Original error: &apos;Command &apos;C:\\Users\\emre\\AppData\\Local\\Android\\Sdk\\platform-tools\\adb.exe -P 5037 -s 5210d014508dc3e1 install -r C:\\Users\\emre\\AppData\\Local\\Temp\\2020624-28592-1mddcpm.dwsc\\appium-uiautomator2-server-v4.5.5.apk&apos; exited with code 1&apos;; Stderr: &apos;adb: failed to install C:\Users\emre\AppData\Local\Temp\2020624-28592-1mddcpm.dwsc\appium-uiautomator2-server-v4.5.5.apk: Failure [INSTALL_PARSE_FAILED_NO_CERTIFICATES: Failed to collect certificates from /data/app/vmdl33508770.tmp/base.apk using APK Signature Scheme v2: SHA-256 digest of contents did not verify]&apos;; Code: &apos;1&apos;
Build info: version: &apos;3.141.59&apos;, revision: &apos;e82be7d358&apos;, time: &apos;2018-11-14T08:17:03&apos;
System info: host: &apos;DESKTOP-NQRRDTM&apos;, ip: &apos;192.168.8.120&apos;, os.name: &apos;Windows 10&apos;, os.arch: &apos;amd64&apos;, os.version: &apos;10.0&apos;, java.version: &apos;1.8.0_241&apos;
Driver info: driver.version: AndroidDriver
remote stacktrace: UnknownError: An unknown server-side error occurred while processing the command. Original error: Error executing adbExec. Original error: &apos;Command &apos;C:\\Users\\emre\\AppData\\Local\\Android\\Sdk\\platform-tools\\adb.exe -P 5037 -s 5210d014508dc3e1 install -r C:\\Users\\emre\\AppData\\Local\\Temp\\2020624-28592-1mddcpm.dwsc\\appium-uiautomator2-server-v4.5.5.apk&apos; exited with code 1&apos;; Stderr: &apos;adb: failed to install C:\Users\emre\AppData\Local\Temp\2020624-28592-1mddcpm.dwsc\appium-uiautomator2-server-v4.5.5.apk: Failure [INSTALL_PARSE_FAILED_NO_CERTIFICATES: Failed to collect certificates from /data/app/vmdl33508770.tmp/base.apk using APK Signature Scheme v2: SHA-256 digest of contents did not verify]&apos;; Code: &apos;1&apos;
    at getResponseForW3CError (C:\Program Files\Appium\resources\app\node_modules\appium\node_modules\appium-base-driver\lib\protocol\errors.js:804:9)
    at asyncHandler (C:\Program Files\Appium\resources\app\node_modules\appium\node_modules\appium-base-driver\lib\protocol\protocol.js:392:37)
	at org.openqa.selenium.remote.W3CHandshakeResponse.lambda$errorHandler$0(W3CHandshakeResponse.java:62)
	at org.openqa.selenium.remote.HandshakeResponse.lambda$getResponseFunction$0(HandshakeResponse.java:30)
	at org.openqa.selenium.remote.ProtocolHandshake.lambda$createSession$0(ProtocolHandshake.java:126)
	at java.util.stream.ReferencePipeline$3$1.accept(Unknown Source)
	at java.util.Spliterators$ArraySpliterator.tryAdvance(Unknown Source)
	at java.util.stream.ReferencePipeline.forEachWithCancel(Unknown Source)
	at java.util.stream.AbstractPipeline.copyIntoWithCancel(Unknown Source)
	at java.util.stream.AbstractPipeline.copyInto(Unknown Source)
	at java.util.stream.AbstractPipeline.wrapAndCopyInto(Unknown Source)
	at java.util.stream.FindOps$FindOp.evaluateSequential(Unknown Source)
	at java.util.stream.AbstractPipeline.evaluate(Unknown Source)
	at java.util.stream.ReferencePipeline.findFirst(Unknown Source)
	at org.openqa.selenium.remote.ProtocolHandshake.createSession(ProtocolHandshake.java:128)
	... 33 more
... Removed 20 stack frames
</div> <!-- stack-trace -->
                </div> <!-- method-content -->
              </div> <!-- method -->
              <div class="method">
                <div class="method-content">
                  <a name="TC_046_Odeme_Hatasi">
                  </a> <!-- TC_046_Odeme_Hatasi -->
                  <span class="method-name">TC_046_Odeme_Hatasi</span>
                  <div class="stack-trace">org.openqa.selenium.SessionNotCreatedException: Unable to create a new remote session. Please check the server log for more details. Original error: An unknown server-side error occurred while processing the command. Original error: Error executing adbExec. Original error: &apos;Command &apos;C:\\Users\\emre\\AppData\\Local\\Android\\Sdk\\platform-tools\\adb.exe -P 5037 -s 5210d014508dc3e1 install -r C:\\Users\\emre\\AppData\\Local\\Temp\\2020624-28592-1mddcpm.dwsc\\appium-uiautomator2-server-v4.5.5.apk&apos; exited with code 1&apos;; Stderr: &apos;adb: failed to install C:\Users\emre\AppData\Local\Temp\2020624-28592-1mddcpm.dwsc\appium-uiautomator2-server-v4.5.5.apk: Failure [INSTALL_PARSE_FAILED_NO_CERTIFICATES: Failed to collect certificates from /data/app/vmdl33508770.tmp/base.apk using APK Signature Scheme v2: SHA-256 digest of contents did not verify]&apos;; Code: &apos;1&apos;
Build info: version: &apos;3.141.59&apos;, revision: &apos;e82be7d358&apos;, time: &apos;2018-11-14T08:17:03&apos;
System info: host: &apos;DESKTOP-NQRRDTM&apos;, ip: &apos;192.168.8.120&apos;, os.name: &apos;Windows 10&apos;, os.arch: &apos;amd64&apos;, os.version: &apos;10.0&apos;, java.version: &apos;1.8.0_241&apos;
Driver info: driver.version: AndroidDriver
remote stacktrace: UnknownError: An unknown server-side error occurred while processing the command. Original error: Error executing adbExec. Original error: &apos;Command &apos;C:\\Users\\emre\\AppData\\Local\\Android\\Sdk\\platform-tools\\adb.exe -P 5037 -s 5210d014508dc3e1 install -r C:\\Users\\emre\\AppData\\Local\\Temp\\2020624-28592-1mddcpm.dwsc\\appium-uiautomator2-server-v4.5.5.apk&apos; exited with code 1&apos;; Stderr: &apos;adb: failed to install C:\Users\emre\AppData\Local\Temp\2020624-28592-1mddcpm.dwsc\appium-uiautomator2-server-v4.5.5.apk: Failure [INSTALL_PARSE_FAILED_NO_CERTIFICATES: Failed to collect certificates from /data/app/vmdl33508770.tmp/base.apk using APK Signature Scheme v2: SHA-256 digest of contents did not verify]&apos;; Code: &apos;1&apos;
    at getResponseForW3CError (C:\Program Files\Appium\resources\app\node_modules\appium\node_modules\appium-base-driver\lib\protocol\errors.js:804:9)
    at asyncHandler (C:\Program Files\Appium\resources\app\node_modules\appium\node_modules\appium-base-driver\lib\protocol\protocol.js:392:37)
Build info: version: &apos;3.141.59&apos;, revision: &apos;e82be7d358&apos;, time: &apos;2018-11-14T08:17:03&apos;
System info: host: &apos;DESKTOP-NQRRDTM&apos;, ip: &apos;192.168.8.120&apos;, os.name: &apos;Windows 10&apos;, os.arch: &apos;amd64&apos;, os.version: &apos;10.0&apos;, java.version: &apos;1.8.0_241&apos;
Driver info: driver.version: AndroidDriver
	at io.appium.java_client.remote.AppiumCommandExecutor$1.createSession(AppiumCommandExecutor.java:208)
	at io.appium.java_client.remote.AppiumCommandExecutor.createSession(AppiumCommandExecutor.java:217)
	at io.appium.java_client.remote.AppiumCommandExecutor.execute(AppiumCommandExecutor.java:239)
	at org.openqa.selenium.remote.RemoteWebDriver.execute(RemoteWebDriver.java:552)
	at io.appium.java_client.DefaultGenericMobileDriver.execute(DefaultGenericMobileDriver.java:41)
	at io.appium.java_client.AppiumDriver.execute(AppiumDriver.java:1)
	at io.appium.java_client.android.AndroidDriver.execute(AndroidDriver.java:1)
	at org.openqa.selenium.remote.RemoteWebDriver.startSession(RemoteWebDriver.java:213)
	at io.appium.java_client.AppiumDriver.startSession(AppiumDriver.java:336)
	at org.openqa.selenium.remote.RemoteWebDriver.&lt;init&gt;(RemoteWebDriver.java:131)
	at io.appium.java_client.DefaultGenericMobileDriver.&lt;init&gt;(DefaultGenericMobileDriver.java:37)
	at io.appium.java_client.AppiumDriver.&lt;init&gt;(AppiumDriver.java:88)
	at io.appium.java_client.AppiumDriver.&lt;init&gt;(AppiumDriver.java:98)
	at io.appium.java_client.android.AndroidDriver.&lt;init&gt;(AndroidDriver.java:94)
	at utilities.TestBase.setUp(TestBase.java:76)
	at java.util.concurrent.ThreadPoolExecutor.runWorker(Unknown Source)
	at java.util.concurrent.ThreadPoolExecutor$Worker.run(Unknown Source)
	at java.lang.Thread.run(Unknown Source)
	at io.appium.java_client.remote.AppiumCommandExecutor$1.createSession(AppiumCommandExecutor.java:186)
	... 29 more
Caused by: org.openqa.selenium.WebDriverException: An unknown server-side error occurred while processing the command. Original error: Error executing adbExec. Original error: &apos;Command &apos;C:\\Users\\emre\\AppData\\Local\\Android\\Sdk\\platform-tools\\adb.exe -P 5037 -s 5210d014508dc3e1 install -r C:\\Users\\emre\\AppData\\Local\\Temp\\2020624-28592-1mddcpm.dwsc\\appium-uiautomator2-server-v4.5.5.apk&apos; exited with code 1&apos;; Stderr: &apos;adb: failed to install C:\Users\emre\AppData\Local\Temp\2020624-28592-1mddcpm.dwsc\appium-uiautomator2-server-v4.5.5.apk: Failure [INSTALL_PARSE_FAILED_NO_CERTIFICATES: Failed to collect certificates from /data/app/vmdl33508770.tmp/base.apk using APK Signature Scheme v2: SHA-256 digest of contents did not verify]&apos;; Code: &apos;1&apos;
Build info: version: &apos;3.141.59&apos;, revision: &apos;e82be7d358&apos;, time: &apos;2018-11-14T08:17:03&apos;
System info: host: &apos;DESKTOP-NQRRDTM&apos;, ip: &apos;192.168.8.120&apos;, os.name: &apos;Windows 10&apos;, os.arch: &apos;amd64&apos;, os.version: &apos;10.0&apos;, java.version: &apos;1.8.0_241&apos;
Driver info: driver.version: AndroidDriver
remote stacktrace: UnknownError: An unknown server-side error occurred while processing the command. Original error: Error executing adbExec. Original error: &apos;Command &apos;C:\\Users\\emre\\AppData\\Local\\Android\\Sdk\\platform-tools\\adb.exe -P 5037 -s 5210d014508dc3e1 install -r C:\\Users\\emre\\AppData\\Local\\Temp\\2020624-28592-1mddcpm.dwsc\\appium-uiautomator2-server-v4.5.5.apk&apos; exited with code 1&apos;; Stderr: &apos;adb: failed to install C:\Users\emre\AppData\Local\Temp\2020624-28592-1mddcpm.dwsc\appium-uiautomator2-server-v4.5.5.apk: Failure [INSTALL_PARSE_FAILED_NO_CERTIFICATES: Failed to collect certificates from /data/app/vmdl33508770.tmp/base.apk using APK Signature Scheme v2: SHA-256 digest of contents did not verify]&apos;; Code: &apos;1&apos;
    at getResponseForW3CError (C:\Program Files\Appium\resources\app\node_modules\appium\node_modules\appium-base-driver\lib\protocol\errors.js:804:9)
    at asyncHandler (C:\Program Files\Appium\resources\app\node_modules\appium\node_modules\appium-base-driver\lib\protocol\protocol.js:392:37)
	at org.openqa.selenium.remote.W3CHandshakeResponse.lambda$errorHandler$0(W3CHandshakeResponse.java:62)
	at org.openqa.selenium.remote.HandshakeResponse.lambda$getResponseFunction$0(HandshakeResponse.java:30)
	at org.openqa.selenium.remote.ProtocolHandshake.lambda$createSession$0(ProtocolHandshake.java:126)
	at java.util.stream.ReferencePipeline$3$1.accept(Unknown Source)
	at java.util.Spliterators$ArraySpliterator.tryAdvance(Unknown Source)
	at java.util.stream.ReferencePipeline.forEachWithCancel(Unknown Source)
	at java.util.stream.AbstractPipeline.copyIntoWithCancel(Unknown Source)
	at java.util.stream.AbstractPipeline.copyInto(Unknown Source)
	at java.util.stream.AbstractPipeline.wrapAndCopyInto(Unknown Source)
	at java.util.stream.FindOps$FindOp.evaluateSequential(Unknown Source)
	at java.util.stream.AbstractPipeline.evaluate(Unknown Source)
	at java.util.stream.ReferencePipeline.findFirst(Unknown Source)
	at org.openqa.selenium.remote.ProtocolHandshake.createSession(ProtocolHandshake.java:128)
	... 33 more
... Removed 20 stack frames
</div> <!-- stack-trace -->
                </div> <!-- method-content -->
              </div> <!-- method -->
              <div class="method">
                <div class="method-content">
                  <a name="TC_047_Surus_Bitirme_Basarili">
                  </a> <!-- TC_047_Surus_Bitirme_Basarili -->
                  <span class="method-name">TC_047_Surus_Bitirme_Basarili</span>
                  <div class="stack-trace">org.openqa.selenium.SessionNotCreatedException: Unable to create a new remote session. Please check the server log for more details. Original error: An unknown server-side error occurred while processing the command. Original error: Error executing adbExec. Original error: &apos;Command &apos;C:\\Users\\emre\\AppData\\Local\\Android\\Sdk\\platform-tools\\adb.exe -P 5037 -s 5210d014508dc3e1 install -r C:\\Users\\emre\\AppData\\Local\\Temp\\2020624-28592-1mddcpm.dwsc\\appium-uiautomator2-server-v4.5.5.apk&apos; exited with code 1&apos;; Stderr: &apos;adb: failed to install C:\Users\emre\AppData\Local\Temp\2020624-28592-1mddcpm.dwsc\appium-uiautomator2-server-v4.5.5.apk: Failure [INSTALL_PARSE_FAILED_NO_CERTIFICATES: Failed to collect certificates from /data/app/vmdl33508770.tmp/base.apk using APK Signature Scheme v2: SHA-256 digest of contents did not verify]&apos;; Code: &apos;1&apos;
Build info: version: &apos;3.141.59&apos;, revision: &apos;e82be7d358&apos;, time: &apos;2018-11-14T08:17:03&apos;
System info: host: &apos;DESKTOP-NQRRDTM&apos;, ip: &apos;192.168.8.120&apos;, os.name: &apos;Windows 10&apos;, os.arch: &apos;amd64&apos;, os.version: &apos;10.0&apos;, java.version: &apos;1.8.0_241&apos;
Driver info: driver.version: AndroidDriver
remote stacktrace: UnknownError: An unknown server-side error occurred while processing the command. Original error: Error executing adbExec. Original error: &apos;Command &apos;C:\\Users\\emre\\AppData\\Local\\Android\\Sdk\\platform-tools\\adb.exe -P 5037 -s 5210d014508dc3e1 install -r C:\\Users\\emre\\AppData\\Local\\Temp\\2020624-28592-1mddcpm.dwsc\\appium-uiautomator2-server-v4.5.5.apk&apos; exited with code 1&apos;; Stderr: &apos;adb: failed to install C:\Users\emre\AppData\Local\Temp\2020624-28592-1mddcpm.dwsc\appium-uiautomator2-server-v4.5.5.apk: Failure [INSTALL_PARSE_FAILED_NO_CERTIFICATES: Failed to collect certificates from /data/app/vmdl33508770.tmp/base.apk using APK Signature Scheme v2: SHA-256 digest of contents did not verify]&apos;; Code: &apos;1&apos;
    at getResponseForW3CError (C:\Program Files\Appium\resources\app\node_modules\appium\node_modules\appium-base-driver\lib\protocol\errors.js:804:9)
    at asyncHandler (C:\Program Files\Appium\resources\app\node_modules\appium\node_modules\appium-base-driver\lib\protocol\protocol.js:392:37)
Build info: version: &apos;3.141.59&apos;, revision: &apos;e82be7d358&apos;, time: &apos;2018-11-14T08:17:03&apos;
System info: host: &apos;DESKTOP-NQRRDTM&apos;, ip: &apos;192.168.8.120&apos;, os.name: &apos;Windows 10&apos;, os.arch: &apos;amd64&apos;, os.version: &apos;10.0&apos;, java.version: &apos;1.8.0_241&apos;
Driver info: driver.version: AndroidDriver
	at io.appium.java_client.remote.AppiumCommandExecutor$1.createSession(AppiumCommandExecutor.java:208)
	at io.appium.java_client.remote.AppiumCommandExecutor.createSession(AppiumCommandExecutor.java:217)
	at io.appium.java_client.remote.AppiumCommandExecutor.execute(AppiumCommandExecutor.java:239)
	at org.openqa.selenium.remote.RemoteWebDriver.execute(RemoteWebDriver.java:552)
	at io.appium.java_client.DefaultGenericMobileDriver.execute(DefaultGenericMobileDriver.java:41)
	at io.appium.java_client.AppiumDriver.execute(AppiumDriver.java:1)
	at io.appium.java_client.android.AndroidDriver.execute(AndroidDriver.java:1)
	at org.openqa.selenium.remote.RemoteWebDriver.startSession(RemoteWebDriver.java:213)
	at io.appium.java_client.AppiumDriver.startSession(AppiumDriver.java:336)
	at org.openqa.selenium.remote.RemoteWebDriver.&lt;init&gt;(RemoteWebDriver.java:131)
	at io.appium.java_client.DefaultGenericMobileDriver.&lt;init&gt;(DefaultGenericMobileDriver.java:37)
	at io.appium.java_client.AppiumDriver.&lt;init&gt;(AppiumDriver.java:88)
	at io.appium.java_client.AppiumDriver.&lt;init&gt;(AppiumDriver.java:98)
	at io.appium.java_client.android.AndroidDriver.&lt;init&gt;(AndroidDriver.java:94)
	at utilities.TestBase.setUp(TestBase.java:76)
	at java.util.concurrent.ThreadPoolExecutor.runWorker(Unknown Source)
	at java.util.concurrent.ThreadPoolExecutor$Worker.run(Unknown Source)
	at java.lang.Thread.run(Unknown Source)
	at io.appium.java_client.remote.AppiumCommandExecutor$1.createSession(AppiumCommandExecutor.java:186)
	... 29 more
Caused by: org.openqa.selenium.WebDriverException: An unknown server-side error occurred while processing the command. Original error: Error executing adbExec. Original error: &apos;Command &apos;C:\\Users\\emre\\AppData\\Local\\Android\\Sdk\\platform-tools\\adb.exe -P 5037 -s 5210d014508dc3e1 install -r C:\\Users\\emre\\AppData\\Local\\Temp\\2020624-28592-1mddcpm.dwsc\\appium-uiautomator2-server-v4.5.5.apk&apos; exited with code 1&apos;; Stderr: &apos;adb: failed to install C:\Users\emre\AppData\Local\Temp\2020624-28592-1mddcpm.dwsc\appium-uiautomator2-server-v4.5.5.apk: Failure [INSTALL_PARSE_FAILED_NO_CERTIFICATES: Failed to collect certificates from /data/app/vmdl33508770.tmp/base.apk using APK Signature Scheme v2: SHA-256 digest of contents did not verify]&apos;; Code: &apos;1&apos;
Build info: version: &apos;3.141.59&apos;, revision: &apos;e82be7d358&apos;, time: &apos;2018-11-14T08:17:03&apos;
System info: host: &apos;DESKTOP-NQRRDTM&apos;, ip: &apos;192.168.8.120&apos;, os.name: &apos;Windows 10&apos;, os.arch: &apos;amd64&apos;, os.version: &apos;10.0&apos;, java.version: &apos;1.8.0_241&apos;
Driver info: driver.version: AndroidDriver
remote stacktrace: UnknownError: An unknown server-side error occurred while processing the command. Original error: Error executing adbExec. Original error: &apos;Command &apos;C:\\Users\\emre\\AppData\\Local\\Android\\Sdk\\platform-tools\\adb.exe -P 5037 -s 5210d014508dc3e1 install -r C:\\Users\\emre\\AppData\\Local\\Temp\\2020624-28592-1mddcpm.dwsc\\appium-uiautomator2-server-v4.5.5.apk&apos; exited with code 1&apos;; Stderr: &apos;adb: failed to install C:\Users\emre\AppData\Local\Temp\2020624-28592-1mddcpm.dwsc\appium-uiautomator2-server-v4.5.5.apk: Failure [INSTALL_PARSE_FAILED_NO_CERTIFICATES: Failed to collect certificates from /data/app/vmdl33508770.tmp/base.apk using APK Signature Scheme v2: SHA-256 digest of contents did not verify]&apos;; Code: &apos;1&apos;
    at getResponseForW3CError (C:\Program Files\Appium\resources\app\node_modules\appium\node_modules\appium-base-driver\lib\protocol\errors.js:804:9)
    at asyncHandler (C:\Program Files\Appium\resources\app\node_modules\appium\node_modules\appium-base-driver\lib\protocol\protocol.js:392:37)
	at org.openqa.selenium.remote.W3CHandshakeResponse.lambda$errorHandler$0(W3CHandshakeResponse.java:62)
	at org.openqa.selenium.remote.HandshakeResponse.lambda$getResponseFunction$0(HandshakeResponse.java:30)
	at org.openqa.selenium.remote.ProtocolHandshake.lambda$createSession$0(ProtocolHandshake.java:126)
	at java.util.stream.ReferencePipeline$3$1.accept(Unknown Source)
	at java.util.Spliterators$ArraySpliterator.tryAdvance(Unknown Source)
	at java.util.stream.ReferencePipeline.forEachWithCancel(Unknown Source)
	at java.util.stream.AbstractPipeline.copyIntoWithCancel(Unknown Source)
	at java.util.stream.AbstractPipeline.copyInto(Unknown Source)
	at java.util.stream.AbstractPipeline.wrapAndCopyInto(Unknown Source)
	at java.util.stream.FindOps$FindOp.evaluateSequential(Unknown Source)
	at java.util.stream.AbstractPipeline.evaluate(Unknown Source)
	at java.util.stream.ReferencePipeline.findFirst(Unknown Source)
	at org.openqa.selenium.remote.ProtocolHandshake.createSession(ProtocolHandshake.java:128)
	... 33 more
... Removed 20 stack frames
</div> <!-- stack-trace -->
                </div> <!-- method-content -->
              </div> <!-- method -->
            </div> <!-- main-panel-content rounded-window-bottom -->
          </div> <!-- suite-Web_Suite-class-skipped -->
          <div class="suite-Web_Suite-class-passed">
            <div class="main-panel-header rounded-window-top">
              <img src="passed.png"/>
              <span class="class-name">tests.Yukleme_Ekrani</span>
            </div> <!-- main-panel-header rounded-window-top -->
            <div class="main-panel-content rounded-window-bottom">
              <div class="method">
                <div class="method-content">
                  <a name="TC_001_Yukleme_Ekrani_Basarisiz">
                  </a> <!-- TC_001_Yukleme_Ekrani_Basarisiz -->
                  <span class="method-name">TC_001_Yukleme_Ekrani_Basarisiz</span>
                </div> <!-- method-content -->
              </div> <!-- method -->
              <div class="method">
                <div class="method-content">
                  <a name="TC_002_Uygulama_Baslangici_Basarili">
                  </a> <!-- TC_002_Uygulama_Baslangici_Basarili -->
                  <span class="method-name">TC_002_Uygulama_Baslangici_Basarili</span>
                </div> <!-- method-content -->
              </div> <!-- method -->
              <div class="method">
                <div class="method-content">
                  <a name="TC_004_Oturum_Kontrolu_Basarili">
                  </a> <!-- TC_004_Oturum_Kontrolu_Basarili -->
                  <span class="method-name">TC_004_Oturum_Kontrolu_Basarili</span>
                </div> <!-- method-content -->
              </div> <!-- method -->
              <div class="method">
                <div class="method-content">
                  <a name="TC_005_Surus_Kontrolu">
                  </a> <!-- TC_005_Surus_Kontrolu -->
                  <span class="method-name">TC_005_Surus_Kontrolu</span>
                </div> <!-- method-content -->
              </div> <!-- method -->
              <div class="method">
                <div class="method-content">
                  <a name="TC_007_Tckn_Kontrolu">
                  </a> <!-- TC_007_Tckn_Kontrolu -->
                  <span class="method-name">TC_007_Tckn_Kontrolu</span>
                </div> <!-- method-content -->
              </div> <!-- method -->
              <div class="method">
                <div class="method-content">
                  <a name="TC_008_Kvkk_Kontrolu">
                  </a> <!-- TC_008_Kvkk_Kontrolu -->
                  <span class="method-name">TC_008_Kvkk_Kontrolu</span>
                </div> <!-- method-content -->
              </div> <!-- method -->
            </div> <!-- main-panel-content rounded-window-bottom -->
          </div> <!-- suite-Web_Suite-class-passed -->
          <div class="suite-Web_Suite-class-passed">
            <div class="main-panel-header rounded-window-top">
              <img src="passed.png"/>
              <span class="class-name">tests.Giris_Ekrani</span>
            </div> <!-- main-panel-header rounded-window-top -->
            <div class="main-panel-content rounded-window-bottom">
              <div class="method">
                <div class="method-content">
                  <a name="TC_011_Giris_Basarisiz">
                  </a> <!-- TC_011_Giris_Basarisiz -->
                  <span class="method-name">TC_011_Giris_Basarisiz</span>
                </div> <!-- method-content -->
              </div> <!-- method -->
              <div class="method">
                <div class="method-content">
                  <a name="TC_012_Dogrulama_Basarisiz">
                  </a> <!-- TC_012_Dogrulama_Basarisiz -->
                  <span class="method-name">TC_012_Dogrulama_Basarisiz</span>
                </div> <!-- method-content -->
              </div> <!-- method -->
              <div class="method">
                <div class="method-content">
                  <a name="TC_013_Tekrar_Kod_Gonder">
                  </a> <!-- TC_013_Tekrar_Kod_Gonder -->
                  <span class="method-name">TC_013_Tekrar_Kod_Gonder</span>
                </div> <!-- method-content -->
              </div> <!-- method -->
              <div class="method">
                <div class="method-content">
                  <a name="TC_014_Kullanici_Sozlesmesi">
                  </a> <!-- TC_014_Kullanici_Sozlesmesi -->
                  <span class="method-name">TC_014_Kullanici_Sozlesmesi</span>
                </div> <!-- method-content -->
              </div> <!-- method -->
              <div class="method">
                <div class="method-content">
                  <a name="TC_015_Ulke_Kodu_Degistirme">
                  </a> <!-- TC_015_Ulke_Kodu_Degistirme -->
                  <span class="method-name">TC_015_Ulke_Kodu_Degistirme</span>
                </div> <!-- method-content -->
              </div> <!-- method -->
            </div> <!-- main-panel-content rounded-window-bottom -->
          </div> <!-- suite-Web_Suite-class-passed -->
          <div class="suite-Web_Suite-class-passed">
            <div class="main-panel-header rounded-window-top">
              <img src="passed.png"/>
              <span class="class-name">tests.Ana_Ekran</span>
            </div> <!-- main-panel-header rounded-window-top -->
            <div class="main-panel-content rounded-window-bottom">
              <div class="method">
                <div class="method-content">
                  <a name="TC_017_Tckn_Gecersiz">
                  </a> <!-- TC_017_Tckn_Gecersiz -->
                  <span class="method-name">TC_017_Tckn_Gecersiz</span>
                </div> <!-- method-content -->
              </div> <!-- method -->
              <div class="method">
                <div class="method-content">
                  <a name="TC_018_Odeme_Yontemi_Yok">
                  </a> <!-- TC_018_Odeme_Yontemi_Yok -->
                  <span class="method-name">TC_018_Odeme_Yontemi_Yok</span>
                </div> <!-- method-content -->
              </div> <!-- method -->
              <div class="method">
                <div class="method-content">
                  <a name="TC_020_Surus_Baslatma_Kod_Girisi">
                  </a> <!-- TC_020_Surus_Baslatma_Kod_Girisi -->
                  <span class="method-name">TC_020_Surus_Baslatma_Kod_Girisi</span>
                </div> <!-- method-content -->
              </div> <!-- method -->
              <div class="method">
                <div class="method-content">
                  <a name="TC_021_Surus_Baslat_Basarili">
                  </a> <!-- TC_021_Surus_Baslat_Basarili -->
                  <span class="method-name">TC_021_Surus_Baslat_Basarili</span>
                </div> <!-- method-content -->
              </div> <!-- method -->
              <div class="method">
                <div class="method-content">
                  <a name="TC_022_Surus_Baslat_Basarisiz_Martiya_Uzak">
                  </a> <!-- TC_022_Surus_Baslat_Basarisiz_Martiya_Uzak -->
                  <span class="method-name">TC_022_Surus_Baslat_Basarisiz_Martiya_Uzak</span>
                </div> <!-- method-content -->
              </div> <!-- method -->
              <div class="method">
                <div class="method-content">
                  <a name="TC_023_Daha_Cok_Marti">
                  </a> <!-- TC_023_Daha_Cok_Marti -->
                  <span class="method-name">TC_023_Daha_Cok_Marti</span>
                </div> <!-- method-content -->
              </div> <!-- method -->
              <div class="method">
                <div class="method-content">
                  <a name="TC_024_Bize_Ulasin_Kilit_Problemi_Bildirme">
                  </a> <!-- TC_024_Bize_Ulasin_Kilit_Problemi_Bildirme -->
                  <span class="method-name">TC_024_Bize_Ulasin_Kilit_Problemi_Bildirme</span>
                </div> <!-- method-content -->
              </div> <!-- method -->
              <div class="method">
                <div class="method-content">
                  <a name="TC_025_Bize_Ulasin_Hasarli_Sorunlu_Marti_Bildirme">
                  </a> <!-- TC_025_Bize_Ulasin_Hasarli_Sorunlu_Marti_Bildirme -->
                  <span class="method-name">TC_025_Bize_Ulasin_Hasarli_Sorunlu_Marti_Bildirme</span>
                </div> <!-- method-content -->
              </div> <!-- method -->
              <div class="method">
                <div class="method-content">
                  <a name="TC_026_Bize_Ulasin_Yanlis_Park">
                  </a> <!-- TC_026_Bize_Ulasin_Yanlis_Park -->
                  <span class="method-name">TC_026_Bize_Ulasin_Yanlis_Park</span>
                </div> <!-- method-content -->
              </div> <!-- method -->
              <div class="method">
                <div class="method-content">
                  <a name="TC_027_Bize_Ulasin_Acil_Durum_Paylas">
                  </a> <!-- TC_027_Bize_Ulasin_Acil_Durum_Paylas -->
                  <span class="method-name">TC_027_Bize_Ulasin_Acil_Durum_Paylas</span>
                </div> <!-- method-content -->
              </div> <!-- method -->
              <div class="method">
                <div class="method-content">
                  <a name="TC_028_Bildirimleri_Kontrol_Etme">
                  </a> <!-- TC_028_Bildirimleri_Kontrol_Etme -->
                  <span class="method-name">TC_028_Bildirimleri_Kontrol_Etme</span>
                </div> <!-- method-content -->
              </div> <!-- method -->
            </div> <!-- main-panel-content rounded-window-bottom -->
          </div> <!-- suite-Web_Suite-class-passed -->
          <div class="suite-Web_Suite-class-passed">
            <div class="main-panel-header rounded-window-top">
              <img src="passed.png"/>
              <span class="class-name">tests.Borclar</span>
            </div> <!-- main-panel-header rounded-window-top -->
            <div class="main-panel-content rounded-window-bottom">
              <div class="method">
                <div class="method-content">
                  <a name="TC_029_Borclu_Kullanici">
                  </a> <!-- TC_029_Borclu_Kullanici -->
                  <span class="method-name">TC_029_Borclu_Kullanici</span>
                </div> <!-- method-content -->
              </div> <!-- method -->
              <div class="method">
                <div class="method-content">
                  <a name="TC_030_Borclu_Kullanici_Plus_15">
                  </a> <!-- TC_030_Borclu_Kullanici_Plus_15 -->
                  <span class="method-name">TC_030_Borclu_Kullanici_Plus_15</span>
                </div> <!-- method-content -->
              </div> <!-- method -->
              <div class="method">
                <div class="method-content">
                  <a name="TC_031_Borc_Odeme">
                  </a> <!-- TC_031_Borc_Odeme -->
                  <span class="method-name">TC_031_Borc_Odeme</span>
                </div> <!-- method-content -->
              </div> <!-- method -->
              <div class="method">
                <div class="method-content">
                  <a name="TC_032_Borc_Odeme_Islemi_Basarili">
                  </a> <!-- TC_032_Borc_Odeme_Islemi_Basarili -->
                  <span class="method-name">TC_032_Borc_Odeme_Islemi_Basarili</span>
                </div> <!-- method-content -->
              </div> <!-- method -->
              <div class="method">
                <div class="method-content">
                  <a name="TC_033_Borc_Odeme_Islemi_Basarisiz">
                  </a> <!-- TC_033_Borc_Odeme_Islemi_Basarisiz -->
                  <span class="method-name">TC_033_Borc_Odeme_Islemi_Basarisiz</span>
                </div> <!-- method-content -->
              </div> <!-- method -->
            </div> <!-- main-panel-content rounded-window-bottom -->
          </div> <!-- suite-Web_Suite-class-passed -->
          <div class="suite-Web_Suite-class-passed">
            <div class="main-panel-header rounded-window-top">
              <img src="passed.png"/>
              <span class="class-name">tests.Menu</span>
            </div> <!-- main-panel-header rounded-window-top -->
            <div class="main-panel-content rounded-window-bottom">
              <div class="method">
                <div class="method-content">
                  <a name="TC_049_Versiyon_Kontrol">
                  </a> <!-- TC_049_Versiyon_Kontrol -->
                  <span class="method-name">TC_049_Versiyon_Kontrol</span>
                </div> <!-- method-content -->
              </div> <!-- method -->
              <div class="method">
                <div class="method-content">
                  <a name="TC_050_Profil_Duzenleme">
                  </a> <!-- TC_050_Profil_Duzenleme -->
                  <span class="method-name">TC_050_Profil_Duzenleme</span>
                </div> <!-- method-content -->
              </div> <!-- method -->
              <div class="method">
                <div class="method-content">
                  <a name="TC_051_Arkadasini_Davet_Et">
                  </a> <!-- TC_051_Arkadasini_Davet_Et -->
                  <span class="method-name">TC_051_Arkadasini_Davet_Et</span>
                </div> <!-- method-content -->
              </div> <!-- method -->
              <div class="method">
                <div class="method-content">
                  <a name="TC_052_Surusleri_Inceleme">
                  </a> <!-- TC_052_Surusleri_Inceleme -->
                  <span class="method-name">TC_052_Surusleri_Inceleme</span>
                </div> <!-- method-content -->
              </div> <!-- method -->
              <div class="method">
                <div class="method-content">
                  <a name="TC_053_Varsayilan_Kredi_Karti_Degistirme">
                  </a> <!-- TC_053_Varsayilan_Kredi_Karti_Degistirme -->
                  <span class="method-name">TC_053_Varsayilan_Kredi_Karti_Degistirme</span>
                </div> <!-- method-content -->
              </div> <!-- method -->
              <div class="method">
                <div class="method-content">
                  <a name="TC_054_Kredi_Karti_Ekleme_Basarili">
                  </a> <!-- TC_054_Kredi_Karti_Ekleme_Basarili -->
                  <span class="method-name">TC_054_Kredi_Karti_Ekleme_Basarili</span>
                </div> <!-- method-content -->
              </div> <!-- method -->
              <div class="method">
                <div class="method-content">
                  <a name="TC_055_Kredi_Karti_Ekleme_Basarisiz">
                  </a> <!-- TC_055_Kredi_Karti_Ekleme_Basarisiz -->
                  <span class="method-name">TC_055_Kredi_Karti_Ekleme_Basarisiz</span>
                </div> <!-- method-content -->
              </div> <!-- method -->
              <div class="method">
                <div class="method-content">
                  <a name="TC_056_Dil_Degistirme">
                  </a> <!-- TC_056_Dil_Degistirme -->
                  <span class="method-name">TC_056_Dil_Degistirme</span>
                </div> <!-- method-content -->
              </div> <!-- method -->
              <div class="method">
                <div class="method-content">
                  <a name="TC_058_Kupon_Ekleme">
                  </a> <!-- TC_058_Kupon_Ekleme -->
                  <span class="method-name">TC_058_Kupon_Ekleme</span>
                </div> <!-- method-content -->
              </div> <!-- method -->
              <div class="method">
                <div class="method-content">
                  <a name="TC_059_Davet_Kodu_Girme">
                  </a> <!-- TC_059_Davet_Kodu_Girme -->
                  <span class="method-name">TC_059_Davet_Kodu_Girme</span>
                </div> <!-- method-content -->
              </div> <!-- method -->
              <div class="method">
                <div class="method-content">
                  <a name="TC_060_Arkadasini_Davet_Etme">
                  </a> <!-- TC_060_Arkadasini_Davet_Etme -->
                  <span class="method-name">TC_060_Arkadasini_Davet_Etme</span>
                </div> <!-- method-content -->
              </div> <!-- method -->
              <div class="method">
                <div class="method-content">
                  <a name="TC_061_Guvenlik_Dokumanina_Erisim">
                  </a> <!-- TC_061_Guvenlik_Dokumanina_Erisim -->
                  <span class="method-name">TC_061_Guvenlik_Dokumanina_Erisim</span>
                </div> <!-- method-content -->
              </div> <!-- method -->
              <div class="method">
                <div class="method-content">
                  <a name="TC_062_Nasil_Kullanilir_Erisim">
                  </a> <!-- TC_062_Nasil_Kullanilir_Erisim -->
                  <span class="method-name">TC_062_Nasil_Kullanilir_Erisim</span>
                </div> <!-- method-content -->
              </div> <!-- method -->
              <div class="method">
                <div class="method-content">
                  <a name="TC_063_Surus_Kurallarina_Erisim">
                  </a> <!-- TC_063_Surus_Kurallarina_Erisim -->
                  <span class="method-name">TC_063_Surus_Kurallarina_Erisim</span>
                </div> <!-- method-content -->
              </div> <!-- method -->
              <div class="method">
                <div class="method-content">
                  <a name="TC_064_Kvkk_Aydinlatma_Metnine_Erisim">
                  </a> <!-- TC_064_Kvkk_Aydinlatma_Metnine_Erisim -->
                  <span class="method-name">TC_064_Kvkk_Aydinlatma_Metnine_Erisim</span>
                </div> <!-- method-content -->
              </div> <!-- method -->
              <div class="method">
                <div class="method-content">
                  <a name="TC_065_Kullanim_Kosullarina_Erisim">
                  </a> <!-- TC_065_Kullanim_Kosullarina_Erisim -->
                  <span class="method-name">TC_065_Kullanim_Kosullarina_Erisim</span>
                </div> <!-- method-content -->
              </div> <!-- method -->
              <div class="method">
                <div class="method-content">
                  <a name="TC_067_Cikis">
                  </a> <!-- TC_067_Cikis -->
                  <span class="method-name">TC_067_Cikis</span>
                </div> <!-- method-content -->
              </div> <!-- method -->
            </div> <!-- main-panel-content rounded-window-bottom -->
          </div> <!-- suite-Web_Suite-class-passed -->
        </div> <!-- panel Web_Suite -->
        <div panel-name="test-xml-Web_Suite" class="panel">
          <div class="main-panel-header rounded-window-top">
            <span class="header-content">C:\Users\emre\Desktop\ev evrak\automation_marti_ride_android\src\test\resources\testng.xml</span>
          </div> <!-- main-panel-header rounded-window-top -->
          <div class="main-panel-content rounded-window-bottom">
            <pre>
&lt;?xml version=&quot;1.0&quot; encoding=&quot;UTF-8&quot;?&gt;
&lt;!DOCTYPE suite SYSTEM &quot;http://testng.org/testng-1.0.dtd&quot;&gt;
&lt;suite thread-count=&quot;1&quot; guice-stage=&quot;DEVELOPMENT&quot; name=&quot;Web Suite&quot; parallel=&quot;classes&quot;&gt;
  &lt;test thread-count=&quot;1&quot; name=&quot;Web Tests&quot; parallel=&quot;classes&quot;&gt;
    &lt;classes&gt;
      &lt;class name=&quot;tests.Yukleme_Ekrani&quot;/&gt;
      &lt;class name=&quot;tests.Giris_Ekrani&quot;/&gt;
      &lt;class name=&quot;tests.Ana_Ekran&quot;/&gt;
      &lt;class name=&quot;tests.Borclar&quot;/&gt;
      &lt;class name=&quot;tests.Surus&quot;/&gt;
      &lt;class name=&quot;tests.Menu&quot;/&gt;
    &lt;/classes&gt;
  &lt;/test&gt; &lt;!-- Web Tests --&gt;
&lt;/suite&gt; &lt;!-- Web Suite --&gt;
            </pre>
          </div> <!-- main-panel-content rounded-window-bottom -->
        </div> <!-- panel -->
        <div panel-name="testlist-Web_Suite" class="panel">
          <div class="main-panel-header rounded-window-top">
            <span class="header-content">Tests for Web Suite</span>
          </div> <!-- main-panel-header rounded-window-top -->
          <div class="main-panel-content rounded-window-bottom">
            <ul>
              <li>
                <span class="test-name">Web Tests (6 classes)</span>
              </li>
            </ul>
          </div> <!-- main-panel-content rounded-window-bottom -->
        </div> <!-- panel -->
        <div panel-name="group-Web_Suite" class="panel">
          <div class="main-panel-header rounded-window-top">
            <span class="header-content">Groups for Web Suite</span>
          </div> <!-- main-panel-header rounded-window-top -->
          <div class="main-panel-content rounded-window-bottom">
          </div> <!-- main-panel-content rounded-window-bottom -->
        </div> <!-- panel -->
        <div panel-name="times-Web_Suite" class="panel">
          <div class="main-panel-header rounded-window-top">
            <span class="header-content">Times for Web Suite</span>
          </div> <!-- main-panel-header rounded-window-top -->
          <div class="main-panel-content rounded-window-bottom">
            <div class="times-div">
              <script type="text/javascript">
suiteTableInitFunctions.push('tableData_Web_Suite');
function tableData_Web_Suite() {
var data = new google.visualization.DataTable();
data.addColumn('number', 'Number');
data.addColumn('string', 'Method');
data.addColumn('string', 'Class');
data.addColumn('number', 'Time (ms)');
data.addRows(59);
data.setCell(0, 0, 0)
data.setCell(0, 1, 'TC_059_Davet_Kodu_Girme')
data.setCell(0, 2, 'tests.Menu')
data.setCell(0, 3, 59969);
data.setCell(1, 0, 1)
data.setCell(1, 1, 'TC_016_Surus_Baslat')
data.setCell(1, 2, 'tests.Ana_Ekran')
data.setCell(1, 3, 59893);
data.setCell(2, 0, 2)
data.setCell(2, 1, 'TC_025_Bize_Ulasin_Hasarli_Sorunlu_Marti_Bildirme')
data.setCell(2, 2, 'tests.Ana_Ekran')
data.setCell(2, 3, 52791);
data.setCell(3, 0, 3)
data.setCell(3, 1, 'TC_058_Kupon_Ekleme')
data.setCell(3, 2, 'tests.Menu')
data.setCell(3, 3, 51620);
data.setCell(4, 0, 4)
data.setCell(4, 1, 'TC_024_Bize_Ulasin_Kilit_Problemi_Bildirme')
data.setCell(4, 2, 'tests.Ana_Ekran')
data.setCell(4, 3, 49002);
data.setCell(5, 0, 5)
data.setCell(5, 1, 'TC_026_Bize_Ulasin_Yanlis_Park')
data.setCell(5, 2, 'tests.Ana_Ekran')
data.setCell(5, 3, 48929);
data.setCell(6, 0, 6)
data.setCell(6, 1, 'TC_063_Surus_Kurallarina_Erisim')
data.setCell(6, 2, 'tests.Menu')
data.setCell(6, 3, 44883);
data.setCell(7, 0, 7)
data.setCell(7, 1, 'TC_062_Nasil_Kullanilir_Erisim')
data.setCell(7, 2, 'tests.Menu')
data.setCell(7, 3, 44570);
data.setCell(8, 0, 8)
data.setCell(8, 1, 'TC_005_Surus_Kontrolu')
data.setCell(8, 2, 'tests.Yukleme_Ekrani')
data.setCell(8, 3, 43872);
data.setCell(9, 0, 9)
data.setCell(9, 1, 'TC_032_Borc_Odeme_Islemi_Basarili')
data.setCell(9, 2, 'tests.Borclar')
data.setCell(9, 3, 40894);
data.setCell(10, 0, 10)
data.setCell(10, 1, 'TC_022_Surus_Baslat_Basarisiz_Martiya_Uzak')
data.setCell(10, 2, 'tests.Ana_Ekran')
data.setCell(10, 3, 40750);
data.setCell(11, 0, 11)
data.setCell(11, 1, 'TC_054_Kredi_Karti_Ekleme_Basarili')
data.setCell(11, 2, 'tests.Menu')
data.setCell(11, 3, 40196);
data.setCell(12, 0, 12)
data.setCell(12, 1, 'TC_055_Kredi_Karti_Ekleme_Basarisiz')
data.setCell(12, 2, 'tests.Menu')
data.setCell(12, 3, 39532);
data.setCell(13, 0, 13)
data.setCell(13, 1, 'TC_051_Arkadasini_Davet_Et')
data.setCell(13, 2, 'tests.Menu')
data.setCell(13, 3, 38651);
data.setCell(14, 0, 14)
data.setCell(14, 1, 'TC_017_Tckn_Gecersiz')
data.setCell(14, 2, 'tests.Ana_Ekran')
data.setCell(14, 3, 38373);
data.setCell(15, 0, 15)
data.setCell(15, 1, 'TC_033_Borc_Odeme_Islemi_Basarisiz')
data.setCell(15, 2, 'tests.Borclar')
data.setCell(15, 3, 37720);
data.setCell(16, 0, 16)
data.setCell(16, 1, 'TC_021_Surus_Baslat_Basarili')
data.setCell(16, 2, 'tests.Ana_Ekran')
data.setCell(16, 3, 37265);
data.setCell(17, 0, 17)
data.setCell(17, 1, 'TC_056_Dil_Degistirme')
data.setCell(17, 2, 'tests.Menu')
data.setCell(17, 3, 37096);
data.setCell(18, 0, 18)
data.setCell(18, 1, 'TC_052_Surusleri_Inceleme')
data.setCell(18, 2, 'tests.Menu')
data.setCell(18, 3, 36543);
data.setCell(19, 0, 19)
data.setCell(19, 1, 'TC_031_Borc_Odeme')
data.setCell(19, 2, 'tests.Borclar')
data.setCell(19, 3, 35711);
data.setCell(20, 0, 20)
data.setCell(20, 1, 'TC_027_Bize_Ulasin_Acil_Durum_Paylas')
data.setCell(20, 2, 'tests.Ana_Ekran')
data.setCell(20, 3, 35695);
data.setCell(21, 0, 21)
data.setCell(21, 1, 'TC_060_Arkadasini_Davet_Etme')
data.setCell(21, 2, 'tests.Menu')
data.setCell(21, 3, 35586);
data.setCell(22, 0, 22)
data.setCell(22, 1, 'TC_029_Borclu_Kullanici')
data.setCell(22, 2, 'tests.Borclar')
data.setCell(22, 3, 35364);
data.setCell(23, 0, 23)
data.setCell(23, 1, 'TC_030_Borclu_Kullanici_Plus_15')
data.setCell(23, 2, 'tests.Borclar')
data.setCell(23, 3, 34607);
data.setCell(24, 0, 24)
data.setCell(24, 1, 'TC_050_Profil_Duzenleme')
data.setCell(24, 2, 'tests.Menu')
data.setCell(24, 3, 34480);
data.setCell(25, 0, 25)
data.setCell(25, 1, 'TC_013_Tekrar_Kod_Gonder')
data.setCell(25, 2, 'tests.Giris_Ekrani')
data.setCell(25, 3, 33758);
data.setCell(26, 0, 26)
data.setCell(26, 1, 'TC_067_Cikis')
data.setCell(26, 2, 'tests.Menu')
data.setCell(26, 3, 33109);
data.setCell(27, 0, 27)
data.setCell(27, 1, 'TC_020_Surus_Baslatma_Kod_Girisi')
data.setCell(27, 2, 'tests.Ana_Ekran')
data.setCell(27, 3, 32870);
data.setCell(28, 0, 28)
data.setCell(28, 1, 'TC_061_Guvenlik_Dokumanina_Erisim')
data.setCell(28, 2, 'tests.Menu')
data.setCell(28, 3, 32515);
data.setCell(29, 0, 29)
data.setCell(29, 1, 'TC_053_Varsayilan_Kredi_Karti_Degistirme')
data.setCell(29, 2, 'tests.Menu')
data.setCell(29, 3, 32319);
data.setCell(30, 0, 30)
data.setCell(30, 1, 'TC_065_Kullanim_Kosullarina_Erisim')
data.setCell(30, 2, 'tests.Menu')
data.setCell(30, 3, 31971);
data.setCell(31, 0, 31)
data.setCell(31, 1, 'TC_066_Yardim_Dokumanina_Erisim')
data.setCell(31, 2, 'tests.Menu')
data.setCell(31, 3, 31006);
data.setCell(32, 0, 32)
data.setCell(32, 1, 'TC_018_Odeme_Yontemi_Yok')
data.setCell(32, 2, 'tests.Ana_Ekran')
data.setCell(32, 3, 30321);
data.setCell(33, 0, 33)
data.setCell(33, 1, 'TC_064_Kvkk_Aydinlatma_Metnine_Erisim')
data.setCell(33, 2, 'tests.Menu')
data.setCell(33, 3, 29770);
data.setCell(34, 0, 34)
data.setCell(34, 1, 'TC_028_Bildirimleri_Kontrol_Etme')
data.setCell(34, 2, 'tests.Ana_Ekran')
data.setCell(34, 3, 28519);
data.setCell(35, 0, 35)
data.setCell(35, 1, 'TC_008_Kvkk_Kontrolu')
data.setCell(35, 2, 'tests.Yukleme_Ekrani')
data.setCell(35, 3, 27463);
data.setCell(36, 0, 36)
data.setCell(36, 1, 'TC_049_Versiyon_Kontrol')
data.setCell(36, 2, 'tests.Menu')
data.setCell(36, 3, 26602);
data.setCell(37, 0, 37)
data.setCell(37, 1, 'TC_023_Daha_Cok_Marti')
data.setCell(37, 2, 'tests.Ana_Ekran')
data.setCell(37, 3, 24374);
data.setCell(38, 0, 38)
data.setCell(38, 1, 'TC_007_Tckn_Kontrolu')
data.setCell(38, 2, 'tests.Yukleme_Ekrani')
data.setCell(38, 3, 22573);
data.setCell(39, 0, 39)
data.setCell(39, 1, 'TC_012_Dogrulama_Basarisiz')
data.setCell(39, 2, 'tests.Giris_Ekrani')
data.setCell(39, 3, 22370);
data.setCell(40, 0, 40)
data.setCell(40, 1, 'TC_002_Uygulama_Baslangici_Basarili')
data.setCell(40, 2, 'tests.Yukleme_Ekrani')
data.setCell(40, 3, 19162);
data.setCell(41, 0, 41)
data.setCell(41, 1, 'TC_001_Yukleme_Ekrani_Basarisiz')
data.setCell(41, 2, 'tests.Yukleme_Ekrani')
data.setCell(41, 3, 19156);
data.setCell(42, 0, 42)
data.setCell(42, 1, 'TC_004_Oturum_Kontrolu_Basarili')
data.setCell(42, 2, 'tests.Yukleme_Ekrani')
data.setCell(42, 3, 18802);
data.setCell(43, 0, 43)
data.setCell(43, 1, 'TC_015_Ulke_Kodu_Degistirme')
data.setCell(43, 2, 'tests.Giris_Ekrani')
data.setCell(43, 3, 8971);
data.setCell(44, 0, 44)
data.setCell(44, 1, 'TC_014_Kullanici_Sozlesmesi')
data.setCell(44, 2, 'tests.Giris_Ekrani')
data.setCell(44, 3, 8772);
data.setCell(45, 0, 45)
data.setCell(45, 1, 'TC_011_Giris_Basarisiz')
data.setCell(45, 2, 'tests.Giris_Ekrani')
data.setCell(45, 3, 7171);
data.setCell(46, 0, 46)
data.setCell(46, 1, 'TC_041_Park_Edilemez_Alan')
data.setCell(46, 2, 'tests.Surus')
data.setCell(46, 3, 0);
data.setCell(47, 0, 47)
data.setCell(47, 1, 'TC_040_Surus_Bitirme')
data.setCell(47, 2, 'tests.Surus')
data.setCell(47, 3, 0);
data.setCell(48, 0, 48)
data.setCell(48, 1, 'TC_039_Ortalama')
data.setCell(48, 2, 'tests.Surus')
data.setCell(48, 3, 0);
data.setCell(49, 0, 49)
data.setCell(49, 1, 'TC_044_Surus_Bitir_Internet_Kapali')
data.setCell(49, 2, 'tests.Surus')
data.setCell(49, 3, 0);
data.setCell(50, 0, 50)
data.setCell(50, 1, 'TC_047_Surus_Bitirme_Basarili')
data.setCell(50, 2, 'tests.Surus')
data.setCell(50, 3, 0);
data.setCell(51, 0, 51)
data.setCell(51, 1, 'TC_036_Nasil_Surulur_Gecilmemis')
data.setCell(51, 2, 'tests.Surus')
data.setCell(51, 3, 0);
data.setCell(52, 0, 52)
data.setCell(52, 1, 'TC_045_Ceza_Kurallarina_Erisim')
data.setCell(52, 2, 'tests.Surus')
data.setCell(52, 3, 0);
data.setCell(53, 0, 53)
data.setCell(53, 1, 'TC_038_Nasil_Surulur')
data.setCell(53, 2, 'tests.Surus')
data.setCell(53, 3, 0);
data.setCell(54, 0, 54)
data.setCell(54, 1, 'TC_037_Acil_Mudahale')
data.setCell(54, 2, 'tests.Surus')
data.setCell(54, 3, 0);
data.setCell(55, 0, 55)
data.setCell(55, 1, 'TC_034_Surus_Basladi_Kodlu_Kilit')
data.setCell(55, 2, 'tests.Surus')
data.setCell(55, 3, 0);
data.setCell(56, 0, 56)
data.setCell(56, 1, 'TC_046_Odeme_Hatasi')
data.setCell(56, 2, 'tests.Surus')
data.setCell(56, 3, 0);
data.setCell(57, 0, 57)
data.setCell(57, 1, 'TC_035_Surus_Baslat')
data.setCell(57, 2, 'tests.Surus')
data.setCell(57, 3, 0);
data.setCell(58, 0, 58)
data.setCell(58, 1, 'TC_042_Kilit_Takilmadi')
data.setCell(58, 2, 'tests.Surus')
data.setCell(58, 3, 0);
window.suiteTableData['Web_Suite']= { tableData: data, tableDiv: 'times-div-Web_Suite'}
return data;
}
              </script>
              <span class="suite-total-time">Total running time: 26 minutes</span>
              <div id="times-div-Web_Suite">
              </div> <!-- times-div-Web_Suite -->
            </div> <!-- times-div -->
          </div> <!-- main-panel-content rounded-window-bottom -->
        </div> <!-- panel -->
        <div panel-name="reporter-Web_Suite" class="panel">
          <div class="main-panel-header rounded-window-top">
            <span class="header-content">Reporter output for Web Suite</span>
          </div> <!-- main-panel-header rounded-window-top -->
          <div class="main-panel-content rounded-window-bottom">
          </div> <!-- main-panel-content rounded-window-bottom -->
        </div> <!-- panel -->
        <div panel-name="ignored-methods-Web_Suite" class="panel">
          <div class="main-panel-header rounded-window-top">
            <span class="header-content">5 ignored methods</span>
          </div> <!-- main-panel-header rounded-window-top -->
          <div class="main-panel-content rounded-window-bottom">
            <div class="ignored-class-div">
              <span class="ignored-class-name">tests.Surus</span>
              <div class="ignored-methods-div">
                <span class="ignored-method-name">beforeSuite</span>
                <br/>
              </div> <!-- ignored-methods-div -->
            </div> <!-- ignored-class-div -->
            <div class="ignored-class-div">
              <span class="ignored-class-name">tests.Giris_Ekrani</span>
              <div class="ignored-methods-div">
                <span class="ignored-method-name">beforeSuite</span>
                <br/>
              </div> <!-- ignored-methods-div -->
            </div> <!-- ignored-class-div -->
            <div class="ignored-class-div">
              <span class="ignored-class-name">tests.Ana_Ekran</span>
              <div class="ignored-methods-div">
                <span class="ignored-method-name">beforeSuite</span>
                <br/>
              </div> <!-- ignored-methods-div -->
            </div> <!-- ignored-class-div -->
            <div class="ignored-class-div">
              <span class="ignored-class-name">tests.Borclar</span>
              <div class="ignored-methods-div">
                <span class="ignored-method-name">beforeSuite</span>
                <br/>
              </div> <!-- ignored-methods-div -->
            </div> <!-- ignored-class-div -->
            <div class="ignored-class-div">
              <span class="ignored-class-name">tests.Menu</span>
              <div class="ignored-methods-div">
                <span class="ignored-method-name">beforeSuite</span>
                <br/>
              </div> <!-- ignored-methods-div -->
            </div> <!-- ignored-class-div -->
          </div> <!-- main-panel-content rounded-window-bottom -->
        </div> <!-- panel -->
        <div panel-name="chronological-Web_Suite" class="panel">
          <div class="main-panel-header rounded-window-top">
            <span class="header-content">Methods in chronological order</span>
          </div> <!-- main-panel-header rounded-window-top -->
          <div class="main-panel-content rounded-window-bottom">
            <div class="chronological-class">
              <div class="chronological-class-name">tests.Yukleme_Ekrani</div> <!-- chronological-class-name -->
              <div class="configuration-suite before">
                <span class="method-name">beforeSuite</span>
                <span class="method-start">0 ms</span>
              </div> <!-- configuration-suite before -->
              <div class="configuration-method before">
                <span class="method-name">setUp(public void tests.Yukleme_Ekrani.TC_001_Yukleme_Ekrani_Basarisiz())</span>
                <span class="method-start">20 ms</span>
              </div> <!-- configuration-method before -->
              <div class="test-method">
                <span class="method-name">TC_001_Yukleme_Ekrani_Basarisiz</span>
                <span class="method-start">37056 ms</span>
              </div> <!-- test-method -->
              <div class="configuration-method after">
                <span class="method-name">tearDown([TestResult name=TC_001_Yukleme_Ekrani_Basarisiz status=SUCCESS method=Yukleme_Ekrani.TC_001_Yukleme...)</span>
                <span class="method-start">56213 ms</span>
              </div> <!-- configuration-method after -->
              <div class="configuration-method before">
                <span class="method-name">setUp(public void tests.Yukleme_Ekrani.TC_002_Uygulama_Baslangici_Basarili())</span>
                <span class="method-start">56468 ms</span>
              </div> <!-- configuration-method before -->
              <div class="test-method">
                <span class="method-name">TC_002_Uygulama_Baslangici_Basarili</span>
                <span class="method-start">94117 ms</span>
              </div> <!-- test-method -->
              <div class="configuration-method after">
                <span class="method-name">tearDown([TestResult name=TC_002_Uygulama_Baslangici_Basarili status=SUCCESS method=Yukleme_Ekrani.TC_002_Uyg...)</span>
                <span class="method-start">113280 ms</span>
              </div> <!-- configuration-method after -->
              <div class="configuration-method before">
                <span class="method-name">setUp(public void tests.Yukleme_Ekrani.TC_004_Oturum_Kontrolu_Basarili())</span>
                <span class="method-start">113529 ms</span>
              </div> <!-- configuration-method before -->
              <div class="test-method">
                <span class="method-name">TC_004_Oturum_Kontrolu_Basarili</span>
                <span class="method-start">149394 ms</span>
              </div> <!-- test-method -->
              <div class="configuration-method after">
                <span class="method-name">tearDown([TestResult name=TC_004_Oturum_Kontrolu_Basarili status=SUCCESS method=Yukleme_Ekrani.TC_004_Oturum_...)</span>
                <span class="method-start">168197 ms</span>
              </div> <!-- configuration-method after -->
              <div class="configuration-method before">
                <span class="method-name">setUp(public void tests.Yukleme_Ekrani.TC_005_Surus_Kontrolu())</span>
                <span class="method-start">168585 ms</span>
              </div> <!-- configuration-method before -->
              <div class="test-method">
                <span class="method-name">TC_005_Surus_Kontrolu</span>
                <span class="method-start">204307 ms</span>
              </div> <!-- test-method -->
              <div class="configuration-method after">
                <span class="method-name">tearDown([TestResult name=TC_005_Surus_Kontrolu status=SUCCESS method=Yukleme_Ekrani.TC_005_Surus_Kontrolu()[...)</span>
                <span class="method-start">248180 ms</span>
              </div> <!-- configuration-method after -->
              <div class="configuration-method before">
                <span class="method-name">setUp(public void tests.Yukleme_Ekrani.TC_007_Tckn_Kontrolu())</span>
                <span class="method-start">248479 ms</span>
              </div> <!-- configuration-method before -->
              <div class="test-method">
                <span class="method-name">TC_007_Tckn_Kontrolu</span>
                <span class="method-start">287049 ms</span>
              </div> <!-- test-method -->
              <div class="configuration-method after">
                <span class="method-name">tearDown([TestResult name=TC_007_Tckn_Kontrolu status=SUCCESS method=Yukleme_Ekrani.TC_007_Tckn_Kontrolu()[pr...)</span>
                <span class="method-start">309622 ms</span>
              </div> <!-- configuration-method after -->
              <div class="configuration-method before">
                <span class="method-name">setUp(public void tests.Yukleme_Ekrani.TC_008_Kvkk_Kontrolu())</span>
                <span class="method-start">310002 ms</span>
              </div> <!-- configuration-method before -->
              <div class="test-method">
                <span class="method-name">TC_008_Kvkk_Kontrolu</span>
                <span class="method-start">347118 ms</span>
              </div> <!-- test-method -->
              <div class="configuration-method after">
                <span class="method-name">tearDown([TestResult name=TC_008_Kvkk_Kontrolu status=SUCCESS method=Yukleme_Ekrani.TC_008_Kvkk_Kontrolu()[pr...)</span>
                <span class="method-start">374581 ms</span>
              </div> <!-- configuration-method after -->
            </div> <!-- chronological-class -->
            <div class="chronological-class">
              <div class="chronological-class-name">tests.Giris_Ekrani</div> <!-- chronological-class-name -->
              <div class="configuration-method before">
                <span class="method-name">setUp(public void tests.Giris_Ekrani.TC_011_Giris_Basarisiz())</span>
                <span class="method-start">374912 ms</span>
              </div> <!-- configuration-method before -->
              <div class="test-method">
                <span class="method-name">TC_011_Giris_Basarisiz</span>
                <span class="method-start">411637 ms</span>
              </div> <!-- test-method -->
              <div class="configuration-method after">
                <span class="method-name">tearDown([TestResult name=TC_011_Giris_Basarisiz status=SUCCESS method=Giris_Ekrani.TC_011_Giris_Basarisiz()[...)</span>
                <span class="method-start">418809 ms</span>
              </div> <!-- configuration-method after -->
              <div class="configuration-method before">
                <span class="method-name">setUp(public void tests.Giris_Ekrani.TC_012_Dogrulama_Basarisiz())</span>
                <span class="method-start">419144 ms</span>
              </div> <!-- configuration-method before -->
              <div class="test-method">
                <span class="method-name">TC_012_Dogrulama_Basarisiz</span>
                <span class="method-start">455834 ms</span>
              </div> <!-- test-method -->
              <div class="configuration-method after">
                <span class="method-name">tearDown([TestResult name=TC_012_Dogrulama_Basarisiz status=SUCCESS method=Giris_Ekrani.TC_012_Dogrulama_Basa...)</span>
                <span class="method-start">478206 ms</span>
              </div> <!-- configuration-method after -->
              <div class="configuration-method before">
                <span class="method-name">setUp(public void tests.Giris_Ekrani.TC_013_Tekrar_Kod_Gonder())</span>
                <span class="method-start">478486 ms</span>
              </div> <!-- configuration-method before -->
              <div class="test-method">
                <span class="method-name">TC_013_Tekrar_Kod_Gonder</span>
                <span class="method-start">514522 ms</span>
              </div> <!-- test-method -->
              <div class="configuration-method after">
                <span class="method-name">tearDown([TestResult name=TC_013_Tekrar_Kod_Gonder status=SUCCESS method=Giris_Ekrani.TC_013_Tekrar_Kod_Gonde...)</span>
                <span class="method-start">548280 ms</span>
              </div> <!-- configuration-method after -->
              <div class="configuration-method before">
                <span class="method-name">setUp(public void tests.Giris_Ekrani.TC_014_Kullanici_Sozlesmesi())</span>
                <span class="method-start">548539 ms</span>
              </div> <!-- configuration-method before -->
              <div class="test-method">
                <span class="method-name">TC_014_Kullanici_Sozlesmesi</span>
                <span class="method-start">584686 ms</span>
              </div> <!-- test-method -->
              <div class="configuration-method after">
                <span class="method-name">tearDown([TestResult name=TC_014_Kullanici_Sozlesmesi status=SUCCESS method=Giris_Ekrani.TC_014_Kullanici_Soz...)</span>
                <span class="method-start">593459 ms</span>
              </div> <!-- configuration-method after -->
              <div class="configuration-method before">
                <span class="method-name">setUp(public void tests.Giris_Ekrani.TC_015_Ulke_Kodu_Degistirme())</span>
                <span class="method-start">593743 ms</span>
              </div> <!-- configuration-method before -->
              <div class="test-method">
                <span class="method-name">TC_015_Ulke_Kodu_Degistirme</span>
                <span class="method-start">630654 ms</span>
              </div> <!-- test-method -->
              <div class="configuration-method after">
                <span class="method-name">tearDown([TestResult name=TC_015_Ulke_Kodu_Degistirme status=SUCCESS method=Giris_Ekrani.TC_015_Ulke_Kodu_Deg...)</span>
                <span class="method-start">639626 ms</span>
              </div> <!-- configuration-method after -->
            </div> <!-- chronological-class -->
            <div class="chronological-class">
              <div class="chronological-class-name">tests.Ana_Ekran</div> <!-- chronological-class-name -->
              <div class="configuration-method before">
                <span class="method-name">setUp(public void tests.Ana_Ekran.TC_016_Surus_Baslat())</span>
                <span class="method-start">639898 ms</span>
              </div> <!-- configuration-method before -->
              <div class="test-method">
                <img src="failed.png">
                </img>
                <span class="method-name">TC_016_Surus_Baslat</span>
                <span class="method-start">676058 ms</span>
              </div> <!-- test-method -->
              <div class="configuration-method after">
                <span class="method-name">tearDown([TestResult name=TC_016_Surus_Baslat status=FAILURE method=Ana_Ekran.TC_016_Surus_Baslat()[pri:16, i...)</span>
                <span class="method-start">735956 ms</span>
              </div> <!-- configuration-method after -->
              <div class="configuration-method before">
                <span class="method-name">setUp(public void tests.Ana_Ekran.TC_017_Tckn_Gecersiz())</span>
                <span class="method-start">736273 ms</span>
              </div> <!-- configuration-method before -->
              <div class="test-method">
                <span class="method-name">TC_017_Tckn_Gecersiz</span>
                <span class="method-start">772249 ms</span>
              </div> <!-- test-method -->
              <div class="configuration-method after">
                <span class="method-name">tearDown([TestResult name=TC_017_Tckn_Gecersiz status=SUCCESS method=Ana_Ekran.TC_017_Tckn_Gecersiz()[pri:17,...)</span>
                <span class="method-start">810623 ms</span>
              </div> <!-- configuration-method after -->
              <div class="configuration-method before">
                <span class="method-name">setUp(public void tests.Ana_Ekran.TC_018_Odeme_Yontemi_Yok())</span>
                <span class="method-start">811029 ms</span>
              </div> <!-- configuration-method before -->
              <div class="test-method">
                <span class="method-name">TC_018_Odeme_Yontemi_Yok</span>
                <span class="method-start">847487 ms</span>
              </div> <!-- test-method -->
              <div class="configuration-method after">
                <span class="method-name">tearDown([TestResult name=TC_018_Odeme_Yontemi_Yok status=SUCCESS method=Ana_Ekran.TC_018_Odeme_Yontemi_Yok()...)</span>
                <span class="method-start">877809 ms</span>
              </div> <!-- configuration-method after -->
              <div class="configuration-method before">
                <span class="method-name">setUp(public void tests.Ana_Ekran.TC_020_Surus_Baslatma_Kod_Girisi())</span>
                <span class="method-start">878128 ms</span>
              </div> <!-- configuration-method before -->
              <div class="test-method">
                <span class="method-name">TC_020_Surus_Baslatma_Kod_Girisi</span>
                <span class="method-start">914312 ms</span>
              </div> <!-- test-method -->
              <div class="configuration-method after">
                <span class="method-name">tearDown([TestResult name=TC_020_Surus_Baslatma_Kod_Girisi status=SUCCESS method=Ana_Ekran.TC_020_Surus_Basla...)</span>
                <span class="method-start">947183 ms</span>
              </div> <!-- configuration-method after -->
              <div class="configuration-method before">
                <span class="method-name">setUp(public void tests.Ana_Ekran.TC_021_Surus_Baslat_Basarili())</span>
                <span class="method-start">947504 ms</span>
              </div> <!-- configuration-method before -->
              <div class="test-method">
                <span class="method-name">TC_021_Surus_Baslat_Basarili</span>
                <span class="method-start">984532 ms</span>
              </div> <!-- test-method -->
              <div class="configuration-method after">
                <span class="method-name">tearDown([TestResult name=TC_021_Surus_Baslat_Basarili status=SUCCESS method=Ana_Ekran.TC_021_Surus_Baslat_Ba...)</span>
                <span class="method-start">1021797 ms</span>
              </div> <!-- configuration-method after -->
              <div class="configuration-method before">
                <span class="method-name">setUp(public void tests.Ana_Ekran.TC_022_Surus_Baslat_Basarisiz_Martiya_Uzak())</span>
                <span class="method-start">1022128 ms</span>
              </div> <!-- configuration-method before -->
              <div class="test-method">
                <span class="method-name">TC_022_Surus_Baslat_Basarisiz_Martiya_Uzak</span>
                <span class="method-start">1058422 ms</span>
              </div> <!-- test-method -->
              <div class="configuration-method after">
                <span class="method-name">tearDown([TestResult name=TC_022_Surus_Baslat_Basarisiz_Martiya_Uzak status=SUCCESS method=Ana_Ekran.TC_022_S...)</span>
                <span class="method-start">1099172 ms</span>
              </div> <!-- configuration-method after -->
              <div class="configuration-method before">
                <span class="method-name">setUp(public void tests.Ana_Ekran.TC_023_Daha_Cok_Marti())</span>
                <span class="method-start">1099466 ms</span>
              </div> <!-- configuration-method before -->
              <div class="test-method">
                <span class="method-name">TC_023_Daha_Cok_Marti</span>
                <span class="method-start">1135744 ms</span>
              </div> <!-- test-method -->
              <div class="configuration-method after">
                <span class="method-name">tearDown([TestResult name=TC_023_Daha_Cok_Marti status=SUCCESS method=Ana_Ekran.TC_023_Daha_Cok_Marti()[pri:2...)</span>
                <span class="method-start">1160119 ms</span>
              </div> <!-- configuration-method after -->
              <div class="configuration-method before">
                <span class="method-name">setUp(public void tests.Ana_Ekran.TC_024_Bize_Ulasin_Kilit_Problemi_Bildirme())</span>
                <span class="method-start">1160389 ms</span>
              </div> <!-- configuration-method before -->
              <div class="test-method">
                <span class="method-name">TC_024_Bize_Ulasin_Kilit_Problemi_Bildirme</span>
                <span class="method-start">1196575 ms</span>
              </div> <!-- test-method -->
              <div class="configuration-method after">
                <span class="method-name">tearDown([TestResult name=TC_024_Bize_Ulasin_Kilit_Problemi_Bildirme status=SUCCESS method=Ana_Ekran.TC_024_B...)</span>
                <span class="method-start">1245578 ms</span>
              </div> <!-- configuration-method after -->
              <div class="configuration-method before">
                <span class="method-name">setUp(public void tests.Ana_Ekran.TC_025_Bize_Ulasin_Hasarli_Sorunlu_Marti_Bildirme())</span>
                <span class="method-start">1245864 ms</span>
              </div> <!-- configuration-method before -->
              <div class="test-method">
                <span class="method-name">TC_025_Bize_Ulasin_Hasarli_Sorunlu_Marti_Bildirme</span>
                <span class="method-start">1281779 ms</span>
              </div> <!-- test-method -->
              <div class="configuration-method after">
                <span class="method-name">tearDown([TestResult name=TC_025_Bize_Ulasin_Hasarli_Sorunlu_Marti_Bildirme status=SUCCESS method=Ana_Ekran.T...)</span>
                <span class="method-start">1334570 ms</span>
              </div> <!-- configuration-method after -->
              <div class="configuration-method before">
                <span class="method-name">setUp(public void tests.Ana_Ekran.TC_026_Bize_Ulasin_Yanlis_Park())</span>
                <span class="method-start">1334865 ms</span>
              </div> <!-- configuration-method before -->
              <div class="test-method">
                <span class="method-name">TC_026_Bize_Ulasin_Yanlis_Park</span>
                <span class="method-start">1370901 ms</span>
              </div> <!-- test-method -->
              <div class="configuration-method after">
                <span class="method-name">tearDown([TestResult name=TC_026_Bize_Ulasin_Yanlis_Park status=SUCCESS method=Ana_Ekran.TC_026_Bize_Ulasin_Y...)</span>
                <span class="method-start">1419831 ms</span>
              </div> <!-- configuration-method after -->
              <div class="configuration-method before">
                <span class="method-name">setUp(public void tests.Ana_Ekran.TC_027_Bize_Ulasin_Acil_Durum_Paylas())</span>
                <span class="method-start">1420129 ms</span>
              </div> <!-- configuration-method before -->
              <div class="test-method">
                <span class="method-name">TC_027_Bize_Ulasin_Acil_Durum_Paylas</span>
                <span class="method-start">1456883 ms</span>
              </div> <!-- test-method -->
              <div class="configuration-method after">
                <span class="method-name">tearDown([TestResult name=TC_027_Bize_Ulasin_Acil_Durum_Paylas status=SUCCESS method=Ana_Ekran.TC_027_Bize_Ul...)</span>
                <span class="method-start">1492578 ms</span>
              </div> <!-- configuration-method after -->
              <div class="configuration-method before">
                <span class="method-name">setUp(public void tests.Ana_Ekran.TC_028_Bildirimleri_Kontrol_Etme())</span>
                <span class="method-start">1492866 ms</span>
              </div> <!-- configuration-method before -->
              <div class="test-method">
                <span class="method-name">TC_028_Bildirimleri_Kontrol_Etme</span>
                <span class="method-start">1529321 ms</span>
              </div> <!-- test-method -->
              <div class="configuration-method after">
                <span class="method-name">tearDown([TestResult name=TC_028_Bildirimleri_Kontrol_Etme status=SUCCESS method=Ana_Ekran.TC_028_Bildirimler...)</span>
                <span class="method-start">1557840 ms</span>
              </div> <!-- configuration-method after -->
            </div> <!-- chronological-class -->
            <div class="chronological-class">
              <div class="chronological-class-name">tests.Borclar</div> <!-- chronological-class-name -->
              <div class="configuration-method before">
                <span class="method-name">setUp(public void tests.Borclar.TC_029_Borclu_Kullanici())</span>
                <span class="method-start">1558096 ms</span>
              </div> <!-- configuration-method before -->
              <div class="test-method">
                <span class="method-name">TC_029_Borclu_Kullanici</span>
                <span class="method-start">1594342 ms</span>
              </div> <!-- test-method -->
              <div class="configuration-method after">
                <span class="method-name">tearDown([TestResult name=TC_029_Borclu_Kullanici status=SUCCESS method=Borclar.TC_029_Borclu_Kullanici()[pri...)</span>
                <span class="method-start">1629707 ms</span>
              </div> <!-- configuration-method after -->
              <div class="configuration-method before">
                <span class="method-name">setUp(public void tests.Borclar.TC_030_Borclu_Kullanici_Plus_15())</span>
                <span class="method-start">1630010 ms</span>
              </div> <!-- configuration-method before -->
              <div class="test-method">
                <span class="method-name">TC_030_Borclu_Kullanici_Plus_15</span>
                <span class="method-start">1666275 ms</span>
              </div> <!-- test-method -->
              <div class="configuration-method after">
                <span class="method-name">tearDown([TestResult name=TC_030_Borclu_Kullanici_Plus_15 status=SUCCESS method=Borclar.TC_030_Borclu_Kullani...)</span>
                <span class="method-start">1700883 ms</span>
              </div> <!-- configuration-method after -->
              <div class="configuration-method before">
                <span class="method-name">setUp(public void tests.Borclar.TC_031_Borc_Odeme())</span>
                <span class="method-start">1701202 ms</span>
              </div> <!-- configuration-method before -->
              <div class="test-method">
                <span class="method-name">TC_031_Borc_Odeme</span>
                <span class="method-start">1736808 ms</span>
              </div> <!-- test-method -->
              <div class="configuration-method after">
                <span class="method-name">tearDown([TestResult name=TC_031_Borc_Odeme status=SUCCESS method=Borclar.TC_031_Borc_Odeme()[pri:31, instanc...)</span>
                <span class="method-start">1772519 ms</span>
              </div> <!-- configuration-method after -->
              <div class="configuration-method before">
                <span class="method-name">setUp(public void tests.Borclar.TC_032_Borc_Odeme_Islemi_Basarili())</span>
                <span class="method-start">1772895 ms</span>
              </div> <!-- configuration-method before -->
              <div class="test-method">
                <span class="method-name">TC_032_Borc_Odeme_Islemi_Basarili</span>
                <span class="method-start">1808691 ms</span>
              </div> <!-- test-method -->
              <div class="configuration-method after">
                <span class="method-name">tearDown([TestResult name=TC_032_Borc_Odeme_Islemi_Basarili status=SUCCESS method=Borclar.TC_032_Borc_Odeme_I...)</span>
                <span class="method-start">1849585 ms</span>
              </div> <!-- configuration-method after -->
              <div class="configuration-method before">
                <span class="method-name">setUp(public void tests.Borclar.TC_033_Borc_Odeme_Islemi_Basarisiz())</span>
                <span class="method-start">1849906 ms</span>
              </div> <!-- configuration-method before -->
              <div class="test-method">
                <span class="method-name">TC_033_Borc_Odeme_Islemi_Basarisiz</span>
                <span class="method-start">1885961 ms</span>
              </div> <!-- test-method -->
              <div class="configuration-method after">
                <span class="method-name">tearDown([TestResult name=TC_033_Borc_Odeme_Islemi_Basarisiz status=SUCCESS method=Borclar.TC_033_Borc_Odeme_...)</span>
                <span class="method-start">1923681 ms</span>
              </div> <!-- configuration-method after -->
            </div> <!-- chronological-class -->
            <div class="chronological-class">
              <div class="chronological-class-name">tests.Surus</div> <!-- chronological-class-name -->
              <div class="configuration-method before">
                <img src="failed.png">
                </img>
                <span class="method-name">setUp(public void tests.Surus.TC_034_Surus_Basladi_Kodlu_Kilit())</span>
                <span class="method-start">1924007 ms</span>
              </div> <!-- configuration-method before -->
              <div class="configuration-method after">
                <span class="method-name">tearDown([TestResult name={null} status=CREATED method=Surus.TC_034_Surus_Basladi_Kodlu_Kilit()[pri:34, insta...)</span>
                <span class="method-start">1929327 ms</span>
              </div> <!-- configuration-method after -->
              <div class="configuration-method before">
                <span class="method-name">setUp(public void tests.Surus.TC_035_Surus_Baslat())</span>
                <span class="method-start">1929328 ms</span>
              </div> <!-- configuration-method before -->
              <div class="configuration-method after">
                <span class="method-name">tearDown([TestResult name={null} status=CREATED method=Surus.TC_035_Surus_Baslat()[pri:35, instance:tests.Sur...)</span>
                <span class="method-start">1964456 ms</span>
              </div> <!-- configuration-method after -->
              <div class="configuration-method before">
                <span class="method-name">setUp(public void tests.Surus.TC_036_Nasil_Surulur_Gecilmemis())</span>
                <span class="method-start">1964692 ms</span>
              </div> <!-- configuration-method before -->
              <div class="configuration-method after">
                <span class="method-name">tearDown([TestResult name={null} status=CREATED method=Surus.TC_036_Nasil_Surulur_Gecilmemis()[pri:36, instan...)</span>
                <span class="method-start">2001231 ms</span>
              </div> <!-- configuration-method after -->
              <div class="configuration-method before">
                <span class="method-name">setUp(public void tests.Surus.TC_037_Acil_Mudahale())</span>
                <span class="method-start">2001463 ms</span>
              </div> <!-- configuration-method before -->
              <div class="configuration-method after">
                <span class="method-name">tearDown([TestResult name={null} status=CREATED method=Surus.TC_037_Acil_Mudahale()[pri:37, instance:tests.Su...)</span>
                <span class="method-start">2037422 ms</span>
              </div> <!-- configuration-method after -->
              <div class="configuration-method before">
                <span class="method-name">setUp(public void tests.Surus.TC_038_Nasil_Surulur())</span>
                <span class="method-start">2037643 ms</span>
              </div> <!-- configuration-method before -->
              <div class="configuration-method after">
                <span class="method-name">tearDown([TestResult name={null} status=CREATED method=Surus.TC_038_Nasil_Surulur()[pri:38, instance:tests.Su...)</span>
                <span class="method-start">2073380 ms</span>
              </div> <!-- configuration-method after -->
              <div class="configuration-method before">
                <span class="method-name">setUp(public void tests.Surus.TC_039_Ortalama())</span>
                <span class="method-start">2073606 ms</span>
              </div> <!-- configuration-method before -->
              <div class="configuration-method after">
                <span class="method-name">tearDown([TestResult name={null} status=CREATED method=Surus.TC_039_Ortalama()[pri:39, instance:tests.Surus@4...)</span>
                <span class="method-start">2109273 ms</span>
              </div> <!-- configuration-method after -->
              <div class="configuration-method before">
                <span class="method-name">setUp(public void tests.Surus.TC_040_Surus_Bitirme())</span>
                <span class="method-start">2109514 ms</span>
              </div> <!-- configuration-method before -->
              <div class="configuration-method after">
                <span class="method-name">tearDown([TestResult name={null} status=CREATED method=Surus.TC_040_Surus_Bitirme()[pri:40, instance:tests.Su...)</span>
                <span class="method-start">2145448 ms</span>
              </div> <!-- configuration-method after -->
              <div class="configuration-method before">
                <span class="method-name">setUp(public void tests.Surus.TC_041_Park_Edilemez_Alan())</span>
                <span class="method-start">2145695 ms</span>
              </div> <!-- configuration-method before -->
              <div class="configuration-method after">
                <span class="method-name">tearDown([TestResult name={null} status=CREATED method=Surus.TC_041_Park_Edilemez_Alan()[pri:41, instance:tes...)</span>
                <span class="method-start">2182306 ms</span>
              </div> <!-- configuration-method after -->
              <div class="configuration-method before">
                <span class="method-name">setUp(public void tests.Surus.TC_042_Kilit_Takilmadi())</span>
                <span class="method-start">2182515 ms</span>
              </div> <!-- configuration-method before -->
              <div class="configuration-method after">
                <span class="method-name">tearDown([TestResult name={null} status=CREATED method=Surus.TC_042_Kilit_Takilmadi()[pri:42, instance:tests....)</span>
                <span class="method-start">2218600 ms</span>
              </div> <!-- configuration-method after -->
              <div class="configuration-method before">
                <span class="method-name">setUp(public void tests.Surus.TC_044_Surus_Bitir_Internet_Kapali())</span>
                <span class="method-start">2218833 ms</span>
              </div> <!-- configuration-method before -->
              <div class="configuration-method after">
                <span class="method-name">tearDown([TestResult name={null} status=CREATED method=Surus.TC_044_Surus_Bitir_Internet_Kapali()[pri:44, ins...)</span>
                <span class="method-start">2254984 ms</span>
              </div> <!-- configuration-method after -->
              <div class="configuration-method before">
                <span class="method-name">setUp(public void tests.Surus.TC_045_Ceza_Kurallarina_Erisim())</span>
                <span class="method-start">2255197 ms</span>
              </div> <!-- configuration-method before -->
              <div class="configuration-method after">
                <span class="method-name">tearDown([TestResult name={null} status=CREATED method=Surus.TC_045_Ceza_Kurallarina_Erisim()[pri:45, instanc...)</span>
                <span class="method-start">2290974 ms</span>
              </div> <!-- configuration-method after -->
              <div class="configuration-method before">
                <span class="method-name">setUp(public void tests.Surus.TC_046_Odeme_Hatasi())</span>
                <span class="method-start">2291201 ms</span>
              </div> <!-- configuration-method before -->
              <div class="configuration-method after">
                <span class="method-name">tearDown([TestResult name={null} status=CREATED method=Surus.TC_046_Odeme_Hatasi()[pri:46, instance:tests.Sur...)</span>
                <span class="method-start">2327193 ms</span>
              </div> <!-- configuration-method after -->
              <div class="configuration-method before">
                <span class="method-name">setUp(public void tests.Surus.TC_047_Surus_Bitirme_Basarili())</span>
                <span class="method-start">2327406 ms</span>
              </div> <!-- configuration-method before -->
              <div class="configuration-method after">
                <span class="method-name">tearDown([TestResult name={null} status=CREATED method=Surus.TC_047_Surus_Bitirme_Basarili()[pri:47, instance...)</span>
                <span class="method-start">2363505 ms</span>
              </div> <!-- configuration-method after -->
            </div> <!-- chronological-class -->
            <div class="chronological-class">
              <div class="chronological-class-name">tests.Menu</div> <!-- chronological-class-name -->
              <div class="configuration-method before">
                <span class="method-name">setUp(public void tests.Menu.TC_049_Versiyon_Kontrol())</span>
                <span class="method-start">2363735 ms</span>
              </div> <!-- configuration-method before -->
              <div class="test-method">
                <span class="method-name">TC_049_Versiyon_Kontrol</span>
                <span class="method-start">2400006 ms</span>
              </div> <!-- test-method -->
              <div class="configuration-method after">
                <span class="method-name">tearDown([TestResult name=TC_049_Versiyon_Kontrol status=SUCCESS method=Menu.TC_049_Versiyon_Kontrol()[pri:49...)</span>
                <span class="method-start">2426609 ms</span>
              </div> <!-- configuration-method after -->
              <div class="configuration-method before">
                <span class="method-name">setUp(public void tests.Menu.TC_050_Profil_Duzenleme())</span>
                <span class="method-start">2426957 ms</span>
              </div> <!-- configuration-method before -->
              <div class="test-method">
                <span class="method-name">TC_050_Profil_Duzenleme</span>
                <span class="method-start">2462590 ms</span>
              </div> <!-- test-method -->
              <div class="configuration-method after">
                <span class="method-name">tearDown([TestResult name=TC_050_Profil_Duzenleme status=SUCCESS method=Menu.TC_050_Profil_Duzenleme()[pri:50...)</span>
                <span class="method-start">2497071 ms</span>
              </div> <!-- configuration-method after -->
              <div class="configuration-method before">
                <span class="method-name">setUp(public void tests.Menu.TC_051_Arkadasini_Davet_Et())</span>
                <span class="method-start">2497399 ms</span>
              </div> <!-- configuration-method before -->
              <div class="test-method">
                <span class="method-name">TC_051_Arkadasini_Davet_Et</span>
                <span class="method-start">2533411 ms</span>
              </div> <!-- test-method -->
              <div class="configuration-method after">
                <span class="method-name">tearDown([TestResult name=TC_051_Arkadasini_Davet_Et status=SUCCESS method=Menu.TC_051_Arkadasini_Davet_Et()[...)</span>
                <span class="method-start">2572063 ms</span>
              </div> <!-- configuration-method after -->
              <div class="configuration-method before">
                <span class="method-name">setUp(public void tests.Menu.TC_052_Surusleri_Inceleme())</span>
                <span class="method-start">2572340 ms</span>
              </div> <!-- configuration-method before -->
              <div class="test-method">
                <span class="method-name">TC_052_Surusleri_Inceleme</span>
                <span class="method-start">2608366 ms</span>
              </div> <!-- test-method -->
              <div class="configuration-method after">
                <span class="method-name">tearDown([TestResult name=TC_052_Surusleri_Inceleme status=SUCCESS method=Menu.TC_052_Surusleri_Inceleme()[pr...)</span>
                <span class="method-start">2644909 ms</span>
              </div> <!-- configuration-method after -->
              <div class="configuration-method before">
                <span class="method-name">setUp(public void tests.Menu.TC_053_Varsayilan_Kredi_Karti_Degistirme())</span>
                <span class="method-start">2645248 ms</span>
              </div> <!-- configuration-method before -->
              <div class="test-method">
                <span class="method-name">TC_053_Varsayilan_Kredi_Karti_Degistirme</span>
                <span class="method-start">2681547 ms</span>
              </div> <!-- test-method -->
              <div class="configuration-method after">
                <span class="method-name">tearDown([TestResult name=TC_053_Varsayilan_Kredi_Karti_Degistirme status=SUCCESS method=Menu.TC_053_Varsayil...)</span>
                <span class="method-start">2713866 ms</span>
              </div> <!-- configuration-method after -->
              <div class="configuration-method before">
                <span class="method-name">setUp(public void tests.Menu.TC_054_Kredi_Karti_Ekleme_Basarili())</span>
                <span class="method-start">2714256 ms</span>
              </div> <!-- configuration-method before -->
              <div class="test-method">
                <span class="method-name">TC_054_Kredi_Karti_Ekleme_Basarili</span>
                <span class="method-start">2751013 ms</span>
              </div> <!-- test-method -->
              <div class="configuration-method after">
                <span class="method-name">tearDown([TestResult name=TC_054_Kredi_Karti_Ekleme_Basarili status=SUCCESS method=Menu.TC_054_Kredi_Karti_Ek...)</span>
                <span class="method-start">2791209 ms</span>
              </div> <!-- configuration-method after -->
              <div class="configuration-method before">
                <span class="method-name">setUp(public void tests.Menu.TC_055_Kredi_Karti_Ekleme_Basarisiz())</span>
                <span class="method-start">2791518 ms</span>
              </div> <!-- configuration-method before -->
              <div class="test-method">
                <span class="method-name">TC_055_Kredi_Karti_Ekleme_Basarisiz</span>
                <span class="method-start">2827409 ms</span>
              </div> <!-- test-method -->
              <div class="configuration-method after">
                <span class="method-name">tearDown([TestResult name=TC_055_Kredi_Karti_Ekleme_Basarisiz status=SUCCESS method=Menu.TC_055_Kredi_Karti_E...)</span>
                <span class="method-start">2866941 ms</span>
              </div> <!-- configuration-method after -->
              <div class="configuration-method before">
                <span class="method-name">setUp(public void tests.Menu.TC_056_Dil_Degistirme())</span>
                <span class="method-start">2867326 ms</span>
              </div> <!-- configuration-method before -->
              <div class="test-method">
                <span class="method-name">TC_056_Dil_Degistirme</span>
                <span class="method-start">2903702 ms</span>
              </div> <!-- test-method -->
              <div class="configuration-method after">
                <span class="method-name">tearDown([TestResult name=TC_056_Dil_Degistirme status=SUCCESS method=Menu.TC_056_Dil_Degistirme()[pri:56, in...)</span>
                <span class="method-start">2940799 ms</span>
              </div> <!-- configuration-method after -->
              <div class="configuration-method before">
                <span class="method-name">setUp(public void tests.Menu.TC_058_Kupon_Ekleme())</span>
                <span class="method-start">2941071 ms</span>
              </div> <!-- configuration-method before -->
              <div class="test-method">
                <span class="method-name">TC_058_Kupon_Ekleme</span>
                <span class="method-start">2976533 ms</span>
              </div> <!-- test-method -->
              <div class="configuration-method after">
                <span class="method-name">tearDown([TestResult name=TC_058_Kupon_Ekleme status=SUCCESS method=Menu.TC_058_Kupon_Ekleme()[pri:58, instan...)</span>
                <span class="method-start">3028153 ms</span>
              </div> <!-- configuration-method after -->
              <div class="configuration-method before">
                <span class="method-name">setUp(public void tests.Menu.TC_059_Davet_Kodu_Girme())</span>
                <span class="method-start">3028551 ms</span>
              </div> <!-- configuration-method before -->
              <div class="test-method">
                <span class="method-name">TC_059_Davet_Kodu_Girme</span>
                <span class="method-start">3065966 ms</span>
              </div> <!-- test-method -->
              <div class="configuration-method after">
                <span class="method-name">tearDown([TestResult name=TC_059_Davet_Kodu_Girme status=SUCCESS method=Menu.TC_059_Davet_Kodu_Girme()[pri:59...)</span>
                <span class="method-start">3125936 ms</span>
              </div> <!-- configuration-method after -->
              <div class="configuration-method before">
                <span class="method-name">setUp(public void tests.Menu.TC_060_Arkadasini_Davet_Etme())</span>
                <span class="method-start">3126373 ms</span>
              </div> <!-- configuration-method before -->
              <div class="test-method">
                <span class="method-name">TC_060_Arkadasini_Davet_Etme</span>
                <span class="method-start">3162099 ms</span>
              </div> <!-- test-method -->
              <div class="configuration-method after">
                <span class="method-name">tearDown([TestResult name=TC_060_Arkadasini_Davet_Etme status=SUCCESS method=Menu.TC_060_Arkadasini_Davet_Etm...)</span>
                <span class="method-start">3197686 ms</span>
              </div> <!-- configuration-method after -->
              <div class="configuration-method before">
                <span class="method-name">setUp(public void tests.Menu.TC_061_Guvenlik_Dokumanina_Erisim())</span>
                <span class="method-start">3198000 ms</span>
              </div> <!-- configuration-method before -->
              <div class="test-method">
                <span class="method-name">TC_061_Guvenlik_Dokumanina_Erisim</span>
                <span class="method-start">3234052 ms</span>
              </div> <!-- test-method -->
              <div class="configuration-method after">
                <span class="method-name">tearDown([TestResult name=TC_061_Guvenlik_Dokumanina_Erisim status=SUCCESS method=Menu.TC_061_Guvenlik_Dokuma...)</span>
                <span class="method-start">3266567 ms</span>
              </div> <!-- configuration-method after -->
              <div class="configuration-method before">
                <span class="method-name">setUp(public void tests.Menu.TC_062_Nasil_Kullanilir_Erisim())</span>
                <span class="method-start">3266902 ms</span>
              </div> <!-- configuration-method before -->
              <div class="test-method">
                <span class="method-name">TC_062_Nasil_Kullanilir_Erisim</span>
                <span class="method-start">3302791 ms</span>
              </div> <!-- test-method -->
              <div class="configuration-method after">
                <span class="method-name">tearDown([TestResult name=TC_062_Nasil_Kullanilir_Erisim status=SUCCESS method=Menu.TC_062_Nasil_Kullanilir_E...)</span>
                <span class="method-start">3347361 ms</span>
              </div> <!-- configuration-method after -->
              <div class="configuration-method before">
                <span class="method-name">setUp(public void tests.Menu.TC_063_Surus_Kurallarina_Erisim())</span>
                <span class="method-start">3347629 ms</span>
              </div> <!-- configuration-method before -->
              <div class="test-method">
                <span class="method-name">TC_063_Surus_Kurallarina_Erisim</span>
                <span class="method-start">3383400 ms</span>
              </div> <!-- test-method -->
              <div class="configuration-method after">
                <span class="method-name">tearDown([TestResult name=TC_063_Surus_Kurallarina_Erisim status=SUCCESS method=Menu.TC_063_Surus_Kurallarina...)</span>
                <span class="method-start">3428284 ms</span>
              </div> <!-- configuration-method after -->
              <div class="configuration-method before">
                <span class="method-name">setUp(public void tests.Menu.TC_064_Kvkk_Aydinlatma_Metnine_Erisim())</span>
                <span class="method-start">3428602 ms</span>
              </div> <!-- configuration-method before -->
              <div class="test-method">
                <span class="method-name">TC_064_Kvkk_Aydinlatma_Metnine_Erisim</span>
                <span class="method-start">3465057 ms</span>
              </div> <!-- test-method -->
              <div class="configuration-method after">
                <span class="method-name">tearDown([TestResult name=TC_064_Kvkk_Aydinlatma_Metnine_Erisim status=SUCCESS method=Menu.TC_064_Kvkk_Aydinl...)</span>
                <span class="method-start">3494827 ms</span>
              </div> <!-- configuration-method after -->
              <div class="configuration-method before">
                <span class="method-name">setUp(public void tests.Menu.TC_065_Kullanim_Kosullarina_Erisim())</span>
                <span class="method-start">3495237 ms</span>
              </div> <!-- configuration-method before -->
              <div class="test-method">
                <span class="method-name">TC_065_Kullanim_Kosullarina_Erisim</span>
                <span class="method-start">3531497 ms</span>
              </div> <!-- test-method -->
              <div class="configuration-method after">
                <span class="method-name">tearDown([TestResult name=TC_065_Kullanim_Kosullarina_Erisim status=SUCCESS method=Menu.TC_065_Kullanim_Kosul...)</span>
                <span class="method-start">3563468 ms</span>
              </div> <!-- configuration-method after -->
              <div class="configuration-method before">
                <span class="method-name">setUp(public void tests.Menu.TC_066_Yardim_Dokumanina_Erisim())</span>
                <span class="method-start">3563868 ms</span>
              </div> <!-- configuration-method before -->
              <div class="test-method">
                <img src="failed.png">
                </img>
                <span class="method-name">TC_066_Yardim_Dokumanina_Erisim</span>
                <span class="method-start">3600045 ms</span>
              </div> <!-- test-method -->
              <div class="configuration-method after">
                <span class="method-name">tearDown([TestResult name=TC_066_Yardim_Dokumanina_Erisim status=FAILURE method=Menu.TC_066_Yardim_Dokumanina...)</span>
                <span class="method-start">3631053 ms</span>
              </div> <!-- configuration-method after -->
              <div class="configuration-method before">
                <span class="method-name">setUp(public void tests.Menu.TC_067_Cikis())</span>
                <span class="method-start">3631342 ms</span>
              </div> <!-- configuration-method before -->
              <div class="test-method">
                <span class="method-name">TC_067_Cikis</span>
                <span class="method-start">3667466 ms</span>
              </div> <!-- test-method -->
              <div class="configuration-method after">
                <span class="method-name">tearDown([TestResult name=TC_067_Cikis status=SUCCESS method=Menu.TC_067_Cikis()[pri:67, instance:tests.Menu@...)</span>
                <span class="method-start">3700577 ms</span>
              </div> <!-- configuration-method after -->
            </div> <!-- chronological-class -->
            <div class="chronological-class">
              <div class="chronological-class-name">tests.Surus</div> <!-- chronological-class-name -->
              <div class="test-method">
                <span class="method-name">TC_034_Surus_Basladi_Kodlu_Kilit</span>
                <span class="method-start">-1595604314752 ms</span>
              </div> <!-- test-method -->
              <div class="test-method">
                <span class="method-name">TC_035_Surus_Baslat</span>
                <span class="method-start">-1595604314752 ms</span>
              </div> <!-- test-method -->
              <div class="test-method">
                <span class="method-name">TC_036_Nasil_Surulur_Gecilmemis</span>
                <span class="method-start">-1595604314752 ms</span>
              </div> <!-- test-method -->
              <div class="test-method">
                <span class="method-name">TC_037_Acil_Mudahale</span>
                <span class="method-start">-1595604314752 ms</span>
              </div> <!-- test-method -->
              <div class="test-method">
                <span class="method-name">TC_038_Nasil_Surulur</span>
                <span class="method-start">-1595604314752 ms</span>
              </div> <!-- test-method -->
              <div class="test-method">
                <span class="method-name">TC_039_Ortalama</span>
                <span class="method-start">-1595604314752 ms</span>
              </div> <!-- test-method -->
              <div class="test-method">
                <span class="method-name">TC_040_Surus_Bitirme</span>
                <span class="method-start">-1595604314752 ms</span>
              </div> <!-- test-method -->
              <div class="test-method">
                <span class="method-name">TC_041_Park_Edilemez_Alan</span>
                <span class="method-start">-1595604314752 ms</span>
              </div> <!-- test-method -->
              <div class="test-method">
                <span class="method-name">TC_042_Kilit_Takilmadi</span>
                <span class="method-start">-1595604314752 ms</span>
              </div> <!-- test-method -->
              <div class="test-method">
                <span class="method-name">TC_044_Surus_Bitir_Internet_Kapali</span>
                <span class="method-start">-1595604314752 ms</span>
              </div> <!-- test-method -->
              <div class="test-method">
                <span class="method-name">TC_045_Ceza_Kurallarina_Erisim</span>
                <span class="method-start">-1595604314752 ms</span>
              </div> <!-- test-method -->
              <div class="test-method">
                <span class="method-name">TC_046_Odeme_Hatasi</span>
                <span class="method-start">-1595604314752 ms</span>
              </div> <!-- test-method -->
              <div class="test-method">
                <span class="method-name">TC_047_Surus_Bitirme_Basarili</span>
                <span class="method-start">-1595604314752 ms</span>
              </div> <!-- test-method -->
          </div> <!-- main-panel-content rounded-window-bottom -->
        </div> <!-- panel -->
      </div> <!-- main-panel-root -->
    </div> <!-- wrapper -->
  </body>
</html>
