<?xml version="1.0" encoding="UTF-8"?>
<!-- Generated by org.testng.reporters.JUnitReportReporter -->
<testsuite skipped="0" hostname="DESKTOP-NQRRDTM" name="tests.Ana_Ekran" tests="12" failures="1" timestamp="24 Tem 2020 16:26:55 GMT" time="918.180" errors="0">
  <testcase name="TC_016_Surus_Baslat" time="97.237" classname="tests.Ana_Ekran">
    <failure type="java.lang.AssertionError" message="element : #light || expected [true] but found [false]">
      <![CDATA[java.lang.AssertionError: element : #light || expected [true] but found [false]
at org.testng.Assert.fail(Assert.java:96)
at org.testng.Assert.failNotEquals(Assert.java:776)
at org.testng.Assert.assertTrue(Assert.java:44)
at utilities.PageBaseAndroid.assertFound(PageBaseAndroid.java:297)
at pages.device.pageAnaEkran.Surus_Baslat(pageAnaEkran.java:80)
at tests.Ana_Ekran.TC_016_Surus_Baslat(Ana_Ekran.java:36)
at sun.reflect.NativeMethodAccessorImpl.invoke0(Native Method)
at sun.reflect.NativeMethodAccessorImpl.invoke(Unknown Source)
at sun.reflect.DelegatingMethodAccessorImpl.invoke(Unknown Source)
at java.lang.reflect.Method.invoke(Unknown Source)
at org.testng.internal.MethodInvocationHelper.invokeMethod(MethodInvocationHelper.java:124)
at org.testng.internal.Invoker.invokeMethod(Invoker.java:583)
at org.testng.internal.Invoker.invokeTestMethod(Invoker.java:719)
at org.testng.internal.Invoker.invokeTestMethods(Invoker.java:989)
at org.testng.internal.TestMethodWorker.invokeTestMethods(TestMethodWorker.java:125)
at org.testng.internal.TestMethodWorker.run(TestMethodWorker.java:109)
at java.util.concurrent.ThreadPoolExecutor.runWorker(Unknown Source)
at java.util.concurrent.ThreadPoolExecutor$Worker.run(Unknown Source)
at java.lang.Thread.run(Unknown Source)
]]>
    </failure>
  </testcase> <!-- TC_016_Surus_Baslat -->
  <testcase name="TC_017_Tckn_Gecersiz" time="74.740" classname="tests.Ana_Ekran"/>
  <testcase name="TC_018_Odeme_Yontemi_Yok" time="66.774" classname="tests.Ana_Ekran"/>
  <testcase name="TC_020_Surus_Baslatma_Kod_Girisi" time="69.919" classname="tests.Ana_Ekran"/>
  <testcase name="TC_021_Surus_Baslat_Basarili" time="73.831" classname="tests.Ana_Ekran"/>
  <testcase name="TC_022_Surus_Baslat_Basarisiz_Martiya_Uzak" time="77.299" classname="tests.Ana_Ekran"/>
  <testcase name="TC_023_Daha_Cok_Marti" time="60.878" classname="tests.Ana_Ekran"/>
  <testcase name="TC_024_Bize_Ulasin_Kilit_Problemi_Bildirme" time="85.272" classname="tests.Ana_Ekran"/>
  <testcase name="TC_025_Bize_Ulasin_Hasarli_Sorunlu_Marti_Bildirme" time="89.566" classname="tests.Ana_Ekran"/>
  <testcase name="TC_026_Bize_Ulasin_Yanlis_Park" time="85.386" classname="tests.Ana_Ekran"/>
  <testcase name="TC_027_Bize_Ulasin_Acil_Durum_Paylas" time="72.438" classname="tests.Ana_Ekran"/>
  <testcase name="TC_028_Bildirimleri_Kontrol_Etme" time="64.840" classname="tests.Ana_Ekran"/>
</testsuite> <!-- tests.Ana_Ekran -->
