<?xml version="1.0" encoding="UTF-8"?>
<!-- Generated by org.testng.reporters.JUnitReportReporter -->
<testsuite skipped="0" hostname="DESKTOP-NQRRDTM" name="tests.Menu" tests="18" failures="0" timestamp="24 Tem 2020 16:26:55 GMT" time="1337.092" errors="1">
  <testcase name="TC_049_Versiyon_Kontrol" time="62.512" classname="tests.Menu"/>
  <testcase name="TC_050_Profil_Duzenleme" time="71.509" classname="tests.Menu"/>
  <testcase name="TC_051_Arkadasini_Davet_Et" time="75.490" classname="tests.Menu"/>
  <testcase name="TC_052_Surusleri_Inceleme" time="72.272" classname="tests.Menu"/>
  <testcase name="TC_053_Varsayilan_Kredi_Karti_Degistirme" time="68.879" classname="tests.Menu"/>
  <testcase name="TC_054_Kredi_Karti_Ekleme_Basarili" time="76.773" classname="tests.Menu"/>
  <testcase name="TC_055_Kredi_Karti_Ekleme_Basarisiz" time="75.731" classname="tests.Menu"/>
  <testcase name="TC_056_Dil_Degistirme" time="73.265" classname="tests.Menu"/>
  <testcase name="TC_058_Kupon_Ekleme" time="87.823" classname="tests.Menu"/>
  <testcase name="TC_059_Davet_Kodu_Girme" time="96.563" classname="tests.Menu"/>
  <testcase name="TC_060_Arkadasini_Davet_Etme" time="71.978" classname="tests.Menu"/>
  <testcase name="TC_061_Guvenlik_Dokumanina_Erisim" time="68.874" classname="tests.Menu"/>
  <testcase name="TC_062_Nasil_Kullanilir_Erisim" time="81.032" classname="tests.Menu"/>
  <testcase name="TC_063_Surus_Kurallarina_Erisim" time="80.948" classname="tests.Menu"/>
  <testcase name="TC_064_Kvkk_Aydinlatma_Metnine_Erisim" time="66.505" classname="tests.Menu"/>
  <testcase name="TC_065_Kullanim_Kosullarina_Erisim" time="68.325" classname="tests.Menu"/>
  <testcase name="TC_066_Yardim_Dokumanina_Erisim" time="68.810" classname="tests.Menu">
    <error type="org.openqa.selenium.TimeoutException" message="Expected condition failed: waiting for element to be clickable: By.id: btnMenu (tried for 30 second(s) with 500 milliseconds interval)">
      <![CDATA[org.openqa.selenium.TimeoutException: Expected condition failed: waiting for element to be clickable: By.id: btnMenu (tried for 30 second(s) with 500 milliseconds interval)
at org.openqa.selenium.support.ui.WebDriverWait.timeoutException(WebDriverWait.java:95)
at org.openqa.selenium.support.ui.FluentWait.until(FluentWait.java:272)
at utilities.PageBaseAndroid.waitClickable(PageBaseAndroid.java:160)
at utilities.PageBaseAndroid.click(PageBaseAndroid.java:192)
at pages.device.pageMenu.Yardim_Dokumanina_Erisim(pageMenu.java:281)
at tests.Menu.TC_066_Yardim_Dokumanina_Erisim(Menu.java:203)
at sun.reflect.NativeMethodAccessorImpl.invoke0(Native Method)
at sun.reflect.NativeMethodAccessorImpl.invoke(Unknown Source)
at sun.reflect.DelegatingMethodAccessorImpl.invoke(Unknown Source)
at java.lang.reflect.Method.invoke(Unknown Source)
at org.testng.internal.MethodInvocationHelper.invokeMethod(MethodInvocationHelper.java:124)
at org.testng.internal.Invoker.invokeMethod(Invoker.java:583)
at org.testng.internal.Invoker.invokeTestMethod(Invoker.java:719)
at org.testng.internal.Invoker.invokeTestMethods(Invoker.java:989)
at org.testng.internal.TestMethodWorker.invokeTestMethods(TestMethodWorker.java:125)
at org.testng.internal.TestMethodWorker.run(TestMethodWorker.java:109)
at java.util.concurrent.ThreadPoolExecutor.runWorker(Unknown Source)
at java.util.concurrent.ThreadPoolExecutor$Worker.run(Unknown Source)
at java.lang.Thread.run(Unknown Source)
Caused by: org.openqa.selenium.NoSuchElementException: An element could not be located on the page using the given search parameters.
For documentation on this error, please visit: https://www.seleniumhq.org/exceptions/no_such_element.html
Build info: version: '3.141.59', revision: 'e82be7d358', time: '2018-11-14T08:17:03'
System info: host: 'DESKTOP-NQRRDTM', ip: '192.168.8.120', os.name: 'Windows 10', os.arch: 'amd64', os.version: '10.0', java.version: '1.8.0_241'
Driver info: io.appium.java_client.android.AndroidDriver
Capabilities {appActivity: com.martitech.marti.ui.acti..., appPackage: com.martitech.marti.dev, autoGrantPermissions: true, databaseEnabled: false, desired: {appActivity: com.martitech.marti.ui.acti..., appPackage: com.martitech.marti.dev, autoGrantPermissions: true, deviceName: SM-A520F, platformName: android, platformVersion: 9.0, udid: 5210d014508dc3e1}, deviceApiLevel: 26, deviceManufacturer: samsung, deviceModel: SM-A520F, deviceName: 5210d014508dc3e1, deviceScreenDensity: 480, deviceScreenSize: 1080x1920, deviceUDID: 5210d014508dc3e1, javascriptEnabled: true, locationContextEnabled: false, networkConnectionEnabled: true, pixelRatio: 3, platform: LINUX, platformName: Android, platformVersion: 8.0.0, statBarHeight: 72, takesScreenshot: true, udid: 5210d014508dc3e1, viewportRect: {height: 1848, left: 0, top: 72, width: 1080}, warnings: {}, webStorageEnabled: false}
Session ID: 6087830e-02cb-497d-ab41-888b1177f1d5
*** Element info: {Using=id, value=btnMenu}
at sun.reflect.GeneratedConstructorAccessor25.newInstance(Unknown Source)
at sun.reflect.DelegatingConstructorAccessorImpl.newInstance(Unknown Source)
at java.lang.reflect.Constructor.newInstance(Unknown Source)
at org.openqa.selenium.remote.http.W3CHttpResponseCodec.createException(W3CHttpResponseCodec.java:187)
at org.openqa.selenium.remote.http.W3CHttpResponseCodec.decode(W3CHttpResponseCodec.java:122)
at org.openqa.selenium.remote.http.W3CHttpResponseCodec.decode(W3CHttpResponseCodec.java:49)
at org.openqa.selenium.remote.HttpCommandExecutor.execute(HttpCommandExecutor.java:158)
at io.appium.java_client.remote.AppiumCommandExecutor.execute(AppiumCommandExecutor.java:239)
at org.openqa.selenium.remote.RemoteWebDriver.execute(RemoteWebDriver.java:552)
at io.appium.java_client.DefaultGenericMobileDriver.execute(DefaultGenericMobileDriver.java:41)
at io.appium.java_client.AppiumDriver.execute(AppiumDriver.java:1)
at io.appium.java_client.android.AndroidDriver.execute(AndroidDriver.java:1)
at org.openqa.selenium.remote.RemoteWebDriver.findElement(RemoteWebDriver.java:323)
at io.appium.java_client.DefaultGenericMobileDriver.findElement(DefaultGenericMobileDriver.java:61)
at io.appium.java_client.AppiumDriver.findElement(AppiumDriver.java:1)
at io.appium.java_client.android.AndroidDriver.findElement(AndroidDriver.java:1)
at org.openqa.selenium.remote.RemoteWebDriver.findElementById(RemoteWebDriver.java:372)
at io.appium.java_client.DefaultGenericMobileDriver.findElementById(DefaultGenericMobileDriver.java:69)
at io.appium.java_client.AppiumDriver.findElementById(AppiumDriver.java:1)
at io.appium.java_client.android.AndroidDriver.findElementById(AndroidDriver.java:1)
at org.openqa.selenium.By$ById.findElement(By.java:188)
at org.openqa.selenium.remote.RemoteWebDriver.findElement(RemoteWebDriver.java:315)
at io.appium.java_client.DefaultGenericMobileDriver.findElement(DefaultGenericMobileDriver.java:57)
at io.appium.java_client.AppiumDriver.findElement(AppiumDriver.java:1)
at io.appium.java_client.android.AndroidDriver.findElement(AndroidDriver.java:1)
at org.openqa.selenium.support.ui.ExpectedConditions$7.apply(ExpectedConditions.java:205)
at org.openqa.selenium.support.ui.ExpectedConditions$7.apply(ExpectedConditions.java:201)
at org.openqa.selenium.support.ui.ExpectedConditions$22.apply(ExpectedConditions.java:641)
at org.openqa.selenium.support.ui.ExpectedConditions$22.apply(ExpectedConditions.java:638)
at org.openqa.selenium.support.ui.FluentWait.until(FluentWait.java:249)
... 17 more
]]>
    </error>
  </testcase> <!-- TC_066_Yardim_Dokumanina_Erisim -->
  <testcase name="TC_067_Cikis" time="69.803" classname="tests.Menu"/>
</testsuite> <!-- tests.Menu -->
