<?xml version="1.0" encoding="UTF-8"?>
<!-- Generated by org.testng.reporters.JUnitReportReporter -->
<testsuite skipped="0" hostname="DESKTOP-NQRRDTM" name="tests.ios.ride.Ana_Ekran" tests="12" failures="0" timestamp="15 Eki 2020 12:37:34 GMT" time="703.535" errors="1">
  <testcase name="TC_015_Acik_Riza_Hatirlatma_Gosterme" time="40.479" classname="tests.ios.ride.Ana_Ekran"/>
  <testcase name="TC_015_Acik_Riza_Hatirlatma_Goster" time="84.089" classname="tests.ios.ride.Ana_Ekran"/>
  <testcase name="TC_015_Dinamik_Popup_Gosterme_Popup_Yok" time="42.567" classname="tests.ios.ride.Ana_Ekran"/>
  <testcase name="TC_015_Dinamik_Popup_Gosterme_Acik_Riza_Yok" time="38.380" classname="tests.ios.ride.Ana_Ekran"/>
  <testcase name="TC_016_Surus_Baslat" time="60.411" classname="tests.ios.ride.Ana_Ekran"/>
  <testcase name="TC_017_Tckn_Gecersiz" time="89.503" classname="tests.ios.ride.Ana_Ekran"/>
  <testcase name="TC_018_Odeme_Yontemi_Yok" time="66.695" classname="tests.ios.ride.Ana_Ekran"/>
  <testcase name="TC_020_Surus_Baslatma_Kod_Girisi" time="64.775" classname="tests.ios.ride.Ana_Ekran"/>
  <testcase name="TC_021_Surus_Baslat_Basarili" time="30.153" classname="tests.ios.ride.Ana_Ekran">
    <error type="org.openqa.selenium.NoSuchSessionException" message="Session ID is null. Using WebDriver after calling quit()?
Build info: version: &#039;3.141.59&#039;, revision: &#039;e82be7d358&#039;, time: &#039;2018-11-14T08:17:03&#039;
System info: host: &#039;DESKTOP-NQRRDTM&#039;, ip: &#039;192.168.8.120&#039;, os.name: &#039;Windows 10&#039;, os.arch: &#039;amd64&#039;, os.version: &#039;10.0&#039;, java.version: &#039;1.8.0_241&#039;
Driver info: driver.version: IOSDriver">
      <![CDATA[org.openqa.selenium.NoSuchSessionException: Session ID is null. Using WebDriver after calling quit()?
Build info: version: '3.141.59', revision: 'e82be7d358', time: '2018-11-14T08:17:03'
System info: host: 'DESKTOP-NQRRDTM', ip: '192.168.8.120', os.name: 'Windows 10', os.arch: 'amd64', os.version: '10.0', java.version: '1.8.0_241'
Driver info: driver.version: IOSDriver
at org.openqa.selenium.remote.HttpCommandExecutor.execute(HttpCommandExecutor.java:125)
at io.appium.java_client.remote.AppiumCommandExecutor.execute(AppiumCommandExecutor.java:239)
at org.openqa.selenium.remote.RemoteWebDriver.execute(RemoteWebDriver.java:552)
at io.appium.java_client.DefaultGenericMobileDriver.execute(DefaultGenericMobileDriver.java:41)
at io.appium.java_client.AppiumDriver.execute(AppiumDriver.java:1)
at io.appium.java_client.ios.IOSDriver.execute(IOSDriver.java:1)
at org.openqa.selenium.remote.RemoteWebDriver$RemoteWebDriverOptions$RemoteTimeouts.implicitlyWait(RemoteWebDriver.java:780)
at utilities.PageBaseIos.exists(PageBaseIos.java:305)
at pages.ios.ride.pageGirisEkrani.Login(pageGirisEkrani.java:63)
at tests.ios.ride.Ana_Ekran.TC_021_Surus_Baslat_Basarili(Ana_Ekran.java:249)
at sun.reflect.NativeMethodAccessorImpl.invoke0(Native Method)
at sun.reflect.NativeMethodAccessorImpl.invoke(Unknown Source)
at sun.reflect.DelegatingMethodAccessorImpl.invoke(Unknown Source)
at java.lang.reflect.Method.invoke(Unknown Source)
at org.testng.internal.MethodInvocationHelper.invokeMethod(MethodInvocationHelper.java:124)
at org.testng.internal.Invoker.invokeMethod(Invoker.java:583)
at org.testng.internal.Invoker.invokeTestMethod(Invoker.java:719)
at org.testng.internal.Invoker.invokeTestMethods(Invoker.java:989)
at org.testng.internal.TestMethodWorker.invokeTestMethods(TestMethodWorker.java:125)
at org.testng.internal.TestMethodWorker.run(TestMethodWorker.java:109)
at java.util.concurrent.ThreadPoolExecutor.runWorker(Unknown Source)
at java.util.concurrent.ThreadPoolExecutor$Worker.run(Unknown Source)
at java.lang.Thread.run(Unknown Source)
]]>
    </error>
  </testcase> <!-- TC_021_Surus_Baslat_Basarili -->
  <testcase name="TC_022_Surus_Baslat_Basarisiz_Martiya_Uzak" time="88.936" classname="tests.ios.ride.Ana_Ekran"/>
  <testcase name="TC_023_Daha_Cok_Marti" time="47.355" classname="tests.ios.ride.Ana_Ekran"/>
  <testcase name="TC_028_Bildirimleri_Kontrol_Etme" time="50.192" classname="tests.ios.ride.Ana_Ekran"/>
</testsuite> <!-- tests.ios.ride.Ana_Ekran -->
